#
# There is insufficient memory for the Java Runtime Environment to continue.
# Native memory allocation (malloc) failed to allocate 1387376 bytes for Chunk::new
# Possible reasons:
#   The system is out of physical RAM or swap space
#   The process is running with CompressedOops enabled, and the Java Heap may be blocking the growth of the native heap
# Possible solutions:
#   Reduce memory load on the system
#   Increase physical memory or swap space
#   Check if swap backing store is full
#   Decrease Java heap size (-Xmx/-Xms)
#   Decrease number of Java threads
#   Decrease Java thread stack sizes (-Xss)
#   Set larger code cache with -XX:ReservedCodeCacheSize=
#   JVM is running with Unscaled Compressed Oops mode in which the Java heap is
#     placed in the first 4GB address space. The Java Heap base address is the
#     maximum limit for the native heap growth. Please use -XX:HeapBaseMinAddress
#     to set the Java Heap base and to place the Java Heap above 4GB virtual address.
# This output file may be truncated or incomplete.
#
#  Out of Memory Error (./src/hotspot/share/memory/arena.cpp:197), pid=3284, tid=9888
#
# JRE version: OpenJDK Runtime Environment (11.0.12+7) (build 11.0.12+7-b1504.28-7817840)
# Java VM: OpenJDK 64-Bit Server VM (11.0.12+7-b1504.28-7817840, mixed mode, tiered, compressed oops, g1 gc, windows-amd64)
# No core dump will be written. Minidumps are not enabled by default on client versions of Windows
#

---------------  S U M M A R Y ------------

Command Line: --add-opens=java.base/java.util=ALL-UNNAMED --add-opens=java.base/java.lang=ALL-UNNAMED --add-opens=java.base/java.lang.invoke=ALL-UNNAMED --add-opens=java.base/java.util=ALL-UNNAMED --add-opens=java.prefs/java.util.prefs=ALL-UNNAMED --add-opens=java.prefs/java.util.prefs=ALL-UNNAMED --add-opens=java.base/java.nio.charset=ALL-UNNAMED --add-opens=java.base/java.net=ALL-UNNAMED --add-opens=java.base/java.util.concurrent.atomic=ALL-UNNAMED -Xmx2048m -Dfile.encoding=UTF-8 -Duser.country=PH -Duser.language=en -Duser.variant org.gradle.launcher.daemon.bootstrap.GradleDaemon 7.3.3

Host: 11th Gen Intel(R) Core(TM) i7-11800H @ 2.30GHz, 16 cores, 7G,  Windows 10 , 64 bit Build 19041 (10.0.19041.1889)
Time: Wed Sep 28 23:39:34 2022 Malay Peninsula Standard Time elapsed time: 6.074186 seconds (0d 0h 0m 6s)

---------------  T H R E A D  ---------------

Current thread (0x0000022fffa78000):  JavaThread "C2 CompilerThread0" daemon [_thread_in_native, id=9888, stack(0x0000008703300000,0x0000008703400000)]


Current CompileTask:
C2:   6074 8535 %     4       org.gradle.internal.instantiation.generator.AbstractClassGenerator::inspectType @ 107 (560 bytes)

Stack: [0x0000008703300000,0x0000008703400000]
Native frames: (J=compiled Java code, j=interpreted, Vv=VM code, C=native code)
V  [jvm.dll+0x5fbcea]
V  [jvm.dll+0x731905]
V  [jvm.dll+0x732f1d]
V  [jvm.dll+0x7335d3]
V  [jvm.dll+0x247bf8]
V  [jvm.dll+0xc018c]
V  [jvm.dll+0xc06cc]
V  [jvm.dll+0x35b31d]
V  [jvm.dll+0x19d0bc]
V  [jvm.dll+0x20070e]
V  [jvm.dll+0x1ff794]
V  [jvm.dll+0x18868c]
V  [jvm.dll+0x20e0d7]
V  [jvm.dll+0x20c901]
V  [jvm.dll+0x6f9b7f]
V  [jvm.dll+0x6f26a5]
V  [jvm.dll+0x5fabf6]
C  [ucrtbase.dll+0x21bb2]
C  [KERNEL32.DLL+0x17034]
C  [ntdll.dll+0x526a1]


---------------  P R O C E S S  ---------------

Threads class SMR info:
_java_thread_list=0x0000022f87c2f0f0, length=208, elements={
0x0000022fe89ce800, 0x0000022fffa1c800, 0x0000022fffa0b000, 0x0000022fffa72800,
0x0000022fffa73000, 0x0000022fffa74000, 0x0000022fffa78000, 0x0000022fffa7b800,
0x0000022fffa7e800, 0x0000022fff9a2800, 0x0000022fffbe1800, 0x0000022f8558b800,
0x0000022f8548f000, 0x0000022f86271000, 0x0000022fffda0000, 0x0000022f86802800,
0x0000022f85a06000, 0x0000022f864a9000, 0x0000022f86763800, 0x0000022f868ae000,
0x0000022f87759000, 0x0000022f86a73800, 0x0000022f868ab000, 0x0000022f868a6000,
0x0000022f868ac000, 0x0000022f868ad000, 0x0000022f86e8d000, 0x0000022f868a7000,
0x0000022f868a8000, 0x0000022f868a8800, 0x0000022f868a9800, 0x0000022f868aa800,
0x0000022f898a1800, 0x0000022f898a0000, 0x0000022f898a3000, 0x0000022f898a4000,
0x0000022f898a9000, 0x0000022f898a9800, 0x0000022f898aa800, 0x0000022f898a6800,
0x0000022f898a4800, 0x0000022f898ab000, 0x0000022f898ac000, 0x0000022f898ad000,
0x0000022f898a7000, 0x0000022f898ad800, 0x0000022f898a8000, 0x0000022f898ae800,
0x0000022f89bb7000, 0x0000022f89bb5000, 0x0000022f89bb6800, 0x0000022f89bb1800,
0x0000022f89bb3000, 0x0000022f89bb8000, 0x0000022f89bb5800, 0x0000022f89bb4000,
0x0000022f89bb2800, 0x0000022f89bbb800, 0x0000022f89bb9000, 0x0000022f89bba800,
0x0000022f89bb9800, 0x0000022f89bbd000, 0x0000022f89bbe000, 0x0000022f89bbe800,
0x0000022f89bbf800, 0x0000022f89bbc000, 0x0000022f89bc0000, 0x0000022f8b20a000,
0x0000022f8b20b000, 0x0000022f8b205800, 0x0000022f8b207000, 0x0000022f8b20c000,
0x0000022f8b208800, 0x0000022f8b206000, 0x0000022f8b20d800, 0x0000022f8b209800,
0x0000022f8b20c800, 0x0000022f8b207800, 0x0000022f8b212800, 0x0000022f8b20e800,
0x0000022f8b20f000, 0x0000022f8b211800, 0x0000022f8b214000, 0x0000022f8b213000,
0x0000022f8b210000, 0x0000022f8b210800, 0x0000022f8b326000, 0x0000022f8b325800,
0x0000022f8b327000, 0x0000022f8b324800, 0x0000022f8b328000, 0x0000022f8b328800,
0x0000022f8b323800, 0x0000022f8b323000, 0x0000022f8b32c800, 0x0000022f8b32d800,
0x0000022f8b329800, 0x0000022f8b330000, 0x0000022f8b32b000, 0x0000022f8b32f000,
0x0000022f8b32e800, 0x0000022f8b32a000, 0x0000022f8b331000, 0x0000022f8b331800,
0x0000022f8b32c000, 0x0000022f8af8f000, 0x0000022f8af8a000, 0x0000022f8af8d000,
0x0000022f8af8b000, 0x0000022f8af8c800, 0x0000022f8af89000, 0x0000022f8af8f800,
0x0000022f8af90800, 0x0000022f8af8b800, 0x0000022f8af94000, 0x0000022f8af8e000,
0x0000022f8af91800, 0x0000022f8af93000, 0x0000022f8af97000, 0x0000022f8af95800,
0x0000022f8af98000, 0x0000022f8af94800, 0x0000022f8af92000, 0x0000022f8af96000,
0x0000022f87fe7000, 0x0000022f87fe5800, 0x0000022f87fe4000, 0x0000022f87fe4800,
0x0000022f87fe6800, 0x0000022f87fe8000, 0x0000022f87fe2000, 0x0000022f87fe8800,
0x0000022f87fe3000, 0x0000022f87fe9800, 0x0000022f87feb000, 0x0000022f87fef800,
0x0000022f87fec000, 0x0000022f87ff0000, 0x0000022f87fed000, 0x0000022f87fee800,
0x0000022f87fed800, 0x0000022f87fea800, 0x0000022f87ff1000, 0x0000022f88058000,
0x0000022f88054000, 0x0000022f88059000, 0x0000022f88057800, 0x0000022f88053000,
0x0000022f88055800, 0x0000022f88056800, 0x0000022f8805a000, 0x0000022f88055000,
0x0000022f8805f800, 0x0000022f88060800, 0x0000022f8805a800, 0x0000022f88061000,
0x0000022f8805d000, 0x0000022f8805b800, 0x0000022f88062000, 0x0000022f8805e800,
0x0000022f8805c000, 0x0000022f8805e000, 0x0000022f8808b800, 0x0000022f8808d000,
0x0000022f88087800, 0x0000022f8808c800, 0x0000022f88089000, 0x0000022f8808a800,
0x0000022f8808e000, 0x0000022f88088000, 0x0000022f8808a000, 0x0000022f8b271800,
0x0000022f8b272800, 0x0000022f8b270800, 0x0000022f8b26f000, 0x0000022f8b273000,
0x0000022f8b26e000, 0x0000022f8b274000, 0x0000022f8b274800, 0x0000022f8b275800,
0x0000022f8b270000, 0x0000022f8b27c000, 0x0000022f8b279800, 0x0000022f8b27a800,
0x0000022f8b27b800, 0x0000022f8b276800, 0x0000022f8b277000, 0x0000022f8b27d000,
0x0000022f8b278000, 0x0000022f8d300800, 0x0000022f8d2ff800, 0x0000022f8d2fe000,
0x0000022f8d2ff000, 0x0000022f8d303000, 0x0000022f8d301800, 0x0000022f8d302000,
0x0000022f8d2fd000, 0x0000022f8d309800, 0x0000022f8d308800, 0x0000022f8d308000,
0x0000022f8d307000, 0x0000022f8d306000, 0x0000022f8d304000, 0x0000022f8d30a800,
0x0000022f8d304800, 0x0000022f8d30b000, 0x0000022f8d305800, 0x0000022f8d310000
}

Java Threads: ( => current thread )
  0x0000022fe89ce800 JavaThread "main" [_thread_blocked, id=15728, stack(0x0000008702700000,0x0000008702800000)]
  0x0000022fffa1c800 JavaThread "Reference Handler" daemon [_thread_blocked, id=13380, stack(0x0000008702e00000,0x0000008702f00000)]
  0x0000022fffa0b000 JavaThread "Finalizer" daemon [_thread_blocked, id=22632, stack(0x0000008702f00000,0x0000008703000000)]
  0x0000022fffa72800 JavaThread "Signal Dispatcher" daemon [_thread_blocked, id=19432, stack(0x0000008703000000,0x0000008703100000)]
  0x0000022fffa73000 JavaThread "Attach Listener" daemon [_thread_blocked, id=18448, stack(0x0000008703100000,0x0000008703200000)]
  0x0000022fffa74000 JavaThread "Service Thread" daemon [_thread_blocked, id=11364, stack(0x0000008703200000,0x0000008703300000)]
=>0x0000022fffa78000 JavaThread "C2 CompilerThread0" daemon [_thread_in_native, id=9888, stack(0x0000008703300000,0x0000008703400000)]
  0x0000022fffa7b800 JavaThread "C1 CompilerThread0" daemon [_thread_blocked, id=6844, stack(0x0000008703400000,0x0000008703500000)]
  0x0000022fffa7e800 JavaThread "Sweeper thread" daemon [_thread_blocked, id=12340, stack(0x0000008703500000,0x0000008703600000)]
  0x0000022fff9a2800 JavaThread "C1 CompilerThread1" daemon [_thread_blocked, id=19728, stack(0x0000008703600000,0x0000008703700000)]
  0x0000022fffbe1800 JavaThread "Common-Cleaner" daemon [_thread_blocked, id=672, stack(0x0000008703700000,0x0000008703800000)]
  0x0000022f8558b800 JavaThread "C1 CompilerThread2" daemon [_thread_blocked, id=20620, stack(0x0000008703c00000,0x0000008703d00000)]
  0x0000022f8548f000 JavaThread "C1 CompilerThread3" daemon [_thread_blocked, id=11828, stack(0x0000008703d00000,0x0000008703e00000)]
  0x0000022f86271000 JavaThread "Daemon health stats" [_thread_blocked, id=12780, stack(0x0000008703e00000,0x0000008703f00000)]
  0x0000022fffda0000 JavaThread "Incoming local TCP Connector on port 64899" [_thread_in_native, id=12264, stack(0x0000008703900000,0x0000008703a00000)]
  0x0000022f86802800 JavaThread "Daemon periodic checks" [_thread_blocked, id=18132, stack(0x0000008703a00000,0x0000008703b00000)]
  0x0000022f85a06000 JavaThread "Daemon" [_thread_blocked, id=11840, stack(0x0000008703f00000,0x0000008704000000)]
  0x0000022f864a9000 JavaThread "Handler for socket connection from /127.0.0.1:64899 to /127.0.0.1:64900" [_thread_in_native, id=20980, stack(0x0000008704000000,0x0000008704100000)]
  0x0000022f86763800 JavaThread "Cancel handler" [_thread_blocked, id=16336, stack(0x0000008704100000,0x0000008704200000)]
  0x0000022f868ae000 JavaThread "Daemon worker" [_thread_blocked, id=4408, stack(0x0000008704200000,0x0000008704300000)]
  0x0000022f87759000 JavaThread "Asynchronous log dispatcher for DefaultDaemonConnection: socket connection from /127.0.0.1:64899 to /127.0.0.1:64900" [_thread_blocked, id=8300, stack(0x0000008704300000,0x0000008704400000)]
  0x0000022f86a73800 JavaThread "Stdin handler" [_thread_blocked, id=3452, stack(0x0000008704400000,0x0000008704500000)]
  0x0000022f868ab000 JavaThread "Daemon client event forwarder" [_thread_blocked, id=3104, stack(0x0000008704500000,0x0000008704600000)]
  0x0000022f868a6000 JavaThread "Cache worker for journal cache (C:\Users\rcdup\.gradle\caches\journal-1)" [_thread_blocked, id=11304, stack(0x0000008705200000,0x0000008705300000)]
  0x0000022f868ac000 JavaThread "File lock request listener" [_thread_in_native, id=10056, stack(0x0000008705300000,0x0000008705400000)]
  0x0000022f868ad000 JavaThread "Cache worker for file hash cache (C:\Users\rcdup\.gradle\caches\7.3.3\fileHashes)" [_thread_blocked, id=14736, stack(0x0000008705400000,0x0000008705500000)]
  0x0000022f86e8d000 JavaThread "C2 CompilerThread1" daemon [_thread_in_native, id=18512, stack(0x0000008705700000,0x0000008705800000)]
  0x0000022f868a7000 JavaThread "Cache worker for file hash cache (C:\Users\rcdup\AndroidStudioProjects\Kanshi\.gradle\7.3.3\fileHashes)" [_thread_blocked, id=19304, stack(0x0000008705800000,0x0000008705900000)]
  0x0000022f868a8000 JavaThread "File watcher server" daemon [_thread_in_native, id=22832, stack(0x0000008705900000,0x0000008705a00000)]
  0x0000022f868a8800 JavaThread "File watcher consumer" daemon [_thread_blocked, id=18384, stack(0x0000008705a00000,0x0000008705b00000)]
  0x0000022f868a9800 JavaThread "Cache worker for checksums cache (C:\Users\rcdup\AndroidStudioProjects\Kanshi\.gradle\7.3.3\checksums)" [_thread_blocked, id=12808, stack(0x0000008705b00000,0x0000008705c00000)]
  0x0000022f868aa800 JavaThread "Cache worker for cache directory md-supplier (C:\Users\rcdup\.gradle\caches\7.3.3\md-supplier)" [_thread_blocked, id=3580, stack(0x0000008705c00000,0x0000008705d00000)]
  0x0000022f898a1800 JavaThread "Cache worker for cache directory md-rule (C:\Users\rcdup\.gradle\caches\7.3.3\md-rule)" [_thread_blocked, id=12612, stack(0x0000008705d00000,0x0000008705e00000)]
  0x0000022f898a0000 JavaThread "Cache worker for execution history cache (C:\Users\rcdup\.gradle\caches\7.3.3\executionHistory)" [_thread_blocked, id=7704, stack(0x0000008705e00000,0x0000008705f00000)]
  0x0000022f898a3000 JavaThread "jar transforms" [_thread_blocked, id=6320, stack(0x0000008705f00000,0x0000008706000000)]
  0x0000022f898a4000 JavaThread "Cache worker for file content cache (C:\Users\rcdup\.gradle\caches\7.3.3\fileContent)" [_thread_blocked, id=11836, stack(0x0000008706000000,0x0000008706100000)]
  0x0000022f898a9000 JavaThread "jar transforms Thread 2" [_thread_blocked, id=21008, stack(0x0000008706100000,0x0000008706200000)]
  0x0000022f898a9800 JavaThread "Cache worker for dependencies-accessors (C:\Users\rcdup\AndroidStudioProjects\Kanshi\.gradle\7.3.3\dependencies-accessors)" [_thread_blocked, id=14572, stack(0x0000008706200000,0x0000008706300000)]
  0x0000022f898aa800 JavaThread "jar transforms Thread 3" [_thread_blocked, id=19004, stack(0x0000008706300000,0x0000008706400000)]
  0x0000022f898a6800 JavaThread "Cache worker for Build Output Cleanup Cache (C:\Users\rcdup\AndroidStudioProjects\Kanshi\.gradle\buildOutputCleanup)" [_thread_blocked, id=21072, stack(0x0000008706400000,0x0000008706500000)]
  0x0000022f898a4800 JavaThread "Unconstrained build operations" [_thread_blocked, id=21704, stack(0x0000008706500000,0x0000008706600000)]
  0x0000022f898ab000 JavaThread "Unconstrained build operations Thread 2" [_thread_blocked, id=19308, stack(0x0000008706600000,0x0000008706700000)]
  0x0000022f898ac000 JavaThread "Unconstrained build operations Thread 3" [_thread_blocked, id=12420, stack(0x0000008706700000,0x0000008706800000)]
  0x0000022f898ad000 JavaThread "Unconstrained build operations Thread 4" [_thread_blocked, id=9468, stack(0x0000008706800000,0x0000008706900000)]
  0x0000022f898a7000 JavaThread "Unconstrained build operations Thread 5" [_thread_blocked, id=7768, stack(0x0000008706900000,0x0000008706a00000)]
  0x0000022f898ad800 JavaThread "Unconstrained build operations Thread 6" [_thread_blocked, id=16680, stack(0x0000008706a00000,0x0000008706b00000)]
  0x0000022f898a8000 JavaThread "Unconstrained build operations Thread 7" [_thread_blocked, id=15760, stack(0x0000008706b00000,0x0000008706c00000)]
  0x0000022f898ae800 JavaThread "Unconstrained build operations Thread 8" [_thread_blocked, id=20872, stack(0x0000008706c00000,0x0000008706d00000)]
  0x0000022f89bb7000 JavaThread "Unconstrained build operations Thread 9" [_thread_blocked, id=11596, stack(0x0000008706d00000,0x0000008706e00000)]
  0x0000022f89bb5000 JavaThread "Unconstrained build operations Thread 10" [_thread_blocked, id=7088, stack(0x0000008706e00000,0x0000008706f00000)]
  0x0000022f89bb6800 JavaThread "Unconstrained build operations Thread 11" [_thread_blocked, id=8744, stack(0x0000008706f00000,0x0000008707000000)]
  0x0000022f89bb1800 JavaThread "Unconstrained build operations Thread 12" [_thread_blocked, id=17804, stack(0x0000008707000000,0x0000008707100000)]
  0x0000022f89bb3000 JavaThread "Unconstrained build operations Thread 13" [_thread_blocked, id=15112, stack(0x0000008707100000,0x0000008707200000)]
  0x0000022f89bb8000 JavaThread "Unconstrained build operations Thread 14" [_thread_blocked, id=21168, stack(0x0000008707200000,0x0000008707300000)]
  0x0000022f89bb5800 JavaThread "Unconstrained build operations Thread 15" [_thread_blocked, id=9756, stack(0x0000008707300000,0x0000008707400000)]
  0x0000022f89bb4000 JavaThread "Unconstrained build operations Thread 16" [_thread_blocked, id=3704, stack(0x0000008707400000,0x0000008707500000)]
  0x0000022f89bb2800 JavaThread "Unconstrained build operations Thread 17" [_thread_blocked, id=22844, stack(0x0000008707500000,0x0000008707600000)]
  0x0000022f89bbb800 JavaThread "Unconstrained build operations Thread 18" [_thread_blocked, id=18048, stack(0x0000008707600000,0x0000008707700000)]
  0x0000022f89bb9000 JavaThread "Unconstrained build operations Thread 19" [_thread_blocked, id=12352, stack(0x0000008707700000,0x0000008707800000)]
  0x0000022f89bba800 JavaThread "Unconstrained build operations Thread 20" [_thread_blocked, id=6344, stack(0x0000008707800000,0x0000008707900000)]
  0x0000022f89bb9800 JavaThread "Unconstrained build operations Thread 21" [_thread_blocked, id=23168, stack(0x0000008707900000,0x0000008707a00000)]
  0x0000022f89bbd000 JavaThread "Unconstrained build operations Thread 22" [_thread_blocked, id=14652, stack(0x0000008707a00000,0x0000008707b00000)]
  0x0000022f89bbe000 JavaThread "Unconstrained build operations Thread 23" [_thread_blocked, id=8424, stack(0x0000008707b00000,0x0000008707c00000)]
  0x0000022f89bbe800 JavaThread "Unconstrained build operations Thread 24" [_thread_blocked, id=16572, stack(0x0000008707c00000,0x0000008707d00000)]
  0x0000022f89bbf800 JavaThread "Unconstrained build operations Thread 25" [_thread_blocked, id=4024, stack(0x0000008707d00000,0x0000008707e00000)]
  0x0000022f89bbc000 JavaThread "Unconstrained build operations Thread 26" [_thread_blocked, id=6364, stack(0x0000008707e00000,0x0000008707f00000)]
  0x0000022f89bc0000 JavaThread "Unconstrained build operations Thread 27" [_thread_blocked, id=11048, stack(0x0000008707f00000,0x0000008708000000)]
  0x0000022f8b20a000 JavaThread "Unconstrained build operations Thread 28" [_thread_blocked, id=6104, stack(0x0000008708000000,0x0000008708100000)]
  0x0000022f8b20b000 JavaThread "Unconstrained build operations Thread 29" [_thread_blocked, id=17708, stack(0x0000008708100000,0x0000008708200000)]
  0x0000022f8b205800 JavaThread "Unconstrained build operations Thread 30" [_thread_blocked, id=12616, stack(0x0000008708200000,0x0000008708300000)]
  0x0000022f8b207000 JavaThread "Unconstrained build operations Thread 31" [_thread_blocked, id=11072, stack(0x0000008708300000,0x0000008708400000)]
  0x0000022f8b20c000 JavaThread "Unconstrained build operations Thread 32" [_thread_blocked, id=16856, stack(0x0000008708400000,0x0000008708500000)]
  0x0000022f8b208800 JavaThread "Unconstrained build operations Thread 33" [_thread_blocked, id=2892, stack(0x0000008708500000,0x0000008708600000)]
  0x0000022f8b206000 JavaThread "Unconstrained build operations Thread 34" [_thread_blocked, id=20344, stack(0x0000008708600000,0x0000008708700000)]
  0x0000022f8b20d800 JavaThread "Unconstrained build operations Thread 35" [_thread_blocked, id=14368, stack(0x0000008708700000,0x0000008708800000)]
  0x0000022f8b209800 JavaThread "Unconstrained build operations Thread 36" [_thread_blocked, id=8640, stack(0x0000008708800000,0x0000008708900000)]
  0x0000022f8b20c800 JavaThread "Unconstrained build operations Thread 37" [_thread_blocked, id=17252, stack(0x0000008708900000,0x0000008708a00000)]
  0x0000022f8b207800 JavaThread "Unconstrained build operations Thread 38" [_thread_blocked, id=19312, stack(0x0000008708a00000,0x0000008708b00000)]
  0x0000022f8b212800 JavaThread "Unconstrained build operations Thread 39" [_thread_blocked, id=21608, stack(0x0000008708b00000,0x0000008708c00000)]
  0x0000022f8b20e800 JavaThread "Unconstrained build operations Thread 40" [_thread_blocked, id=17656, stack(0x0000008708c00000,0x0000008708d00000)]
  0x0000022f8b20f000 JavaThread "Unconstrained build operations Thread 41" [_thread_blocked, id=22956, stack(0x0000008708d00000,0x0000008708e00000)]
  0x0000022f8b211800 JavaThread "Unconstrained build operations Thread 42" [_thread_blocked, id=9200, stack(0x0000008708e00000,0x0000008708f00000)]
  0x0000022f8b214000 JavaThread "Unconstrained build operations Thread 43" [_thread_blocked, id=21452, stack(0x0000008708f00000,0x0000008709000000)]
  0x0000022f8b213000 JavaThread "Unconstrained build operations Thread 44" [_thread_blocked, id=11212, stack(0x0000008709000000,0x0000008709100000)]
  0x0000022f8b210000 JavaThread "Unconstrained build operations Thread 45" [_thread_blocked, id=1948, stack(0x0000008709100000,0x0000008709200000)]
  0x0000022f8b210800 JavaThread "Unconstrained build operations Thread 46" [_thread_blocked, id=22608, stack(0x0000008709200000,0x0000008709300000)]
  0x0000022f8b326000 JavaThread "Unconstrained build operations Thread 47" [_thread_blocked, id=4272, stack(0x0000008709300000,0x0000008709400000)]
  0x0000022f8b325800 JavaThread "Unconstrained build operations Thread 48" [_thread_blocked, id=12360, stack(0x0000008709400000,0x0000008709500000)]
  0x0000022f8b327000 JavaThread "Unconstrained build operations Thread 49" [_thread_blocked, id=4792, stack(0x0000008709500000,0x0000008709600000)]
  0x0000022f8b324800 JavaThread "Unconstrained build operations Thread 50" [_thread_blocked, id=13356, stack(0x0000008709600000,0x0000008709700000)]
  0x0000022f8b328000 JavaThread "Unconstrained build operations Thread 51" [_thread_blocked, id=19828, stack(0x0000008709700000,0x0000008709800000)]
  0x0000022f8b328800 JavaThread "Unconstrained build operations Thread 52" [_thread_blocked, id=9700, stack(0x0000008709800000,0x0000008709900000)]
  0x0000022f8b323800 JavaThread "Unconstrained build operations Thread 53" [_thread_blocked, id=11416, stack(0x0000008709900000,0x0000008709a00000)]
  0x0000022f8b323000 JavaThread "Unconstrained build operations Thread 54" [_thread_blocked, id=19552, stack(0x0000008709a00000,0x0000008709b00000)]
  0x0000022f8b32c800 JavaThread "Unconstrained build operations Thread 55" [_thread_blocked, id=12324, stack(0x0000008709b00000,0x0000008709c00000)]
  0x0000022f8b32d800 JavaThread "Unconstrained build operations Thread 56" [_thread_blocked, id=9632, stack(0x0000008709c00000,0x0000008709d00000)]
  0x0000022f8b329800 JavaThread "Unconstrained build operations Thread 57" [_thread_blocked, id=20104, stack(0x0000008709d00000,0x0000008709e00000)]
  0x0000022f8b330000 JavaThread "Unconstrained build operations Thread 58" [_thread_blocked, id=17004, stack(0x0000008709e00000,0x0000008709f00000)]
  0x0000022f8b32b000 JavaThread "Unconstrained build operations Thread 59" [_thread_blocked, id=14864, stack(0x0000008709f00000,0x000000870a000000)]
  0x0000022f8b32f000 JavaThread "Unconstrained build operations Thread 60" [_thread_blocked, id=21096, stack(0x000000870a000000,0x000000870a100000)]
  0x0000022f8b32e800 JavaThread "Unconstrained build operations Thread 61" [_thread_blocked, id=22676, stack(0x000000870a100000,0x000000870a200000)]
  0x0000022f8b32a000 JavaThread "Unconstrained build operations Thread 62" [_thread_blocked, id=16604, stack(0x000000870a200000,0x000000870a300000)]
  0x0000022f8b331000 JavaThread "Unconstrained build operations Thread 63" [_thread_blocked, id=10156, stack(0x000000870a300000,0x000000870a400000)]
  0x0000022f8b331800 JavaThread "Unconstrained build operations Thread 64" [_thread_blocked, id=10808, stack(0x000000870a400000,0x000000870a500000)]
  0x0000022f8b32c000 JavaThread "Unconstrained build operations Thread 65" [_thread_blocked, id=9144, stack(0x000000870a500000,0x000000870a600000)]
  0x0000022f8af8f000 JavaThread "Unconstrained build operations Thread 66" [_thread_blocked, id=12940, stack(0x000000870a600000,0x000000870a700000)]
  0x0000022f8af8a000 JavaThread "Unconstrained build operations Thread 67" [_thread_blocked, id=19908, stack(0x000000870a700000,0x000000870a800000)]
  0x0000022f8af8d000 JavaThread "Unconstrained build operations Thread 68" [_thread_blocked, id=20108, stack(0x000000870a800000,0x000000870a900000)]
  0x0000022f8af8b000 JavaThread "Unconstrained build operations Thread 69" [_thread_blocked, id=22252, stack(0x000000870a900000,0x000000870aa00000)]
  0x0000022f8af8c800 JavaThread "Unconstrained build operations Thread 70" [_thread_blocked, id=3604, stack(0x000000870aa00000,0x000000870ab00000)]
  0x0000022f8af89000 JavaThread "Unconstrained build operations Thread 71" [_thread_blocked, id=9368, stack(0x000000870ab00000,0x000000870ac00000)]
  0x0000022f8af8f800 JavaThread "Unconstrained build operations Thread 72" [_thread_blocked, id=20124, stack(0x000000870ac00000,0x000000870ad00000)]
  0x0000022f8af90800 JavaThread "Unconstrained build operations Thread 73" [_thread_blocked, id=22004, stack(0x000000870ad00000,0x000000870ae00000)]
  0x0000022f8af8b800 JavaThread "Unconstrained build operations Thread 74" [_thread_blocked, id=16884, stack(0x000000870ae00000,0x000000870af00000)]
  0x0000022f8af94000 JavaThread "Unconstrained build operations Thread 75" [_thread_blocked, id=14296, stack(0x000000870af00000,0x000000870b000000)]
  0x0000022f8af8e000 JavaThread "Unconstrained build operations Thread 76" [_thread_blocked, id=13004, stack(0x000000870b000000,0x000000870b100000)]
  0x0000022f8af91800 JavaThread "Unconstrained build operations Thread 77" [_thread_blocked, id=8400, stack(0x000000870b100000,0x000000870b200000)]
  0x0000022f8af93000 JavaThread "Unconstrained build operations Thread 78" [_thread_blocked, id=19764, stack(0x000000870b200000,0x000000870b300000)]
  0x0000022f8af97000 JavaThread "Unconstrained build operations Thread 79" [_thread_blocked, id=8584, stack(0x000000870b300000,0x000000870b400000)]
  0x0000022f8af95800 JavaThread "Unconstrained build operations Thread 80" [_thread_blocked, id=19856, stack(0x000000870b400000,0x000000870b500000)]
  0x0000022f8af98000 JavaThread "Unconstrained build operations Thread 81" [_thread_blocked, id=752, stack(0x000000870b500000,0x000000870b600000)]
  0x0000022f8af94800 JavaThread "Unconstrained build operations Thread 82" [_thread_blocked, id=18972, stack(0x000000870b600000,0x000000870b700000)]
  0x0000022f8af92000 JavaThread "Unconstrained build operations Thread 83" [_thread_blocked, id=11384, stack(0x000000870b700000,0x000000870b800000)]
  0x0000022f8af96000 JavaThread "Unconstrained build operations Thread 84" [_thread_blocked, id=18920, stack(0x000000870b800000,0x000000870b900000)]
  0x0000022f87fe7000 JavaThread "Unconstrained build operations Thread 85" [_thread_blocked, id=19316, stack(0x000000870b900000,0x000000870ba00000)]
  0x0000022f87fe5800 JavaThread "Unconstrained build operations Thread 86" [_thread_blocked, id=20364, stack(0x000000870ba00000,0x000000870bb00000)]
  0x0000022f87fe4000 JavaThread "Unconstrained build operations Thread 87" [_thread_blocked, id=10352, stack(0x000000870bb00000,0x000000870bc00000)]
  0x0000022f87fe4800 JavaThread "Unconstrained build operations Thread 88" [_thread_blocked, id=6196, stack(0x000000870bc00000,0x000000870bd00000)]
  0x0000022f87fe6800 JavaThread "Unconstrained build operations Thread 89" [_thread_blocked, id=18740, stack(0x000000870bd00000,0x000000870be00000)]
  0x0000022f87fe8000 JavaThread "Unconstrained build operations Thread 90" [_thread_blocked, id=10364, stack(0x000000870be00000,0x000000870bf00000)]
  0x0000022f87fe2000 JavaThread "Unconstrained build operations Thread 91" [_thread_blocked, id=8900, stack(0x000000870bf00000,0x000000870c000000)]
  0x0000022f87fe8800 JavaThread "Unconstrained build operations Thread 92" [_thread_blocked, id=22468, stack(0x000000870c000000,0x000000870c100000)]
  0x0000022f87fe3000 JavaThread "Unconstrained build operations Thread 93" [_thread_blocked, id=16184, stack(0x000000870c100000,0x000000870c200000)]
  0x0000022f87fe9800 JavaThread "Unconstrained build operations Thread 94" [_thread_blocked, id=16312, stack(0x000000870c200000,0x000000870c300000)]
  0x0000022f87feb000 JavaThread "Unconstrained build operations Thread 95" [_thread_blocked, id=10640, stack(0x000000870c300000,0x000000870c400000)]
  0x0000022f87fef800 JavaThread "Unconstrained build operations Thread 96" [_thread_blocked, id=14704, stack(0x000000870c400000,0x000000870c500000)]
  0x0000022f87fec000 JavaThread "Unconstrained build operations Thread 97" [_thread_blocked, id=20476, stack(0x000000870c500000,0x000000870c600000)]
  0x0000022f87ff0000 JavaThread "Unconstrained build operations Thread 98" [_thread_blocked, id=10120, stack(0x000000870c600000,0x000000870c700000)]
  0x0000022f87fed000 JavaThread "Unconstrained build operations Thread 99" [_thread_blocked, id=10812, stack(0x000000870c700000,0x000000870c800000)]
  0x0000022f87fee800 JavaThread "Unconstrained build operations Thread 100" [_thread_blocked, id=16788, stack(0x000000870c800000,0x000000870c900000)]
  0x0000022f87fed800 JavaThread "Unconstrained build operations Thread 101" [_thread_blocked, id=8484, stack(0x000000870c900000,0x000000870ca00000)]
  0x0000022f87fea800 JavaThread "Unconstrained build operations Thread 102" [_thread_blocked, id=16664, stack(0x000000870ca00000,0x000000870cb00000)]
  0x0000022f87ff1000 JavaThread "Unconstrained build operations Thread 103" [_thread_blocked, id=21768, stack(0x000000870cb00000,0x000000870cc00000)]
  0x0000022f88058000 JavaThread "Unconstrained build operations Thread 104" [_thread_blocked, id=11928, stack(0x000000870cc00000,0x000000870cd00000)]
  0x0000022f88054000 JavaThread "Unconstrained build operations Thread 105" [_thread_blocked, id=7128, stack(0x000000870cd00000,0x000000870ce00000)]
  0x0000022f88059000 JavaThread "Unconstrained build operations Thread 106" [_thread_blocked, id=3660, stack(0x000000870ce00000,0x000000870cf00000)]
  0x0000022f88057800 JavaThread "Unconstrained build operations Thread 107" [_thread_blocked, id=20496, stack(0x000000870cf00000,0x000000870d000000)]
  0x0000022f88053000 JavaThread "Unconstrained build operations Thread 108" [_thread_blocked, id=1600, stack(0x000000870d000000,0x000000870d100000)]
  0x0000022f88055800 JavaThread "Unconstrained build operations Thread 109" [_thread_blocked, id=18528, stack(0x000000870d100000,0x000000870d200000)]
  0x0000022f88056800 JavaThread "Unconstrained build operations Thread 110" [_thread_blocked, id=8576, stack(0x000000870d200000,0x000000870d300000)]
  0x0000022f8805a000 JavaThread "Unconstrained build operations Thread 111" [_thread_blocked, id=3240, stack(0x000000870d300000,0x000000870d400000)]
  0x0000022f88055000 JavaThread "Unconstrained build operations Thread 112" [_thread_blocked, id=9280, stack(0x000000870d400000,0x000000870d500000)]
  0x0000022f8805f800 JavaThread "Unconstrained build operations Thread 113" [_thread_blocked, id=12548, stack(0x000000870d500000,0x000000870d600000)]
  0x0000022f88060800 JavaThread "Unconstrained build operations Thread 114" [_thread_blocked, id=13348, stack(0x000000870d600000,0x000000870d700000)]
  0x0000022f8805a800 JavaThread "Unconstrained build operations Thread 115" [_thread_blocked, id=23420, stack(0x000000870d700000,0x000000870d800000)]
  0x0000022f88061000 JavaThread "Unconstrained build operations Thread 116" [_thread_blocked, id=11500, stack(0x000000870d800000,0x000000870d900000)]
  0x0000022f8805d000 JavaThread "Unconstrained build operations Thread 117" [_thread_blocked, id=21684, stack(0x000000870d900000,0x000000870da00000)]
  0x0000022f8805b800 JavaThread "Unconstrained build operations Thread 118" [_thread_blocked, id=14064, stack(0x000000870da00000,0x000000870db00000)]
  0x0000022f88062000 JavaThread "Unconstrained build operations Thread 119" [_thread_blocked, id=4988, stack(0x000000870db00000,0x000000870dc00000)]
  0x0000022f8805e800 JavaThread "Unconstrained build operations Thread 120" [_thread_blocked, id=17248, stack(0x000000870dc00000,0x000000870dd00000)]
  0x0000022f8805c000 JavaThread "Unconstrained build operations Thread 121" [_thread_blocked, id=13936, stack(0x000000870dd00000,0x000000870de00000)]
  0x0000022f8805e000 JavaThread "Unconstrained build operations Thread 122" [_thread_blocked, id=21436, stack(0x000000870de00000,0x000000870df00000)]
  0x0000022f8808b800 JavaThread "Unconstrained build operations Thread 123" [_thread_blocked, id=16168, stack(0x000000870df00000,0x000000870e000000)]
  0x0000022f8808d000 JavaThread "Unconstrained build operations Thread 124" [_thread_blocked, id=12668, stack(0x000000870e000000,0x000000870e100000)]
  0x0000022f88087800 JavaThread "Unconstrained build operations Thread 125" [_thread_blocked, id=14400, stack(0x000000870e100000,0x000000870e200000)]
  0x0000022f8808c800 JavaThread "Unconstrained build operations Thread 126" [_thread_blocked, id=17664, stack(0x000000870e200000,0x000000870e300000)]
  0x0000022f88089000 JavaThread "Unconstrained build operations Thread 127" [_thread_blocked, id=13496, stack(0x000000870e300000,0x000000870e400000)]
  0x0000022f8808a800 JavaThread "Unconstrained build operations Thread 128" [_thread_blocked, id=21844, stack(0x000000870e400000,0x000000870e500000)]
  0x0000022f8808e000 JavaThread "Unconstrained build operations Thread 129" [_thread_blocked, id=22836, stack(0x000000870e500000,0x000000870e600000)]
  0x0000022f88088000 JavaThread "Unconstrained build operations Thread 130" [_thread_blocked, id=8196, stack(0x000000870e600000,0x000000870e700000)]
  0x0000022f8808a000 JavaThread "Unconstrained build operations Thread 131" [_thread_blocked, id=10052, stack(0x000000870e700000,0x000000870e800000)]
  0x0000022f8b271800 JavaThread "Unconstrained build operations Thread 132" [_thread_blocked, id=23508, stack(0x000000870e800000,0x000000870e900000)]
  0x0000022f8b272800 JavaThread "Unconstrained build operations Thread 133" [_thread_blocked, id=8388, stack(0x000000870e900000,0x000000870ea00000)]
  0x0000022f8b270800 JavaThread "Unconstrained build operations Thread 134" [_thread_blocked, id=19568, stack(0x000000870ea00000,0x000000870eb00000)]
  0x0000022f8b26f000 JavaThread "Unconstrained build operations Thread 135" [_thread_blocked, id=21356, stack(0x000000870eb00000,0x000000870ec00000)]
  0x0000022f8b273000 JavaThread "jar transforms Thread 4" [_thread_blocked, id=4192, stack(0x000000870ec00000,0x000000870ed00000)]
  0x0000022f8b26e000 JavaThread "jar transforms Thread 5" [_thread_blocked, id=17000, stack(0x000000870ed00000,0x000000870ee00000)]
  0x0000022f8b274000 JavaThread "jar transforms Thread 6" [_thread_blocked, id=14208, stack(0x000000870ee00000,0x000000870ef00000)]
  0x0000022f8b274800 JavaThread "jar transforms Thread 7" [_thread_blocked, id=19388, stack(0x000000870ef00000,0x000000870f000000)]
  0x0000022f8b275800 JavaThread "jar transforms Thread 8" [_thread_blocked, id=17636, stack(0x000000870f000000,0x000000870f100000)]
  0x0000022f8b270000 JavaThread "jar transforms Thread 9" [_thread_blocked, id=21724, stack(0x000000870f100000,0x000000870f200000)]
  0x0000022f8b27c000 JavaThread "jar transforms Thread 10" [_thread_blocked, id=5184, stack(0x000000870f200000,0x000000870f300000)]
  0x0000022f8b279800 JavaThread "jar transforms Thread 11" [_thread_blocked, id=18924, stack(0x000000870f300000,0x000000870f400000)]
  0x0000022f8b27a800 JavaThread "jar transforms Thread 12" [_thread_blocked, id=20440, stack(0x000000870f400000,0x000000870f500000)]
  0x0000022f8b27b800 JavaThread "jar transforms Thread 13" [_thread_blocked, id=2232, stack(0x000000870f500000,0x000000870f600000)]
  0x0000022f8b276800 JavaThread "jar transforms Thread 14" [_thread_blocked, id=14080, stack(0x000000870f600000,0x000000870f700000)]
  0x0000022f8b277000 JavaThread "jar transforms Thread 15" [_thread_blocked, id=10956, stack(0x000000870f700000,0x000000870f800000)]
  0x0000022f8b27d000 JavaThread "jar transforms Thread 16" [_thread_blocked, id=17108, stack(0x000000870f800000,0x000000870f900000)]
  0x0000022f8b278000 JavaThread "Memory manager" [_thread_blocked, id=21584, stack(0x000000870f900000,0x000000870fa00000)]
  0x0000022f8d300800 JavaThread "build event listener" [_thread_blocked, id=11704, stack(0x000000870fa00000,0x000000870fb00000)]
  0x0000022f8d2ff800 JavaThread "pool-3-thread-1" [_thread_blocked, id=15604, stack(0x000000870fb00000,0x000000870fc00000)]
  0x0000022f8d2fe000 JavaThread "build event listener" [_thread_blocked, id=21052, stack(0x000000870fc00000,0x000000870fd00000)]
  0x0000022f8d2ff000 JavaThread "Execution worker for ':'" [_thread_blocked, id=12776, stack(0x000000870fd00000,0x000000870fe00000)]
  0x0000022f8d303000 JavaThread "Execution worker for ':' Thread 2" [_thread_blocked, id=11932, stack(0x000000870fe00000,0x000000870ff00000)]
  0x0000022f8d301800 JavaThread "Execution worker for ':' Thread 3" [_thread_blocked, id=23456, stack(0x000000870ff00000,0x0000008710000000)]
  0x0000022f8d302000 JavaThread "Execution worker for ':' Thread 4" [_thread_blocked, id=5592, stack(0x0000008710000000,0x0000008710100000)]
  0x0000022f8d2fd000 JavaThread "Execution worker for ':' Thread 5" [_thread_blocked, id=20720, stack(0x0000008710100000,0x0000008710200000)]
  0x0000022f8d309800 JavaThread "Execution worker for ':' Thread 6" [_thread_blocked, id=10580, stack(0x0000008710200000,0x0000008710300000)]
  0x0000022f8d308800 JavaThread "Execution worker for ':' Thread 7" [_thread_blocked, id=18140, stack(0x0000008710300000,0x0000008710400000)]
  0x0000022f8d308000 JavaThread "Execution worker for ':' Thread 8" [_thread_blocked, id=2752, stack(0x0000008710400000,0x0000008710500000)]
  0x0000022f8d307000 JavaThread "Execution worker for ':' Thread 9" [_thread_blocked, id=17904, stack(0x0000008710500000,0x0000008710600000)]
  0x0000022f8d306000 JavaThread "Execution worker for ':' Thread 10" [_thread_blocked, id=19112, stack(0x0000008710600000,0x0000008710700000)]
  0x0000022f8d304000 JavaThread "Execution worker for ':' Thread 11" [_thread_blocked, id=20468, stack(0x0000008710700000,0x0000008710800000)]
  0x0000022f8d30a800 JavaThread "Execution worker for ':' Thread 12" [_thread_blocked, id=16260, stack(0x0000008710800000,0x0000008710900000)]
  0x0000022f8d304800 JavaThread "Execution worker for ':' Thread 13" [_thread_blocked, id=18136, stack(0x0000008710900000,0x0000008710a00000)]
  0x0000022f8d30b000 JavaThread "Execution worker for ':' Thread 14" [_thread_blocked, id=2128, stack(0x0000008710a00000,0x0000008710b00000)]
  0x0000022f8d305800 JavaThread "Execution worker for ':' Thread 15" [_thread_blocked, id=11440, stack(0x0000008710b00000,0x0000008710c00000)]
  0x0000022f8d310000 JavaThread "Cache worker for execution history cache (C:\Users\rcdup\AndroidStudioProjects\Kanshi\.gradle\7.3.3\executionHistory)" [_thread_in_native, id=21204, stack(0x0000008710c00000,0x0000008710d00000)]

Other Threads:
  0x0000022fffa08000 VMThread "VM Thread" [stack: 0x0000008702d00000,0x0000008702e00000] [id=13664]
  0x0000022fffc77000 WatcherThread [stack: 0x0000008703800000,0x0000008703900000] [id=12128]
  0x0000022fe89e6000 GCTaskThread "GC Thread#0" [stack: 0x0000008702800000,0x0000008702900000] [id=4780]
  0x0000022f84fa9800 GCTaskThread "GC Thread#1" [stack: 0x0000008703b00000,0x0000008703c00000] [id=18476]
  0x0000022f877e9800 GCTaskThread "GC Thread#2" [stack: 0x0000008704600000,0x0000008704700000] [id=13000]
  0x0000022f877ea800 GCTaskThread "GC Thread#3" [stack: 0x0000008704700000,0x0000008704800000] [id=16552]
  0x0000022f867f6800 GCTaskThread "GC Thread#4" [stack: 0x0000008704800000,0x0000008704900000] [id=13848]
  0x0000022f867f7000 GCTaskThread "GC Thread#5" [stack: 0x0000008704900000,0x0000008704a00000] [id=18128]
  0x0000022f87426800 GCTaskThread "GC Thread#6" [stack: 0x0000008704a00000,0x0000008704b00000] [id=9720]
  0x0000022f87427000 GCTaskThread "GC Thread#7" [stack: 0x0000008704b00000,0x0000008704c00000] [id=22684]
  0x0000022f85c27800 GCTaskThread "GC Thread#8" [stack: 0x0000008704c00000,0x0000008704d00000] [id=11584]
  0x0000022f85c28000 GCTaskThread "GC Thread#9" [stack: 0x0000008704d00000,0x0000008704e00000] [id=14776]
  0x0000022f87402800 GCTaskThread "GC Thread#10" [stack: 0x0000008704e00000,0x0000008704f00000] [id=22060]
  0x0000022f8774f000 GCTaskThread "GC Thread#11" [stack: 0x0000008704f00000,0x0000008705000000] [id=3520]
  0x0000022f8774d000 GCTaskThread "GC Thread#12" [stack: 0x0000008705000000,0x0000008705100000] [id=23128]
  0x0000022fe8a19800 ConcurrentGCThread "G1 Main Marker" [stack: 0x0000008702900000,0x0000008702a00000] [id=4956]
  0x0000022fe8a1a800 ConcurrentGCThread "G1 Conc#0" [stack: 0x0000008702a00000,0x0000008702b00000] [id=16764]
  0x0000022f8774e800 ConcurrentGCThread "G1 Conc#1" [stack: 0x0000008705500000,0x0000008705600000] [id=19756]
  0x0000022f87753000 ConcurrentGCThread "G1 Conc#2" [stack: 0x0000008705600000,0x0000008705700000] [id=8200]
  0x0000022fff851800 ConcurrentGCThread "G1 Refine#0" [stack: 0x0000008702b00000,0x0000008702c00000] [id=20524]
  0x0000022f862ac000 ConcurrentGCThread "G1 Refine#1" [stack: 0x0000008705100000,0x0000008705200000] [id=9564]
  0x0000022fff852800 ConcurrentGCThread "G1 Young RemSet Sampling" [stack: 0x0000008702c00000,0x0000008702d00000] [id=22812]

Threads with active compile tasks:
C2 CompilerThread0   6092 8535 %     4       org.gradle.internal.instantiation.generator.AbstractClassGenerator::inspectType @ 107 (560 bytes)
C2 CompilerThread1   6092 9019       4       sun.invoke.util.BytecodeDescriptor::unparseSig (91 bytes)

VM state:not at safepoint (normal execution)

VM Mutex/Monitor currently owned by a thread: None

Heap address: 0x0000000080000000, size: 2048 MB, Compressed Oops mode: 32-bit
Narrow klass base: 0x0000000000000000, Narrow klass shift: 3
Compressed class space size: 1073741824 Address: 0x0000000100000000

Heap:
 garbage-first heap   total 152576K, used 87523K [0x0000000080000000, 0x0000000100000000)
  region size 1024K, 34 young (34816K), 9 survivors (9216K)
 Metaspace       used 84660K, capacity 86728K, committed 86996K, reserved 1124352K
  class space    used 10993K, capacity 11805K, committed 11904K, reserved 1048576K
Heap Regions: E=young(eden), S=young(survivor), O=old, HS=humongous(starts), HC=humongous(continues), CS=collection set, F=free, A=archive, TAMS=top-at-mark-start (previous, next)
|   0|0x0000000080000000, 0x0000000080100000, 0x0000000080100000|100%| O|  |TAMS 0x0000000080100000, 0x0000000080000000| Untracked 
|   1|0x0000000080100000, 0x0000000080200000, 0x0000000080200000|100%| O|  |TAMS 0x0000000080200000, 0x0000000080100000| Untracked 
|   2|0x0000000080200000, 0x0000000080300000, 0x0000000080300000|100%| O|  |TAMS 0x0000000080300000, 0x0000000080200000| Untracked 
|   3|0x0000000080300000, 0x0000000080400000, 0x0000000080400000|100%|HS|  |TAMS 0x0000000080400000, 0x0000000080300000| Complete 
|   4|0x0000000080400000, 0x0000000080500000, 0x0000000080500000|100%|HC|  |TAMS 0x0000000080500000, 0x0000000080400000| Complete 
|   5|0x0000000080500000, 0x0000000080600000, 0x0000000080600000|100%|HC|  |TAMS 0x0000000080600000, 0x0000000080500000| Complete 
|   6|0x0000000080600000, 0x0000000080700000, 0x0000000080700000|100%| O|  |TAMS 0x0000000080700000, 0x0000000080600000| Untracked 
|   7|0x0000000080700000, 0x0000000080800000, 0x0000000080800000|100%| O|  |TAMS 0x0000000080800000, 0x0000000080700000| Untracked 
|   8|0x0000000080800000, 0x0000000080900000, 0x0000000080900000|100%| O|  |TAMS 0x0000000080900000, 0x0000000080800000| Untracked 
|   9|0x0000000080900000, 0x0000000080a00000, 0x0000000080a00000|100%| O|  |TAMS 0x0000000080a00000, 0x0000000080900000| Untracked 
|  10|0x0000000080a00000, 0x0000000080b00000, 0x0000000080b00000|100%| O|  |TAMS 0x0000000080b00000, 0x0000000080a00000| Untracked 
|  11|0x0000000080b00000, 0x0000000080c00000, 0x0000000080c00000|100%| O|  |TAMS 0x0000000080c00000, 0x0000000080b00000| Untracked 
|  12|0x0000000080c00000, 0x0000000080d00000, 0x0000000080d00000|100%| O|  |TAMS 0x0000000080d00000, 0x0000000080c00000| Untracked 
|  13|0x0000000080d00000, 0x0000000080e00000, 0x0000000080e00000|100%| O|  |TAMS 0x0000000080e00000, 0x0000000080d00000| Untracked 
|  14|0x0000000080e00000, 0x0000000080f00000, 0x0000000080f00000|100%| O|  |TAMS 0x0000000080f00000, 0x0000000080e00000| Untracked 
|  15|0x0000000080f00000, 0x0000000081000000, 0x0000000081000000|100%| O|  |TAMS 0x0000000081000000, 0x0000000080f00000| Untracked 
|  16|0x0000000081000000, 0x0000000081100000, 0x0000000081100000|100%|HS|  |TAMS 0x0000000081100000, 0x0000000081000000| Complete 
|  17|0x0000000081100000, 0x0000000081200000, 0x0000000081200000|100%| O|  |TAMS 0x0000000081200000, 0x0000000081100000| Untracked 
|  18|0x0000000081200000, 0x0000000081300000, 0x0000000081300000|100%| O|  |TAMS 0x0000000081300000, 0x0000000081200000| Untracked 
|  19|0x0000000081300000, 0x0000000081400000, 0x0000000081400000|100%| O|  |TAMS 0x0000000081400000, 0x0000000081300000| Untracked 
|  20|0x0000000081400000, 0x0000000081500000, 0x0000000081500000|100%| O|  |TAMS 0x0000000081500000, 0x0000000081400000| Untracked 
|  21|0x0000000081500000, 0x0000000081600000, 0x0000000081600000|100%| O|  |TAMS 0x0000000081600000, 0x0000000081500000| Untracked 
|  22|0x0000000081600000, 0x0000000081700000, 0x0000000081700000|100%| O|  |TAMS 0x0000000081700000, 0x0000000081600000| Untracked 
|  23|0x0000000081700000, 0x0000000081800000, 0x0000000081800000|100%| O|  |TAMS 0x0000000081800000, 0x0000000081700000| Untracked 
|  24|0x0000000081800000, 0x0000000081900000, 0x0000000081900000|100%| O|  |TAMS 0x0000000081900000, 0x0000000081800000| Untracked 
|  25|0x0000000081900000, 0x0000000081a00000, 0x0000000081a00000|100%| O|  |TAMS 0x0000000081a00000, 0x0000000081900000| Untracked 
|  26|0x0000000081a00000, 0x0000000081b00000, 0x0000000081b00000|100%| O|  |TAMS 0x0000000081b00000, 0x0000000081a00000| Untracked 
|  27|0x0000000081b00000, 0x0000000081c00000, 0x0000000081c00000|100%| O|  |TAMS 0x0000000081c00000, 0x0000000081b00000| Untracked 
|  28|0x0000000081c00000, 0x0000000081d00000, 0x0000000081d00000|100%|HS|  |TAMS 0x0000000081d00000, 0x0000000081c00000| Complete 
|  29|0x0000000081d00000, 0x0000000081e00000, 0x0000000081e00000|100%|HS|  |TAMS 0x0000000081e00000, 0x0000000081d00000| Complete 
|  30|0x0000000081e00000, 0x0000000081f00000, 0x0000000081f00000|100%|HC|  |TAMS 0x0000000081f00000, 0x0000000081e00000| Complete 
|  31|0x0000000081f00000, 0x0000000082000000, 0x0000000082000000|100%| O|  |TAMS 0x0000000082000000, 0x0000000081f00000| Untracked 
|  32|0x0000000082000000, 0x0000000082100000, 0x0000000082100000|100%| O|  |TAMS 0x0000000082100000, 0x0000000082000000| Untracked 
|  33|0x0000000082100000, 0x0000000082200000, 0x0000000082200000|100%| O|  |TAMS 0x0000000082200000, 0x0000000082100000| Untracked 
|  34|0x0000000082200000, 0x0000000082300000, 0x0000000082300000|100%| O|  |TAMS 0x0000000082300000, 0x0000000082200000| Untracked 
|  35|0x0000000082300000, 0x0000000082400000, 0x0000000082400000|100%| O|  |TAMS 0x0000000082400000, 0x0000000082300000| Untracked 
|  36|0x0000000082400000, 0x0000000082500000, 0x0000000082500000|100%| O|  |TAMS 0x0000000082500000, 0x0000000082400000| Untracked 
|  37|0x0000000082500000, 0x0000000082600000, 0x0000000082600000|100%| O|  |TAMS 0x0000000082600000, 0x0000000082500000| Untracked 
|  38|0x0000000082600000, 0x0000000082700000, 0x0000000082700000|100%| O|  |TAMS 0x0000000082700000, 0x0000000082600000| Untracked 
|  39|0x0000000082700000, 0x0000000082800000, 0x0000000082800000|100%| O|  |TAMS 0x0000000082800000, 0x0000000082700000| Untracked 
|  40|0x0000000082800000, 0x0000000082900000, 0x0000000082900000|100%| O|  |TAMS 0x0000000082900000, 0x0000000082800000| Untracked 
|  41|0x0000000082900000, 0x0000000082a00000, 0x0000000082a00000|100%| O|  |TAMS 0x0000000082a00000, 0x0000000082900000| Untracked 
|  42|0x0000000082a00000, 0x0000000082b00000, 0x0000000082b00000|100%| O|  |TAMS 0x0000000082a44600, 0x0000000082a00000| Untracked 
|  43|0x0000000082b00000, 0x0000000082c00000, 0x0000000082c00000|100%| O|  |TAMS 0x0000000082b00000, 0x0000000082b00000| Untracked 
|  44|0x0000000082c00000, 0x0000000082d00000, 0x0000000082d00000|100%| O|  |TAMS 0x0000000082c00000, 0x0000000082c00000| Untracked 
|  45|0x0000000082d00000, 0x0000000082e00000, 0x0000000082e00000|100%| O|  |TAMS 0x0000000082d00000, 0x0000000082d00000| Untracked 
|  46|0x0000000082e00000, 0x0000000082f00000, 0x0000000082f00000|100%| O|  |TAMS 0x0000000082e00000, 0x0000000082e00000| Untracked 
|  47|0x0000000082f00000, 0x0000000083000000, 0x0000000083000000|100%| O|  |TAMS 0x0000000082f00000, 0x0000000082f00000| Untracked 
|  48|0x0000000083000000, 0x0000000083100000, 0x0000000083100000|100%| O|  |TAMS 0x0000000083000000, 0x0000000083000000| Untracked 
|  49|0x0000000083100000, 0x0000000083200000, 0x0000000083200000|100%| O|  |TAMS 0x0000000083100000, 0x0000000083100000| Untracked 
|  50|0x0000000083200000, 0x0000000083300000, 0x0000000083300000|100%| O|  |TAMS 0x0000000083200000, 0x0000000083200000| Untracked 
|  51|0x0000000083300000, 0x0000000083400000, 0x0000000083400000|100%| O|  |TAMS 0x0000000083300000, 0x0000000083300000| Untracked 
|  52|0x0000000083400000, 0x0000000083500000, 0x0000000083500000|100%| O|  |TAMS 0x0000000083400000, 0x0000000083400000| Untracked 
|  53|0x0000000083500000, 0x00000000835c8a00, 0x0000000083600000| 78%| O|  |TAMS 0x0000000083500000, 0x0000000083500000| Untracked 
|  54|0x0000000083600000, 0x0000000083600000, 0x0000000083700000|  0%| F|  |TAMS 0x0000000083600000, 0x0000000083600000| Untracked 
|  55|0x0000000083700000, 0x0000000083700000, 0x0000000083800000|  0%| F|  |TAMS 0x0000000083700000, 0x0000000083700000| Untracked 
|  56|0x0000000083800000, 0x0000000083800000, 0x0000000083900000|  0%| F|  |TAMS 0x0000000083800000, 0x0000000083800000| Untracked 
|  57|0x0000000083900000, 0x0000000083900000, 0x0000000083a00000|  0%| F|  |TAMS 0x0000000083900000, 0x0000000083900000| Untracked 
|  58|0x0000000083a00000, 0x0000000083a00000, 0x0000000083b00000|  0%| F|  |TAMS 0x0000000083a00000, 0x0000000083a00000| Untracked 
|  59|0x0000000083b00000, 0x0000000083b00000, 0x0000000083c00000|  0%| F|  |TAMS 0x0000000083b00000, 0x0000000083b00000| Untracked 
|  60|0x0000000083c00000, 0x0000000083c00000, 0x0000000083d00000|  0%| F|  |TAMS 0x0000000083c00000, 0x0000000083c00000| Untracked 
|  61|0x0000000083d00000, 0x0000000083d00000, 0x0000000083e00000|  0%| F|  |TAMS 0x0000000083d00000, 0x0000000083d00000| Untracked 
|  62|0x0000000083e00000, 0x0000000083e00000, 0x0000000083f00000|  0%| F|  |TAMS 0x0000000083e00000, 0x0000000083e00000| Untracked 
|  63|0x0000000083f00000, 0x0000000083f00000, 0x0000000084000000|  0%| F|  |TAMS 0x0000000083f00000, 0x0000000083f00000| Untracked 
|  64|0x0000000084000000, 0x0000000084000000, 0x0000000084100000|  0%| F|  |TAMS 0x0000000084000000, 0x0000000084000000| Untracked 
|  65|0x0000000084100000, 0x0000000084100000, 0x0000000084200000|  0%| F|  |TAMS 0x0000000084100000, 0x0000000084100000| Untracked 
|  66|0x0000000084200000, 0x0000000084200000, 0x0000000084300000|  0%| F|  |TAMS 0x0000000084200000, 0x0000000084200000| Untracked 
|  67|0x0000000084300000, 0x0000000084300000, 0x0000000084400000|  0%| F|  |TAMS 0x0000000084300000, 0x0000000084300000| Untracked 
|  68|0x0000000084400000, 0x0000000084400000, 0x0000000084500000|  0%| F|  |TAMS 0x0000000084400000, 0x0000000084400000| Untracked 
|  69|0x0000000084500000, 0x0000000084500000, 0x0000000084600000|  0%| F|  |TAMS 0x0000000084500000, 0x0000000084500000| Untracked 
|  70|0x0000000084600000, 0x00000000846b0340, 0x0000000084700000| 68%| S|CS|TAMS 0x0000000084600000, 0x0000000084600000| Complete 
|  71|0x0000000084700000, 0x0000000084800000, 0x0000000084800000|100%| S|CS|TAMS 0x0000000084700000, 0x0000000084700000| Complete 
|  72|0x0000000084800000, 0x0000000084800000, 0x0000000084900000|  0%| F|  |TAMS 0x0000000084800000, 0x0000000084800000| Untracked 
|  73|0x0000000084900000, 0x0000000084900000, 0x0000000084a00000|  0%| F|  |TAMS 0x0000000084900000, 0x0000000084900000| Untracked 
|  74|0x0000000084a00000, 0x0000000084a00000, 0x0000000084b00000|  0%| F|  |TAMS 0x0000000084a00000, 0x0000000084a00000| Untracked 
|  75|0x0000000084b00000, 0x0000000084b00000, 0x0000000084c00000|  0%| F|  |TAMS 0x0000000084b00000, 0x0000000084b00000| Untracked 
|  76|0x0000000084c00000, 0x0000000084c00000, 0x0000000084d00000|  0%| F|  |TAMS 0x0000000084c00000, 0x0000000084c00000| Untracked 
|  77|0x0000000084d00000, 0x0000000084d00000, 0x0000000084e00000|  0%| F|  |TAMS 0x0000000084d00000, 0x0000000084d00000| Untracked 
|  78|0x0000000084e00000, 0x0000000084e00000, 0x0000000084f00000|  0%| F|  |TAMS 0x0000000084e00000, 0x0000000084e00000| Untracked 
|  79|0x0000000084f00000, 0x0000000084f00000, 0x0000000085000000|  0%| F|  |TAMS 0x0000000084f00000, 0x0000000084f00000| Untracked 
|  80|0x0000000085000000, 0x0000000085100000, 0x0000000085100000|100%| S|CS|TAMS 0x0000000085000000, 0x0000000085000000| Complete 
|  81|0x0000000085100000, 0x0000000085200000, 0x0000000085200000|100%| S|CS|TAMS 0x0000000085100000, 0x0000000085100000| Complete 
|  82|0x0000000085200000, 0x0000000085300000, 0x0000000085300000|100%| S|CS|TAMS 0x0000000085200000, 0x0000000085200000| Complete 
|  83|0x0000000085300000, 0x0000000085400000, 0x0000000085400000|100%| S|CS|TAMS 0x0000000085300000, 0x0000000085300000| Complete 
|  84|0x0000000085400000, 0x0000000085500000, 0x0000000085500000|100%| S|CS|TAMS 0x0000000085400000, 0x0000000085400000| Complete 
|  85|0x0000000085500000, 0x0000000085500000, 0x0000000085600000|  0%| F|  |TAMS 0x0000000085500000, 0x0000000085500000| Untracked 
|  86|0x0000000085600000, 0x0000000085700000, 0x0000000085700000|100%| S|CS|TAMS 0x0000000085600000, 0x0000000085600000| Complete 
|  87|0x0000000085700000, 0x0000000085800000, 0x0000000085800000|100%| S|CS|TAMS 0x0000000085700000, 0x0000000085700000| Complete 
|  88|0x0000000085800000, 0x0000000085800000, 0x0000000085900000|  0%| F|  |TAMS 0x0000000085800000, 0x0000000085800000| Untracked 
|  89|0x0000000085900000, 0x0000000085900000, 0x0000000085a00000|  0%| F|  |TAMS 0x0000000085900000, 0x0000000085900000| Untracked 
|  90|0x0000000085a00000, 0x0000000085a00000, 0x0000000085b00000|  0%| F|  |TAMS 0x0000000085a00000, 0x0000000085a00000| Untracked 
|  91|0x0000000085b00000, 0x0000000085b00000, 0x0000000085c00000|  0%| F|  |TAMS 0x0000000085b00000, 0x0000000085b00000| Untracked 
|  92|0x0000000085c00000, 0x0000000085c00000, 0x0000000085d00000|  0%| F|  |TAMS 0x0000000085c00000, 0x0000000085c00000| Untracked 
|  93|0x0000000085d00000, 0x0000000085d00000, 0x0000000085e00000|  0%| F|  |TAMS 0x0000000085d00000, 0x0000000085d00000| Untracked 
|  94|0x0000000085e00000, 0x0000000085e00000, 0x0000000085f00000|  0%| F|  |TAMS 0x0000000085e00000, 0x0000000085e00000| Untracked 
|  95|0x0000000085f00000, 0x0000000085f00000, 0x0000000086000000|  0%| F|  |TAMS 0x0000000085f00000, 0x0000000085f00000| Untracked 
|  96|0x0000000086000000, 0x0000000086000000, 0x0000000086100000|  0%| F|  |TAMS 0x0000000086000000, 0x0000000086000000| Untracked 
|  97|0x0000000086100000, 0x0000000086100000, 0x0000000086200000|  0%| F|  |TAMS 0x0000000086100000, 0x0000000086100000| Untracked 
|  98|0x0000000086200000, 0x0000000086200000, 0x0000000086300000|  0%| F|  |TAMS 0x0000000086200000, 0x0000000086200000| Untracked 
|  99|0x0000000086300000, 0x0000000086300000, 0x0000000086400000|  0%| F|  |TAMS 0x0000000086300000, 0x0000000086300000| Untracked 
| 100|0x0000000086400000, 0x0000000086400000, 0x0000000086500000|  0%| F|  |TAMS 0x0000000086400000, 0x0000000086400000| Untracked 
| 101|0x0000000086500000, 0x0000000086500000, 0x0000000086600000|  0%| F|  |TAMS 0x0000000086500000, 0x0000000086500000| Untracked 
| 102|0x0000000086600000, 0x0000000086600000, 0x0000000086700000|  0%| F|  |TAMS 0x0000000086600000, 0x0000000086600000| Untracked 
| 103|0x0000000086700000, 0x0000000086700000, 0x0000000086800000|  0%| F|  |TAMS 0x0000000086700000, 0x0000000086700000| Untracked 
| 104|0x0000000086800000, 0x0000000086800000, 0x0000000086900000|  0%| F|  |TAMS 0x0000000086800000, 0x0000000086800000| Untracked 
| 105|0x0000000086900000, 0x0000000086900000, 0x0000000086a00000|  0%| F|  |TAMS 0x0000000086900000, 0x0000000086900000| Untracked 
| 106|0x0000000086a00000, 0x0000000086a00000, 0x0000000086b00000|  0%| F|  |TAMS 0x0000000086a00000, 0x0000000086a00000| Untracked 
| 107|0x0000000086b00000, 0x0000000086b00000, 0x0000000086c00000|  0%| F|  |TAMS 0x0000000086b00000, 0x0000000086b00000| Untracked 
| 108|0x0000000086c00000, 0x0000000086c00000, 0x0000000086d00000|  0%| F|  |TAMS 0x0000000086c00000, 0x0000000086c00000| Untracked 
| 109|0x0000000086d00000, 0x0000000086d00000, 0x0000000086e00000|  0%| F|  |TAMS 0x0000000086d00000, 0x0000000086d00000| Untracked 
| 110|0x0000000086e00000, 0x0000000086e00000, 0x0000000086f00000|  0%| F|  |TAMS 0x0000000086e00000, 0x0000000086e00000| Untracked 
| 111|0x0000000086f00000, 0x0000000086f00000, 0x0000000087000000|  0%| F|  |TAMS 0x0000000086f00000, 0x0000000086f00000| Untracked 
| 112|0x0000000087000000, 0x0000000087000000, 0x0000000087100000|  0%| F|  |TAMS 0x0000000087000000, 0x0000000087000000| Untracked 
| 113|0x0000000087100000, 0x0000000087100000, 0x0000000087200000|  0%| F|  |TAMS 0x0000000087100000, 0x0000000087100000| Untracked 
| 114|0x0000000087200000, 0x0000000087200000, 0x0000000087300000|  0%| F|  |TAMS 0x0000000087200000, 0x0000000087200000| Untracked 
| 115|0x0000000087300000, 0x0000000087300000, 0x0000000087400000|  0%| F|  |TAMS 0x0000000087300000, 0x0000000087300000| Untracked 
| 116|0x0000000087400000, 0x0000000087400000, 0x0000000087500000|  0%| F|  |TAMS 0x0000000087400000, 0x0000000087400000| Untracked 
| 117|0x0000000087500000, 0x0000000087500000, 0x0000000087600000|  0%| F|  |TAMS 0x0000000087500000, 0x0000000087500000| Untracked 
| 118|0x0000000087600000, 0x0000000087600000, 0x0000000087700000|  0%| F|  |TAMS 0x0000000087600000, 0x0000000087600000| Untracked 
| 119|0x0000000087700000, 0x0000000087700000, 0x0000000087800000|  0%| F|  |TAMS 0x0000000087700000, 0x0000000087700000| Untracked 
| 120|0x0000000087800000, 0x0000000087800000, 0x0000000087900000|  0%| F|  |TAMS 0x0000000087800000, 0x0000000087800000| Untracked 
| 121|0x0000000087900000, 0x0000000087900000, 0x0000000087a00000|  0%| F|  |TAMS 0x0000000087900000, 0x0000000087900000| Untracked 
| 122|0x0000000087a00000, 0x0000000087a00000, 0x0000000087b00000|  0%| F|  |TAMS 0x0000000087a00000, 0x0000000087a00000| Untracked 
| 123|0x0000000087b00000, 0x0000000087b00000, 0x0000000087c00000|  0%| F|  |TAMS 0x0000000087b00000, 0x0000000087b00000| Untracked 
| 124|0x0000000087c00000, 0x0000000087d00000, 0x0000000087d00000|100%| E|  |TAMS 0x0000000087c00000, 0x0000000087c00000| Complete 
| 125|0x0000000087d00000, 0x0000000087e00000, 0x0000000087e00000|100%| E|CS|TAMS 0x0000000087d00000, 0x0000000087d00000| Complete 
| 126|0x0000000087e00000, 0x0000000087f00000, 0x0000000087f00000|100%| E|CS|TAMS 0x0000000087e00000, 0x0000000087e00000| Complete 
| 127|0x0000000087f00000, 0x0000000088000000, 0x0000000088000000|100%| E|CS|TAMS 0x0000000087f00000, 0x0000000087f00000| Complete 
| 128|0x0000000088000000, 0x0000000088100000, 0x0000000088100000|100%| E|CS|TAMS 0x0000000088000000, 0x0000000088000000| Complete 
| 129|0x0000000088100000, 0x0000000088200000, 0x0000000088200000|100%| E|CS|TAMS 0x0000000088100000, 0x0000000088100000| Complete 
| 130|0x0000000088200000, 0x0000000088300000, 0x0000000088300000|100%| E|CS|TAMS 0x0000000088200000, 0x0000000088200000| Complete 
| 131|0x0000000088300000, 0x0000000088400000, 0x0000000088400000|100%| E|CS|TAMS 0x0000000088300000, 0x0000000088300000| Complete 
| 132|0x0000000088400000, 0x0000000088500000, 0x0000000088500000|100%| E|CS|TAMS 0x0000000088400000, 0x0000000088400000| Complete 
| 133|0x0000000088500000, 0x0000000088600000, 0x0000000088600000|100%| E|CS|TAMS 0x0000000088500000, 0x0000000088500000| Complete 
| 134|0x0000000088600000, 0x0000000088700000, 0x0000000088700000|100%| E|CS|TAMS 0x0000000088600000, 0x0000000088600000| Complete 
| 135|0x0000000088700000, 0x0000000088800000, 0x0000000088800000|100%| E|CS|TAMS 0x0000000088700000, 0x0000000088700000| Complete 
| 136|0x0000000088800000, 0x0000000088900000, 0x0000000088900000|100%| E|CS|TAMS 0x0000000088800000, 0x0000000088800000| Complete 
| 137|0x0000000088900000, 0x0000000088a00000, 0x0000000088a00000|100%| E|CS|TAMS 0x0000000088900000, 0x0000000088900000| Complete 
| 138|0x0000000088a00000, 0x0000000088b00000, 0x0000000088b00000|100%| E|CS|TAMS 0x0000000088a00000, 0x0000000088a00000| Complete 
| 139|0x0000000088b00000, 0x0000000088c00000, 0x0000000088c00000|100%| E|CS|TAMS 0x0000000088b00000, 0x0000000088b00000| Complete 
| 140|0x0000000088c00000, 0x0000000088d00000, 0x0000000088d00000|100%| E|  |TAMS 0x0000000088c00000, 0x0000000088c00000| Complete 
| 141|0x0000000088d00000, 0x0000000088e00000, 0x0000000088e00000|100%| E|CS|TAMS 0x0000000088d00000, 0x0000000088d00000| Complete 
| 142|0x0000000088e00000, 0x0000000088f00000, 0x0000000088f00000|100%| E|CS|TAMS 0x0000000088e00000, 0x0000000088e00000| Complete 
| 143|0x0000000088f00000, 0x0000000089000000, 0x0000000089000000|100%| E|CS|TAMS 0x0000000088f00000, 0x0000000088f00000| Complete 
| 144|0x0000000089000000, 0x0000000089100000, 0x0000000089100000|100%| E|CS|TAMS 0x0000000089000000, 0x0000000089000000| Complete 
| 145|0x0000000089100000, 0x0000000089200000, 0x0000000089200000|100%| E|CS|TAMS 0x0000000089100000, 0x0000000089100000| Complete 
| 146|0x0000000089200000, 0x0000000089300000, 0x0000000089300000|100%| E|CS|TAMS 0x0000000089200000, 0x0000000089200000| Complete 
| 147|0x0000000089300000, 0x0000000089400000, 0x0000000089400000|100%| E|CS|TAMS 0x0000000089300000, 0x0000000089300000| Complete 
| 148|0x0000000089400000, 0x0000000089500000, 0x0000000089500000|100%| E|CS|TAMS 0x0000000089400000, 0x0000000089400000| Complete 

Card table byte_map: [0x0000022ffc190000,0x0000022ffc590000] _byte_map_base: 0x0000022ffbd90000

Marking Bits (Prev, Next): (CMBitMap*) 0x0000022fe8a10ca0, (CMBitMap*) 0x0000022fe8a10c68
 Prev Bits: [0x0000022f80000000, 0x0000022f82000000)
 Next Bits: [0x0000022ffc990000, 0x0000022ffe990000)

Polling page: 0x0000022fe6750000

Metaspace:

Usage:
  Non-class:     73.17 MB capacity,    71.95 MB ( 98%) used,  1014.28 KB (  1%) free+waste,   234.63 KB ( <1%) overhead. 
      Class:     11.53 MB capacity,    10.74 MB ( 93%) used,   702.20 KB (  6%) free+waste,   108.25 KB ( <1%) overhead. 
       Both:     84.70 MB capacity,    82.68 MB ( 98%) used,     1.68 MB (  2%) free+waste,   342.88 KB ( <1%) overhead. 

Virtual space:
  Non-class space:       74.00 MB reserved,      73.33 MB (>99%) committed 
      Class space:        1.00 GB reserved,      11.63 MB (  1%) committed 
             Both:        1.07 GB reserved,      84.96 MB (  8%) committed 

Chunk freelists:
   Non-Class:  41.00 KB
       Class:  3.00 KB
        Both:  44.00 KB

MaxMetaspaceSize: 17179869184.00 GB
CompressedClassSpaceSize: 1.00 GB
Initial GC threshold: 20.80 MB
Current GC threshold: 98.68 MB
CDS: off

CodeHeap 'non-profiled nmethods': size=119168Kb used=4667Kb max_used=4667Kb free=114500Kb
 bounds [0x0000022ff4080000, 0x0000022ff4510000, 0x0000022ffb4e0000]
CodeHeap 'profiled nmethods': size=119168Kb used=20211Kb max_used=20211Kb free=98957Kb
 bounds [0x0000022fecc20000, 0x0000022fedfe0000, 0x0000022ff4080000]
CodeHeap 'non-nmethods': size=7424Kb used=4063Kb max_used=4098Kb free=3360Kb
 bounds [0x0000022fec4e0000, 0x0000022fec8f0000, 0x0000022fecc20000]
 total_blobs=9796 nmethods=8914 adapters=791
 compilation: enabled
              stopped_count=0, restarted_count=0
 full_count=0

Compilation events (20 events):
Event: 6.046 Thread 0x0000022fff9a2800 9018       2       com.google.common.collect.ImmutableMap$Builder::put (35 bytes)
Event: 6.046 Thread 0x0000022fff9a2800 nmethod 9018 0x0000022fedfd0090 code [0x0000022fedfd0260, 0x0000022fedfd05d8]
Event: 6.051 Thread 0x0000022f8558b800 9020       3       com.sun.org.apache.xerces.internal.xni.QName::clear (21 bytes)
Event: 6.051 Thread 0x0000022fffa7b800 9021       3       com.sun.org.apache.xerces.internal.xni.QName::<init> (9 bytes)
Event: 6.051 Thread 0x0000022f8558b800 nmethod 9020 0x0000022fedfd0790 code [0x0000022fedfd0940, 0x0000022fedfd0af8]
Event: 6.052 Thread 0x0000022fffa7b800 nmethod 9021 0x0000022fedfd0b90 code [0x0000022fedfd0d60, 0x0000022fedfd0ff8]
Event: 6.052 Thread 0x0000022f8548f000 9022       3       com.sun.org.apache.xerces.internal.utils.XMLSecurityManager$NameMap::getOldName (18 bytes)
Event: 6.052 Thread 0x0000022f8548f000 nmethod 9022 0x0000022fedfd1110 code [0x0000022fedfd12e0, 0x0000022fedfd1488]
Event: 6.056 Thread 0x0000022fffa7b800 9023       3       com.sun.org.apache.xerces.internal.util.XMLChar::isSpace (22 bytes)
Event: 6.056 Thread 0x0000022fffa7b800 nmethod 9023 0x0000022fedfd1590 code [0x0000022fedfd1740, 0x0000022fedfd18f8]
Event: 6.057 Thread 0x0000022fff9a2800 9024       3       com.sun.org.apache.xerces.internal.impl.XMLEntityScanner::checkLimit (253 bytes)
Event: 6.057 Thread 0x0000022f8558b800 9025       3       com.sun.org.apache.xerces.internal.impl.XMLEntityScanner::skipSpaces (350 bytes)
Event: 6.057 Thread 0x0000022f8558b800 nmethod 9025 0x0000022fedfd1a10 code [0x0000022fedfd1ca0, 0x0000022fedfd2808]
Event: 6.058 Thread 0x0000022fff9a2800 nmethod 9024 0x0000022fedfd2c90 code [0x0000022fedfd3200, 0x0000022fedfd6388]
Event: 6.063 Thread 0x0000022f86e8d000 nmethod 8256 0x0000022ff450bd10 code [0x0000022ff450c000, 0x0000022ff450d5e0]
Event: 6.063 Thread 0x0000022f86e8d000 9026       4       com.sun.org.apache.xerces.internal.util.XMLChar::isContent (35 bytes)
Event: 6.063 Thread 0x0000022f8548f000 9027       3       com.google.common.collect.RegularImmutableList::spliterator (11 bytes)
Event: 6.064 Thread 0x0000022f8548f000 nmethod 9027 0x0000022fedfd7790 code [0x0000022fedfd7980, 0x0000022fedfd7d38]
Event: 6.064 Thread 0x0000022f86e8d000 nmethod 9026 0x0000022ff450e390 code [0x0000022ff450e520, 0x0000022ff450e5b8]
Event: 6.064 Thread 0x0000022f86e8d000 9019       4       sun.invoke.util.BytecodeDescriptor::unparseSig (91 bytes)

GC Heap History (20 events):
Event: 1.803 GC heap before
{Heap before GC invocations=4 (full 0):
 garbage-first heap   total 126976K, used 76323K [0x0000000080000000, 0x0000000100000000)
  region size 1024K, 60 young (61440K), 2 survivors (2048K)
 Metaspace       used 27010K, capacity 27577K, committed 27904K, reserved 1073152K
  class space    used 3512K, capacity 3736K, committed 3840K, reserved 1048576K
}
Event: 1.806 GC heap after
{Heap after GC invocations=5 (full 0):
 garbage-first heap   total 126976K, used 18937K [0x0000000080000000, 0x0000000100000000)
  region size 1024K, 4 young (4096K), 4 survivors (4096K)
 Metaspace       used 27010K, capacity 27577K, committed 27904K, reserved 1073152K
  class space    used 3512K, capacity 3736K, committed 3840K, reserved 1048576K
}
Event: 2.181 GC heap before
{Heap before GC invocations=5 (full 0):
 garbage-first heap   total 126976K, used 73209K [0x0000000080000000, 0x0000000100000000)
  region size 1024K, 58 young (59392K), 4 survivors (4096K)
 Metaspace       used 35057K, capacity 35862K, committed 36048K, reserved 1081344K
  class space    used 4533K, capacity 4839K, committed 4864K, reserved 1048576K
}
Event: 2.188 GC heap after
{Heap after GC invocations=6 (full 0):
 garbage-first heap   total 126976K, used 21956K [0x0000000080000000, 0x0000000100000000)
  region size 1024K, 7 young (7168K), 7 survivors (7168K)
 Metaspace       used 35057K, capacity 35862K, committed 36048K, reserved 1081344K
  class space    used 4533K, capacity 4839K, committed 4864K, reserved 1048576K
}
Event: 2.576 GC heap before
{Heap before GC invocations=7 (full 0):
 garbage-first heap   total 126976K, used 90564K [0x0000000080000000, 0x0000000100000000)
  region size 1024K, 72 young (73728K), 7 survivors (7168K)
 Metaspace       used 40284K, capacity 41220K, committed 41296K, reserved 1085440K
  class space    used 5135K, capacity 5469K, committed 5504K, reserved 1048576K
}
Event: 2.581 GC heap after
{Heap after GC invocations=8 (full 0):
 garbage-first heap   total 126976K, used 27475K [0x0000000080000000, 0x0000000100000000)
  region size 1024K, 9 young (9216K), 9 survivors (9216K)
 Metaspace       used 40284K, capacity 41220K, committed 41296K, reserved 1085440K
  class space    used 5135K, capacity 5469K, committed 5504K, reserved 1048576K
}
Event: 2.940 GC heap before
{Heap before GC invocations=8 (full 0):
 garbage-first heap   total 126976K, used 93011K [0x0000000080000000, 0x0000000100000000)
  region size 1024K, 72 young (73728K), 9 survivors (9216K)
 Metaspace       used 46189K, capacity 47251K, committed 47568K, reserved 1091584K
  class space    used 5928K, capacity 6319K, committed 6400K, reserved 1048576K
}
Event: 2.944 GC heap after
{Heap after GC invocations=9 (full 0):
 garbage-first heap   total 152576K, used 29493K [0x0000000080000000, 0x0000000100000000)
  region size 1024K, 3 young (3072K), 3 survivors (3072K)
 Metaspace       used 46189K, capacity 47251K, committed 47568K, reserved 1091584K
  class space    used 5928K, capacity 6319K, committed 6400K, reserved 1048576K
}
Event: 3.370 GC heap before
{Heap before GC invocations=9 (full 0):
 garbage-first heap   total 152576K, used 112437K [0x0000000080000000, 0x0000000100000000)
  region size 1024K, 81 young (82944K), 3 survivors (3072K)
 Metaspace       used 49483K, capacity 50758K, committed 50896K, reserved 1093632K
  class space    used 6330K, capacity 6827K, committed 6912K, reserved 1048576K
}
Event: 3.374 GC heap after
{Heap after GC invocations=10 (full 0):
 garbage-first heap   total 152576K, used 43104K [0x0000000080000000, 0x0000000100000000)
  region size 1024K, 11 young (11264K), 11 survivors (11264K)
 Metaspace       used 49483K, capacity 50758K, committed 50896K, reserved 1093632K
  class space    used 6330K, capacity 6827K, committed 6912K, reserved 1048576K
}
Event: 3.820 GC heap before
{Heap before GC invocations=10 (full 0):
 garbage-first heap   total 152576K, used 106592K [0x0000000080000000, 0x0000000100000000)
  region size 1024K, 74 young (75776K), 11 survivors (11264K)
 Metaspace       used 58684K, capacity 60119K, committed 60296K, reserved 1101824K
  class space    used 7394K, capacity 7920K, committed 7936K, reserved 1048576K
}
Event: 3.831 GC heap after
{Heap after GC invocations=11 (full 0):
 garbage-first heap   total 152576K, used 46128K [0x0000000080000000, 0x0000000100000000)
  region size 1024K, 3 young (3072K), 3 survivors (3072K)
 Metaspace       used 58684K, capacity 60119K, committed 60296K, reserved 1101824K
  class space    used 7394K, capacity 7920K, committed 7936K, reserved 1048576K
}
Event: 4.326 GC heap before
{Heap before GC invocations=12 (full 0):
 garbage-first heap   total 152576K, used 112688K [0x0000000080000000, 0x0000000100000000)
  region size 1024K, 69 young (70656K), 3 survivors (3072K)
 Metaspace       used 65719K, capacity 67321K, committed 67412K, reserved 1107968K
  class space    used 8293K, capacity 8906K, committed 8960K, reserved 1048576K
}
Event: 4.330 GC heap after
{Heap after GC invocations=13 (full 0):
 garbage-first heap   total 152576K, used 50889K [0x0000000080000000, 0x0000000100000000)
  region size 1024K, 8 young (8192K), 8 survivors (8192K)
 Metaspace       used 65719K, capacity 67321K, committed 67412K, reserved 1107968K
  class space    used 8293K, capacity 8906K, committed 8960K, reserved 1048576K
}
Event: 4.660 GC heap before
{Heap before GC invocations=13 (full 0):
 garbage-first heap   total 152576K, used 116425K [0x0000000080000000, 0x0000000100000000)
  region size 1024K, 72 young (73728K), 8 survivors (8192K)
 Metaspace       used 69152K, capacity 70834K, committed 70996K, reserved 1112064K
  class space    used 8769K, capacity 9406K, committed 9472K, reserved 1048576K
}
Event: 4.664 GC heap after
{Heap after GC invocations=14 (full 0):
 garbage-first heap   total 152576K, used 55492K [0x0000000080000000, 0x0000000100000000)
  region size 1024K, 5 young (5120K), 5 survivors (5120K)
 Metaspace       used 69152K, capacity 70834K, committed 70996K, reserved 1112064K
  class space    used 8769K, capacity 9406K, committed 9472K, reserved 1048576K
}
Event: 5.228 GC heap before
{Heap before GC invocations=14 (full 0):
 garbage-first heap   total 152576K, used 120004K [0x0000000080000000, 0x0000000100000000)
  region size 1024K, 68 young (69632K), 5 survivors (5120K)
 Metaspace       used 75426K, capacity 77187K, committed 77396K, reserved 1116160K
  class space    used 9761K, capacity 10455K, committed 10496K, reserved 1048576K
}
Event: 5.232 GC heap after
{Heap after GC invocations=15 (full 0):
 garbage-first heap   total 152576K, used 59739K [0x0000000080000000, 0x0000000100000000)
  region size 1024K, 9 young (9216K), 9 survivors (9216K)
 Metaspace       used 75426K, capacity 77187K, committed 77396K, reserved 1116160K
  class space    used 9761K, capacity 10455K, committed 10496K, reserved 1048576K
}
Event: 5.817 GC heap before
{Heap before GC invocations=15 (full 0):
 garbage-first heap   total 152576K, used 122203K [0x0000000080000000, 0x0000000100000000)
  region size 1024K, 70 young (71680K), 9 survivors (9216K)
 Metaspace       used 81792K, capacity 83704K, committed 83924K, reserved 1122304K
  class space    used 10609K, capacity 11347K, committed 11392K, reserved 1048576K
}
Event: 5.825 GC heap after
{Heap after GC invocations=16 (full 0):
 garbage-first heap   total 152576K, used 63971K [0x0000000080000000, 0x0000000100000000)
  region size 1024K, 9 young (9216K), 9 survivors (9216K)
 Metaspace       used 81792K, capacity 83704K, committed 83924K, reserved 1122304K
  class space    used 10609K, capacity 11347K, committed 11392K, reserved 1048576K
}

Deoptimization events (20 events):
Event: 5.960 Thread 0x0000022f8d30b000 Uncommon trap: trap_request=0xffffffde fr.pc=0x0000022ff41a53a4 relative=0x00000000000002e4
Event: 5.960 Thread 0x0000022f8d30b000 Uncommon trap: reason=class_check action=maybe_recompile pc=0x0000022ff41a53a4 method=java.util.Collections$SetFromMap.remove(Ljava/lang/Object;)Z @ 5 c2
Event: 5.960 Thread 0x0000022f8d30b000 DEOPT PACKING pc=0x0000022ff41a53a4 sp=0x0000008710afe8a0
Event: 5.960 Thread 0x0000022f8d30b000 DEOPT UNPACKING pc=0x0000022fec4e85af sp=0x0000008710afe898 mode 2
Event: 5.962 Thread 0x0000022f8d30b000 Uncommon trap: trap_request=0xffffffde fr.pc=0x0000022ff41a53a4 relative=0x00000000000002e4
Event: 5.962 Thread 0x0000022f8d30b000 Uncommon trap: reason=class_check action=maybe_recompile pc=0x0000022ff41a53a4 method=java.util.Collections$SetFromMap.remove(Ljava/lang/Object;)Z @ 5 c2
Event: 5.962 Thread 0x0000022f8d30b000 DEOPT PACKING pc=0x0000022ff41a53a4 sp=0x0000008710afe8a0
Event: 5.962 Thread 0x0000022f8d30b000 DEOPT UNPACKING pc=0x0000022fec4e85af sp=0x0000008710afe898 mode 2
Event: 6.006 Thread 0x0000022f8d30b000 Uncommon trap: trap_request=0xffffffde fr.pc=0x0000022ff41a53a4 relative=0x00000000000002e4
Event: 6.006 Thread 0x0000022f8d30b000 Uncommon trap: reason=class_check action=maybe_recompile pc=0x0000022ff41a53a4 method=java.util.Collections$SetFromMap.remove(Ljava/lang/Object;)Z @ 5 c2
Event: 6.006 Thread 0x0000022f8d30b000 DEOPT PACKING pc=0x0000022ff41a53a4 sp=0x0000008710afe8a0
Event: 6.006 Thread 0x0000022f8d30b000 DEOPT UNPACKING pc=0x0000022fec4e85af sp=0x0000008710afe898 mode 2
Event: 6.010 Thread 0x0000022f8d30b000 Uncommon trap: trap_request=0xffffffde fr.pc=0x0000022ff41a53a4 relative=0x00000000000002e4
Event: 6.010 Thread 0x0000022f8d30b000 Uncommon trap: reason=class_check action=maybe_recompile pc=0x0000022ff41a53a4 method=java.util.Collections$SetFromMap.remove(Ljava/lang/Object;)Z @ 5 c2
Event: 6.010 Thread 0x0000022f8d30b000 DEOPT PACKING pc=0x0000022ff41a53a4 sp=0x0000008710afe8a0
Event: 6.010 Thread 0x0000022f8d30b000 DEOPT UNPACKING pc=0x0000022fec4e85af sp=0x0000008710afe898 mode 2
Event: 6.032 Thread 0x0000022f8d30b000 Uncommon trap: trap_request=0xffffff4d fr.pc=0x0000022ff436f1a4 relative=0x00000000000001e4
Event: 6.032 Thread 0x0000022f8d30b000 Uncommon trap: reason=unstable_if action=reinterpret pc=0x0000022ff436f1a4 method=com.google.common.collect.RegularImmutableSet.contains(Ljava/lang/Object;)Z @ 10 c2
Event: 6.032 Thread 0x0000022f8d30b000 DEOPT PACKING pc=0x0000022ff436f1a4 sp=0x0000008710afb680
Event: 6.032 Thread 0x0000022f8d30b000 DEOPT UNPACKING pc=0x0000022fec4e85af sp=0x0000008710afb618 mode 2

Classes redefined (0 events):
No events

Internal exceptions (20 events):
Event: 5.658 Thread 0x0000022f868ae000 Exception <a 'java/lang/NoSuchMethodError'{0x0000000086e82ea0}: 'java.lang.Object java.lang.invoke.Invokers$Holder.linkToTargetMethod(java.lang.Object, int, int, java.lang.Object)'> (0x0000000086e82ea0) thrown at [./src/hotspot/share/interpreter/linkResolver.cpp, line 773]
Event: 5.791 Thread 0x0000022f868ae000 Exception <a 'java/lang/NoSuchMethodError'{0x0000000085b8dfc0}: 'java.lang.Object java.lang.invoke.Invokers$Holder.linkToTargetMethod(java.lang.Object, java.lang.Object, java.lang.Object, int, java.lang.Object, java.lang.Object)'> (0x0000000085b8dfc0) thrown at [./src/hotspot/share/interpreter/linkResolver.cpp, line 773]
Event: 5.876 Thread 0x0000022f868ae000 Exception <a 'java/lang/NoSuchMethodError'{0x0000000088ec5c08}: <clinit>> (0x0000000088ec5c08) thrown at [./src/hotspot/share/prims/jni.cpp, line 1365]
Event: 5.882 Thread 0x0000022f868ae000 Exception <a 'java/lang/NoSuchMethodError'{0x0000000088d10338}: <clinit>> (0x0000000088d10338) thrown at [./src/hotspot/share/prims/jni.cpp, line 1365]
Event: 5.884 Thread 0x0000022f868ae000 Exception <a 'java/lang/NoSuchMethodError'{0x0000000088d4d708}: 'void java.lang.invoke.DirectMethodHandle$Holder.invokeSpecial(java.lang.Object, java.lang.Object, java.lang.Object, int)'> (0x0000000088d4d708) thrown at [./src/hotspot/share/interpreter/linkResolver.cpp, line 773]
Event: 5.911 Thread 0x0000022f868ae000 Exception <a 'sun/nio/fs/WindowsException'{0x0000000088b74f40}> (0x0000000088b74f40) thrown at [./src/hotspot/share/prims/jni.cpp, line 615]
Event: 5.958 Thread 0x0000022f868ab000 Exception <a 'java/lang/NoSuchMethodError'{0x0000000088798a40}: <clinit>> (0x0000000088798a40) thrown at [./src/hotspot/share/prims/jni.cpp, line 1365]
Event: 5.958 Thread 0x0000022f868ab000 Exception <a 'java/lang/NoSuchMethodError'{0x00000000887ba060}: <clinit>> (0x00000000887ba060) thrown at [./src/hotspot/share/prims/jni.cpp, line 1365]
Event: 5.960 Thread 0x0000022f868ab000 Exception <a 'java/lang/NoSuchMethodError'{0x00000000886192f0}: <clinit>> (0x00000000886192f0) thrown at [./src/hotspot/share/prims/jni.cpp, line 1365]
Event: 5.961 Thread 0x0000022f868ab000 Exception <a 'java/lang/NoSuchMethodError'{0x00000000886571e0}: <clinit>> (0x00000000886571e0) thrown at [./src/hotspot/share/prims/jni.cpp, line 1365]
Event: 5.961 Thread 0x0000022f868ab000 Exception <a 'java/lang/NoSuchMethodError'{0x00000000886586f8}: <clinit>> (0x00000000886586f8) thrown at [./src/hotspot/share/prims/jni.cpp, line 1365]
Event: 5.966 Thread 0x0000022f8d30b000 Exception <a 'java/lang/NoSuchMethodError'{0x0000000088519ef8}: 'java.lang.Object java.lang.invoke.DirectMethodHandle$Holder.invokeInterface(java.lang.Object, java.lang.Object, int)'> (0x0000000088519ef8) thrown at [./src/hotspot/share/interpreter/linkResolver.cpp, line 773]
Event: 5.967 Thread 0x0000022f8d30b000 Exception <a 'java/lang/NoSuchMethodError'{0x00000000885a3208}: 'void java.lang.invoke.DirectMethodHandle$Holder.invokeStatic(java.lang.Object, java.lang.Object, java.lang.Object, int)'> (0x00000000885a3208) thrown at [./src/hotspot/share/interpreter/linkResolver.cpp, line 773]
Event: 5.974 Thread 0x0000022f8d300800 Exception <a 'java/lang/NoSuchMethodError'{0x0000000088483598}: <clinit>> (0x0000000088483598) thrown at [./src/hotspot/share/prims/jni.cpp, line 1365]
Event: 5.976 Thread 0x0000022f8d300800 Exception <a 'java/lang/NoSuchMethodError'{0x00000000884d1878}: <clinit>> (0x00000000884d1878) thrown at [./src/hotspot/share/prims/jni.cpp, line 1365]
Event: 5.978 Thread 0x0000022f8d300800 Exception <a 'java/lang/NoSuchMethodError'{0x0000000088321f60}: <clinit>> (0x0000000088321f60) thrown at [./src/hotspot/share/prims/jni.cpp, line 1365]
Event: 5.985 Thread 0x0000022f8d30b000 Exception <a 'java/lang/IncompatibleClassChangeError'{0x00000000883ef5e8}: Found class java.lang.Object, but interface was expected> (0x00000000883ef5e8) thrown at [./src/hotspot/share/interpreter/linkResolver.cpp, line 839]
Event: 6.007 Thread 0x0000022f868ab000 Exception <a 'java/lang/NoSuchMethodError'{0x0000000088195b30}: <clinit>> (0x0000000088195b30) thrown at [./src/hotspot/share/prims/jni.cpp, line 1365]
Event: 6.032 Thread 0x0000022f8d30b000 Implicit null exception at 0x0000022ff436eff7 to 0x0000022ff436f18c
Event: 6.046 Thread 0x0000022f8d30b000 Exception <a 'java/lang/IncompatibleClassChangeError'{0x00000000880f93f8}: Found class java.lang.Object, but interface was expected> (0x00000000880f93f8) thrown at [./src/hotspot/share/interpreter/linkResolver.cpp, line 839]

Events (20 events):
Event: 6.070 loading class org/gradle/internal/execution/steps/ValidationFinishedContext$ValidationResult
Event: 6.070 loading class org/gradle/internal/execution/steps/ValidationFinishedContext$ValidationResult done
Event: 6.070 loading class org/gradle/internal/execution/history/BeforeExecutionState
Event: 6.070 loading class org/gradle/internal/execution/history/BeforeExecutionState done
Event: 6.070 loading class org/gradle/internal/execution/UnitOfWork
Event: 6.070 loading class org/gradle/internal/execution/UnitOfWork done
Event: 6.070 loading class org/gradle/internal/execution/steps/ResolveChangesStep
Event: 6.070 loading class org/gradle/internal/execution/steps/ResolveChangesStep done
Event: 6.070 loading class org/gradle/internal/execution/history/changes/PreviousSuccessChanges
Event: 6.070 loading class org/gradle/internal/execution/history/changes/PreviousSuccessChanges done
Event: 6.071 loading class org/gradle/internal/execution/history/changes/Change
Event: 6.071 loading class org/gradle/internal/execution/history/changes/Change done
Event: 6.071 loading class org/gradle/internal/execution/history/changes/DescriptiveChange
Event: 6.071 loading class org/gradle/internal/execution/history/changes/DescriptiveChange done
Event: 6.071 loading class org/gradle/internal/execution/history/changes/ImplementationChanges
Event: 6.071 loading class org/gradle/internal/execution/history/changes/ImplementationChanges done
Event: 6.072 loading class org/gradle/internal/execution/history/changes/PropertyChanges
Event: 6.072 loading class org/gradle/internal/execution/history/changes/PropertyChanges done
Event: 6.072 loading class org/gradle/internal/execution/history/changes/InputValueChanges
Event: 6.072 loading class org/gradle/internal/execution/history/changes/InputValueChanges done


Dynamic libraries:
0x00007ff616500000 - 0x00007ff61650a000 	C:\Program Files\Android\Android Studio\jre\bin\java.exe
0x00007ff99aff0000 - 0x00007ff99b1e8000 	C:\Windows\SYSTEM32\ntdll.dll
0x00007ff99ac90000 - 0x00007ff99ad4d000 	C:\Windows\System32\KERNEL32.DLL
0x00007ff998710000 - 0x00007ff9989de000 	C:\Windows\System32\KERNELBASE.dll
0x00007ff9989e0000 - 0x00007ff998ae0000 	C:\Windows\System32\ucrtbase.dll
0x00007ff966d20000 - 0x00007ff966d37000 	C:\Program Files\Android\Android Studio\jre\bin\VCRUNTIME140.dll
0x00007ff978750000 - 0x00007ff978769000 	C:\Program Files\Android\Android Studio\jre\bin\jli.dll
0x00007ff99a560000 - 0x00007ff99a700000 	C:\Windows\System32\USER32.dll
0x00007ff97d570000 - 0x00007ff97d80a000 	C:\Windows\WinSxS\amd64_microsoft.windows.common-controls_6595b64144ccf1df_6.0.19041.1110_none_60b5254171f9507e\COMCTL32.dll
0x00007ff998f30000 - 0x00007ff998f52000 	C:\Windows\System32\win32u.dll
0x00007ff9995c0000 - 0x00007ff9995ea000 	C:\Windows\System32\GDI32.dll
0x00007ff99ae80000 - 0x00007ff99af1e000 	C:\Windows\System32\msvcrt.dll
0x00007ff998d90000 - 0x00007ff998e9b000 	C:\Windows\System32\gdi32full.dll
0x00007ff998c40000 - 0x00007ff998cdd000 	C:\Windows\System32\msvcp_win.dll
0x00007ff99aad0000 - 0x00007ff99ab00000 	C:\Windows\System32\IMM32.DLL
0x00007ff94b4c0000 - 0x00007ff94b55d000 	C:\Program Files\Android\Android Studio\jre\bin\msvcp140.dll
0x00007ff921850000 - 0x00007ff922335000 	C:\Program Files\Android\Android Studio\jre\bin\server\jvm.dll
0x00007ff9993c0000 - 0x00007ff99946e000 	C:\Windows\System32\ADVAPI32.dll
0x00007ff999490000 - 0x00007ff99952c000 	C:\Windows\System32\sechost.dll
0x00007ff99ad50000 - 0x00007ff99ae75000 	C:\Windows\System32\RPCRT4.dll
0x00007ff999990000 - 0x00007ff999998000 	C:\Windows\System32\PSAPI.DLL
0x00007ff98eea0000 - 0x00007ff98eeaa000 	C:\Windows\SYSTEM32\VERSION.dll
0x00007ff978a50000 - 0x00007ff978a59000 	C:\Windows\SYSTEM32\WSOCK32.dll
0x00007ff97a8e0000 - 0x00007ff97a907000 	C:\Windows\SYSTEM32\WINMM.dll
0x00007ff9998c0000 - 0x00007ff99992b000 	C:\Windows\System32\WS2_32.dll
0x00007ff996f90000 - 0x00007ff996fa2000 	C:\Windows\SYSTEM32\kernel.appcore.dll
0x00007ff97ca00000 - 0x00007ff97ca11000 	C:\Program Files\Android\Android Studio\jre\bin\verify.dll
0x00007ff9964f0000 - 0x00007ff9966d4000 	C:\Windows\SYSTEM32\DBGHELP.DLL
0x00007ff97abb0000 - 0x00007ff97abdc000 	C:\Windows\SYSTEM32\dbgcore.DLL
0x00007ff998ea0000 - 0x00007ff998f22000 	C:\Windows\System32\bcryptPrimitives.dll
0x00007ff97b4c0000 - 0x00007ff97b4e9000 	C:\Program Files\Android\Android Studio\jre\bin\java.dll
0x00007ff988fa0000 - 0x00007ff988fab000 	C:\Program Files\Android\Android Studio\jre\bin\jimage.dll
0x00007ff97c9e0000 - 0x00007ff97c9f8000 	C:\Program Files\Android\Android Studio\jre\bin\zip.dll
0x00007ff9999a0000 - 0x00007ff99a0e3000 	C:\Windows\System32\SHELL32.dll
0x00007ff9967e0000 - 0x00007ff996f75000 	C:\Windows\SYSTEM32\windows.storage.dll
0x00007ff99a710000 - 0x00007ff99aa64000 	C:\Windows\System32\combase.dll
0x00007ff998170000 - 0x00007ff9981a0000 	C:\Windows\SYSTEM32\Wldp.dll
0x00007ff999050000 - 0x00007ff9990fd000 	C:\Windows\System32\SHCORE.dll
0x00007ff99ac30000 - 0x00007ff99ac85000 	C:\Windows\System32\shlwapi.dll
0x00007ff998650000 - 0x00007ff99866f000 	C:\Windows\SYSTEM32\profapi.dll
0x00007ff97c510000 - 0x00007ff97c52a000 	C:\Program Files\Android\Android Studio\jre\bin\net.dll
0x00007ff98bc70000 - 0x00007ff98bd7a000 	C:\Windows\SYSTEM32\WINHTTP.dll
0x00007ff997e60000 - 0x00007ff997eca000 	C:\Windows\system32\mswsock.dll
0x00007ff97c070000 - 0x00007ff97c084000 	C:\Program Files\Android\Android Studio\jre\bin\nio.dll
0x00007ff9622d0000 - 0x00007ff9622f7000 	C:\Users\rcdup\.gradle\native\e1d6ef7f7dcc3fd88c89a11ec53ec762bb8ba0a96d01ffa2cd45eb1d1d8dd5c5\windows-amd64\native-platform.dll
0x00007ff920ec0000 - 0x00007ff921004000 	C:\Users\rcdup\.gradle\native\5664cfc778a61ccfe75a443a1ab52a65af34e5dc3c78e0209fed803814484fcb\windows-amd64\native-platform-file-events.dll
0x00007ff988f00000 - 0x00007ff988f0a000 	C:\Program Files\Android\Android Studio\jre\bin\management.dll
0x00007ff988570000 - 0x00007ff98857d000 	C:\Program Files\Android\Android Studio\jre\bin\management_ext.dll
0x00007ff9980c0000 - 0x00007ff9980d8000 	C:\Windows\SYSTEM32\CRYPTSP.dll
0x00007ff997780000 - 0x00007ff9977b4000 	C:\Windows\system32\rsaenh.dll
0x00007ff998fb0000 - 0x00007ff998fd7000 	C:\Windows\System32\bcrypt.dll
0x00007ff9985d0000 - 0x00007ff9985fe000 	C:\Windows\SYSTEM32\USERENV.dll
0x00007ff9980e0000 - 0x00007ff9980ec000 	C:\Windows\SYSTEM32\CRYPTBASE.dll
0x00007ff997b50000 - 0x00007ff997b8b000 	C:\Windows\SYSTEM32\IPHLPAPI.DLL
0x00007ff999530000 - 0x00007ff999538000 	C:\Windows\System32\NSI.dll
0x00007ff98e8f0000 - 0x00007ff98e907000 	C:\Windows\SYSTEM32\dhcpcsvc6.DLL
0x00007ff98e380000 - 0x00007ff98e39d000 	C:\Windows\SYSTEM32\dhcpcsvc.DLL
0x00007ff997b90000 - 0x00007ff997c5a000 	C:\Windows\SYSTEM32\DNSAPI.dll

dbghelp: loaded successfully - version: 4.0.5 - missing functions: none
symbol engine: initialized successfully - sym options: 0x614 - pdb path: .;C:\Program Files\Android\Android Studio\jre\bin;C:\Windows\SYSTEM32;C:\Windows\WinSxS\amd64_microsoft.windows.common-controls_6595b64144ccf1df_6.0.19041.1110_none_60b5254171f9507e;C:\Program Files\Android\Android Studio\jre\bin\server;C:\Users\rcdup\.gradle\native\e1d6ef7f7dcc3fd88c89a11ec53ec762bb8ba0a96d01ffa2cd45eb1d1d8dd5c5\windows-amd64;C:\Users\rcdup\.gradle\native\5664cfc778a61ccfe75a443a1ab52a65af34e5dc3c78e0209fed803814484fcb\windows-amd64

VM Arguments:
jvm_args: --add-opens=java.base/java.util=ALL-UNNAMED --add-opens=java.base/java.lang=ALL-UNNAMED --add-opens=java.base/java.lang.invoke=ALL-UNNAMED --add-opens=java.base/java.util=ALL-UNNAMED --add-opens=java.prefs/java.util.prefs=ALL-UNNAMED --add-opens=java.prefs/java.util.prefs=ALL-UNNAMED --add-opens=java.base/java.nio.charset=ALL-UNNAMED --add-opens=java.base/java.net=ALL-UNNAMED --add-opens=java.base/java.util.concurrent.atomic=ALL-UNNAMED -Xmx2048m -Dfile.encoding=UTF-8 -Duser.country=PH -Duser.language=en -Duser.variant 
java_command: org.gradle.launcher.daemon.bootstrap.GradleDaemon 7.3.3
java_class_path (initial): C:\Users\rcdup\.gradle\wrapper\dists\gradle-7.3.3-bin\6a41zxkdtcxs8rphpq6y0069z\gradle-7.3.3\lib\gradle-launcher-7.3.3.jar
Launcher Type: SUN_STANDARD

[Global flags]
     intx CICompilerCount                          = 12                                        {product} {ergonomic}
     uint ConcGCThreads                            = 3                                         {product} {ergonomic}
     uint G1ConcRefinementThreads                  = 13                                        {product} {ergonomic}
   size_t G1HeapRegionSize                         = 1048576                                   {product} {ergonomic}
    uintx GCDrainStackTargetSize                   = 64                                        {product} {ergonomic}
   size_t InitialHeapSize                          = 130023424                                 {product} {ergonomic}
   size_t MarkStackSize                            = 4194304                                   {product} {ergonomic}
   size_t MaxHeapSize                              = 2147483648                                {product} {command line}
   size_t MaxNewSize                               = 1287651328                                {product} {ergonomic}
   size_t MinHeapDeltaBytes                        = 1048576                                   {product} {ergonomic}
    uintx NonNMethodCodeHeapSize                   = 7594288                                {pd product} {ergonomic}
    uintx NonProfiledCodeHeapSize                  = 122031976                              {pd product} {ergonomic}
    uintx ProfiledCodeHeapSize                     = 122031976                              {pd product} {ergonomic}
    uintx ReservedCodeCacheSize                    = 251658240                              {pd product} {ergonomic}
     bool SegmentedCodeCache                       = true                                      {product} {ergonomic}
     bool UseCompressedClassPointers               = true                                 {lp64_product} {ergonomic}
     bool UseCompressedOops                        = true                                 {lp64_product} {ergonomic}
     bool UseG1GC                                  = true                                      {product} {ergonomic}
     bool UseLargePagesIndividualAllocation        = false                                  {pd product} {ergonomic}

Logging:
Log output configuration:
 #0: stdout all=warning uptime,level,tags
 #1: stderr all=off uptime,level,tags

Environment Variables:
JAVA_HOME=C:\Program Files\Java\jre1.8.0_341\bin\java.exe
PATH=C:\Program Files\Common Files\Oracle\Java\javapath;C:\Program Files\Java\jre1.8.0_341\bin;C:\ProgramData\Oracle\Java\javapath;C:\Windows\system32;C:\Windows;C:\Windows\System32\Wbem;C:\Windows\System32\WindowsPowerShell\v1.0\;C:\Windows\System32\OpenSSH\;C:\Program Files (x86)\NVIDIA Corporation\PhysX\Common;C:\Program Files\dotnet\;C:\Program Files\Microsoft SQL Server\150\Tools\Binn\;C:\Program Files\nodejs\;C:\Program Files\Git\cmd;C:\Program Files\SASHome\x86\Secure\ccme4;C:\Program Files\SASHome\Secure\ccme4;C:\xampp\php;C:\ProgramData\ComposerSetup\bin;";";C:\Users\rcdup\AppData\Local\Microsoft\WindowsApps;C:\Users\rcdup\.dotnet\tools;C:\Users\rcdup\AppData\Local\Programs\Microsoft VS Code\bin;C:\Users\rcdup\AppData\Roaming\npm;C:\Program Files\heroku\bin;C:\Users\rcdup\AppData\Roaming\Composer\vendor\bin;C:\Program Files\JetBrains\IntelliJ IDEA Community Edition 2022.2.1\bin;
USERNAME=rcdup
OS=Windows_NT
PROCESSOR_IDENTIFIER=Intel64 Family 6 Model 141 Stepping 1, GenuineIntel



---------------  S Y S T E M  ---------------

OS: Windows 10 , 64 bit Build 19041 (10.0.19041.1889)
OS uptime: 12 days 11:18 hours

CPU:total 16 (initial active 16) (8 cores per cpu, 2 threads per core) family 6 model 141 stepping 1 microcode 0x26, cmov, cx8, fxsr, mmx, sse, sse2, sse3, ssse3, sse4.1, sse4.2, popcnt, avx, avx2, aes, clmul, erms, 3dnowpref, lzcnt, ht, tsc, tscinvbit, bmi1, bmi2, adx, evex, sha, fma

Memory: 4k page, system-wide physical 7893M (285M free)
TotalPageFile size 16085M (AvailPageFile size 5M)
current process WorkingSet (physical memory assigned to process): 392M, peak: 394M
current process commit charge ("private bytes"): 454M, peak: 455M

vm_info: OpenJDK 64-Bit Server VM (11.0.12+7-b1504.28-7817840) for windows-amd64 JRE (11.0.12+7-b1504.28-7817840), built on Oct 13 2021 22:12:33 by "builder" with MS VC++ 14.0 (VS2015)

END.
