#
# There is insufficient memory for the Java Runtime Environment to continue.
# Native memory allocation (mmap) failed to map 31457280 bytes for Failed to commit area from 0x0000000089500000 to 0x000000008b300000 of length 31457280.
# Possible reasons:
#   The system is out of physical RAM or swap space
#   The process is running with CompressedOops enabled, and the Java Heap may be blocking the growth of the native heap
# Possible solutions:
#   Reduce memory load on the system
#   Increase physical memory or swap space
#   Check if swap backing store is full
#   Decrease Java heap size (-Xmx/-Xms)
#   Decrease number of Java threads
#   Decrease Java thread stack sizes (-Xss)
#   Set larger code cache with -XX:ReservedCodeCacheSize=
#   JVM is running with Unscaled Compressed Oops mode in which the Java heap is
#     placed in the first 4GB address space. The Java Heap base address is the
#     maximum limit for the native heap growth. Please use -XX:HeapBaseMinAddress
#     to set the Java Heap base and to place the Java Heap above 4GB virtual address.
# This output file may be truncated or incomplete.
#
#  Out of Memory Error (./src/hotspot/os/windows/os_windows.cpp:3521), pid=17728, tid=7624
#
# JRE version: OpenJDK Runtime Environment (11.0.12+7) (build 11.0.12+7-b1504.28-7817840)
# Java VM: OpenJDK 64-Bit Server VM (11.0.12+7-b1504.28-7817840, mixed mode, tiered, compressed oops, g1 gc, windows-amd64)
# No core dump will be written. Minidumps are not enabled by default on client versions of Windows
#

---------------  S U M M A R Y ------------

Command Line: --add-opens=java.base/java.util=ALL-UNNAMED --add-opens=java.base/java.lang=ALL-UNNAMED --add-opens=java.base/java.lang.invoke=ALL-UNNAMED --add-opens=java.base/java.util=ALL-UNNAMED --add-opens=java.prefs/java.util.prefs=ALL-UNNAMED --add-opens=java.prefs/java.util.prefs=ALL-UNNAMED --add-opens=java.base/java.nio.charset=ALL-UNNAMED --add-opens=java.base/java.net=ALL-UNNAMED --add-opens=java.base/java.util.concurrent.atomic=ALL-UNNAMED -Xmx2048m -Dfile.encoding=UTF-8 -Duser.country=PH -Duser.language=en -Duser.variant org.gradle.launcher.daemon.bootstrap.GradleDaemon 7.3.3

Host: 11th Gen Intel(R) Core(TM) i7-11800H @ 2.30GHz, 16 cores, 7G,  Windows 10 , 64 bit Build 19041 (10.0.19041.1889)
Time: Fri Sep 23 21:34:51 2022 Malay Peninsula Standard Time elapsed time: 6.200969 seconds (0d 0h 0m 6s)

---------------  T H R E A D  ---------------

Current thread (0x000001981cac6000):  VMThread "VM Thread" [stack: 0x000000538d700000,0x000000538d800000] [id=7624]

Stack: [0x000000538d700000,0x000000538d800000]
[error occurred during error reporting (printing stack bounds), id 0xc0000005, EXCEPTION_ACCESS_VIOLATION (0xc0000005) at pc=0x0000019804e612e7]

Native frames: (J=compiled Java code, j=interpreted, Vv=VM code, C=native code)
V  [jvm.dll+0x5fbcea]
V  [jvm.dll+0x731905]
V  [jvm.dll+0x732f1d]
V  [jvm.dll+0x733535]
V  [jvm.dll+0x7334eb]
V  [jvm.dll+0x5fb080]
V  [jvm.dll+0x5fb818]
C  [ntdll.dll+0xa235f]
C  [ntdll.dll+0x514a4]
C  [ntdll.dll+0xa0e8e]
C  0x0000019804e612e7

VM_Operation (0x000000538ecf7160): G1CollectForAllocation, mode: safepoint, requested by thread 0x000001981f71f800


---------------  P R O C E S S  ---------------

Threads class SMR info:
_java_thread_list=0x0000019825bfb210, length=190, elements={
0x000001987e94c000, 0x000001981cada000, 0x000001981cadb800, 0x000001981cad5800,
0x000001981d336800, 0x000001981d337800, 0x000001981d339800, 0x000001981d33c800,
0x000001981d348000, 0x000001981ca64000, 0x000001981d4b5000, 0x000001981e623000,
0x000001981e3c6800, 0x000001981fa4a800, 0x000001981d6b3800, 0x000001981f795000,
0x000001981fd54800, 0x000001981eb5d000, 0x000001981f63f000, 0x000001981f71f800,
0x000001981f4fa800, 0x000001981ec38000, 0x000001982054b000, 0x000001982054c800,
0x000001982054a000, 0x0000019820549800, 0x000001981fe92000, 0x0000019820547000,
0x000001981fe81000, 0x0000019820548800, 0x000001982054c000, 0x000001982054d800,
0x0000019820547800, 0x00000198235f8000, 0x00000198235f3800, 0x00000198235f4800,
0x00000198235f7000, 0x00000198235f8800, 0x00000198235f3000, 0x00000198235ff000,
0x00000198235fa000, 0x00000198235fc800, 0x00000198235fb000, 0x00000198235fc000,
0x00000198235fd800, 0x00000198235f9800, 0x0000019823600000, 0x0000019823601000,
0x00000198235fe800, 0x0000019823a90800, 0x0000019823a95800, 0x0000019823a91800,
0x0000019823a92800, 0x0000019823a93000, 0x0000019823a94000, 0x0000019823a94800,
0x0000019823a90000, 0x0000019823a9b800, 0x0000019823a98000, 0x0000019823a99000,
0x0000019823a9c000, 0x0000019823a96800, 0x0000019823a9d000, 0x0000019823a9a800,
0x0000019823a97000, 0x0000019823a99800, 0x0000019823a9d800, 0x0000019823a9e800,
0x0000019821010000, 0x0000019821010800, 0x000001982100d800, 0x000001982100f000,
0x000001982100b000, 0x0000019821011800, 0x000001982100e000, 0x000001982100c800,
0x000001982100c000, 0x0000019821016800, 0x0000019821017000, 0x0000019821018000,
0x0000019821012800, 0x0000019821014000, 0x0000019821015800, 0x0000019821013000,
0x0000019821019000, 0x0000019821019800, 0x0000019821015000, 0x00000198228ad000,
0x00000198228ae800, 0x00000198228ac000, 0x00000198228af800, 0x00000198228ab000,
0x00000198228b2000, 0x00000198228b2800, 0x00000198228b3800, 0x00000198228ad800,
0x00000198228b4000, 0x00000198228b5000, 0x00000198228b6000, 0x00000198228b0000,
0x00000198228b6800, 0x00000198228b1000, 0x00000198228b8800, 0x00000198228b9000,
0x00000198228b7800, 0x00000198228ba000, 0x00000198238f8800, 0x00000198238f6000,
0x00000198238fb000, 0x00000198238f5000, 0x00000198238fb800, 0x00000198238fa000,
0x00000198238fc800, 0x00000198238f7000, 0x00000198238fd800, 0x00000198238f7800,
0x00000198238ff000, 0x00000198238fe000, 0x00000198238f9000, 0x0000019823903000,
0x0000019823900800, 0x0000019823900000, 0x0000019823904000, 0x0000019823901800,
0x0000019823902000, 0x0000019823be2000, 0x0000019823be0800, 0x0000019823be2800,
0x0000019823be3800, 0x0000019823be1000, 0x0000019823be4800, 0x0000019823be5000,
0x0000019823bdf800, 0x0000019823be9800, 0x0000019823beb000, 0x0000019823be7800,
0x0000019823be8800, 0x0000019823beb800, 0x0000019823bea000, 0x0000019823be6000,
0x0000019823be7000, 0x0000019823bec800, 0x0000019823bed800, 0x0000019823bee000,
0x0000019823797800, 0x0000019823794000, 0x0000019823795000, 0x0000019823796800,
0x0000019823798800, 0x0000019823799000, 0x000001982379a000, 0x000001982379b000,
0x000001982379b800, 0x0000019823796000, 0x00000198237a0800, 0x000001982379f000,
0x00000198237a2000, 0x000001982379c800, 0x000001982379f800, 0x00000198237a1800,
0x00000198237a3000, 0x000001982379e000, 0x000001982379d000, 0x00000198237c0000,
0x00000198237c3000, 0x00000198237c1000, 0x00000198237c1800, 0x00000198237c2800,
0x00000198237c4000, 0x00000198237bf000, 0x00000198237be800, 0x00000198237ca000,
0x00000198237c5800, 0x00000198237c5000, 0x00000198237c9000, 0x00000198237ca800,
0x00000198237cb800, 0x00000198237cc000, 0x00000198237c7800, 0x00000198237c6800,
0x00000198237cd000, 0x00000198237c8000, 0x000001982367d000, 0x000001982367d800,
0x000001982367c000, 0x0000019823680000, 0x000001982367e800, 0x0000019823681000,
0x000001982367f800, 0x000001982367b800
}

Java Threads: ( => current thread )
  0x000001987e94c000 JavaThread "main" [_thread_blocked, id=17196, stack(0x000000538d100000,0x000000538d200000)]
  0x000001981cada000 JavaThread "Reference Handler" daemon [_thread_blocked, id=15008, stack(0x000000538d800000,0x000000538d900000)]
  0x000001981cadb800 JavaThread "Finalizer" daemon [_thread_blocked, id=14732, stack(0x000000538d900000,0x000000538da00000)]
  0x000001981cad5800 JavaThread "Signal Dispatcher" daemon [_thread_blocked, id=5048, stack(0x000000538da00000,0x000000538db00000)]
  0x000001981d336800 JavaThread "Attach Listener" daemon [_thread_blocked, id=18668, stack(0x000000538db00000,0x000000538dc00000)]
  0x000001981d337800 JavaThread "Service Thread" daemon [_thread_blocked, id=11352, stack(0x000000538dc00000,0x000000538dd00000)]
  0x000001981d339800 JavaThread "C2 CompilerThread0" daemon [_thread_blocked, id=17040, stack(0x000000538dd00000,0x000000538de00000)]
  0x000001981d33c800 JavaThread "C1 CompilerThread0" daemon [_thread_blocked, id=14208, stack(0x000000538de00000,0x000000538df00000)]
  0x000001981d348000 JavaThread "Sweeper thread" daemon [_thread_blocked, id=4080, stack(0x000000538df00000,0x000000538e000000)]
  0x000001981ca64000 JavaThread "C1 CompilerThread1" daemon [_thread_blocked, id=15532, stack(0x000000538e000000,0x000000538e100000)]
  0x000001981d4b5000 JavaThread "Common-Cleaner" daemon [_thread_blocked, id=12588, stack(0x000000538e100000,0x000000538e200000)]
  0x000001981e623000 JavaThread "C1 CompilerThread2" daemon [_thread_blocked, id=11184, stack(0x000000538e600000,0x000000538e700000)]
  0x000001981e3c6800 JavaThread "C1 CompilerThread3" daemon [_thread_blocked, id=19092, stack(0x000000538e700000,0x000000538e800000)]
  0x000001981fa4a800 JavaThread "Daemon health stats" [_thread_blocked, id=13104, stack(0x000000538e800000,0x000000538e900000)]
  0x000001981d6b3800 JavaThread "Incoming local TCP Connector on port 52475" [_thread_in_native, id=1168, stack(0x000000538e300000,0x000000538e400000)]
  0x000001981f795000 JavaThread "Daemon periodic checks" [_thread_blocked, id=22132, stack(0x000000538e400000,0x000000538e500000)]
  0x000001981fd54800 JavaThread "Daemon" [_thread_blocked, id=12880, stack(0x000000538e900000,0x000000538ea00000)]
  0x000001981eb5d000 JavaThread "Handler for socket connection from /127.0.0.1:52475 to /127.0.0.1:52476" [_thread_in_native, id=9704, stack(0x000000538ea00000,0x000000538eb00000)]
  0x000001981f63f000 JavaThread "Cancel handler" [_thread_blocked, id=21620, stack(0x000000538eb00000,0x000000538ec00000)]
  0x000001981f71f800 JavaThread "Daemon worker" [_thread_blocked, id=3564, stack(0x000000538ec00000,0x000000538ed00000)]
  0x000001981f4fa800 JavaThread "Asynchronous log dispatcher for DefaultDaemonConnection: socket connection from /127.0.0.1:52475 to /127.0.0.1:52476" [_thread_blocked, id=14956, stack(0x000000538ed00000,0x000000538ee00000)]
  0x000001981ec38000 JavaThread "Stdin handler" [_thread_blocked, id=8888, stack(0x000000538ee00000,0x000000538ef00000)]
  0x000001982054b000 JavaThread "Daemon client event forwarder" [_thread_blocked, id=14380, stack(0x000000538ef00000,0x000000538f000000)]
  0x000001982054c800 JavaThread "Cache worker for journal cache (C:\Users\rcdup\.gradle\caches\journal-1)" [_thread_blocked, id=6836, stack(0x000000538fb00000,0x000000538fc00000)]
  0x000001982054a000 JavaThread "File lock request listener" [_thread_in_native, id=620, stack(0x000000538fc00000,0x000000538fd00000)]
  0x0000019820549800 JavaThread "Cache worker for file hash cache (C:\Users\rcdup\.gradle\caches\7.3.3\fileHashes)" [_thread_blocked, id=13996, stack(0x000000538fd00000,0x000000538fe00000)]
  0x000001981fe92000 JavaThread "C2 CompilerThread1" daemon [_thread_blocked, id=1652, stack(0x0000005390000000,0x0000005390100000)]
  0x0000019820547000 JavaThread "Cache worker for file hash cache (C:\Users\rcdup\AndroidStudioProjects\Kanshi\.gradle\7.3.3\fileHashes)" [_thread_blocked, id=16188, stack(0x0000005390100000,0x0000005390200000)]
  0x000001981fe81000 JavaThread "C2 CompilerThread2" daemon [_thread_blocked, id=15908, stack(0x0000005390200000,0x0000005390300000)]
  0x0000019820548800 JavaThread "File watcher server" daemon [_thread_in_native, id=20656, stack(0x0000005390300000,0x0000005390400000)]
  0x000001982054c000 JavaThread "File watcher consumer" daemon [_thread_blocked, id=14244, stack(0x0000005390400000,0x0000005390500000)]
  0x000001982054d800 JavaThread "Cache worker for checksums cache (C:\Users\rcdup\AndroidStudioProjects\Kanshi\.gradle\7.3.3\checksums)" [_thread_blocked, id=11568, stack(0x0000005390500000,0x0000005390600000)]
  0x0000019820547800 JavaThread "Cache worker for cache directory md-supplier (C:\Users\rcdup\.gradle\caches\7.3.3\md-supplier)" [_thread_blocked, id=9864, stack(0x0000005390600000,0x0000005390700000)]
  0x00000198235f8000 JavaThread "Cache worker for cache directory md-rule (C:\Users\rcdup\.gradle\caches\7.3.3\md-rule)" [_thread_blocked, id=20548, stack(0x0000005390700000,0x0000005390800000)]
  0x00000198235f3800 JavaThread "Cache worker for execution history cache (C:\Users\rcdup\.gradle\caches\7.3.3\executionHistory)" [_thread_blocked, id=22492, stack(0x0000005390800000,0x0000005390900000)]
  0x00000198235f4800 JavaThread "jar transforms" [_thread_blocked, id=15972, stack(0x0000005390a00000,0x0000005390b00000)]
  0x00000198235f7000 JavaThread "Cache worker for file content cache (C:\Users\rcdup\.gradle\caches\7.3.3\fileContent)" [_thread_blocked, id=11816, stack(0x0000005390b00000,0x0000005390c00000)]
  0x00000198235f8800 JavaThread "jar transforms Thread 2" [_thread_blocked, id=3472, stack(0x0000005390c00000,0x0000005390d00000)]
  0x00000198235f3000 JavaThread "Cache worker for dependencies-accessors (C:\Users\rcdup\AndroidStudioProjects\Kanshi\.gradle\7.3.3\dependencies-accessors)" [_thread_blocked, id=6588, stack(0x0000005390d00000,0x0000005390e00000)]
  0x00000198235ff000 JavaThread "jar transforms Thread 3" [_thread_blocked, id=15868, stack(0x0000005390e00000,0x0000005390f00000)]
  0x00000198235fa000 JavaThread "Cache worker for Build Output Cleanup Cache (C:\Users\rcdup\AndroidStudioProjects\Kanshi\.gradle\buildOutputCleanup)" [_thread_blocked, id=17368, stack(0x0000005390f00000,0x0000005391000000)]
  0x00000198235fc800 JavaThread "Unconstrained build operations" [_thread_blocked, id=11460, stack(0x0000005391000000,0x0000005391100000)]
  0x00000198235fb000 JavaThread "Unconstrained build operations Thread 2" [_thread_blocked, id=12464, stack(0x0000005391100000,0x0000005391200000)]
  0x00000198235fc000 JavaThread "Unconstrained build operations Thread 3" [_thread_blocked, id=11196, stack(0x0000005391200000,0x0000005391300000)]
  0x00000198235fd800 JavaThread "Unconstrained build operations Thread 4" [_thread_blocked, id=19652, stack(0x0000005391300000,0x0000005391400000)]
  0x00000198235f9800 JavaThread "Unconstrained build operations Thread 5" [_thread_blocked, id=2272, stack(0x0000005391400000,0x0000005391500000)]
  0x0000019823600000 JavaThread "Unconstrained build operations Thread 6" [_thread_blocked, id=21188, stack(0x0000005391500000,0x0000005391600000)]
  0x0000019823601000 JavaThread "Unconstrained build operations Thread 7" [_thread_blocked, id=21996, stack(0x0000005391600000,0x0000005391700000)]
  0x00000198235fe800 JavaThread "Unconstrained build operations Thread 8" [_thread_blocked, id=1472, stack(0x0000005391700000,0x0000005391800000)]
  0x0000019823a90800 JavaThread "Unconstrained build operations Thread 9" [_thread_blocked, id=10784, stack(0x0000005391800000,0x0000005391900000)]
  0x0000019823a95800 JavaThread "Unconstrained build operations Thread 10" [_thread_blocked, id=17516, stack(0x0000005391900000,0x0000005391a00000)]
  0x0000019823a91800 JavaThread "Unconstrained build operations Thread 11" [_thread_blocked, id=10088, stack(0x0000005391a00000,0x0000005391b00000)]
  0x0000019823a92800 JavaThread "Unconstrained build operations Thread 12" [_thread_blocked, id=8896, stack(0x0000005391b00000,0x0000005391c00000)]
  0x0000019823a93000 JavaThread "Unconstrained build operations Thread 13" [_thread_blocked, id=2808, stack(0x0000005391c00000,0x0000005391d00000)]
  0x0000019823a94000 JavaThread "Unconstrained build operations Thread 14" [_thread_blocked, id=9344, stack(0x0000005391d00000,0x0000005391e00000)]
  0x0000019823a94800 JavaThread "Unconstrained build operations Thread 15" [_thread_blocked, id=15164, stack(0x0000005391e00000,0x0000005391f00000)]
  0x0000019823a90000 JavaThread "Unconstrained build operations Thread 16" [_thread_blocked, id=19848, stack(0x0000005391f00000,0x0000005392000000)]
  0x0000019823a9b800 JavaThread "Unconstrained build operations Thread 17" [_thread_blocked, id=10316, stack(0x0000005392000000,0x0000005392100000)]
  0x0000019823a98000 JavaThread "Unconstrained build operations Thread 18" [_thread_blocked, id=17904, stack(0x0000005392100000,0x0000005392200000)]
  0x0000019823a99000 JavaThread "Unconstrained build operations Thread 19" [_thread_blocked, id=20036, stack(0x0000005392200000,0x0000005392300000)]
  0x0000019823a9c000 JavaThread "Unconstrained build operations Thread 20" [_thread_blocked, id=3548, stack(0x0000005392300000,0x0000005392400000)]
  0x0000019823a96800 JavaThread "Unconstrained build operations Thread 21" [_thread_blocked, id=9888, stack(0x0000005392400000,0x0000005392500000)]
  0x0000019823a9d000 JavaThread "Unconstrained build operations Thread 22" [_thread_blocked, id=12504, stack(0x0000005392500000,0x0000005392600000)]
  0x0000019823a9a800 JavaThread "Unconstrained build operations Thread 23" [_thread_blocked, id=3752, stack(0x0000005392600000,0x0000005392700000)]
  0x0000019823a97000 JavaThread "Unconstrained build operations Thread 24" [_thread_blocked, id=8320, stack(0x0000005392700000,0x0000005392800000)]
  0x0000019823a99800 JavaThread "Unconstrained build operations Thread 25" [_thread_blocked, id=11388, stack(0x0000005392800000,0x0000005392900000)]
  0x0000019823a9d800 JavaThread "Unconstrained build operations Thread 26" [_thread_blocked, id=12324, stack(0x0000005392900000,0x0000005392a00000)]
  0x0000019823a9e800 JavaThread "Unconstrained build operations Thread 27" [_thread_blocked, id=2204, stack(0x0000005392a00000,0x0000005392b00000)]
  0x0000019821010000 JavaThread "Unconstrained build operations Thread 28" [_thread_blocked, id=10544, stack(0x0000005392b00000,0x0000005392c00000)]
  0x0000019821010800 JavaThread "Unconstrained build operations Thread 29" [_thread_blocked, id=21684, stack(0x0000005392c00000,0x0000005392d00000)]
  0x000001982100d800 JavaThread "Unconstrained build operations Thread 30" [_thread_blocked, id=21100, stack(0x0000005392d00000,0x0000005392e00000)]
  0x000001982100f000 JavaThread "Unconstrained build operations Thread 31" [_thread_blocked, id=21308, stack(0x0000005392e00000,0x0000005392f00000)]
  0x000001982100b000 JavaThread "Unconstrained build operations Thread 32" [_thread_blocked, id=4272, stack(0x0000005392f00000,0x0000005393000000)]
  0x0000019821011800 JavaThread "Unconstrained build operations Thread 33" [_thread_blocked, id=21264, stack(0x0000005393000000,0x0000005393100000)]
  0x000001982100e000 JavaThread "Unconstrained build operations Thread 34" [_thread_blocked, id=21936, stack(0x0000005393100000,0x0000005393200000)]
  0x000001982100c800 JavaThread "Unconstrained build operations Thread 35" [_thread_blocked, id=11556, stack(0x0000005393200000,0x0000005393300000)]
  0x000001982100c000 JavaThread "Unconstrained build operations Thread 36" [_thread_blocked, id=12404, stack(0x0000005393300000,0x0000005393400000)]
  0x0000019821016800 JavaThread "Unconstrained build operations Thread 37" [_thread_blocked, id=15076, stack(0x0000005393400000,0x0000005393500000)]
  0x0000019821017000 JavaThread "Unconstrained build operations Thread 38" [_thread_blocked, id=22280, stack(0x0000005393500000,0x0000005393600000)]
  0x0000019821018000 JavaThread "Unconstrained build operations Thread 39" [_thread_blocked, id=22216, stack(0x0000005393600000,0x0000005393700000)]
  0x0000019821012800 JavaThread "Unconstrained build operations Thread 40" [_thread_blocked, id=10792, stack(0x0000005393700000,0x0000005393800000)]
  0x0000019821014000 JavaThread "Unconstrained build operations Thread 41" [_thread_blocked, id=9960, stack(0x0000005393800000,0x0000005393900000)]
  0x0000019821015800 JavaThread "Unconstrained build operations Thread 42" [_thread_blocked, id=12248, stack(0x0000005393900000,0x0000005393a00000)]
  0x0000019821013000 JavaThread "Unconstrained build operations Thread 43" [_thread_blocked, id=1216, stack(0x0000005393a00000,0x0000005393b00000)]
  0x0000019821019000 JavaThread "Unconstrained build operations Thread 44" [_thread_blocked, id=11524, stack(0x0000005393b00000,0x0000005393c00000)]
  0x0000019821019800 JavaThread "Unconstrained build operations Thread 45" [_thread_blocked, id=12144, stack(0x0000005393c00000,0x0000005393d00000)]
  0x0000019821015000 JavaThread "Unconstrained build operations Thread 46" [_thread_blocked, id=13664, stack(0x0000005393d00000,0x0000005393e00000)]
  0x00000198228ad000 JavaThread "Unconstrained build operations Thread 47" [_thread_blocked, id=15128, stack(0x0000005393e00000,0x0000005393f00000)]
  0x00000198228ae800 JavaThread "Unconstrained build operations Thread 48" [_thread_blocked, id=14124, stack(0x0000005393f00000,0x0000005394000000)]
  0x00000198228ac000 JavaThread "Unconstrained build operations Thread 49" [_thread_blocked, id=3296, stack(0x0000005394000000,0x0000005394100000)]
  0x00000198228af800 JavaThread "Unconstrained build operations Thread 50" [_thread_blocked, id=14728, stack(0x0000005394100000,0x0000005394200000)]
  0x00000198228ab000 JavaThread "Unconstrained build operations Thread 51" [_thread_blocked, id=14656, stack(0x0000005394200000,0x0000005394300000)]
  0x00000198228b2000 JavaThread "Unconstrained build operations Thread 52" [_thread_blocked, id=6560, stack(0x0000005394300000,0x0000005394400000)]
  0x00000198228b2800 JavaThread "Unconstrained build operations Thread 53" [_thread_blocked, id=13372, stack(0x0000005394400000,0x0000005394500000)]
  0x00000198228b3800 JavaThread "Unconstrained build operations Thread 54" [_thread_blocked, id=7604, stack(0x0000005394500000,0x0000005394600000)]
  0x00000198228ad800 JavaThread "Unconstrained build operations Thread 55" [_thread_blocked, id=21972, stack(0x0000005394600000,0x0000005394700000)]
  0x00000198228b4000 JavaThread "Unconstrained build operations Thread 56" [_thread_blocked, id=896, stack(0x0000005394700000,0x0000005394800000)]
  0x00000198228b5000 JavaThread "Unconstrained build operations Thread 57" [_thread_blocked, id=13868, stack(0x0000005394800000,0x0000005394900000)]
  0x00000198228b6000 JavaThread "Unconstrained build operations Thread 58" [_thread_blocked, id=21768, stack(0x0000005394900000,0x0000005394a00000)]
  0x00000198228b0000 JavaThread "Unconstrained build operations Thread 59" [_thread_blocked, id=20424, stack(0x0000005394a00000,0x0000005394b00000)]
  0x00000198228b6800 JavaThread "Unconstrained build operations Thread 60" [_thread_blocked, id=19184, stack(0x0000005394b00000,0x0000005394c00000)]
  0x00000198228b1000 JavaThread "Unconstrained build operations Thread 61" [_thread_blocked, id=22092, stack(0x0000005394c00000,0x0000005394d00000)]
  0x00000198228b8800 JavaThread "Unconstrained build operations Thread 62" [_thread_blocked, id=17324, stack(0x0000005394d00000,0x0000005394e00000)]
  0x00000198228b9000 JavaThread "Unconstrained build operations Thread 63" [_thread_blocked, id=20128, stack(0x0000005394e00000,0x0000005394f00000)]
  0x00000198228b7800 JavaThread "Unconstrained build operations Thread 64" [_thread_blocked, id=15596, stack(0x0000005394f00000,0x0000005395000000)]
  0x00000198228ba000 JavaThread "Unconstrained build operations Thread 65" [_thread_blocked, id=21304, stack(0x0000005395000000,0x0000005395100000)]
  0x00000198238f8800 JavaThread "Unconstrained build operations Thread 66" [_thread_blocked, id=15584, stack(0x0000005395100000,0x0000005395200000)]
  0x00000198238f6000 JavaThread "Unconstrained build operations Thread 67" [_thread_blocked, id=10472, stack(0x0000005395200000,0x0000005395300000)]
  0x00000198238fb000 JavaThread "Unconstrained build operations Thread 68" [_thread_blocked, id=7668, stack(0x0000005395300000,0x0000005395400000)]
  0x00000198238f5000 JavaThread "Unconstrained build operations Thread 69" [_thread_blocked, id=17684, stack(0x0000005395400000,0x0000005395500000)]
  0x00000198238fb800 JavaThread "Unconstrained build operations Thread 70" [_thread_blocked, id=5292, stack(0x0000005395500000,0x0000005395600000)]
  0x00000198238fa000 JavaThread "Unconstrained build operations Thread 71" [_thread_blocked, id=17832, stack(0x0000005395600000,0x0000005395700000)]
  0x00000198238fc800 JavaThread "Unconstrained build operations Thread 72" [_thread_blocked, id=18356, stack(0x0000005395700000,0x0000005395800000)]
  0x00000198238f7000 JavaThread "Unconstrained build operations Thread 73" [_thread_blocked, id=15592, stack(0x0000005395800000,0x0000005395900000)]
  0x00000198238fd800 JavaThread "Unconstrained build operations Thread 74" [_thread_blocked, id=21500, stack(0x0000005395900000,0x0000005395a00000)]
  0x00000198238f7800 JavaThread "Unconstrained build operations Thread 75" [_thread_blocked, id=20644, stack(0x0000005395a00000,0x0000005395b00000)]
  0x00000198238ff000 JavaThread "Unconstrained build operations Thread 76" [_thread_blocked, id=13356, stack(0x0000005395b00000,0x0000005395c00000)]
  0x00000198238fe000 JavaThread "Unconstrained build operations Thread 77" [_thread_blocked, id=19084, stack(0x0000005395c00000,0x0000005395d00000)]
  0x00000198238f9000 JavaThread "Unconstrained build operations Thread 78" [_thread_blocked, id=17508, stack(0x0000005395d00000,0x0000005395e00000)]
  0x0000019823903000 JavaThread "Unconstrained build operations Thread 79" [_thread_blocked, id=4268, stack(0x0000005395e00000,0x0000005395f00000)]
  0x0000019823900800 JavaThread "Unconstrained build operations Thread 80" [_thread_blocked, id=17212, stack(0x0000005395f00000,0x0000005396000000)]
  0x0000019823900000 JavaThread "Unconstrained build operations Thread 81" [_thread_blocked, id=17688, stack(0x0000005396000000,0x0000005396100000)]
  0x0000019823904000 JavaThread "Unconstrained build operations Thread 82" [_thread_blocked, id=15300, stack(0x0000005396100000,0x0000005396200000)]
  0x0000019823901800 JavaThread "Unconstrained build operations Thread 83" [_thread_blocked, id=19640, stack(0x0000005396200000,0x0000005396300000)]
  0x0000019823902000 JavaThread "Unconstrained build operations Thread 84" [_thread_blocked, id=6244, stack(0x0000005396300000,0x0000005396400000)]
  0x0000019823be2000 JavaThread "Unconstrained build operations Thread 85" [_thread_blocked, id=11192, stack(0x0000005396400000,0x0000005396500000)]
  0x0000019823be0800 JavaThread "Unconstrained build operations Thread 86" [_thread_blocked, id=4504, stack(0x0000005396500000,0x0000005396600000)]
  0x0000019823be2800 JavaThread "Unconstrained build operations Thread 87" [_thread_blocked, id=10656, stack(0x0000005396600000,0x0000005396700000)]
  0x0000019823be3800 JavaThread "Unconstrained build operations Thread 88" [_thread_blocked, id=21760, stack(0x0000005396700000,0x0000005396800000)]
  0x0000019823be1000 JavaThread "Unconstrained build operations Thread 89" [_thread_blocked, id=4400, stack(0x0000005396800000,0x0000005396900000)]
  0x0000019823be4800 JavaThread "Unconstrained build operations Thread 90" [_thread_blocked, id=14616, stack(0x0000005396900000,0x0000005396a00000)]
  0x0000019823be5000 JavaThread "Unconstrained build operations Thread 91" [_thread_blocked, id=16472, stack(0x0000005396a00000,0x0000005396b00000)]
  0x0000019823bdf800 JavaThread "Unconstrained build operations Thread 92" [_thread_blocked, id=13280, stack(0x0000005396b00000,0x0000005396c00000)]
  0x0000019823be9800 JavaThread "Unconstrained build operations Thread 93" [_thread_blocked, id=21772, stack(0x0000005396c00000,0x0000005396d00000)]
  0x0000019823beb000 JavaThread "Unconstrained build operations Thread 94" [_thread_blocked, id=18652, stack(0x0000005396d00000,0x0000005396e00000)]
  0x0000019823be7800 JavaThread "Unconstrained build operations Thread 95" [_thread_blocked, id=13748, stack(0x0000005396e00000,0x0000005396f00000)]
  0x0000019823be8800 JavaThread "Unconstrained build operations Thread 96" [_thread_blocked, id=3124, stack(0x0000005396f00000,0x0000005397000000)]
  0x0000019823beb800 JavaThread "Unconstrained build operations Thread 97" [_thread_blocked, id=10076, stack(0x0000005397000000,0x0000005397100000)]
  0x0000019823bea000 JavaThread "Unconstrained build operations Thread 98" [_thread_blocked, id=16552, stack(0x0000005397100000,0x0000005397200000)]
  0x0000019823be6000 JavaThread "Unconstrained build operations Thread 99" [_thread_blocked, id=19596, stack(0x0000005397200000,0x0000005397300000)]
  0x0000019823be7000 JavaThread "Unconstrained build operations Thread 100" [_thread_blocked, id=3256, stack(0x0000005397300000,0x0000005397400000)]
  0x0000019823bec800 JavaThread "Unconstrained build operations Thread 101" [_thread_blocked, id=13388, stack(0x0000005397400000,0x0000005397500000)]
  0x0000019823bed800 JavaThread "Unconstrained build operations Thread 102" [_thread_blocked, id=12424, stack(0x0000005397500000,0x0000005397600000)]
  0x0000019823bee000 JavaThread "Unconstrained build operations Thread 103" [_thread_blocked, id=7516, stack(0x0000005397600000,0x0000005397700000)]
  0x0000019823797800 JavaThread "Unconstrained build operations Thread 104" [_thread_blocked, id=15120, stack(0x0000005397700000,0x0000005397800000)]
  0x0000019823794000 JavaThread "Unconstrained build operations Thread 105" [_thread_blocked, id=17944, stack(0x0000005397800000,0x0000005397900000)]
  0x0000019823795000 JavaThread "Unconstrained build operations Thread 106" [_thread_blocked, id=12348, stack(0x0000005397900000,0x0000005397a00000)]
  0x0000019823796800 JavaThread "Unconstrained build operations Thread 107" [_thread_blocked, id=17308, stack(0x0000005397a00000,0x0000005397b00000)]
  0x0000019823798800 JavaThread "Unconstrained build operations Thread 108" [_thread_blocked, id=11480, stack(0x0000005397b00000,0x0000005397c00000)]
  0x0000019823799000 JavaThread "Unconstrained build operations Thread 109" [_thread_blocked, id=8344, stack(0x0000005397c00000,0x0000005397d00000)]
  0x000001982379a000 JavaThread "Unconstrained build operations Thread 110" [_thread_blocked, id=2800, stack(0x0000005397d00000,0x0000005397e00000)]
  0x000001982379b000 JavaThread "Unconstrained build operations Thread 111" [_thread_blocked, id=21912, stack(0x0000005397e00000,0x0000005397f00000)]
  0x000001982379b800 JavaThread "Unconstrained build operations Thread 112" [_thread_blocked, id=11208, stack(0x0000005397f00000,0x0000005398000000)]
  0x0000019823796000 JavaThread "Unconstrained build operations Thread 113" [_thread_blocked, id=4496, stack(0x0000005398000000,0x0000005398100000)]
  0x00000198237a0800 JavaThread "Unconstrained build operations Thread 114" [_thread_blocked, id=14408, stack(0x0000005398100000,0x0000005398200000)]
  0x000001982379f000 JavaThread "Unconstrained build operations Thread 115" [_thread_blocked, id=2728, stack(0x0000005398200000,0x0000005398300000)]
  0x00000198237a2000 JavaThread "Unconstrained build operations Thread 116" [_thread_blocked, id=20348, stack(0x0000005398300000,0x0000005398400000)]
  0x000001982379c800 JavaThread "Unconstrained build operations Thread 117" [_thread_blocked, id=18208, stack(0x0000005398400000,0x0000005398500000)]
  0x000001982379f800 JavaThread "Unconstrained build operations Thread 118" [_thread_blocked, id=10284, stack(0x0000005398500000,0x0000005398600000)]
  0x00000198237a1800 JavaThread "Unconstrained build operations Thread 119" [_thread_blocked, id=20156, stack(0x0000005398600000,0x0000005398700000)]
  0x00000198237a3000 JavaThread "Unconstrained build operations Thread 120" [_thread_blocked, id=16036, stack(0x0000005398700000,0x0000005398800000)]
  0x000001982379e000 JavaThread "Unconstrained build operations Thread 121" [_thread_blocked, id=4212, stack(0x0000005398800000,0x0000005398900000)]
  0x000001982379d000 JavaThread "Unconstrained build operations Thread 122" [_thread_blocked, id=11396, stack(0x0000005398900000,0x0000005398a00000)]
  0x00000198237c0000 JavaThread "Unconstrained build operations Thread 123" [_thread_blocked, id=21816, stack(0x0000005398a00000,0x0000005398b00000)]
  0x00000198237c3000 JavaThread "Unconstrained build operations Thread 124" [_thread_blocked, id=14752, stack(0x0000005398b00000,0x0000005398c00000)]
  0x00000198237c1000 JavaThread "Unconstrained build operations Thread 125" [_thread_blocked, id=1592, stack(0x0000005398c00000,0x0000005398d00000)]
  0x00000198237c1800 JavaThread "Unconstrained build operations Thread 126" [_thread_blocked, id=20784, stack(0x0000005398d00000,0x0000005398e00000)]
  0x00000198237c2800 JavaThread "Unconstrained build operations Thread 127" [_thread_blocked, id=20960, stack(0x0000005398e00000,0x0000005398f00000)]
  0x00000198237c4000 JavaThread "Unconstrained build operations Thread 128" [_thread_blocked, id=1660, stack(0x0000005398f00000,0x0000005399000000)]
  0x00000198237bf000 JavaThread "Unconstrained build operations Thread 129" [_thread_blocked, id=12664, stack(0x0000005399000000,0x0000005399100000)]
  0x00000198237be800 JavaThread "Unconstrained build operations Thread 130" [_thread_blocked, id=21864, stack(0x0000005399100000,0x0000005399200000)]
  0x00000198237ca000 JavaThread "Unconstrained build operations Thread 131" [_thread_blocked, id=12684, stack(0x0000005399200000,0x0000005399300000)]
  0x00000198237c5800 JavaThread "Unconstrained build operations Thread 132" [_thread_blocked, id=3860, stack(0x0000005399300000,0x0000005399400000)]
  0x00000198237c5000 JavaThread "Unconstrained build operations Thread 133" [_thread_blocked, id=15816, stack(0x0000005399400000,0x0000005399500000)]
  0x00000198237c9000 JavaThread "Unconstrained build operations Thread 134" [_thread_blocked, id=760, stack(0x0000005399500000,0x0000005399600000)]
  0x00000198237ca800 JavaThread "Unconstrained build operations Thread 135" [_thread_blocked, id=2128, stack(0x0000005399600000,0x0000005399700000)]
  0x00000198237cb800 JavaThread "jar transforms Thread 4" [_thread_blocked, id=13368, stack(0x0000005399700000,0x0000005399800000)]
  0x00000198237cc000 JavaThread "jar transforms Thread 5" [_thread_blocked, id=22284, stack(0x0000005399800000,0x0000005399900000)]
  0x00000198237c7800 JavaThread "jar transforms Thread 6" [_thread_blocked, id=11580, stack(0x0000005399900000,0x0000005399a00000)]
  0x00000198237c6800 JavaThread "jar transforms Thread 7" [_thread_blocked, id=8768, stack(0x0000005399a00000,0x0000005399b00000)]
  0x00000198237cd000 JavaThread "jar transforms Thread 8" [_thread_blocked, id=1272, stack(0x0000005399b00000,0x0000005399c00000)]
  0x00000198237c8000 JavaThread "jar transforms Thread 9" [_thread_blocked, id=20588, stack(0x0000005399c00000,0x0000005399d00000)]
  0x000001982367d000 JavaThread "jar transforms Thread 10" [_thread_blocked, id=14496, stack(0x0000005399d00000,0x0000005399e00000)]
  0x000001982367d800 JavaThread "jar transforms Thread 11" [_thread_blocked, id=14664, stack(0x0000005399e00000,0x0000005399f00000)]
  0x000001982367c000 JavaThread "jar transforms Thread 12" [_thread_blocked, id=652, stack(0x0000005399f00000,0x000000539a000000)]
  0x0000019823680000 JavaThread "jar transforms Thread 13" [_thread_blocked, id=11868, stack(0x000000539a000000,0x000000539a100000)]
  0x000001982367e800 JavaThread "jar transforms Thread 14" [_thread_blocked, id=12196, stack(0x000000539a100000,0x000000539a200000)]
  0x0000019823681000 JavaThread "jar transforms Thread 15" [_thread_blocked, id=21052, stack(0x000000539a200000,0x000000539a300000)]
  0x000001982367f800 JavaThread "jar transforms Thread 16" [_thread_blocked, id=1720, stack(0x000000539a300000,0x000000539a400000)]
  0x000001982367b800 JavaThread "Memory manager" [_thread_blocked, id=21464, stack(0x0000005390900000,0x0000005390a00000)]

Other Threads:
=>0x000001981cac6000 VMThread "VM Thread" [stack: 0x000000538d700000,0x000000538d800000] [id=7624]
  0x000001981d4b9800 WatcherThread [stack: 0x000000538e200000,0x000000538e300000] [id=19816]
  0x000001987e966800 GCTaskThread "GC Thread#0" [stack: 0x000000538d200000,0x000000538d300000] [id=10324]
  0x000001981e846800 GCTaskThread "GC Thread#1" [stack: 0x000000538e500000,0x000000538e600000] [id=16892]
  0x000001981fdab000 GCTaskThread "GC Thread#2" [stack: 0x000000538f000000,0x000000538f100000] [id=1956]
  0x000001981fdac000 GCTaskThread "GC Thread#3" [stack: 0x000000538f100000,0x000000538f200000] [id=6552]
  0x000001981f712800 GCTaskThread "GC Thread#4" [stack: 0x000000538f200000,0x000000538f300000] [id=15904]
  0x000001981f713000 GCTaskThread "GC Thread#5" [stack: 0x000000538f300000,0x000000538f400000] [id=13500]
  0x000001981ef53000 GCTaskThread "GC Thread#6" [stack: 0x000000538f400000,0x000000538f500000] [id=14152]
  0x000001981ef54000 GCTaskThread "GC Thread#7" [stack: 0x000000538f500000,0x000000538f600000] [id=608]
  0x000001981f65b800 GCTaskThread "GC Thread#8" [stack: 0x000000538f600000,0x000000538f700000] [id=11532]
  0x000001981f65c000 GCTaskThread "GC Thread#9" [stack: 0x000000538f700000,0x000000538f800000] [id=14476]
  0x000001982019d800 GCTaskThread "GC Thread#10" [stack: 0x000000538f800000,0x000000538f900000] [id=20376]
  0x000001982019e800 GCTaskThread "GC Thread#11" [stack: 0x000000538f900000,0x000000538fa00000] [id=5636]
  0x000001981fa57800 GCTaskThread "GC Thread#12" [stack: 0x000000538fa00000,0x000000538fb00000] [id=13988]
  0x000001987e998800 ConcurrentGCThread "G1 Main Marker" [stack: 0x000000538d300000,0x000000538d400000] [id=8800]
  0x000001987e99a000 ConcurrentGCThread "G1 Conc#0" [stack: 0x000000538d400000,0x000000538d500000] [id=17956]
  0x000001981fbfe000 ConcurrentGCThread "G1 Conc#1" [stack: 0x000000538fe00000,0x000000538ff00000] [id=22408]
  0x000001981e279800 ConcurrentGCThread "G1 Conc#2" [stack: 0x000000538ff00000,0x0000005390000000] [id=3416]
  0x000001987ea2d800 ConcurrentGCThread "G1 Refine#0" [stack: 0x000000538d500000,0x000000538d600000] [id=19828]
  0x000001981c911800 ConcurrentGCThread "G1 Young RemSet Sampling" [stack: 0x000000538d600000,0x000000538d700000] [id=2628]

Threads with active compile tasks:
C2 CompilerThread0   6238 8006 %     4       org.gradle.internal.instantiation.generator.AbstractClassGenerator::inspectType @ 207 (560 bytes)
C1 CompilerThread0   6238 8115       3       org.gradle.internal.instantiation.generator.AsmBackedClassGenerator$ClassInspectionVisitorImpl::<init> (48 bytes)
C1 CompilerThread3   6238 8114       3       org.gradle.internal.instantiation.generator.AsmBackedClassGenerator::start (68 bytes)
C2 CompilerThread1   6238 7963       4       org.gradle.internal.reflect.ClassInspector::inspectClass (179 bytes)
C2 CompilerThread2   6238 7964       4       sun.reflect.generics.visitor.Reifier::visitClassTypeSignature (381 bytes)

VM state:at safepoint (normal execution)

VM Mutex/Monitor currently owned by a thread:  ([mutex/lock_event])
[0x000001987e9488a0] Threads_lock - owner thread: 0x000001981cac6000
[0x000001987e948420] Heap_lock - owner thread: 0x000001981f71f800

Heap address: 0x0000000080000000, size: 2048 MB, Compressed Oops mode: 32-bit
Narrow klass base: 0x0000000000000000, Narrow klass shift: 3
Compressed class space size: 1073741824 Address: 0x0000000100000000

Heap:
 garbage-first heap   total 183296K, used 59888K [0x0000000080000000, 0x0000000100000000)
  region size 1024K, 9 young (9216K), 9 survivors (9216K)
 Metaspace       used 75274K, capacity 77033K, committed 77128K, reserved 1116160K
  class space    used 9745K, capacity 10425K, committed 10444K, reserved 1048576K
Heap Regions: E=young(eden), S=young(survivor), O=old, HS=humongous(starts), HC=humongous(continues), CS=collection set, F=free, A=archive, TAMS=top-at-mark-start (previous, next)
|   0|0x0000000080000000, 0x0000000080100000, 0x0000000080100000|100%| O|  |TAMS 0x0000000080100000, 0x0000000080000000| Untracked 
|   1|0x0000000080100000, 0x0000000080200000, 0x0000000080200000|100%| O|  |TAMS 0x0000000080200000, 0x0000000080100000| Untracked 
|   2|0x0000000080200000, 0x0000000080300000, 0x0000000080300000|100%| O|  |TAMS 0x0000000080300000, 0x0000000080200000| Untracked 
|   3|0x0000000080300000, 0x0000000080400000, 0x0000000080400000|100%|HS|  |TAMS 0x0000000080400000, 0x0000000080300000| Complete 
|   4|0x0000000080400000, 0x0000000080500000, 0x0000000080500000|100%|HC|  |TAMS 0x0000000080500000, 0x0000000080400000| Complete 
|   5|0x0000000080500000, 0x0000000080600000, 0x0000000080600000|100%|HC|  |TAMS 0x0000000080600000, 0x0000000080500000| Complete 
|   6|0x0000000080600000, 0x0000000080700000, 0x0000000080700000|100%| O|  |TAMS 0x0000000080700000, 0x0000000080600000| Untracked 
|   7|0x0000000080700000, 0x0000000080800000, 0x0000000080800000|100%| O|  |TAMS 0x0000000080800000, 0x0000000080700000| Untracked 
|   8|0x0000000080800000, 0x0000000080900000, 0x0000000080900000|100%| O|  |TAMS 0x0000000080900000, 0x0000000080800000| Untracked 
|   9|0x0000000080900000, 0x0000000080a00000, 0x0000000080a00000|100%| O|  |TAMS 0x0000000080a00000, 0x0000000080900000| Untracked 
|  10|0x0000000080a00000, 0x0000000080b00000, 0x0000000080b00000|100%| O|  |TAMS 0x0000000080b00000, 0x0000000080a00000| Untracked 
|  11|0x0000000080b00000, 0x0000000080c00000, 0x0000000080c00000|100%| O|  |TAMS 0x0000000080c00000, 0x0000000080b00000| Untracked 
|  12|0x0000000080c00000, 0x0000000080d00000, 0x0000000080d00000|100%| O|  |TAMS 0x0000000080d00000, 0x0000000080c00000| Untracked 
|  13|0x0000000080d00000, 0x0000000080e00000, 0x0000000080e00000|100%| O|  |TAMS 0x0000000080e00000, 0x0000000080d00000| Untracked 
|  14|0x0000000080e00000, 0x0000000080f00000, 0x0000000080f00000|100%| O|  |TAMS 0x0000000080f00000, 0x0000000080e00000| Untracked 
|  15|0x0000000080f00000, 0x0000000081000000, 0x0000000081000000|100%| O|  |TAMS 0x0000000081000000, 0x0000000080f00000| Untracked 
|  16|0x0000000081000000, 0x0000000081100000, 0x0000000081100000|100%|HS|  |TAMS 0x0000000081100000, 0x0000000081000000| Complete 
|  17|0x0000000081100000, 0x0000000081200000, 0x0000000081200000|100%| O|  |TAMS 0x0000000081200000, 0x0000000081100000| Untracked 
|  18|0x0000000081200000, 0x0000000081300000, 0x0000000081300000|100%| O|  |TAMS 0x0000000081300000, 0x0000000081200000| Untracked 
|  19|0x0000000081300000, 0x0000000081400000, 0x0000000081400000|100%| O|  |TAMS 0x0000000081400000, 0x0000000081300000| Untracked 
|  20|0x0000000081400000, 0x0000000081500000, 0x0000000081500000|100%| O|  |TAMS 0x0000000081500000, 0x0000000081400000| Untracked 
|  21|0x0000000081500000, 0x0000000081600000, 0x0000000081600000|100%| O|  |TAMS 0x0000000081600000, 0x0000000081500000| Untracked 
|  22|0x0000000081600000, 0x0000000081700000, 0x0000000081700000|100%| O|  |TAMS 0x0000000081700000, 0x0000000081600000| Untracked 
|  23|0x0000000081700000, 0x0000000081800000, 0x0000000081800000|100%|HS|  |TAMS 0x0000000081800000, 0x0000000081700000| Complete 
|  24|0x0000000081800000, 0x0000000081900000, 0x0000000081900000|100%|HS|  |TAMS 0x0000000081900000, 0x0000000081800000| Complete 
|  25|0x0000000081900000, 0x0000000081a00000, 0x0000000081a00000|100%|HC|  |TAMS 0x0000000081a00000, 0x0000000081900000| Complete 
|  26|0x0000000081a00000, 0x0000000081b00000, 0x0000000081b00000|100%| O|  |TAMS 0x0000000081b00000, 0x0000000081a00000| Untracked 
|  27|0x0000000081b00000, 0x0000000081c00000, 0x0000000081c00000|100%| O|  |TAMS 0x0000000081c00000, 0x0000000081b00000| Untracked 
|  28|0x0000000081c00000, 0x0000000081d00000, 0x0000000081d00000|100%| O|  |TAMS 0x0000000081d00000, 0x0000000081c00000| Untracked 
|  29|0x0000000081d00000, 0x0000000081e00000, 0x0000000081e00000|100%| O|  |TAMS 0x0000000081e00000, 0x0000000081d00000| Untracked 
|  30|0x0000000081e00000, 0x0000000081f00000, 0x0000000081f00000|100%| O|  |TAMS 0x0000000081f00000, 0x0000000081e00000| Untracked 
|  31|0x0000000081f00000, 0x0000000082000000, 0x0000000082000000|100%| O|  |TAMS 0x0000000082000000, 0x0000000081f00000| Untracked 
|  32|0x0000000082000000, 0x0000000082100000, 0x0000000082100000|100%| O|  |TAMS 0x0000000082100000, 0x0000000082000000| Untracked 
|  33|0x0000000082100000, 0x0000000082200000, 0x0000000082200000|100%| O|  |TAMS 0x0000000082200000, 0x0000000082100000| Untracked 
|  34|0x0000000082200000, 0x0000000082300000, 0x0000000082300000|100%| O|  |TAMS 0x0000000082300000, 0x0000000082200000| Untracked 
|  35|0x0000000082300000, 0x0000000082400000, 0x0000000082400000|100%| O|  |TAMS 0x0000000082400000, 0x0000000082300000| Untracked 
|  36|0x0000000082400000, 0x0000000082500000, 0x0000000082500000|100%| O|  |TAMS 0x0000000082500000, 0x0000000082400000| Untracked 
|  37|0x0000000082500000, 0x0000000082600000, 0x0000000082600000|100%| O|  |TAMS 0x0000000082600000, 0x0000000082500000| Untracked 
|  38|0x0000000082600000, 0x0000000082700000, 0x0000000082700000|100%| O|  |TAMS 0x0000000082700000, 0x0000000082600000| Untracked 
|  39|0x0000000082700000, 0x0000000082800000, 0x0000000082800000|100%| O|  |TAMS 0x0000000082800000, 0x0000000082700000| Untracked 
|  40|0x0000000082800000, 0x0000000082900000, 0x0000000082900000|100%| O|  |TAMS 0x0000000082900000, 0x0000000082800000| Untracked 
|  41|0x0000000082900000, 0x0000000082a00000, 0x0000000082a00000|100%| O|  |TAMS 0x0000000082a00000, 0x0000000082900000| Untracked 
|  42|0x0000000082a00000, 0x0000000082b00000, 0x0000000082b00000|100%| O|  |TAMS 0x0000000082ac3c00, 0x0000000082a00000| Untracked 
|  43|0x0000000082b00000, 0x0000000082b00000, 0x0000000082c00000|  0%| F|  |TAMS 0x0000000082b00000, 0x0000000082b00000| Untracked 
|  44|0x0000000082c00000, 0x0000000082d00000, 0x0000000082d00000|100%| O|  |TAMS 0x0000000082c00000, 0x0000000082c00000| Untracked 
|  45|0x0000000082d00000, 0x0000000082e00000, 0x0000000082e00000|100%| O|  |TAMS 0x0000000082d00000, 0x0000000082d00000| Untracked 
|  46|0x0000000082e00000, 0x0000000082f00000, 0x0000000082f00000|100%| O|  |TAMS 0x0000000082e00000, 0x0000000082e00000| Untracked 
|  47|0x0000000082f00000, 0x0000000083000000, 0x0000000083000000|100%| O|  |TAMS 0x0000000082f00000, 0x0000000082f00000| Untracked 
|  48|0x0000000083000000, 0x0000000083100000, 0x0000000083100000|100%| O|  |TAMS 0x0000000083000000, 0x0000000083000000| Untracked 
|  49|0x0000000083100000, 0x0000000083200000, 0x0000000083200000|100%| O|  |TAMS 0x0000000083100000, 0x0000000083100000| Untracked 
|  50|0x0000000083200000, 0x00000000832e9200, 0x0000000083300000| 91%| O|  |TAMS 0x0000000083200000, 0x0000000083200000| Untracked 
|  51|0x0000000083300000, 0x0000000083300000, 0x0000000083400000|  0%| F|  |TAMS 0x0000000083300000, 0x0000000083300000| Untracked 
|  52|0x0000000083400000, 0x0000000083400000, 0x0000000083500000|  0%| F|  |TAMS 0x0000000083400000, 0x0000000083400000| Untracked 
|  53|0x0000000083500000, 0x0000000083500000, 0x0000000083600000|  0%| F|  |TAMS 0x0000000083500000, 0x0000000083500000| Untracked 
|  54|0x0000000083600000, 0x0000000083600000, 0x0000000083700000|  0%| F|  |TAMS 0x0000000083600000, 0x0000000083600000| Untracked 
|  55|0x0000000083700000, 0x0000000083700000, 0x0000000083800000|  0%| F|  |TAMS 0x0000000083700000, 0x0000000083700000| Untracked 
|  56|0x0000000083800000, 0x0000000083800000, 0x0000000083900000|  0%| F|  |TAMS 0x0000000083800000, 0x0000000083800000| Untracked 
|  57|0x0000000083900000, 0x0000000083900000, 0x0000000083a00000|  0%| F|  |TAMS 0x0000000083900000, 0x0000000083900000| Untracked 
|  58|0x0000000083a00000, 0x0000000083a00000, 0x0000000083b00000|  0%| F|  |TAMS 0x0000000083a00000, 0x0000000083a00000| Untracked 
|  59|0x0000000083b00000, 0x0000000083b00000, 0x0000000083c00000|  0%| F|  |TAMS 0x0000000083b00000, 0x0000000083b00000| Untracked 
|  60|0x0000000083c00000, 0x0000000083c00000, 0x0000000083d00000|  0%| F|  |TAMS 0x0000000083c00000, 0x0000000083c00000| Untracked 
|  61|0x0000000083d00000, 0x0000000083d00000, 0x0000000083e00000|  0%| F|  |TAMS 0x0000000083d00000, 0x0000000083d00000| Untracked 
|  62|0x0000000083e00000, 0x0000000083e00000, 0x0000000083f00000|  0%| F|  |TAMS 0x0000000083e00000, 0x0000000083e00000| Untracked 
|  63|0x0000000083f00000, 0x0000000083f00000, 0x0000000084000000|  0%| F|  |TAMS 0x0000000083f00000, 0x0000000083f00000| Untracked 
|  64|0x0000000084000000, 0x0000000084000000, 0x0000000084100000|  0%| F|  |TAMS 0x0000000084000000, 0x0000000084000000| Untracked 
|  65|0x0000000084100000, 0x0000000084100000, 0x0000000084200000|  0%| F|  |TAMS 0x0000000084100000, 0x0000000084100000| Untracked 
|  66|0x0000000084200000, 0x0000000084200000, 0x0000000084300000|  0%| F|  |TAMS 0x0000000084200000, 0x0000000084200000| Untracked 
|  67|0x0000000084300000, 0x0000000084300000, 0x0000000084400000|  0%| F|  |TAMS 0x0000000084300000, 0x0000000084300000| Untracked 
|  68|0x0000000084400000, 0x0000000084400000, 0x0000000084500000|  0%| F|  |TAMS 0x0000000084400000, 0x0000000084400000| Untracked 
|  69|0x0000000084500000, 0x0000000084500000, 0x0000000084600000|  0%| F|  |TAMS 0x0000000084500000, 0x0000000084500000| Untracked 
|  70|0x0000000084600000, 0x0000000084600000, 0x0000000084700000|  0%| F|  |TAMS 0x0000000084600000, 0x0000000084600000| Untracked 
|  71|0x0000000084700000, 0x0000000084700000, 0x0000000084800000|  0%| F|  |TAMS 0x0000000084700000, 0x0000000084700000| Untracked 
|  72|0x0000000084800000, 0x0000000084892e40, 0x0000000084900000| 57%| S|CS|TAMS 0x0000000084800000, 0x0000000084800000| Complete 
|  73|0x0000000084900000, 0x0000000084a00000, 0x0000000084a00000|100%| S|CS|TAMS 0x0000000084900000, 0x0000000084900000| Complete 
|  74|0x0000000084a00000, 0x0000000084b00000, 0x0000000084b00000|100%| S|CS|TAMS 0x0000000084a00000, 0x0000000084a00000| Complete 
|  75|0x0000000084b00000, 0x0000000084c00000, 0x0000000084c00000|100%| S|CS|TAMS 0x0000000084b00000, 0x0000000084b00000| Complete 
|  76|0x0000000084c00000, 0x0000000084d00000, 0x0000000084d00000|100%| S|CS|TAMS 0x0000000084c00000, 0x0000000084c00000| Complete 
|  77|0x0000000084d00000, 0x0000000084e00000, 0x0000000084e00000|100%| S|CS|TAMS 0x0000000084d00000, 0x0000000084d00000| Complete 
|  78|0x0000000084e00000, 0x0000000084f00000, 0x0000000084f00000|100%| S|CS|TAMS 0x0000000084e00000, 0x0000000084e00000| Complete 
|  79|0x0000000084f00000, 0x0000000085000000, 0x0000000085000000|100%| S|CS|TAMS 0x0000000084f00000, 0x0000000084f00000| Complete 
|  80|0x0000000085000000, 0x0000000085000000, 0x0000000085100000|  0%| F|  |TAMS 0x0000000085000000, 0x0000000085000000| Untracked 
|  81|0x0000000085100000, 0x0000000085100000, 0x0000000085200000|  0%| F|  |TAMS 0x0000000085100000, 0x0000000085100000| Untracked 
|  82|0x0000000085200000, 0x0000000085200000, 0x0000000085300000|  0%| F|  |TAMS 0x0000000085200000, 0x0000000085200000| Untracked 
|  83|0x0000000085300000, 0x0000000085300000, 0x0000000085400000|  0%| F|  |TAMS 0x0000000085300000, 0x0000000085300000| Untracked 
|  84|0x0000000085400000, 0x0000000085400000, 0x0000000085500000|  0%| F|  |TAMS 0x0000000085400000, 0x0000000085400000| Untracked 
|  85|0x0000000085500000, 0x0000000085600000, 0x0000000085600000|100%| S|CS|TAMS 0x0000000085500000, 0x0000000085500000| Complete 
|  86|0x0000000085600000, 0x0000000085600000, 0x0000000085700000|  0%| F|  |TAMS 0x0000000085600000, 0x0000000085600000| Untracked 
|  87|0x0000000085700000, 0x0000000085700000, 0x0000000085800000|  0%| F|  |TAMS 0x0000000085700000, 0x0000000085700000| Untracked 
|  88|0x0000000085800000, 0x0000000085800000, 0x0000000085900000|  0%| F|  |TAMS 0x0000000085800000, 0x0000000085800000| Untracked 
|  89|0x0000000085900000, 0x0000000085900000, 0x0000000085a00000|  0%| F|  |TAMS 0x0000000085900000, 0x0000000085900000| Untracked 
|  90|0x0000000085a00000, 0x0000000085a00000, 0x0000000085b00000|  0%| F|  |TAMS 0x0000000085a00000, 0x0000000085a00000| Untracked 
|  91|0x0000000085b00000, 0x0000000085b00000, 0x0000000085c00000|  0%| F|  |TAMS 0x0000000085b00000, 0x0000000085b00000| Untracked 
|  92|0x0000000085c00000, 0x0000000085c00000, 0x0000000085d00000|  0%| F|  |TAMS 0x0000000085c00000, 0x0000000085c00000| Untracked 
|  93|0x0000000085d00000, 0x0000000085d00000, 0x0000000085e00000|  0%| F|  |TAMS 0x0000000085d00000, 0x0000000085d00000| Untracked 
|  94|0x0000000085e00000, 0x0000000085e00000, 0x0000000085f00000|  0%| F|  |TAMS 0x0000000085e00000, 0x0000000085e00000| Untracked 
|  95|0x0000000085f00000, 0x0000000085f00000, 0x0000000086000000|  0%| F|  |TAMS 0x0000000085f00000, 0x0000000085f00000| Untracked 
|  96|0x0000000086000000, 0x0000000086000000, 0x0000000086100000|  0%| F|  |TAMS 0x0000000086000000, 0x0000000086000000| Untracked 
|  97|0x0000000086100000, 0x0000000086100000, 0x0000000086200000|  0%| F|  |TAMS 0x0000000086100000, 0x0000000086100000| Untracked 
|  98|0x0000000086200000, 0x0000000086200000, 0x0000000086300000|  0%| F|  |TAMS 0x0000000086200000, 0x0000000086200000| Untracked 
|  99|0x0000000086300000, 0x0000000086300000, 0x0000000086400000|  0%| F|  |TAMS 0x0000000086300000, 0x0000000086300000| Untracked 
| 100|0x0000000086400000, 0x0000000086400000, 0x0000000086500000|  0%| F|  |TAMS 0x0000000086400000, 0x0000000086400000| Untracked 
| 101|0x0000000086500000, 0x0000000086500000, 0x0000000086600000|  0%| F|  |TAMS 0x0000000086500000, 0x0000000086500000| Untracked 
| 102|0x0000000086600000, 0x0000000086600000, 0x0000000086700000|  0%| F|  |TAMS 0x0000000086600000, 0x0000000086600000| Untracked 
| 103|0x0000000086700000, 0x0000000086700000, 0x0000000086800000|  0%| F|  |TAMS 0x0000000086700000, 0x0000000086700000| Untracked 
| 104|0x0000000086800000, 0x0000000086800000, 0x0000000086900000|  0%| F|  |TAMS 0x0000000086800000, 0x0000000086800000| Untracked 
| 105|0x0000000086900000, 0x0000000086900000, 0x0000000086a00000|  0%| F|  |TAMS 0x0000000086900000, 0x0000000086900000| Untracked 
| 106|0x0000000086a00000, 0x0000000086a00000, 0x0000000086b00000|  0%| F|  |TAMS 0x0000000086a00000, 0x0000000086a00000| Untracked 
| 107|0x0000000086b00000, 0x0000000086b00000, 0x0000000086c00000|  0%| F|  |TAMS 0x0000000086b00000, 0x0000000086b00000| Untracked 
| 108|0x0000000086c00000, 0x0000000086c00000, 0x0000000086d00000|  0%| F|  |TAMS 0x0000000086c00000, 0x0000000086c00000| Untracked 
| 109|0x0000000086d00000, 0x0000000086d00000, 0x0000000086e00000|  0%| F|  |TAMS 0x0000000086d00000, 0x0000000086d00000| Untracked 
| 110|0x0000000086e00000, 0x0000000086e00000, 0x0000000086f00000|  0%| F|  |TAMS 0x0000000086e00000, 0x0000000086e00000| Untracked 
| 111|0x0000000086f00000, 0x0000000086f00000, 0x0000000087000000|  0%| F|  |TAMS 0x0000000086f00000, 0x0000000086f00000| Untracked 
| 112|0x0000000087000000, 0x0000000087000000, 0x0000000087100000|  0%| F|  |TAMS 0x0000000087000000, 0x0000000087000000| Untracked 
| 113|0x0000000087100000, 0x0000000087100000, 0x0000000087200000|  0%| F|  |TAMS 0x0000000087100000, 0x0000000087100000| Untracked 
| 114|0x0000000087200000, 0x0000000087200000, 0x0000000087300000|  0%| F|  |TAMS 0x0000000087200000, 0x0000000087200000| Untracked 
| 115|0x0000000087300000, 0x0000000087300000, 0x0000000087400000|  0%| F|  |TAMS 0x0000000087300000, 0x0000000087300000| Untracked 
| 116|0x0000000087400000, 0x0000000087400000, 0x0000000087500000|  0%| F|  |TAMS 0x0000000087400000, 0x0000000087400000| Untracked 
| 117|0x0000000087500000, 0x0000000087500000, 0x0000000087600000|  0%| F|  |TAMS 0x0000000087500000, 0x0000000087500000| Untracked 
| 118|0x0000000087600000, 0x0000000087600000, 0x0000000087700000|  0%| F|  |TAMS 0x0000000087600000, 0x0000000087600000| Untracked 
| 119|0x0000000087700000, 0x0000000087700000, 0x0000000087800000|  0%| F|  |TAMS 0x0000000087700000, 0x0000000087700000| Untracked 
| 120|0x0000000087800000, 0x0000000087800000, 0x0000000087900000|  0%| F|  |TAMS 0x0000000087800000, 0x0000000087800000| Untracked 
| 121|0x0000000087900000, 0x0000000087900000, 0x0000000087a00000|  0%| F|  |TAMS 0x0000000087900000, 0x0000000087900000| Untracked 
| 122|0x0000000087a00000, 0x0000000087a00000, 0x0000000087b00000|  0%| F|  |TAMS 0x0000000087a00000, 0x0000000087a00000| Untracked 
| 123|0x0000000087b00000, 0x0000000087b00000, 0x0000000087c00000|  0%| F|  |TAMS 0x0000000087b00000, 0x0000000087b00000| Untracked 
| 124|0x0000000087c00000, 0x0000000087c00000, 0x0000000087d00000|  0%| F|  |TAMS 0x0000000087c00000, 0x0000000087c00000| Untracked 
| 125|0x0000000087d00000, 0x0000000087d00000, 0x0000000087e00000|  0%| F|  |TAMS 0x0000000087d00000, 0x0000000087d00000| Untracked 
| 126|0x0000000087e00000, 0x0000000087e00000, 0x0000000087f00000|  0%| F|  |TAMS 0x0000000087e00000, 0x0000000087e00000| Untracked 
| 127|0x0000000087f00000, 0x0000000087f00000, 0x0000000088000000|  0%| F|  |TAMS 0x0000000087f00000, 0x0000000087f00000| Untracked 
| 128|0x0000000088000000, 0x0000000088000000, 0x0000000088100000|  0%| F|  |TAMS 0x0000000088000000, 0x0000000088000000| Untracked 
| 129|0x0000000088100000, 0x0000000088100000, 0x0000000088200000|  0%| F|  |TAMS 0x0000000088100000, 0x0000000088100000| Untracked 
| 130|0x0000000088200000, 0x0000000088200000, 0x0000000088300000|  0%| F|  |TAMS 0x0000000088200000, 0x0000000088200000| Untracked 
| 131|0x0000000088300000, 0x0000000088300000, 0x0000000088400000|  0%| F|  |TAMS 0x0000000088300000, 0x0000000088300000| Untracked 
| 132|0x0000000088400000, 0x0000000088400000, 0x0000000088500000|  0%| F|  |TAMS 0x0000000088400000, 0x0000000088400000| Untracked 
| 133|0x0000000088500000, 0x0000000088500000, 0x0000000088600000|  0%| F|  |TAMS 0x0000000088500000, 0x0000000088500000| Untracked 
| 134|0x0000000088600000, 0x0000000088600000, 0x0000000088700000|  0%| F|  |TAMS 0x0000000088600000, 0x0000000088600000| Untracked 
| 135|0x0000000088700000, 0x0000000088700000, 0x0000000088800000|  0%| F|  |TAMS 0x0000000088700000, 0x0000000088700000| Untracked 
| 136|0x0000000088800000, 0x0000000088800000, 0x0000000088900000|  0%| F|  |TAMS 0x0000000088800000, 0x0000000088800000| Untracked 
| 137|0x0000000088900000, 0x0000000088900000, 0x0000000088a00000|  0%| F|  |TAMS 0x0000000088900000, 0x0000000088900000| Untracked 
| 138|0x0000000088a00000, 0x0000000088a00000, 0x0000000088b00000|  0%| F|  |TAMS 0x0000000088a00000, 0x0000000088a00000| Untracked 
| 139|0x0000000088b00000, 0x0000000088b00000, 0x0000000088c00000|  0%| F|  |TAMS 0x0000000088b00000, 0x0000000088b00000| Untracked 
| 140|0x0000000088c00000, 0x0000000088c00000, 0x0000000088d00000|  0%| F|  |TAMS 0x0000000088c00000, 0x0000000088c00000| Untracked 
| 141|0x0000000088d00000, 0x0000000088d00000, 0x0000000088e00000|  0%| F|  |TAMS 0x0000000088d00000, 0x0000000088d00000| Untracked 
| 142|0x0000000088e00000, 0x0000000088e00000, 0x0000000088f00000|  0%| F|  |TAMS 0x0000000088e00000, 0x0000000088e00000| Untracked 
| 143|0x0000000088f00000, 0x0000000088f00000, 0x0000000089000000|  0%| F|  |TAMS 0x0000000088f00000, 0x0000000088f00000| Untracked 
| 144|0x0000000089000000, 0x0000000089000000, 0x0000000089100000|  0%| F|  |TAMS 0x0000000089000000, 0x0000000089000000| Untracked 
| 145|0x0000000089100000, 0x0000000089100000, 0x0000000089200000|  0%| F|  |TAMS 0x0000000089100000, 0x0000000089100000| Untracked 
| 146|0x0000000089200000, 0x0000000089200000, 0x0000000089300000|  0%| F|  |TAMS 0x0000000089200000, 0x0000000089200000| Untracked 
| 147|0x0000000089300000, 0x0000000089300000, 0x0000000089400000|  0%| F|  |TAMS 0x0000000089300000, 0x0000000089300000| Untracked 
| 148|0x0000000089400000, 0x0000000089400000, 0x0000000089500000|  0%| F|  |TAMS 0x0000000089400000, 0x0000000089400000| Untracked 

Card table byte_map: [0x0000019815250000,0x0000019815650000] _byte_map_base: 0x0000019814e50000

Marking Bits (Prev, Next): (CMBitMap*) 0x000001987e98fa00, (CMBitMap*) 0x000001987e98f9c8
 Prev Bits: [0x0000019817a50000, 0x0000019819a50000)
 Next Bits: [0x0000019815a50000, 0x0000019817a50000)

Polling page: 0x0000019801410000

Metaspace:

Usage:
  Non-class:     65.05 MB capacity,    63.99 MB ( 98%) used,   883.80 KB (  1%) free+waste,   194.38 KB ( <1%) overhead. 
      Class:     10.18 MB capacity,     9.52 MB ( 93%) used,   590.18 KB (  6%) free+waste,    89.81 KB ( <1%) overhead. 
       Both:     75.23 MB capacity,    73.51 MB ( 98%) used,     1.44 MB (  2%) free+waste,   284.19 KB ( <1%) overhead. 

Virtual space:
  Non-class space:       66.00 MB reserved,      65.12 MB ( 99%) committed 
      Class space:        1.00 GB reserved,      10.20 MB ( <1%) committed 
             Both:        1.06 GB reserved,      75.32 MB (  7%) committed 

Chunk freelists:
   Non-Class:  12.00 KB
       Class:  7.00 KB
        Both:  19.00 KB

MaxMetaspaceSize: 17179869184.00 GB
CompressedClassSpaceSize: 1.00 GB
Initial GC threshold: 20.80 MB
Current GC threshold: 98.24 MB
CDS: off

CodeHeap 'non-profiled nmethods': size=119168Kb used=4680Kb max_used=4680Kb free=114487Kb
 bounds [0x000001980ca00000, 0x000001980cea0000, 0x0000019813e60000]
CodeHeap 'profiled nmethods': size=119168Kb used=17539Kb max_used=17539Kb free=101628Kb
 bounds [0x00000198055a0000, 0x00000198066d0000, 0x000001980ca00000]
CodeHeap 'non-nmethods': size=7424Kb used=4054Kb max_used=4122Kb free=3369Kb
 bounds [0x0000019804e60000, 0x0000019805280000, 0x00000198055a0000]
 total_blobs=8952 nmethods=8085 adapters=776
 compilation: enabled
              stopped_count=0, restarted_count=0
 full_count=0

Compilation events (20 events):
Event: 6.190 Thread 0x000001981e623000 nmethod 8104 0x00000198066ba090 code [0x00000198066ba240, 0x00000198066ba338]
Event: 6.190 Thread 0x000001981ca64000 nmethod 8103 0x00000198066ba410 code [0x00000198066ba5e0, 0x00000198066ba9b8]
Event: 6.190 Thread 0x000001981e3c6800 8105       3       org.gradle.api.internal.tasks.DefaultTaskDependency::<init> (9 bytes)
Event: 6.190 Thread 0x000001981e3c6800 nmethod 8105 0x00000198066baa90 code [0x00000198066bac60, 0x00000198066baf98]
Event: 6.191 Thread 0x000001981d33c800 8106   !   3       org.gradle.internal.typeconversion.ErrorHandlingNotationParser::parseNotation (98 bytes)
Event: 6.191 Thread 0x000001981e623000 8107       3       org.gradle.internal.typeconversion.NotationConverterToNotationParserAdapter::parseNotation (41 bytes)
Event: 6.191 Thread 0x000001981ca64000 8108       3       org.gradle.internal.typeconversion.NotationConverterToNotationParserAdapter$ResultImpl::<init> (5 bytes)
Event: 6.191 Thread 0x000001981e3c6800 8109       3       org.gradle.internal.typeconversion.NotationConverterToNotationParserAdapter$ResultImpl::<init> (5 bytes)
Event: 6.191 Thread 0x000001981e3c6800 nmethod 8109 0x00000198066bb110 code [0x00000198066bb2c0, 0x00000198066bb418]
Event: 6.191 Thread 0x000001981ca64000 nmethod 8108 0x00000198066bb510 code [0x00000198066bb6c0, 0x00000198066bb878]
Event: 6.191 Thread 0x000001981e3c6800 8110       3       org.gradle.internal.typeconversion.NotationConverterToNotationParserAdapter$ResultImpl::converted (11 bytes)
Event: 6.191 Thread 0x000001981e623000 nmethod 8107 0x00000198066bb990 code [0x00000198066bbb80, 0x00000198066bc018]
Event: 6.191 Thread 0x000001981e3c6800 nmethod 8110 0x00000198066bc210 code [0x00000198066bc3c0, 0x00000198066bc518]
Event: 6.192 Thread 0x000001981d33c800 nmethod 8106 0x00000198066bc590 code [0x00000198066bc960, 0x00000198066be358]
Event: 6.193 Thread 0x000001981ca64000 8112       3       org.gradle.api.internal.provider.Providers::fixedValue (68 bytes)
Event: 6.193 Thread 0x000001981ca64000 nmethod 8112 0x00000198066bec10 code [0x00000198066bef40, 0x00000198066c0348]
Event: 6.194 Thread 0x000001981e623000 8113       3       org.gradle.internal.instantiation.generator.AbstractClassGenerator$$Lambda$91/0x000000010021f040::apply (12 bytes)
Event: 6.194 Thread 0x000001981e3c6800 8114       3       org.gradle.internal.instantiation.generator.AsmBackedClassGenerator::start (68 bytes)
Event: 6.194 Thread 0x000001981d33c800 8115       3       org.gradle.internal.instantiation.generator.AsmBackedClassGenerator$ClassInspectionVisitorImpl::<init> (48 bytes)
Event: 6.194 Thread 0x000001981e623000 nmethod 8113 0x00000198066c0a10 code [0x00000198066c0be0, 0x00000198066c0e08]

GC Heap History (20 events):
Event: 1.413 GC heap after
{Heap after GC invocations=2 (full 0):
 garbage-first heap   total 126976K, used 16074K [0x0000000080000000, 0x0000000100000000)
  region size 1024K, 10 young (10240K), 10 survivors (10240K)
 Metaspace       used 17625K, capacity 18021K, committed 18176K, reserved 1064960K
  class space    used 2069K, capacity 2179K, committed 2304K, reserved 1048576K
}
Event: 1.585 GC heap before
{Heap before GC invocations=2 (full 0):
 garbage-first heap   total 126976K, used 45770K [0x0000000080000000, 0x0000000100000000)
  region size 1024K, 40 young (40960K), 10 survivors (10240K)
 Metaspace       used 20714K, capacity 21121K, committed 21296K, reserved 1069056K
  class space    used 2537K, capacity 2680K, committed 2688K, reserved 1048576K
}
Event: 1.590 GC heap after
{Heap after GC invocations=3 (full 0):
 garbage-first heap   total 126976K, used 17189K [0x0000000080000000, 0x0000000100000000)
  region size 1024K, 2 young (2048K), 2 survivors (2048K)
 Metaspace       used 20714K, capacity 21121K, committed 21296K, reserved 1069056K
  class space    used 2537K, capacity 2680K, committed 2688K, reserved 1048576K
}
Event: 2.041 GC heap before
{Heap before GC invocations=4 (full 0):
 garbage-first heap   total 126976K, used 83749K [0x0000000080000000, 0x0000000100000000)
  region size 1024K, 67 young (68608K), 2 survivors (2048K)
 Metaspace       used 27421K, capacity 28055K, committed 28336K, reserved 1073152K
  class space    used 3589K, capacity 3811K, committed 3840K, reserved 1048576K
}
Event: 2.045 GC heap after
{Heap after GC invocations=5 (full 0):
 garbage-first heap   total 126976K, used 19352K [0x0000000080000000, 0x0000000100000000)
  region size 1024K, 4 young (4096K), 4 survivors (4096K)
 Metaspace       used 27421K, capacity 28055K, committed 28336K, reserved 1073152K
  class space    used 3589K, capacity 3811K, committed 3840K, reserved 1048576K
}
Event: 2.440 GC heap before
{Heap before GC invocations=5 (full 0):
 garbage-first heap   total 126976K, used 66456K [0x0000000080000000, 0x0000000100000000)
  region size 1024K, 51 young (52224K), 4 survivors (4096K)
 Metaspace       used 34868K, capacity 35670K, committed 35708K, reserved 1081344K
  class space    used 4503K, capacity 4839K, committed 4864K, reserved 1048576K
}
Event: 2.447 GC heap after
{Heap after GC invocations=6 (full 0):
 garbage-first heap   total 126976K, used 22130K [0x0000000080000000, 0x0000000100000000)
  region size 1024K, 7 young (7168K), 7 survivors (7168K)
 Metaspace       used 34868K, capacity 35670K, committed 35708K, reserved 1081344K
  class space    used 4503K, capacity 4839K, committed 4864K, reserved 1048576K
}
Event: 2.937 GC heap before
{Heap before GC invocations=7 (full 0):
 garbage-first heap   total 126976K, used 92786K [0x0000000080000000, 0x0000000100000000)
  region size 1024K, 74 young (75776K), 7 survivors (7168K)
 Metaspace       used 40545K, capacity 41433K, committed 41544K, reserved 1085440K
  class space    used 5160K, capacity 5476K, committed 5580K, reserved 1048576K
}
Event: 2.943 GC heap after
{Heap after GC invocations=8 (full 0):
 garbage-first heap   total 126976K, used 27600K [0x0000000080000000, 0x0000000100000000)
  region size 1024K, 10 young (10240K), 10 survivors (10240K)
 Metaspace       used 40545K, capacity 41433K, committed 41544K, reserved 1085440K
  class space    used 5160K, capacity 5476K, committed 5580K, reserved 1048576K
}
Event: 3.320 GC heap before
{Heap before GC invocations=8 (full 0):
 garbage-first heap   total 126976K, used 94160K [0x0000000080000000, 0x0000000100000000)
  region size 1024K, 74 young (75776K), 10 survivors (10240K)
 Metaspace       used 46417K, capacity 47434K, committed 47560K, reserved 1091584K
  class space    used 5960K, capacity 6359K, committed 6476K, reserved 1048576K
}
Event: 3.325 GC heap after
{Heap after GC invocations=9 (full 0):
 garbage-first heap   total 152576K, used 30244K [0x0000000080000000, 0x0000000100000000)
  region size 1024K, 8 young (8192K), 8 survivors (8192K)
 Metaspace       used 46417K, capacity 47434K, committed 47560K, reserved 1091584K
  class space    used 5960K, capacity 6359K, committed 6476K, reserved 1048576K
}
Event: 4.218 GC heap before
{Heap before GC invocations=9 (full 0):
 garbage-first heap   total 152576K, used 110116K [0x0000000080000000, 0x0000000100000000)
  region size 1024K, 83 young (84992K), 8 survivors (8192K)
 Metaspace       used 49491K, capacity 50793K, committed 51016K, reserved 1093632K
  class space    used 6320K, capacity 6797K, committed 6860K, reserved 1048576K
}
Event: 4.226 GC heap after
{Heap after GC invocations=10 (full 0):
 garbage-first heap   total 152576K, used 43235K [0x0000000080000000, 0x0000000100000000)
  region size 1024K, 11 young (11264K), 11 survivors (11264K)
 Metaspace       used 49491K, capacity 50793K, committed 51016K, reserved 1093632K
  class space    used 6320K, capacity 6797K, committed 6860K, reserved 1048576K
}
Event: 4.758 GC heap before
{Heap before GC invocations=10 (full 0):
 garbage-first heap   total 152576K, used 104675K [0x0000000080000000, 0x0000000100000000)
  region size 1024K, 72 young (73728K), 11 survivors (11264K)
 Metaspace       used 58550K, capacity 59904K, committed 59976K, reserved 1101824K
  class space    used 7364K, capacity 7872K, committed 7884K, reserved 1048576K
}
Event: 4.770 GC heap after
{Heap after GC invocations=11 (full 0):
 garbage-first heap   total 152576K, used 46653K [0x0000000080000000, 0x0000000100000000)
  region size 1024K, 3 young (3072K), 3 survivors (3072K)
 Metaspace       used 58550K, capacity 59904K, committed 59976K, reserved 1101824K
  class space    used 7364K, capacity 7872K, committed 7884K, reserved 1048576K
}
Event: 5.279 GC heap before
{Heap before GC invocations=12 (full 0):
 garbage-first heap   total 152576K, used 114237K [0x0000000080000000, 0x0000000100000000)
  region size 1024K, 69 young (70656K), 3 survivors (3072K)
 Metaspace       used 65601K, capacity 67106K, committed 67400K, reserved 1107968K
  class space    used 8264K, capacity 8834K, committed 8908K, reserved 1048576K
}
Event: 5.283 GC heap after
{Heap after GC invocations=13 (full 0):
 garbage-first heap   total 152576K, used 51228K [0x0000000080000000, 0x0000000100000000)
  region size 1024K, 8 young (8192K), 8 survivors (8192K)
 Metaspace       used 65601K, capacity 67106K, committed 67400K, reserved 1107968K
  class space    used 8264K, capacity 8834K, committed 8908K, reserved 1048576K
}
Event: 5.656 GC heap before
{Heap before GC invocations=13 (full 0):
 garbage-first heap   total 152576K, used 117788K [0x0000000080000000, 0x0000000100000000)
  region size 1024K, 72 young (73728K), 8 survivors (8192K)
 Metaspace       used 69028K, capacity 70715K, committed 70984K, reserved 1112064K
  class space    used 8739K, capacity 9366K, committed 9420K, reserved 1048576K
}
Event: 5.662 GC heap after
{Heap after GC invocations=14 (full 0):
 garbage-first heap   total 152576K, used 56045K [0x0000000080000000, 0x0000000100000000)
  region size 1024K, 5 young (5120K), 5 survivors (5120K)
 Metaspace       used 69028K, capacity 70715K, committed 70984K, reserved 1112064K
  class space    used 8739K, capacity 9366K, committed 9420K, reserved 1048576K
}
Event: 6.194 GC heap before
{Heap before GC invocations=14 (full 0):
 garbage-first heap   total 152576K, used 120557K [0x0000000080000000, 0x0000000100000000)
  region size 1024K, 68 young (69632K), 5 survivors (5120K)
 Metaspace       used 75274K, capacity 77033K, committed 77128K, reserved 1116160K
  class space    used 9745K, capacity 10425K, committed 10444K, reserved 1048576K
}

Deoptimization events (20 events):
Event: 6.055 Thread 0x000001981f71f800 DEOPT PACKING pc=0x000001980cd17d94 sp=0x000000538ecf8f10
Event: 6.055 Thread 0x000001981f71f800 DEOPT UNPACKING pc=0x0000019804e685af sp=0x000000538ecf8df8 mode 2
Event: 6.055 Thread 0x000001981f71f800 Uncommon trap: trap_request=0xffffff4d fr.pc=0x000001980cdd1794 relative=0x00000000000002d4
Event: 6.055 Thread 0x000001981f71f800 Uncommon trap: reason=unstable_if action=reinterpret pc=0x000001980cdd1794 method=java.util.HashMap.getNode(ILjava/lang/Object;)Ljava/util/HashMap$Node; @ 84 c2
Event: 6.055 Thread 0x000001981f71f800 DEOPT PACKING pc=0x000001980cdd1794 sp=0x000000538ecf8ec0
Event: 6.055 Thread 0x000001981f71f800 DEOPT UNPACKING pc=0x0000019804e685af sp=0x000000538ecf8de0 mode 2
Event: 6.055 Thread 0x000001981f71f800 Uncommon trap: trap_request=0xffffff4d fr.pc=0x000001980ccace74 relative=0x00000000000001b4
Event: 6.055 Thread 0x000001981f71f800 Uncommon trap: reason=unstable_if action=reinterpret pc=0x000001980ccace74 method=java.util.HashMap.getNode(ILjava/lang/Object;)Ljava/util/HashMap$Node; @ 84 c2
Event: 6.055 Thread 0x000001981f71f800 DEOPT PACKING pc=0x000001980ccace74 sp=0x000000538ecf8e60
Event: 6.055 Thread 0x000001981f71f800 DEOPT UNPACKING pc=0x0000019804e685af sp=0x000000538ecf8de8 mode 2
Event: 6.142 Thread 0x000001981f71f800 Uncommon trap: trap_request=0xffffff4d fr.pc=0x000001980ccf197c relative=0x00000000000006fc
Event: 6.142 Thread 0x000001981f71f800 Uncommon trap: reason=unstable_if action=reinterpret pc=0x000001980ccf197c method=java.util.HashMap.putVal(ILjava/lang/Object;Ljava/lang/Object;ZZ)Ljava/lang/Object; @ 109 c2
Event: 6.142 Thread 0x000001981f71f800 DEOPT PACKING pc=0x000001980ccf197c sp=0x000000538ecf78b0
Event: 6.142 Thread 0x000001981f71f800 DEOPT UNPACKING pc=0x0000019804e685af sp=0x000000538ecf77c8 mode 2
Event: 6.142 Thread 0x000001981f71f800 Uncommon trap: trap_request=0xffffff4d fr.pc=0x000001980cb96568 relative=0x0000000000000668
Event: 6.142 Thread 0x000001981f71f800 Uncommon trap: reason=unstable_if action=reinterpret pc=0x000001980cb96568 method=java.util.HashMap.putVal(ILjava/lang/Object;Ljava/lang/Object;ZZ)Ljava/lang/Object; @ 109 c2
Event: 6.142 Thread 0x000001981f71f800 DEOPT PACKING pc=0x000001980cb96568 sp=0x000000538ecf7800
Event: 6.142 Thread 0x000001981f71f800 DEOPT UNPACKING pc=0x0000019804e685af sp=0x000000538ecf77b8 mode 2
Event: 6.162 Thread 0x000001981f71f800 DEOPT PACKING pc=0x00000198063726cd sp=0x000000538ecf7610
Event: 6.162 Thread 0x000001981f71f800 DEOPT UNPACKING pc=0x0000019804ea9d0e sp=0x000000538ecf6bb0 mode 0

Classes redefined (0 events):
No events

Internal exceptions (20 events):
Event: 5.481 Thread 0x000001981f71f800 Exception <a 'java/lang/ClassNotFoundException'{0x0000000086aaf248}: org/gradle/api/JavaVersionCustomizer> (0x0000000086aaf248) thrown at [./src/hotspot/share/classfile/systemDictionary.cpp, line 231]
Event: 5.482 Thread 0x000001981f71f800 Exception <a 'java/lang/ClassNotFoundException'{0x0000000086917030}: com/android/build/gradle/internal/CompileOptions$AgpDecorated_DecoratedBeanInfo> (0x0000000086917030) thrown at [./src/hotspot/share/classfile/systemDictionary.cpp, line 231]
Event: 5.483 Thread 0x000001981f71f800 Exception <a 'java/lang/ClassNotFoundException'{0x0000000086932a30}: com/android/build/gradle/internal/CompileOptions$AgpDecoratedBeanInfo> (0x0000000086932a30) thrown at [./src/hotspot/share/classfile/systemDictionary.cpp, line 231]
Event: 5.483 Thread 0x000001981f71f800 Exception <a 'java/lang/ClassNotFoundException'{0x000000008694c5e0}: com/android/build/gradle/internal/CompileOptionsBeanInfo> (0x000000008694c5e0) thrown at [./src/hotspot/share/classfile/systemDictionary.cpp, line 231]
Event: 5.483 Thread 0x000001981f71f800 Exception <a 'java/lang/ClassNotFoundException'{0x0000000086966780}: com/android/build/gradle/internal/CompileOptionsCustomizer> (0x0000000086966780) thrown at [./src/hotspot/share/classfile/systemDictionary.cpp, line 231]
Event: 5.484 Thread 0x000001981f71f800 Exception <a 'java/lang/ClassNotFoundException'{0x000000008698e088}: com/android/build/gradle/internal/CompileOptions$AgpDecoratedCustomizer> (0x000000008698e088) thrown at [./src/hotspot/share/classfile/systemDictionary.cpp, line 231]
Event: 5.484 Thread 0x000001981f71f800 Exception <a 'java/lang/ClassNotFoundException'{0x00000000869b8ca8}: com/android/build/gradle/internal/CompileOptions$AgpDecorated_DecoratedCustomizer> (0x00000000869b8ca8) thrown at [./src/hotspot/share/classfile/systemDictionary.cpp, line 231]
Event: 5.488 Thread 0x000001981f71f800 Exception <a 'java/lang/ClassNotFoundException'{0x0000000086878a98}: org/gradle/api/internal/artifacts/dsl/dependencies/DefaultDependencyHandler_DecoratedBeanInfo> (0x0000000086878a98) thrown at [./src/hotspot/share/classfile/systemDictionary.cpp, line 231]
Event: 5.488 Thread 0x000001981f71f800 Exception <a 'java/lang/ClassNotFoundException'{0x00000000868c1df0}: org/gradle/api/internal/artifacts/dsl/dependencies/DefaultDependencyHandlerBeanInfo> (0x00000000868c1df0) thrown at [./src/hotspot/share/classfile/systemDictionary.cpp, line 231]
Event: 5.489 Thread 0x000001981f71f800 Exception <a 'java/lang/ClassNotFoundException'{0x000000008670ad48}: org/gradle/api/internal/artifacts/dsl/dependencies/DefaultDependencyHandlerCustomizer> (0x000000008670ad48) thrown at [./src/hotspot/share/classfile/systemDictionary.cpp, line 231]
Event: 5.490 Thread 0x000001981f71f800 Exception <a 'java/lang/ClassNotFoundException'{0x000000008677ab50}: org/gradle/api/internal/artifacts/dsl/dependencies/DefaultDependencyHandler_DecoratedCustomizer> (0x000000008677ab50) thrown at [./src/hotspot/share/classfile/systemDictionary.cpp, line 231]
Event: 5.929 Thread 0x000001981f71f800 Exception <a 'java/lang/ClassNotFoundException'{0x000000008799ff88}: com/android/build/gradle/internal/api/ApkVariantOutputImpl_DecoratedBeanInfo> (0x000000008799ff88) thrown at [./src/hotspot/share/classfile/systemDictionary.cpp, line 231]
Event: 5.930 Thread 0x000001981f71f800 Exception <a 'java/lang/ClassNotFoundException'{0x00000000879ba7b8}: com/android/build/gradle/internal/api/ApkVariantOutputImplBeanInfo> (0x00000000879ba7b8) thrown at [./src/hotspot/share/classfile/systemDictionary.cpp, line 231]
Event: 5.930 Thread 0x000001981f71f800 Exception <a 'java/lang/ClassNotFoundException'{0x00000000879d5828}: com/android/build/gradle/internal/api/BaseVariantOutputImplBeanInfo> (0x00000000879d5828) thrown at [./src/hotspot/share/classfile/systemDictionary.cpp, line 231]
Event: 5.930 Thread 0x000001981f71f800 Exception <a 'java/lang/ClassNotFoundException'{0x00000000879f0900}: com/android/build/gradle/internal/api/BaseVariantOutputImplCustomizer> (0x00000000879f0900) thrown at [./src/hotspot/share/classfile/systemDictionary.cpp, line 231]
Event: 5.931 Thread 0x000001981f71f800 Exception <a 'java/lang/ClassNotFoundException'{0x000000008781e500}: com/android/build/gradle/internal/api/ApkVariantOutputImplCustomizer> (0x000000008781e500) thrown at [./src/hotspot/share/classfile/systemDictionary.cpp, line 231]
Event: 5.931 Thread 0x000001981f71f800 Exception <a 'java/lang/ClassNotFoundException'{0x0000000087848198}: com/android/build/gradle/internal/api/ApkVariantOutputImpl_DecoratedCustomizer> (0x0000000087848198) thrown at [./src/hotspot/share/classfile/systemDictionary.cpp, line 231]
Event: 5.937 Thread 0x000001981f71f800 Exception <a 'java/lang/NoClassDefFoundError'{0x00000000877b39a8}: org/jetbrains/kotlin/gradle/plugin/KotlinBasePluginWrapper> (0x00000000877b39a8) thrown at [./src/hotspot/share/classfile/systemDictionary.cpp, line 220]
Event: 5.965 Thread 0x000001981f71f800 Implicit null exception at 0x000001980cc8b5af to 0x000001980cc8bd28
Event: 6.152 Thread 0x000001981f71f800 Exception <a 'java/lang/NoSuchMethodError'{0x0000000085de4b88}: 'java.lang.Object java.lang.invoke.Invokers$Holder.linkToTargetMethod(java.lang.Object, int, java.lang.Object)'> (0x0000000085de4b88) thrown at [./src/hotspot/share/interpreter/linkResolver.cpp, line 773]

Events (20 events):
Event: 6.183 loading class com/android/build/gradle/internal/ide/dependencies/BuildMappingUtils done
Event: 6.183 loading class com/google/common/collect/SingletonImmutableBiMap
Event: 6.183 loading class com/google/common/collect/SingletonImmutableBiMap done
Event: 6.183 loading class com/google/common/collect/RegularImmutableBiMap
Event: 6.183 loading class com/google/common/collect/RegularImmutableBiMap done
Event: 6.184 loading class com/android/build/gradle/internal/ide/dependencies/ArtifactCollections
Event: 6.184 loading class com/android/build/gradle/internal/ide/dependencies/ArtifactCollections done
Event: 6.184 loading class com/android/build/gradle/internal/ide/dependencies/Level1RuntimeArtifactCollections
Event: 6.184 loading class com/android/build/gradle/internal/ide/dependencies/Level1RuntimeArtifactCollections done
Event: 6.185 loading class com/android/tools/lint/model/LintModelJavaArtifact
Event: 6.185 loading class com/android/tools/lint/model/LintModelJavaArtifact done
Event: 6.188 loading class com/android/tools/lint/model/LintModelSourceProvider
Event: 6.188 loading class com/android/tools/lint/model/LintModelSourceProvider done
Event: 6.190 loading class org/gradle/api/file/RegularFile
Event: 6.190 loading class org/gradle/api/file/RegularFile done
Event: 6.191 loading class com/android/tools/lint/model/LintModelBuildFeatures
Event: 6.191 loading class com/android/tools/lint/model/LintModelBuildFeatures done
Event: 6.192 loading class com/android/tools/lint/model/LintModelNamespacingMode
Event: 6.192 loading class com/android/tools/lint/model/LintModelNamespacingMode done
Event: 6.194 Executing VM operation: G1CollectForAllocation


Dynamic libraries:
0x00007ff7e0ea0000 - 0x00007ff7e0eaa000 	C:\Program Files\Android\Android Studio\jre\bin\java.exe
0x00007ff99aff0000 - 0x00007ff99b1e8000 	C:\Windows\SYSTEM32\ntdll.dll
0x00007ff99ac90000 - 0x00007ff99ad4d000 	C:\Windows\System32\KERNEL32.DLL
0x00007ff998710000 - 0x00007ff9989de000 	C:\Windows\System32\KERNELBASE.dll
0x00007ff9989e0000 - 0x00007ff998ae0000 	C:\Windows\System32\ucrtbase.dll
0x00007ff987160000 - 0x00007ff987179000 	C:\Program Files\Android\Android Studio\jre\bin\jli.dll
0x00007ff99a560000 - 0x00007ff99a700000 	C:\Windows\System32\USER32.dll
0x00007ff97d570000 - 0x00007ff97d80a000 	C:\Windows\WinSxS\amd64_microsoft.windows.common-controls_6595b64144ccf1df_6.0.19041.1110_none_60b5254171f9507e\COMCTL32.dll
0x00007ff998f30000 - 0x00007ff998f52000 	C:\Windows\System32\win32u.dll
0x00007ff9995c0000 - 0x00007ff9995ea000 	C:\Windows\System32\GDI32.dll
0x00007ff99ae80000 - 0x00007ff99af1e000 	C:\Windows\System32\msvcrt.dll
0x00007ff998d90000 - 0x00007ff998e9b000 	C:\Windows\System32\gdi32full.dll
0x00007ff998c40000 - 0x00007ff998cdd000 	C:\Windows\System32\msvcp_win.dll
0x00007ff982140000 - 0x00007ff982157000 	C:\Program Files\Android\Android Studio\jre\bin\VCRUNTIME140.dll
0x00007ff99aad0000 - 0x00007ff99ab00000 	C:\Windows\System32\IMM32.DLL
0x00007ff933160000 - 0x00007ff9331fd000 	C:\Program Files\Android\Android Studio\jre\bin\msvcp140.dll
0x00007ff9227f0000 - 0x00007ff9232d5000 	C:\Program Files\Android\Android Studio\jre\bin\server\jvm.dll
0x00007ff9993c0000 - 0x00007ff99946e000 	C:\Windows\System32\ADVAPI32.dll
0x00007ff999490000 - 0x00007ff99952c000 	C:\Windows\System32\sechost.dll
0x00007ff99ad50000 - 0x00007ff99ae75000 	C:\Windows\System32\RPCRT4.dll
0x00007ff999990000 - 0x00007ff999998000 	C:\Windows\System32\PSAPI.DLL
0x00007ff97a8e0000 - 0x00007ff97a907000 	C:\Windows\SYSTEM32\WINMM.dll
0x00007ff98eea0000 - 0x00007ff98eeaa000 	C:\Windows\SYSTEM32\VERSION.dll
0x00007ff978a50000 - 0x00007ff978a59000 	C:\Windows\SYSTEM32\WSOCK32.dll
0x00007ff9998c0000 - 0x00007ff99992b000 	C:\Windows\System32\WS2_32.dll
0x00007ff996f90000 - 0x00007ff996fa2000 	C:\Windows\SYSTEM32\kernel.appcore.dll
0x00007ff987140000 - 0x00007ff987151000 	C:\Program Files\Android\Android Studio\jre\bin\verify.dll
0x00007ff9964f0000 - 0x00007ff9966d4000 	C:\Windows\SYSTEM32\DBGHELP.DLL
0x00007ff97abb0000 - 0x00007ff97abdc000 	C:\Windows\SYSTEM32\dbgcore.DLL
0x00007ff998ea0000 - 0x00007ff998f22000 	C:\Windows\System32\bcryptPrimitives.dll
0x00007ff97f6d0000 - 0x00007ff97f6f9000 	C:\Program Files\Android\Android Studio\jre\bin\java.dll
0x00007ff98d790000 - 0x00007ff98d79b000 	C:\Program Files\Android\Android Studio\jre\bin\jimage.dll
0x00007ff981c30000 - 0x00007ff981c48000 	C:\Program Files\Android\Android Studio\jre\bin\zip.dll
0x00007ff9999a0000 - 0x00007ff99a0e3000 	C:\Windows\System32\SHELL32.dll
0x00007ff9967e0000 - 0x00007ff996f75000 	C:\Windows\SYSTEM32\windows.storage.dll
0x00007ff99a710000 - 0x00007ff99aa64000 	C:\Windows\System32\combase.dll
0x00007ff998170000 - 0x00007ff9981a0000 	C:\Windows\SYSTEM32\Wldp.dll
0x00007ff999050000 - 0x00007ff9990fd000 	C:\Windows\System32\SHCORE.dll
0x00007ff99ac30000 - 0x00007ff99ac85000 	C:\Windows\System32\shlwapi.dll
0x00007ff998650000 - 0x00007ff99866f000 	C:\Windows\SYSTEM32\profapi.dll
0x00007ff97f6b0000 - 0x00007ff97f6ca000 	C:\Program Files\Android\Android Studio\jre\bin\net.dll
0x00007ff98bc70000 - 0x00007ff98bd7a000 	C:\Windows\SYSTEM32\WINHTTP.dll
0x00007ff997e60000 - 0x00007ff997eca000 	C:\Windows\system32\mswsock.dll
0x00007ff97f690000 - 0x00007ff97f6a4000 	C:\Program Files\Android\Android Studio\jre\bin\nio.dll
0x00007ff988f70000 - 0x00007ff988f97000 	C:\Users\rcdup\.gradle\native\e1d6ef7f7dcc3fd88c89a11ec53ec762bb8ba0a96d01ffa2cd45eb1d1d8dd5c5\windows-amd64\native-platform.dll
0x00007ff933010000 - 0x00007ff933154000 	C:\Users\rcdup\.gradle\native\5664cfc778a61ccfe75a443a1ab52a65af34e5dc3c78e0209fed803814484fcb\windows-amd64\native-platform-file-events.dll
0x00007ff98b3c0000 - 0x00007ff98b3ca000 	C:\Program Files\Android\Android Studio\jre\bin\management.dll
0x00007ff989180000 - 0x00007ff98918d000 	C:\Program Files\Android\Android Studio\jre\bin\management_ext.dll
0x00007ff9980c0000 - 0x00007ff9980d8000 	C:\Windows\SYSTEM32\CRYPTSP.dll
0x00007ff997780000 - 0x00007ff9977b4000 	C:\Windows\system32\rsaenh.dll
0x00007ff998fb0000 - 0x00007ff998fd7000 	C:\Windows\System32\bcrypt.dll
0x00007ff9985d0000 - 0x00007ff9985fe000 	C:\Windows\SYSTEM32\USERENV.dll
0x00007ff9980e0000 - 0x00007ff9980ec000 	C:\Windows\SYSTEM32\CRYPTBASE.dll
0x00007ff997b50000 - 0x00007ff997b8b000 	C:\Windows\SYSTEM32\IPHLPAPI.DLL
0x00007ff999530000 - 0x00007ff999538000 	C:\Windows\System32\NSI.dll
0x00007ff98e8f0000 - 0x00007ff98e907000 	C:\Windows\SYSTEM32\dhcpcsvc6.DLL
0x00007ff98e380000 - 0x00007ff98e39d000 	C:\Windows\SYSTEM32\dhcpcsvc.DLL
0x00007ff997b90000 - 0x00007ff997c5a000 	C:\Windows\SYSTEM32\DNSAPI.dll

dbghelp: loaded successfully - version: 4.0.5 - missing functions: none
symbol engine: initialized successfully - sym options: 0x614 - pdb path: .;C:\Program Files\Android\Android Studio\jre\bin;C:\Windows\SYSTEM32;C:\Windows\WinSxS\amd64_microsoft.windows.common-controls_6595b64144ccf1df_6.0.19041.1110_none_60b5254171f9507e;C:\Program Files\Android\Android Studio\jre\bin\server;C:\Users\rcdup\.gradle\native\e1d6ef7f7dcc3fd88c89a11ec53ec762bb8ba0a96d01ffa2cd45eb1d1d8dd5c5\windows-amd64;C:\Users\rcdup\.gradle\native\5664cfc778a61ccfe75a443a1ab52a65af34e5dc3c78e0209fed803814484fcb\windows-amd64

VM Arguments:
jvm_args: --add-opens=java.base/java.util=ALL-UNNAMED --add-opens=java.base/java.lang=ALL-UNNAMED --add-opens=java.base/java.lang.invoke=ALL-UNNAMED --add-opens=java.base/java.util=ALL-UNNAMED --add-opens=java.prefs/java.util.prefs=ALL-UNNAMED --add-opens=java.prefs/java.util.prefs=ALL-UNNAMED --add-opens=java.base/java.nio.charset=ALL-UNNAMED --add-opens=java.base/java.net=ALL-UNNAMED --add-opens=java.base/java.util.concurrent.atomic=ALL-UNNAMED -Xmx2048m -Dfile.encoding=UTF-8 -Duser.country=PH -Duser.language=en -Duser.variant 
java_command: org.gradle.launcher.daemon.bootstrap.GradleDaemon 7.3.3
java_class_path (initial): C:\Users\rcdup\.gradle\wrapper\dists\gradle-7.3.3-bin\6a41zxkdtcxs8rphpq6y0069z\gradle-7.3.3\lib\gradle-launcher-7.3.3.jar
Launcher Type: SUN_STANDARD

[Global flags]
     intx CICompilerCount                          = 12                                        {product} {ergonomic}
     uint ConcGCThreads                            = 3                                         {product} {ergonomic}
     uint G1ConcRefinementThreads                  = 13                                        {product} {ergonomic}
   size_t G1HeapRegionSize                         = 1048576                                   {product} {ergonomic}
    uintx GCDrainStackTargetSize                   = 64                                        {product} {ergonomic}
   size_t InitialHeapSize                          = 130023424                                 {product} {ergonomic}
   size_t MarkStackSize                            = 4194304                                   {product} {ergonomic}
   size_t MaxHeapSize                              = 2147483648                                {product} {command line}
   size_t MaxNewSize                               = 1287651328                                {product} {ergonomic}
   size_t MinHeapDeltaBytes                        = 1048576                                   {product} {ergonomic}
    uintx NonNMethodCodeHeapSize                   = 7594288                                {pd product} {ergonomic}
    uintx NonProfiledCodeHeapSize                  = 122031976                              {pd product} {ergonomic}
    uintx ProfiledCodeHeapSize                     = 122031976                              {pd product} {ergonomic}
    uintx ReservedCodeCacheSize                    = 251658240                              {pd product} {ergonomic}
     bool SegmentedCodeCache                       = true                                      {product} {ergonomic}
     bool UseCompressedClassPointers               = true                                 {lp64_product} {ergonomic}
     bool UseCompressedOops                        = true                                 {lp64_product} {ergonomic}
     bool UseG1GC                                  = true                                      {product} {ergonomic}
     bool UseLargePagesIndividualAllocation        = false                                  {pd product} {ergonomic}

Logging:
Log output configuration:
 #0: stdout all=warning uptime,level,tags
 #1: stderr all=off uptime,level,tags

Environment Variables:
JAVA_HOME=C:\Program Files\Java\jre1.8.0_341\bin\java.exe
PATH=C:\Program Files\Common Files\Oracle\Java\javapath;C:\Program Files\Java\jre1.8.0_341\bin;C:\ProgramData\Oracle\Java\javapath;C:\Windows\system32;C:\Windows;C:\Windows\System32\Wbem;C:\Windows\System32\WindowsPowerShell\v1.0\;C:\Windows\System32\OpenSSH\;C:\Program Files (x86)\NVIDIA Corporation\PhysX\Common;C:\Program Files\dotnet\;C:\Program Files\Microsoft SQL Server\150\Tools\Binn\;C:\Program Files\nodejs\;C:\Program Files\Git\cmd;C:\Program Files\SASHome\x86\Secure\ccme4;C:\Program Files\SASHome\Secure\ccme4;C:\xampp\php;C:\ProgramData\ComposerSetup\bin;";";C:\Users\rcdup\AppData\Local\Microsoft\WindowsApps;C:\Users\rcdup\.dotnet\tools;C:\Users\rcdup\AppData\Local\Programs\Microsoft VS Code\bin;C:\Users\rcdup\AppData\Roaming\npm;C:\Program Files\heroku\bin;C:\Users\rcdup\AppData\Roaming\Composer\vendor\bin;C:\Program Files\JetBrains\IntelliJ IDEA Community Edition 2022.2.1\bin;
USERNAME=rcdup
OS=Windows_NT
PROCESSOR_IDENTIFIER=Intel64 Family 6 Model 141 Stepping 1, GenuineIntel



---------------  S Y S T E M  ---------------

OS: Windows 10 , 64 bit Build 19041 (10.0.19041.1889)
OS uptime: 7 days 9:13 hours

CPU:total 16 (initial active 16) (8 cores per cpu, 2 threads per core) family 6 model 141 stepping 1 microcode 0x26, cmov, cx8, fxsr, mmx, sse, sse2, sse3, ssse3, sse4.1, sse4.2, popcnt, avx, avx2, aes, clmul, erms, 3dnowpref, lzcnt, ht, tsc, tscinvbit, bmi1, bmi2, adx, evex, sha, fma

Memory: 4k page, system-wide physical 7893M (618M free)
TotalPageFile size 16085M (AvailPageFile size 26M)
current process WorkingSet (physical memory assigned to process): 398M, peak: 401M
current process commit charge ("private bytes"): 448M, peak: 481M

vm_info: OpenJDK 64-Bit Server VM (11.0.12+7-b1504.28-7817840) for windows-amd64 JRE (11.0.12+7-b1504.28-7817840), built on Oct 13 2021 22:12:33 by "builder" with MS VC++ 14.0 (VS2015)

END.
