#
# There is insufficient memory for the Java Runtime Environment to continue.
# Native memory allocation (malloc) failed to allocate 585136 bytes for Chunk::new
# Possible reasons:
#   The system is out of physical RAM or swap space
#   The process is running with CompressedOops enabled, and the Java Heap may be blocking the growth of the native heap
# Possible solutions:
#   Reduce memory load on the system
#   Increase physical memory or swap space
#   Check if swap backing store is full
#   Decrease Java heap size (-Xmx/-Xms)
#   Decrease number of Java threads
#   Decrease Java thread stack sizes (-Xss)
#   Set larger code cache with -XX:ReservedCodeCacheSize=
#   JVM is running with Unscaled Compressed Oops mode in which the Java heap is
#     placed in the first 4GB address space. The Java Heap base address is the
#     maximum limit for the native heap growth. Please use -XX:HeapBaseMinAddress
#     to set the Java Heap base and to place the Java Heap above 4GB virtual address.
# This output file may be truncated or incomplete.
#
#  Out of Memory Error (./src/hotspot/share/memory/arena.cpp:197), pid=17504, tid=16284
#
# JRE version: OpenJDK Runtime Environment (11.0.12+7) (build 11.0.12+7-b1504.28-7817840)
# Java VM: OpenJDK 64-Bit Server VM (11.0.12+7-b1504.28-7817840, mixed mode, tiered, compressed oops, g1 gc, windows-amd64)
# No core dump will be written. Minidumps are not enabled by default on client versions of Windows
#

---------------  S U M M A R Y ------------

Command Line: --add-opens=java.base/java.util=ALL-UNNAMED --add-opens=java.base/java.lang=ALL-UNNAMED --add-opens=java.base/java.lang.invoke=ALL-UNNAMED --add-opens=java.base/java.util=ALL-UNNAMED --add-opens=java.prefs/java.util.prefs=ALL-UNNAMED --add-opens=java.prefs/java.util.prefs=ALL-UNNAMED --add-opens=java.base/java.nio.charset=ALL-UNNAMED --add-opens=java.base/java.net=ALL-UNNAMED --add-opens=java.base/java.util.concurrent.atomic=ALL-UNNAMED -Xmx2048m -Dfile.encoding=UTF-8 -Duser.country=PH -Duser.language=en -Duser.variant org.gradle.launcher.daemon.bootstrap.GradleDaemon 7.3.3

Host: 11th Gen Intel(R) Core(TM) i7-11800H @ 2.30GHz, 16 cores, 7G,  Windows 10 , 64 bit Build 19041 (10.0.19041.1889)
Time: Wed Sep 28 23:39:17 2022 Malay Peninsula Standard Time elapsed time: 2.307944 seconds (0d 0h 0m 2s)

---------------  T H R E A D  ---------------

Current thread (0x0000014735bdc800):  JavaThread "C2 CompilerThread1" daemon [_thread_in_native, id=16284, stack(0x0000003094c00000,0x0000003094d00000)]


Current CompileTask:
C2:   2307 2795  s!   4       jdk.internal.loader.URLClassPath::getLoader (194 bytes)

Stack: [0x0000003094c00000,0x0000003094d00000]
Native frames: (J=compiled Java code, j=interpreted, Vv=VM code, C=native code)
V  [jvm.dll+0x5fbcea]
V  [jvm.dll+0x731905]
V  [jvm.dll+0x732f1d]
V  [jvm.dll+0x7335d3]
V  [jvm.dll+0x247bf8]
V  [jvm.dll+0xc018c]
V  [jvm.dll+0xc06cc]
V  [jvm.dll+0x2bcc04]
V  [jvm.dll+0x5113a8]
V  [jvm.dll+0x208303]
V  [jvm.dll+0x201fe0]
V  [jvm.dll+0x1ff71f]
V  [jvm.dll+0x18868c]
V  [jvm.dll+0x20e0d7]
V  [jvm.dll+0x20c901]
V  [jvm.dll+0x6f9b7f]
V  [jvm.dll+0x6f26a5]
V  [jvm.dll+0x5fabf6]
C  [ucrtbase.dll+0x21bb2]
C  [KERNEL32.DLL+0x17034]
C  [ntdll.dll+0x526a1]


---------------  P R O C E S S  ---------------

Threads class SMR info:
_java_thread_list=0x0000014737da82b0, length=33, elements={
0x0000014716a00800, 0x000001473397c000, 0x0000014733985800, 0x0000014733993000,
0x0000014733994000, 0x0000014733995800, 0x0000014733999800, 0x000001473399c800,
0x00000147342f1800, 0x0000014733915000, 0x0000014734458000, 0x0000014735a90800,
0x00000147376e4800, 0x00000147376e7000, 0x0000014735bdc800, 0x00000147376e2000,
0x00000147376e5800, 0x00000147376e6000, 0x00000147376e3000, 0x00000147376e3800,
0x00000147376e1800, 0x00000147376e8000, 0x00000147355c1800, 0x00000147355bd800,
0x00000147355be800, 0x00000147355c2800, 0x00000147355bf000, 0x00000147355c5000,
0x00000147355c5800, 0x00000147355c4000, 0x00000147355c0000, 0x00000147355c6800,
0x00000147355c0800
}

Java Threads: ( => current thread )
  0x0000014716a00800 JavaThread "main" [_thread_blocked, id=12136, stack(0x0000003093600000,0x0000003093700000)]
  0x000001473397c000 JavaThread "Reference Handler" daemon [_thread_blocked, id=11788, stack(0x0000003093d00000,0x0000003093e00000)]
  0x0000014733985800 JavaThread "Finalizer" daemon [_thread_blocked, id=19720, stack(0x0000003093e00000,0x0000003093f00000)]
  0x0000014733993000 JavaThread "Signal Dispatcher" daemon [_thread_blocked, id=22668, stack(0x0000003093f00000,0x0000003094000000)]
  0x0000014733994000 JavaThread "Attach Listener" daemon [_thread_blocked, id=10944, stack(0x0000003094000000,0x0000003094100000)]
  0x0000014733995800 JavaThread "Service Thread" daemon [_thread_blocked, id=21412, stack(0x0000003094100000,0x0000003094200000)]
  0x0000014733999800 JavaThread "C2 CompilerThread0" daemon [_thread_in_native, id=16688, stack(0x0000003094200000,0x0000003094300000)]
  0x000001473399c800 JavaThread "C1 CompilerThread0" daemon [_thread_blocked, id=20084, stack(0x0000003094300000,0x0000003094400000)]
  0x00000147342f1800 JavaThread "Sweeper thread" daemon [_thread_blocked, id=18396, stack(0x0000003094400000,0x0000003094500000)]
  0x0000014733915000 JavaThread "C1 CompilerThread1" daemon [_thread_in_native, id=11348, stack(0x0000003094500000,0x0000003094600000)]
  0x0000014734458000 JavaThread "Common-Cleaner" daemon [_thread_blocked, id=11000, stack(0x0000003094600000,0x0000003094700000)]
  0x0000014735a90800 JavaThread "C1 CompilerThread2" daemon [_thread_blocked, id=20932, stack(0x0000003094900000,0x0000003094a00000)]
  0x00000147376e4800 JavaThread "Daemon health stats" [_thread_blocked, id=13340, stack(0x0000003094a00000,0x0000003094b00000)]
  0x00000147376e7000 JavaThread "Incoming local TCP Connector on port 64884" [_thread_in_native, id=20600, stack(0x0000003094b00000,0x0000003094c00000)]
=>0x0000014735bdc800 JavaThread "C2 CompilerThread1" daemon [_thread_in_native, id=16284, stack(0x0000003094c00000,0x0000003094d00000)]
  0x00000147376e2000 JavaThread "Daemon periodic checks" [_thread_blocked, id=1480, stack(0x0000003094d00000,0x0000003094e00000)]
  0x00000147376e5800 JavaThread "Daemon" [_thread_blocked, id=19476, stack(0x0000003094e00000,0x0000003094f00000)]
  0x00000147376e6000 JavaThread "Handler for socket connection from /127.0.0.1:64884 to /127.0.0.1:64885" [_thread_in_native, id=10612, stack(0x0000003094f00000,0x0000003095000000)]
  0x00000147376e3000 JavaThread "Cancel handler" [_thread_blocked, id=2108, stack(0x0000003095000000,0x0000003095100000)]
  0x00000147376e3800 JavaThread "Daemon worker" [_thread_in_vm, id=20924, stack(0x0000003095100000,0x0000003095200000)]
  0x00000147376e1800 JavaThread "Asynchronous log dispatcher for DefaultDaemonConnection: socket connection from /127.0.0.1:64884 to /127.0.0.1:64885" [_thread_blocked, id=18052, stack(0x0000003095200000,0x0000003095300000)]
  0x00000147376e8000 JavaThread "Stdin handler" [_thread_blocked, id=19444, stack(0x0000003095300000,0x0000003095400000)]
  0x00000147355c1800 JavaThread "Daemon client event forwarder" [_thread_blocked, id=1960, stack(0x0000003095400000,0x0000003095500000)]
  0x00000147355bd800 JavaThread "Cache worker for journal cache (C:\Users\rcdup\.gradle\caches\journal-1)" [_thread_blocked, id=20812, stack(0x0000003096100000,0x0000003096200000)]
  0x00000147355be800 JavaThread "File lock request listener" [_thread_in_native, id=14708, stack(0x0000003096200000,0x0000003096300000)]
  0x00000147355c2800 JavaThread "Cache worker for file hash cache (C:\Users\rcdup\.gradle\caches\7.3.3\fileHashes)" [_thread_blocked, id=18056, stack(0x0000003096300000,0x0000003096400000)]
  0x00000147355bf000 JavaThread "Cache worker for file hash cache (C:\Users\rcdup\AndroidStudioProjects\Kanshi\.gradle\7.3.3\fileHashes)" [_thread_blocked, id=21988, stack(0x0000003096600000,0x0000003096700000)]
  0x00000147355c5000 JavaThread "File watcher server" daemon [_thread_in_native, id=23116, stack(0x0000003096700000,0x0000003096800000)]
  0x00000147355c5800 JavaThread "File watcher consumer" daemon [_thread_blocked, id=18388, stack(0x0000003096800000,0x0000003096900000)]
  0x00000147355c4000 JavaThread "Cache worker for checksums cache (C:\Users\rcdup\AndroidStudioProjects\Kanshi\.gradle\7.3.3\checksums)" [_thread_blocked, id=19620, stack(0x0000003096900000,0x0000003096a00000)]
  0x00000147355c0000 JavaThread "Cache worker for cache directory md-supplier (C:\Users\rcdup\.gradle\caches\7.3.3\md-supplier)" [_thread_blocked, id=11456, stack(0x0000003096a00000,0x0000003096b00000)]
  0x00000147355c6800 JavaThread "Cache worker for cache directory md-rule (C:\Users\rcdup\.gradle\caches\7.3.3\md-rule)" [_thread_blocked, id=4576, stack(0x0000003096b00000,0x0000003096c00000)]
  0x00000147355c0800 JavaThread "Cache worker for execution history cache (C:\Users\rcdup\.gradle\caches\7.3.3\executionHistory)" [_thread_blocked, id=19100, stack(0x0000003096c00000,0x0000003096d00000)]

Other Threads:
  0x0000014733975000 VMThread "VM Thread" [stack: 0x0000003093c00000,0x0000003093d00000] [id=9972]
  0x00000147344ec000 WatcherThread [stack: 0x0000003094700000,0x0000003094800000] [id=12768]
  0x0000014716a17800 GCTaskThread "GC Thread#0" [stack: 0x0000003093700000,0x0000003093800000] [id=18704]
  0x0000014734b7f800 GCTaskThread "GC Thread#1" [stack: 0x0000003094800000,0x0000003094900000] [id=13632]
  0x000001473567e800 GCTaskThread "GC Thread#2" [stack: 0x0000003095500000,0x0000003095600000] [id=23220]
  0x0000014735a5a800 GCTaskThread "GC Thread#3" [stack: 0x0000003095600000,0x0000003095700000] [id=21156]
  0x0000014735621000 GCTaskThread "GC Thread#4" [stack: 0x0000003095700000,0x0000003095800000] [id=10244]
  0x000001473613b800 GCTaskThread "GC Thread#5" [stack: 0x0000003095800000,0x0000003095900000] [id=3540]
  0x00000147355eb800 GCTaskThread "GC Thread#6" [stack: 0x0000003095900000,0x0000003095a00000] [id=6640]
  0x00000147355ec000 GCTaskThread "GC Thread#7" [stack: 0x0000003095a00000,0x0000003095b00000] [id=12720]
  0x000001473567a800 GCTaskThread "GC Thread#8" [stack: 0x0000003095b00000,0x0000003095c00000] [id=14836]
  0x000001473567b000 GCTaskThread "GC Thread#9" [stack: 0x0000003095c00000,0x0000003095d00000] [id=1392]
  0x0000014736137000 GCTaskThread "GC Thread#10" [stack: 0x0000003095d00000,0x0000003095e00000] [id=1128]
  0x0000014736137800 GCTaskThread "GC Thread#11" [stack: 0x0000003095e00000,0x0000003095f00000] [id=22912]
  0x0000014736138000 GCTaskThread "GC Thread#12" [stack: 0x0000003095f00000,0x0000003096000000] [id=16076]
  0x0000014716a4c800 ConcurrentGCThread "G1 Main Marker" [stack: 0x0000003093800000,0x0000003093900000] [id=3120]
  0x0000014716a4d800 ConcurrentGCThread "G1 Conc#0" [stack: 0x0000003093900000,0x0000003093a00000] [id=16892]
  0x00000147355a2800 ConcurrentGCThread "G1 Conc#1" [stack: 0x0000003096400000,0x0000003096500000] [id=21500]
  0x000001473789c800 ConcurrentGCThread "G1 Conc#2" [stack: 0x0000003096500000,0x0000003096600000] [id=19460]
  0x0000014716add800 ConcurrentGCThread "G1 Refine#0" [stack: 0x0000003093a00000,0x0000003093b00000] [id=14952]
  0x0000014734fd4800 ConcurrentGCThread "G1 Refine#1" [stack: 0x0000003096000000,0x0000003096100000] [id=21476]
  0x00000147337c4800 ConcurrentGCThread "G1 Young RemSet Sampling" [stack: 0x0000003093b00000,0x0000003093c00000] [id=4168]

Threads with active compile tasks:
C2 CompilerThread0   2316 2793   !   4       java.net.URL::<init> (543 bytes)
C2 CompilerThread1   2316 2795  s!   4       jdk.internal.loader.URLClassPath::getLoader (194 bytes)

VM state:not at safepoint (normal execution)

VM Mutex/Monitor currently owned by a thread: None

Heap address: 0x0000000080000000, size: 2048 MB, Compressed Oops mode: 32-bit
Narrow klass base: 0x0000000000000000, Narrow klass shift: 3
Compressed class space size: 1073741824 Address: 0x0000000100000000

Heap:
 garbage-first heap   total 126976K, used 61533K [0x0000000080000000, 0x0000000100000000)
  region size 1024K, 46 young (47104K), 4 survivors (4096K)
 Metaspace       used 32222K, capacity 32964K, committed 33200K, reserved 1077248K
  class space    used 4292K, capacity 4576K, committed 4608K, reserved 1048576K
Heap Regions: E=young(eden), S=young(survivor), O=old, HS=humongous(starts), HC=humongous(continues), CS=collection set, F=free, A=archive, TAMS=top-at-mark-start (previous, next)
|   0|0x0000000080000000, 0x0000000080100000, 0x0000000080100000|100%| O|  |TAMS 0x0000000080100000, 0x0000000080000000| Untracked 
|   1|0x0000000080100000, 0x0000000080200000, 0x0000000080200000|100%| O|  |TAMS 0x0000000080200000, 0x0000000080100000| Untracked 
|   2|0x0000000080200000, 0x0000000080300000, 0x0000000080300000|100%| O|  |TAMS 0x0000000080300000, 0x0000000080200000| Untracked 
|   3|0x0000000080300000, 0x0000000080400000, 0x0000000080400000|100%|HS|  |TAMS 0x0000000080400000, 0x0000000080300000| Complete 
|   4|0x0000000080400000, 0x0000000080500000, 0x0000000080500000|100%|HC|  |TAMS 0x0000000080500000, 0x0000000080400000| Complete 
|   5|0x0000000080500000, 0x0000000080600000, 0x0000000080600000|100%|HC|  |TAMS 0x0000000080600000, 0x0000000080500000| Complete 
|   6|0x0000000080600000, 0x0000000080700000, 0x0000000080700000|100%| O|  |TAMS 0x0000000080700000, 0x0000000080600000| Untracked 
|   7|0x0000000080700000, 0x0000000080800000, 0x0000000080800000|100%| O|  |TAMS 0x0000000080800000, 0x0000000080700000| Untracked 
|   8|0x0000000080800000, 0x0000000080900000, 0x0000000080900000|100%| O|  |TAMS 0x0000000080900000, 0x0000000080800000| Untracked 
|   9|0x0000000080900000, 0x0000000080a00000, 0x0000000080a00000|100%| O|  |TAMS 0x0000000080a00000, 0x0000000080900000| Untracked 
|  10|0x0000000080a00000, 0x0000000080b00000, 0x0000000080b00000|100%| O|  |TAMS 0x0000000080b00000, 0x0000000080a00000| Untracked 
|  11|0x0000000080b00000, 0x0000000080c00000, 0x0000000080c00000|100%| O|  |TAMS 0x0000000080c00000, 0x0000000080b00000| Untracked 
|  12|0x0000000080c00000, 0x0000000080d00000, 0x0000000080d00000|100%| O|  |TAMS 0x0000000080d00000, 0x0000000080c00000| Untracked 
|  13|0x0000000080d00000, 0x0000000080e00000, 0x0000000080e00000|100%| O|  |TAMS 0x0000000080e00000, 0x0000000080d00000| Untracked 
|  14|0x0000000080e00000, 0x0000000080f00000, 0x0000000080f00000|100%| O|  |TAMS 0x0000000080f00000, 0x0000000080e00000| Untracked 
|  15|0x0000000080f00000, 0x0000000080fb9e00, 0x0000000081000000| 72%| O|  |TAMS 0x0000000080fb9e00, 0x0000000080f00000| Untracked 
|  16|0x0000000081000000, 0x0000000081000000, 0x0000000081100000|  0%| F|  |TAMS 0x0000000081000000, 0x0000000081000000| Untracked 
|  17|0x0000000081100000, 0x0000000081100000, 0x0000000081200000|  0%| F|  |TAMS 0x0000000081100000, 0x0000000081100000| Untracked 
|  18|0x0000000081200000, 0x0000000081200000, 0x0000000081300000|  0%| F|  |TAMS 0x0000000081200000, 0x0000000081200000| Untracked 
|  19|0x0000000081300000, 0x0000000081300000, 0x0000000081400000|  0%| F|  |TAMS 0x0000000081300000, 0x0000000081300000| Untracked 
|  20|0x0000000081400000, 0x0000000081400000, 0x0000000081500000|  0%| F|  |TAMS 0x0000000081400000, 0x0000000081400000| Untracked 
|  21|0x0000000081500000, 0x0000000081500000, 0x0000000081600000|  0%| F|  |TAMS 0x0000000081500000, 0x0000000081500000| Untracked 
|  22|0x0000000081600000, 0x0000000081600000, 0x0000000081700000|  0%| F|  |TAMS 0x0000000081600000, 0x0000000081600000| Untracked 
|  23|0x0000000081700000, 0x0000000081700000, 0x0000000081800000|  0%| F|  |TAMS 0x0000000081700000, 0x0000000081700000| Untracked 
|  24|0x0000000081800000, 0x0000000081800000, 0x0000000081900000|  0%| F|  |TAMS 0x0000000081800000, 0x0000000081800000| Untracked 
|  25|0x0000000081900000, 0x0000000081900000, 0x0000000081a00000|  0%| F|  |TAMS 0x0000000081900000, 0x0000000081900000| Untracked 
|  26|0x0000000081a00000, 0x0000000081a00000, 0x0000000081b00000|  0%| F|  |TAMS 0x0000000081a00000, 0x0000000081a00000| Untracked 
|  27|0x0000000081b00000, 0x0000000081b00000, 0x0000000081c00000|  0%| F|  |TAMS 0x0000000081b00000, 0x0000000081b00000| Untracked 
|  28|0x0000000081c00000, 0x0000000081c00000, 0x0000000081d00000|  0%| F|  |TAMS 0x0000000081c00000, 0x0000000081c00000| Untracked 
|  29|0x0000000081d00000, 0x0000000081d00000, 0x0000000081e00000|  0%| F|  |TAMS 0x0000000081d00000, 0x0000000081d00000| Untracked 
|  30|0x0000000081e00000, 0x0000000081e00000, 0x0000000081f00000|  0%| F|  |TAMS 0x0000000081e00000, 0x0000000081e00000| Untracked 
|  31|0x0000000081f00000, 0x0000000081f00000, 0x0000000082000000|  0%| F|  |TAMS 0x0000000081f00000, 0x0000000081f00000| Untracked 
|  32|0x0000000082000000, 0x0000000082000000, 0x0000000082100000|  0%| F|  |TAMS 0x0000000082000000, 0x0000000082000000| Untracked 
|  33|0x0000000082100000, 0x0000000082100000, 0x0000000082200000|  0%| F|  |TAMS 0x0000000082100000, 0x0000000082100000| Untracked 
|  34|0x0000000082200000, 0x0000000082200000, 0x0000000082300000|  0%| F|  |TAMS 0x0000000082200000, 0x0000000082200000| Untracked 
|  35|0x0000000082300000, 0x0000000082300000, 0x0000000082400000|  0%| F|  |TAMS 0x0000000082300000, 0x0000000082300000| Untracked 
|  36|0x0000000082400000, 0x0000000082400000, 0x0000000082500000|  0%| F|  |TAMS 0x0000000082400000, 0x0000000082400000| Untracked 
|  37|0x0000000082500000, 0x0000000082500000, 0x0000000082600000|  0%| F|  |TAMS 0x0000000082500000, 0x0000000082500000| Untracked 
|  38|0x0000000082600000, 0x0000000082600000, 0x0000000082700000|  0%| F|  |TAMS 0x0000000082600000, 0x0000000082600000| Untracked 
|  39|0x0000000082700000, 0x0000000082700000, 0x0000000082800000|  0%| F|  |TAMS 0x0000000082700000, 0x0000000082700000| Untracked 
|  40|0x0000000082800000, 0x0000000082800000, 0x0000000082900000|  0%| F|  |TAMS 0x0000000082800000, 0x0000000082800000| Untracked 
|  41|0x0000000082900000, 0x0000000082900000, 0x0000000082a00000|  0%| F|  |TAMS 0x0000000082900000, 0x0000000082900000| Untracked 
|  42|0x0000000082a00000, 0x0000000082a00000, 0x0000000082b00000|  0%| F|  |TAMS 0x0000000082a00000, 0x0000000082a00000| Untracked 
|  43|0x0000000082b00000, 0x0000000082b00000, 0x0000000082c00000|  0%| F|  |TAMS 0x0000000082b00000, 0x0000000082b00000| Untracked 
|  44|0x0000000082c00000, 0x0000000082c00000, 0x0000000082d00000|  0%| F|  |TAMS 0x0000000082c00000, 0x0000000082c00000| Untracked 
|  45|0x0000000082d00000, 0x0000000082d00000, 0x0000000082e00000|  0%| F|  |TAMS 0x0000000082d00000, 0x0000000082d00000| Untracked 
|  46|0x0000000082e00000, 0x0000000082e00000, 0x0000000082f00000|  0%| F|  |TAMS 0x0000000082e00000, 0x0000000082e00000| Untracked 
|  47|0x0000000082f00000, 0x0000000082f00000, 0x0000000083000000|  0%| F|  |TAMS 0x0000000082f00000, 0x0000000082f00000| Untracked 
|  48|0x0000000083000000, 0x0000000083000000, 0x0000000083100000|  0%| F|  |TAMS 0x0000000083000000, 0x0000000083000000| Untracked 
|  49|0x0000000083100000, 0x0000000083100000, 0x0000000083200000|  0%| F|  |TAMS 0x0000000083100000, 0x0000000083100000| Untracked 
|  50|0x0000000083200000, 0x0000000083200000, 0x0000000083300000|  0%| F|  |TAMS 0x0000000083200000, 0x0000000083200000| Untracked 
|  51|0x0000000083300000, 0x0000000083300000, 0x0000000083400000|  0%| F|  |TAMS 0x0000000083300000, 0x0000000083300000| Untracked 
|  52|0x0000000083400000, 0x0000000083400000, 0x0000000083500000|  0%| F|  |TAMS 0x0000000083400000, 0x0000000083400000| Untracked 
|  53|0x0000000083500000, 0x0000000083500000, 0x0000000083600000|  0%| F|  |TAMS 0x0000000083500000, 0x0000000083500000| Untracked 
|  54|0x0000000083600000, 0x0000000083600000, 0x0000000083700000|  0%| F|  |TAMS 0x0000000083600000, 0x0000000083600000| Untracked 
|  55|0x0000000083700000, 0x000000008375d920, 0x0000000083800000| 36%| S|CS|TAMS 0x0000000083700000, 0x0000000083700000| Complete 
|  56|0x0000000083800000, 0x0000000083900000, 0x0000000083900000|100%| S|CS|TAMS 0x0000000083800000, 0x0000000083800000| Complete 
|  57|0x0000000083900000, 0x0000000083a00000, 0x0000000083a00000|100%| S|CS|TAMS 0x0000000083900000, 0x0000000083900000| Complete 
|  58|0x0000000083a00000, 0x0000000083b00000, 0x0000000083b00000|100%| S|CS|TAMS 0x0000000083a00000, 0x0000000083a00000| Complete 
|  59|0x0000000083b00000, 0x0000000083b00000, 0x0000000083c00000|  0%| F|  |TAMS 0x0000000083b00000, 0x0000000083b00000| Untracked 
|  60|0x0000000083c00000, 0x0000000083c00000, 0x0000000083d00000|  0%| F|  |TAMS 0x0000000083c00000, 0x0000000083c00000| Untracked 
|  61|0x0000000083d00000, 0x0000000083d00000, 0x0000000083e00000|  0%| F|  |TAMS 0x0000000083d00000, 0x0000000083d00000| Untracked 
|  62|0x0000000083e00000, 0x0000000083e00000, 0x0000000083f00000|  0%| F|  |TAMS 0x0000000083e00000, 0x0000000083e00000| Untracked 
|  63|0x0000000083f00000, 0x0000000083f00000, 0x0000000084000000|  0%| F|  |TAMS 0x0000000083f00000, 0x0000000083f00000| Untracked 
|  64|0x0000000084000000, 0x0000000084000000, 0x0000000084100000|  0%| F|  |TAMS 0x0000000084000000, 0x0000000084000000| Untracked 
|  65|0x0000000084100000, 0x0000000084100000, 0x0000000084200000|  0%| F|  |TAMS 0x0000000084100000, 0x0000000084100000| Untracked 
|  66|0x0000000084200000, 0x0000000084200000, 0x0000000084300000|  0%| F|  |TAMS 0x0000000084200000, 0x0000000084200000| Untracked 
|  67|0x0000000084300000, 0x0000000084300000, 0x0000000084400000|  0%| F|  |TAMS 0x0000000084300000, 0x0000000084300000| Untracked 
|  68|0x0000000084400000, 0x0000000084400000, 0x0000000084500000|  0%| F|  |TAMS 0x0000000084400000, 0x0000000084400000| Untracked 
|  69|0x0000000084500000, 0x0000000084500000, 0x0000000084600000|  0%| F|  |TAMS 0x0000000084500000, 0x0000000084500000| Untracked 
|  70|0x0000000084600000, 0x0000000084600000, 0x0000000084700000|  0%| F|  |TAMS 0x0000000084600000, 0x0000000084600000| Untracked 
|  71|0x0000000084700000, 0x0000000084700000, 0x0000000084800000|  0%| F|  |TAMS 0x0000000084700000, 0x0000000084700000| Untracked 
|  72|0x0000000084800000, 0x0000000084800000, 0x0000000084900000|  0%| F|  |TAMS 0x0000000084800000, 0x0000000084800000| Untracked 
|  73|0x0000000084900000, 0x0000000084900000, 0x0000000084a00000|  0%| F|  |TAMS 0x0000000084900000, 0x0000000084900000| Untracked 
|  74|0x0000000084a00000, 0x0000000084a00000, 0x0000000084b00000|  0%| F|  |TAMS 0x0000000084a00000, 0x0000000084a00000| Untracked 
|  75|0x0000000084b00000, 0x0000000084b00000, 0x0000000084c00000|  0%| F|  |TAMS 0x0000000084b00000, 0x0000000084b00000| Untracked 
|  76|0x0000000084c00000, 0x0000000084c00000, 0x0000000084d00000|  0%| F|  |TAMS 0x0000000084c00000, 0x0000000084c00000| Untracked 
|  77|0x0000000084d00000, 0x0000000084d00000, 0x0000000084e00000|  0%| F|  |TAMS 0x0000000084d00000, 0x0000000084d00000| Untracked 
|  78|0x0000000084e00000, 0x0000000084e00000, 0x0000000084f00000|  0%| F|  |TAMS 0x0000000084e00000, 0x0000000084e00000| Untracked 
|  79|0x0000000084f00000, 0x0000000084f00000, 0x0000000085000000|  0%| F|  |TAMS 0x0000000084f00000, 0x0000000084f00000| Untracked 
|  80|0x0000000085000000, 0x0000000085000000, 0x0000000085100000|  0%| F|  |TAMS 0x0000000085000000, 0x0000000085000000| Untracked 
|  81|0x0000000085100000, 0x0000000085100000, 0x0000000085200000|  0%| F|  |TAMS 0x0000000085100000, 0x0000000085100000| Untracked 
|  82|0x0000000085200000, 0x0000000085300000, 0x0000000085300000|100%| E|  |TAMS 0x0000000085200000, 0x0000000085200000| Complete 
|  83|0x0000000085300000, 0x0000000085400000, 0x0000000085400000|100%| E|CS|TAMS 0x0000000085300000, 0x0000000085300000| Complete 
|  84|0x0000000085400000, 0x0000000085500000, 0x0000000085500000|100%| E|CS|TAMS 0x0000000085400000, 0x0000000085400000| Complete 
|  85|0x0000000085500000, 0x0000000085600000, 0x0000000085600000|100%| E|CS|TAMS 0x0000000085500000, 0x0000000085500000| Complete 
|  86|0x0000000085600000, 0x0000000085700000, 0x0000000085700000|100%| E|CS|TAMS 0x0000000085600000, 0x0000000085600000| Complete 
|  87|0x0000000085700000, 0x0000000085800000, 0x0000000085800000|100%| E|CS|TAMS 0x0000000085700000, 0x0000000085700000| Complete 
|  88|0x0000000085800000, 0x0000000085900000, 0x0000000085900000|100%| E|CS|TAMS 0x0000000085800000, 0x0000000085800000| Complete 
|  89|0x0000000085900000, 0x0000000085a00000, 0x0000000085a00000|100%| E|CS|TAMS 0x0000000085900000, 0x0000000085900000| Complete 
|  90|0x0000000085a00000, 0x0000000085b00000, 0x0000000085b00000|100%| E|CS|TAMS 0x0000000085a00000, 0x0000000085a00000| Complete 
|  91|0x0000000085b00000, 0x0000000085c00000, 0x0000000085c00000|100%| E|CS|TAMS 0x0000000085b00000, 0x0000000085b00000| Complete 
|  92|0x0000000085c00000, 0x0000000085d00000, 0x0000000085d00000|100%| E|CS|TAMS 0x0000000085c00000, 0x0000000085c00000| Complete 
|  93|0x0000000085d00000, 0x0000000085e00000, 0x0000000085e00000|100%| E|CS|TAMS 0x0000000085d00000, 0x0000000085d00000| Complete 
|  94|0x0000000085e00000, 0x0000000085f00000, 0x0000000085f00000|100%| E|CS|TAMS 0x0000000085e00000, 0x0000000085e00000| Complete 
|  95|0x0000000085f00000, 0x0000000086000000, 0x0000000086000000|100%| E|CS|TAMS 0x0000000085f00000, 0x0000000085f00000| Complete 
|  96|0x0000000086000000, 0x0000000086100000, 0x0000000086100000|100%| E|CS|TAMS 0x0000000086000000, 0x0000000086000000| Complete 
|  97|0x0000000086100000, 0x0000000086200000, 0x0000000086200000|100%| E|CS|TAMS 0x0000000086100000, 0x0000000086100000| Complete 
|  98|0x0000000086200000, 0x0000000086300000, 0x0000000086300000|100%| E|CS|TAMS 0x0000000086200000, 0x0000000086200000| Complete 
|  99|0x0000000086300000, 0x0000000086400000, 0x0000000086400000|100%| E|CS|TAMS 0x0000000086300000, 0x0000000086300000| Complete 
| 100|0x0000000086400000, 0x0000000086500000, 0x0000000086500000|100%| E|CS|TAMS 0x0000000086400000, 0x0000000086400000| Complete 
| 101|0x0000000086500000, 0x0000000086600000, 0x0000000086600000|100%| E|CS|TAMS 0x0000000086500000, 0x0000000086500000| Complete 
| 102|0x0000000086600000, 0x0000000086700000, 0x0000000086700000|100%| E|CS|TAMS 0x0000000086600000, 0x0000000086600000| Complete 
| 103|0x0000000086700000, 0x0000000086800000, 0x0000000086800000|100%| E|CS|TAMS 0x0000000086700000, 0x0000000086700000| Complete 
| 104|0x0000000086800000, 0x0000000086900000, 0x0000000086900000|100%| E|CS|TAMS 0x0000000086800000, 0x0000000086800000| Complete 
| 105|0x0000000086900000, 0x0000000086a00000, 0x0000000086a00000|100%| E|CS|TAMS 0x0000000086900000, 0x0000000086900000| Complete 
| 106|0x0000000086a00000, 0x0000000086b00000, 0x0000000086b00000|100%| E|CS|TAMS 0x0000000086a00000, 0x0000000086a00000| Complete 
| 107|0x0000000086b00000, 0x0000000086c00000, 0x0000000086c00000|100%| E|CS|TAMS 0x0000000086b00000, 0x0000000086b00000| Complete 
| 108|0x0000000086c00000, 0x0000000086d00000, 0x0000000086d00000|100%| E|CS|TAMS 0x0000000086c00000, 0x0000000086c00000| Complete 
| 109|0x0000000086d00000, 0x0000000086e00000, 0x0000000086e00000|100%| E|CS|TAMS 0x0000000086d00000, 0x0000000086d00000| Complete 
| 110|0x0000000086e00000, 0x0000000086f00000, 0x0000000086f00000|100%| E|CS|TAMS 0x0000000086e00000, 0x0000000086e00000| Complete 
| 111|0x0000000086f00000, 0x0000000087000000, 0x0000000087000000|100%| E|CS|TAMS 0x0000000086f00000, 0x0000000086f00000| Complete 
| 112|0x0000000087000000, 0x0000000087100000, 0x0000000087100000|100%| E|CS|TAMS 0x0000000087000000, 0x0000000087000000| Complete 
| 113|0x0000000087100000, 0x0000000087200000, 0x0000000087200000|100%| E|CS|TAMS 0x0000000087100000, 0x0000000087100000| Complete 
| 114|0x0000000087200000, 0x0000000087300000, 0x0000000087300000|100%| E|CS|TAMS 0x0000000087200000, 0x0000000087200000| Complete 
| 115|0x0000000087300000, 0x0000000087400000, 0x0000000087400000|100%| E|CS|TAMS 0x0000000087300000, 0x0000000087300000| Complete 
| 116|0x0000000087400000, 0x0000000087500000, 0x0000000087500000|100%| E|CS|TAMS 0x0000000087400000, 0x0000000087400000| Complete 
| 117|0x0000000087500000, 0x0000000087600000, 0x0000000087600000|100%| E|CS|TAMS 0x0000000087500000, 0x0000000087500000| Complete 
| 118|0x0000000087600000, 0x0000000087700000, 0x0000000087700000|100%| E|CS|TAMS 0x0000000087600000, 0x0000000087600000| Complete 
| 119|0x0000000087700000, 0x0000000087800000, 0x0000000087800000|100%| E|CS|TAMS 0x0000000087700000, 0x0000000087700000| Complete 
| 120|0x0000000087800000, 0x0000000087900000, 0x0000000087900000|100%| E|CS|TAMS 0x0000000087800000, 0x0000000087800000| Complete 
| 121|0x0000000087900000, 0x0000000087a00000, 0x0000000087a00000|100%| E|CS|TAMS 0x0000000087900000, 0x0000000087900000| Complete 
| 122|0x0000000087a00000, 0x0000000087b00000, 0x0000000087b00000|100%| E|CS|TAMS 0x0000000087a00000, 0x0000000087a00000| Complete 
| 123|0x0000000087b00000, 0x0000000087c00000, 0x0000000087c00000|100%| E|CS|TAMS 0x0000000087b00000, 0x0000000087b00000| Complete 

Card table byte_map: [0x000001472c0f0000,0x000001472c4f0000] _byte_map_base: 0x000001472bcf0000

Marking Bits (Prev, Next): (CMBitMap*) 0x0000014716a43840, (CMBitMap*) 0x0000014716a43808
 Prev Bits: [0x000001472e8f0000, 0x00000147308f0000)
 Next Bits: [0x000001472c8f0000, 0x000001472e8f0000)

Polling page: 0x0000014716ae0000

Metaspace:

Usage:
  Non-class:     27.72 MB capacity,    27.29 MB ( 98%) used,   376.01 KB (  1%) free+waste,    68.38 KB ( <1%) overhead. 
      Class:      4.47 MB capacity,     4.19 MB ( 94%) used,   249.02 KB (  5%) free+waste,    34.00 KB ( <1%) overhead. 
       Both:     32.19 MB capacity,    31.48 MB ( 98%) used,   625.02 KB (  2%) free+waste,   102.38 KB ( <1%) overhead. 

Virtual space:
  Non-class space:       28.00 MB reserved,      27.92 MB (>99%) committed 
      Class space:        1.00 GB reserved,       4.50 MB ( <1%) committed 
             Both:        1.03 GB reserved,      32.42 MB (  3%) committed 

Chunk freelists:
   Non-Class:  12.00 KB
       Class:  0 bytes
        Both:  12.00 KB

MaxMetaspaceSize: 17179869184.00 GB
CompressedClassSpaceSize: 1.00 GB
Initial GC threshold: 20.80 MB
Current GC threshold: 34.87 MB
CDS: off

CodeHeap 'non-profiled nmethods': size=119168Kb used=1228Kb max_used=1228Kb free=117939Kb
 bounds [0x00000147238d0000, 0x0000014723b40000, 0x000001472ad30000]
CodeHeap 'profiled nmethods': size=119168Kb used=6538Kb max_used=6538Kb free=112629Kb
 bounds [0x000001471c470000, 0x000001471cae0000, 0x00000147238d0000]
CodeHeap 'non-nmethods': size=7424Kb used=2376Kb max_used=2413Kb free=5047Kb
 bounds [0x000001471bd30000, 0x000001471bfa0000, 0x000001471c470000]
 total_blobs=3435 nmethods=2922 adapters=423
 compilation: enabled
              stopped_count=0, restarted_count=0
 full_count=0

Compilation events (20 events):
Event: 2.300 Thread 0x0000014735a90800 2901       3       java.util.stream.MatchOps$BooleanTerminalSink::<init> (21 bytes)
Event: 2.300 Thread 0x0000014735a90800 nmethod 2901 0x000001471cabf810 code [0x000001471cabf9c0, 0x000001471cabfb98]
Event: 2.300 Thread 0x0000014735a90800 2902       3       java.util.Spliterators$IteratorSpliterator::estimateSize (41 bytes)
Event: 2.300 Thread 0x000001473399c800 nmethod 2899 0x000001471cabfc90 code [0x000001471cabfe60, 0x000001471cac01d8]
Event: 2.300 Thread 0x0000014733915000 nmethod 2900 0x000001471cac0310 code [0x000001471cac04e0, 0x000001471cac07b8]
Event: 2.300 Thread 0x0000014735a90800 nmethod 2902 0x000001471cac0910 code [0x000001471cac0ae0, 0x000001471cac0e18]
Event: 2.301 Thread 0x000001473399c800 2904       3       org.codehaus.groovy.vmplugin.v9.Java9::isOpen (21 bytes)
Event: 2.301 Thread 0x0000014735a90800 2906       3       org.codehaus.groovy.vmplugin.v9.Java9$$Lambda$268/0x0000000100474040::<init> (10 bytes)
Event: 2.301 Thread 0x0000014733915000 2905       3       org.codehaus.groovy.vmplugin.v9.Java9$$Lambda$268/0x0000000100474040::get$Lambda (9 bytes)
Event: 2.302 Thread 0x0000014735a90800 nmethod 2906 0x000001471cac0f10 code [0x000001471cac10c0, 0x000001471cac1278]
Event: 2.302 Thread 0x0000014733915000 nmethod 2905 0x000001471cac1310 code [0x000001471cac14e0, 0x000001471cac1738]
Event: 2.302 Thread 0x0000014735a90800 2907       3       org.codehaus.groovy.vmplugin.v9.Java9::isExported (21 bytes)
Event: 2.302 Thread 0x0000014733915000 2908       3       org.codehaus.groovy.vmplugin.v9.Java9$$Lambda$269/0x0000000100474440::get$Lambda (9 bytes)
Event: 2.302 Thread 0x000001473399c800 nmethod 2904 0x000001471cac1810 code [0x000001471cac1a40, 0x000001471cac2138]
Event: 2.302 Thread 0x0000014733915000 nmethod 2908 0x000001471cac2390 code [0x000001471cac2560, 0x000001471cac27b8]
Event: 2.302 Thread 0x000001473399c800 2909       3       org.codehaus.groovy.vmplugin.v9.Java9$$Lambda$269/0x0000000100474440::<init> (10 bytes)
Event: 2.302 Thread 0x000001473399c800 nmethod 2909 0x000001471cac2890 code [0x000001471cac2a40, 0x000001471cac2bf8]
Event: 2.302 Thread 0x0000014735a90800 nmethod 2907 0x000001471cac2c90 code [0x000001471cac2ec0, 0x000001471cac35b8]
Event: 2.304 Thread 0x000001473399c800 2913       1       java.lang.module.ModuleDescriptor$Opens::source (5 bytes)
Event: 2.304 Thread 0x000001473399c800 nmethod 2913 0x0000014723a01e10 code [0x0000014723a01fc0, 0x0000014723a02078]

GC Heap History (8 events):
Event: 0.369 GC heap before
{Heap before GC invocations=0 (full 0):
 garbage-first heap   total 126976K, used 29696K [0x0000000080000000, 0x0000000100000000)
  region size 1024K, 24 young (24576K), 0 survivors (0K)
 Metaspace       used 10233K, capacity 10435K, committed 10624K, reserved 1058816K
  class space    used 1064K, capacity 1138K, committed 1152K, reserved 1048576K
}
Event: 0.375 GC heap after
{Heap after GC invocations=1 (full 0):
 garbage-first heap   total 126976K, used 9664K [0x0000000080000000, 0x0000000100000000)
  region size 1024K, 3 young (3072K), 3 survivors (3072K)
 Metaspace       used 10233K, capacity 10435K, committed 10624K, reserved 1058816K
  class space    used 1064K, capacity 1138K, committed 1152K, reserved 1048576K
}
Event: 1.381 GC heap before
{Heap before GC invocations=1 (full 0):
 garbage-first heap   total 126976K, used 82368K [0x0000000080000000, 0x0000000100000000)
  region size 1024K, 74 young (75776K), 3 survivors (3072K)
 Metaspace       used 17544K, capacity 17893K, committed 18176K, reserved 1064960K
  class space    used 2050K, capacity 2179K, committed 2304K, reserved 1048576K
}
Event: 1.385 GC heap after
{Heap after GC invocations=2 (full 0):
 garbage-first heap   total 126976K, used 16106K [0x0000000080000000, 0x0000000100000000)
  region size 1024K, 10 young (10240K), 10 survivors (10240K)
 Metaspace       used 17544K, capacity 17893K, committed 18176K, reserved 1064960K
  class space    used 2050K, capacity 2179K, committed 2304K, reserved 1048576K
}
Event: 1.561 GC heap before
{Heap before GC invocations=2 (full 0):
 garbage-first heap   total 126976K, used 45802K [0x0000000080000000, 0x0000000100000000)
  region size 1024K, 40 young (40960K), 10 survivors (10240K)
 Metaspace       used 20712K, capacity 21121K, committed 21296K, reserved 1069056K
  class space    used 2537K, capacity 2680K, committed 2688K, reserved 1048576K
}
Event: 1.565 GC heap after
{Heap after GC invocations=3 (full 0):
 garbage-first heap   total 126976K, used 17448K [0x0000000080000000, 0x0000000100000000)
  region size 1024K, 2 young (2048K), 2 survivors (2048K)
 Metaspace       used 20712K, capacity 21121K, committed 21296K, reserved 1069056K
  class space    used 2537K, capacity 2680K, committed 2688K, reserved 1048576K
}
Event: 2.012 GC heap before
{Heap before GC invocations=4 (full 0):
 garbage-first heap   total 126976K, used 80936K [0x0000000080000000, 0x0000000100000000)
  region size 1024K, 65 young (66560K), 2 survivors (2048K)
 Metaspace       used 27404K, capacity 28047K, committed 28080K, reserved 1073152K
  class space    used 3584K, capacity 3808K, committed 3840K, reserved 1048576K
}
Event: 2.015 GC heap after
{Heap after GC invocations=5 (full 0):
 garbage-first heap   total 126976K, used 19549K [0x0000000080000000, 0x0000000100000000)
  region size 1024K, 4 young (4096K), 4 survivors (4096K)
 Metaspace       used 27404K, capacity 28047K, committed 28080K, reserved 1073152K
  class space    used 3584K, capacity 3808K, committed 3840K, reserved 1048576K
}

Deoptimization events (20 events):
Event: 2.080 Thread 0x00000147376e3800 DEOPT PACKING pc=0x0000014723956a2c sp=0x00000030951f8b70
Event: 2.080 Thread 0x00000147376e3800 DEOPT UNPACKING pc=0x000001471bd385af sp=0x00000030951f8b08 mode 2
Event: 2.196 Thread 0x00000147376e3800 DEOPT PACKING pc=0x000001471c901d79 sp=0x00000030951f8eb0
Event: 2.196 Thread 0x00000147376e3800 DEOPT UNPACKING pc=0x000001471bd79d0e sp=0x00000030951f83f8 mode 0
Event: 2.206 Thread 0x00000147376e3800 Uncommon trap: trap_request=0xffffff4d fr.pc=0x00000147239eb8e4 relative=0x00000000000001a4
Event: 2.206 Thread 0x00000147376e3800 Uncommon trap: reason=unstable_if action=reinterpret pc=0x00000147239eb8e4 method=java.util.regex.Pattern$BmpCharProperty.match(Ljava/util/regex/Matcher;ILjava/lang/CharSequence;)Z @ 39 c2
Event: 2.206 Thread 0x00000147376e3800 DEOPT PACKING pc=0x00000147239eb8e4 sp=0x00000030951f97c0
Event: 2.206 Thread 0x00000147376e3800 DEOPT UNPACKING pc=0x000001471bd385af sp=0x00000030951f9770 mode 2
Event: 2.221 Thread 0x00000147376e3800 Uncommon trap: trap_request=0xffffff6e fr.pc=0x00000147239f564c relative=0x000000000000078c
Event: 2.221 Thread 0x00000147376e3800 Uncommon trap: reason=speculate_class_check action=maybe_recompile pc=0x00000147239f564c method=java.lang.reflect.Executable.declaredAnnotations()Ljava/util/Map; @ 23 c2
Event: 2.221 Thread 0x00000147376e3800 DEOPT PACKING pc=0x00000147239f564c sp=0x00000030951f9a10
Event: 2.221 Thread 0x00000147376e3800 DEOPT UNPACKING pc=0x000001471bd385af sp=0x00000030951f9950 mode 2
Event: 2.227 Thread 0x00000147376e3800 Uncommon trap: trap_request=0xffffff4d fr.pc=0x000001472397b1b0 relative=0x0000000000000230
Event: 2.227 Thread 0x00000147376e3800 Uncommon trap: reason=unstable_if action=reinterpret pc=0x000001472397b1b0 method=java.util.HashMap.putVal(ILjava/lang/Object;Ljava/lang/Object;ZZ)Ljava/lang/Object; @ 162 c2
Event: 2.227 Thread 0x00000147376e3800 DEOPT PACKING pc=0x000001472397b1b0 sp=0x00000030951fa8b0
Event: 2.227 Thread 0x00000147376e3800 DEOPT UNPACKING pc=0x000001471bd385af sp=0x00000030951fa7c0 mode 2
Event: 2.229 Thread 0x00000147376e3800 Uncommon trap: trap_request=0xffffff6e fr.pc=0x00000147239f564c relative=0x000000000000078c
Event: 2.229 Thread 0x00000147376e3800 Uncommon trap: reason=speculate_class_check action=maybe_recompile pc=0x00000147239f564c method=java.lang.reflect.Executable.declaredAnnotations()Ljava/util/Map; @ 23 c2
Event: 2.229 Thread 0x00000147376e3800 DEOPT PACKING pc=0x00000147239f564c sp=0x00000030951faa40
Event: 2.229 Thread 0x00000147376e3800 DEOPT UNPACKING pc=0x000001471bd385af sp=0x00000030951fa980 mode 2

Classes redefined (0 events):
No events

Internal exceptions (20 events):
Event: 1.922 Thread 0x00000147376e3800 Exception <a 'java/lang/NoSuchMethodError'{0x000000008460b8a8}: 'void java.lang.invoke.DirectMethodHandle$Holder.invokeStatic(java.lang.Object, java.lang.Object, java.lang.Object, java.lang.Object)'> (0x000000008460b8a8) thrown at [./src/hotspot/share/interpreter/linkResolver.cpp, line 773]
Event: 1.925 Thread 0x00000147376e3800 Exception <a 'java/lang/NoSuchMethodError'{0x0000000084639750}: 'java.lang.Object java.lang.invoke.DirectMethodHandle$Holder.invokeVirtual(java.lang.Object, java.lang.Object, java.lang.Object)'> (0x0000000084639750) thrown at [./src/hotspot/share/interpreter/linkResolver.cpp, line 773]
Event: 1.926 Thread 0x00000147376e3800 Exception <a 'java/lang/NoSuchMethodError'{0x000000008468f2f0}: 'int java.lang.invoke.DirectMethodHandle$Holder.invokeVirtual(java.lang.Object, java.lang.Object)'> (0x000000008468f2f0) thrown at [./src/hotspot/share/interpreter/linkResolver.cpp, line 773]
Event: 1.930 Thread 0x00000147376e3800 Exception <a 'java/lang/NoSuchMethodError'{0x00000000846c91e8}: 'int java.lang.invoke.DirectMethodHandle$Holder.invokeVirtual(java.lang.Object, java.lang.Object, java.lang.Object)'> (0x00000000846c91e8) thrown at [./src/hotspot/share/interpreter/linkResolver.cpp, line 773]
Event: 1.943 Thread 0x00000147376e3800 Exception <a 'java/lang/NoSuchMethodError'{0x000000008442bbc8}: 'void java.lang.invoke.DirectMethodHandle$Holder.invokeSpecial(java.lang.Object, java.lang.Object)'> (0x000000008442bbc8) thrown at [./src/hotspot/share/interpreter/linkResolver.cpp, line 773]
Event: 2.010 Thread 0x00000147376e3800 Exception <a 'java/lang/NoSuchMethodError'{0x0000000083b9d4b8}: 'java.lang.Object java.lang.invoke.DirectMethodHandle$Holder.invokeSpecialIFC(java.lang.Object, java.lang.Object, java.lang.Object, java.lang.Object)'> (0x0000000083b9d4b8) thrown at [./src/hotspot/share/interpreter/linkResolver.cpp, line 773]
Event: 2.019 Thread 0x00000147376e3800 Exception <a 'java/lang/NoSuchMethodError'{0x0000000087b787b0}: 'java.lang.Object java.lang.invoke.DirectMethodHandle$Holder.invokeSpecial(java.lang.Object, java.lang.Object, java.lang.Object, java.lang.Object, java.lang.Object, java.lang.Object, java.lang.Object, java.lang.Object, java.lang.Object, java.lang.Object, java.lang.Object, java.lang.Object, java.lang.Object)'> (0x0000000087b787b0) thrown at [./src/hotspot/share/interpreter/linkResolver.cpp, line 773]
Event: 2.020 Thread 0x00000147376e3800 Exception <a 'java/lang/NoSuchMethodError'{0x0000000087b898e8}: 'java.lang.Object java.lang.invoke.DirectMethodHandle$Holder.invokeSpecial(java.lang.Object, java.lang.Object, java.lang.Object, java.lang.Object, java.lang.Object, java.lang.Object, java.lang.Object, java.lang.Object, java.lang.Object, java.lang.Object, java.lang.Object, java.lang.Object)'> (0x0000000087b898e8) thrown at [./src/hotspot/share/interpreter/linkResolver.cpp, line 773]
Event: 2.020 Thread 0x00000147376e3800 Exception <a 'java/lang/NoSuchMethodError'{0x0000000087b8ea10}: 'java.lang.Object java.lang.invoke.Invokers$Holder.linkToTargetMethod(java.lang.Object, java.lang.Object, java.lang.Object, java.lang.Object, java.lang.Object, java.lang.Object, java.lang.Object, java.lang.Object, java.lang.Object, java.lang.Object, java.lang.Object)'> (0x0000000087b8ea10) thrown at [./src/hotspot/share/interpreter/linkResolver.cpp, line 773]
Event: 2.027 Thread 0x00000147376e3800 Exception <a 'java/lang/NoSuchMethodError'{0x0000000087ad0f88}: 'java.lang.Object java.lang.invoke.DirectMethodHandle$Holder.invokeSpecial(java.lang.Object, java.lang.Object, java.lang.Object, java.lang.Object, java.lang.Object, java.lang.Object, java.lang.Object, java.lang.Object, java.lang.Object, java.lang.Object, java.lang.Object, java.lang.Object, java.lang.Object, java.lang.Object)'> (0x0000000087ad0f88) thrown at [./src/hotspot/share/interpreter/linkResolver.cpp, line 773]
Event: 2.028 Thread 0x00000147376e3800 Exception <a 'java/lang/NoSuchMethodError'{0x0000000087ae2600}: 'java.lang.Object java.lang.invoke.Invokers$Holder.linkToTargetMethod(java.lang.Object, java.lang.Object, java.lang.Object, java.lang.Object, java.lang.Object, java.lang.Object, java.lang.Object, java.lang.Object, java.lang.Object, java.lang.Object, java.lang.Object, java.lang.Object)'> (0x0000000087ae2600) thrown at [./src/hotspot/share/interpreter/linkResolver.cpp, line 773]
Event: 2.034 Thread 0x00000147376e3800 Exception <a 'java/lang/NoSuchMethodError'{0x00000000879cb520}: 'java.lang.Object java.lang.invoke.DirectMethodHandle$Holder.invokeStaticInit(java.lang.Object, java.lang.Object, java.lang.Object, java.lang.Object)'> (0x00000000879cb520) thrown at [./src/hotspot/share/interpreter/linkResolver.cpp, line 773]
Event: 2.080 Thread 0x00000147376e3800 Implicit null exception at 0x0000014723998075 to 0x0000014723998240
Event: 2.080 Thread 0x00000147376e3800 Implicit null exception at 0x00000147239569af to 0x0000014723956a1d
Event: 2.146 Thread 0x00000147376e3800 Exception <a 'java/lang/NoSuchMethodError'{0x000000008679e260}: 'java.lang.Object java.lang.invoke.Invokers$Holder.linkToTargetMethod(java.lang.Object, java.lang.Object, java.lang.Object, java.lang.Object, java.lang.Object, java.lang.Object, java.lang.Object, java.lang.Object)'> (0x000000008679e260) thrown at [./src/hotspot/share/interpreter/linkResolver.cpp, line 773]
Event: 2.148 Thread 0x00000147376e3800 Exception <a 'java/lang/NoSuchMethodError'{0x00000000867eae48}: 'java.lang.Object java.lang.invoke.Invokers$Holder.linkToTargetMethod(java.lang.Object, java.lang.Object, java.lang.Object, java.lang.Object, java.lang.Object, java.lang.Object, java.lang.Object)'> (0x00000000867eae48) thrown at [./src/hotspot/share/interpreter/linkResolver.cpp, line 773]
Event: 2.150 Thread 0x00000147376e3800 Exception <a 'java/lang/IncompatibleClassChangeError'{0x000000008662a428}: Found class java.lang.Object, but interface was expected> (0x000000008662a428) thrown at [./src/hotspot/share/interpreter/linkResolver.cpp, line 839]
Event: 2.291 Thread 0x00000147376e3800 Exception <a 'java/lang/NoSuchMethodError'{0x00000000853affd0}: 'void java.lang.invoke.DirectMethodHandle$Holder.invokeStaticInit(java.lang.Object, java.lang.Object, java.lang.Object)'> (0x00000000853affd0) thrown at [./src/hotspot/share/interpreter/linkResolver.cpp, line 773]
Event: 2.292 Thread 0x00000147376e3800 Exception <a 'java/lang/NoSuchMethodError'{0x00000000853b7228}: 'void java.lang.invoke.DirectMethodHandle$Holder.invokeStaticInit(java.lang.Object, java.lang.Object, java.lang.Object, java.lang.Object)'> (0x00000000853b7228) thrown at [./src/hotspot/share/interpreter/linkResolver.cpp, line 773]
Event: 2.294 Thread 0x00000147376e3800 Exception <a 'java/lang/NoSuchMethodError'{0x00000000853d9880}: 'void java.lang.invoke.DirectMethodHandle$Holder.invokeStaticInit(java.lang.Object, java.lang.Object, java.lang.Object, java.lang.Object, java.lang.Object)'> (0x00000000853d9880) thrown at [./src/hotspot/share/interpreter/linkResolver.cpp, line 773]

Events (20 events):
Event: 2.283 loading class org/codehaus/groovy/ast/Variable
Event: 2.283 loading class org/codehaus/groovy/ast/Variable done
Event: 2.284 loading class org/codehaus/groovy/ast/MethodNode
Event: 2.284 loading class org/codehaus/groovy/ast/MethodNode done
Event: 2.284 loading class org/codehaus/groovy/ast/ConstructorNode
Event: 2.284 loading class org/codehaus/groovy/ast/ConstructorNode done
Event: 2.284 loading class org/codehaus/groovy/ast/PackageNode
Event: 2.284 loading class org/codehaus/groovy/ast/PackageNode done
Event: 2.284 loading class org/codehaus/groovy/ast/Parameter
Event: 2.284 loading class org/codehaus/groovy/ast/Parameter done
Event: 2.285 loading class java/lang/IllegalCallerException
Event: 2.285 loading class java/lang/IllegalCallerException done
Event: 2.285 loading class org/codehaus/groovy/vmplugin/v8/PluginDefaultGroovyMethods
Event: 2.285 loading class org/codehaus/groovy/vmplugin/v8/PluginDefaultGroovyMethods done
Event: 2.286 loading class org/codehaus/groovy/runtime/DefaultGroovyMethodsSupport
Event: 2.286 loading class org/codehaus/groovy/runtime/DefaultGroovyMethodsSupport done
Event: 2.287 loading class jdk/internal/module/SystemModules$all
Event: 2.289 loading class jdk/internal/module/SystemModules$all done
Event: 2.290 loading class java/util/Spliterators$IteratorSpliterator
Event: 2.291 loading class java/util/Spliterators$IteratorSpliterator done


Dynamic libraries:
0x00007ff616500000 - 0x00007ff61650a000 	C:\Program Files\Android\Android Studio\jre\bin\java.exe
0x00007ff99aff0000 - 0x00007ff99b1e8000 	C:\Windows\SYSTEM32\ntdll.dll
0x00007ff99ac90000 - 0x00007ff99ad4d000 	C:\Windows\System32\KERNEL32.DLL
0x00007ff998710000 - 0x00007ff9989de000 	C:\Windows\System32\KERNELBASE.dll
0x00007ff9989e0000 - 0x00007ff998ae0000 	C:\Windows\System32\ucrtbase.dll
0x00007ff978750000 - 0x00007ff978769000 	C:\Program Files\Android\Android Studio\jre\bin\jli.dll
0x00007ff966d20000 - 0x00007ff966d37000 	C:\Program Files\Android\Android Studio\jre\bin\VCRUNTIME140.dll
0x00007ff99a560000 - 0x00007ff99a700000 	C:\Windows\System32\USER32.dll
0x00007ff998f30000 - 0x00007ff998f52000 	C:\Windows\System32\win32u.dll
0x00007ff97d570000 - 0x00007ff97d80a000 	C:\Windows\WinSxS\amd64_microsoft.windows.common-controls_6595b64144ccf1df_6.0.19041.1110_none_60b5254171f9507e\COMCTL32.dll
0x00007ff9995c0000 - 0x00007ff9995ea000 	C:\Windows\System32\GDI32.dll
0x00007ff99ae80000 - 0x00007ff99af1e000 	C:\Windows\System32\msvcrt.dll
0x00007ff998d90000 - 0x00007ff998e9b000 	C:\Windows\System32\gdi32full.dll
0x00007ff998c40000 - 0x00007ff998cdd000 	C:\Windows\System32\msvcp_win.dll
0x00007ff99aad0000 - 0x00007ff99ab00000 	C:\Windows\System32\IMM32.DLL
0x00007ff94b4c0000 - 0x00007ff94b55d000 	C:\Program Files\Android\Android Studio\jre\bin\msvcp140.dll
0x00007ff921850000 - 0x00007ff922335000 	C:\Program Files\Android\Android Studio\jre\bin\server\jvm.dll
0x00007ff9993c0000 - 0x00007ff99946e000 	C:\Windows\System32\ADVAPI32.dll
0x00007ff999490000 - 0x00007ff99952c000 	C:\Windows\System32\sechost.dll
0x00007ff99ad50000 - 0x00007ff99ae75000 	C:\Windows\System32\RPCRT4.dll
0x00007ff999990000 - 0x00007ff999998000 	C:\Windows\System32\PSAPI.DLL
0x00007ff98eea0000 - 0x00007ff98eeaa000 	C:\Windows\SYSTEM32\VERSION.dll
0x00007ff97a8e0000 - 0x00007ff97a907000 	C:\Windows\SYSTEM32\WINMM.dll
0x00007ff978a50000 - 0x00007ff978a59000 	C:\Windows\SYSTEM32\WSOCK32.dll
0x00007ff9998c0000 - 0x00007ff99992b000 	C:\Windows\System32\WS2_32.dll
0x00007ff996f90000 - 0x00007ff996fa2000 	C:\Windows\SYSTEM32\kernel.appcore.dll
0x00007ff97ca00000 - 0x00007ff97ca11000 	C:\Program Files\Android\Android Studio\jre\bin\verify.dll
0x00007ff9964f0000 - 0x00007ff9966d4000 	C:\Windows\SYSTEM32\DBGHELP.DLL
0x00007ff97abb0000 - 0x00007ff97abdc000 	C:\Windows\SYSTEM32\dbgcore.DLL
0x00007ff998ea0000 - 0x00007ff998f22000 	C:\Windows\System32\bcryptPrimitives.dll
0x00007ff97b4c0000 - 0x00007ff97b4e9000 	C:\Program Files\Android\Android Studio\jre\bin\java.dll
0x00007ff988fa0000 - 0x00007ff988fab000 	C:\Program Files\Android\Android Studio\jre\bin\jimage.dll
0x00007ff97c9e0000 - 0x00007ff97c9f8000 	C:\Program Files\Android\Android Studio\jre\bin\zip.dll
0x00007ff9999a0000 - 0x00007ff99a0e3000 	C:\Windows\System32\SHELL32.dll
0x00007ff9967e0000 - 0x00007ff996f75000 	C:\Windows\SYSTEM32\windows.storage.dll
0x00007ff99a710000 - 0x00007ff99aa64000 	C:\Windows\System32\combase.dll
0x00007ff998170000 - 0x00007ff9981a0000 	C:\Windows\SYSTEM32\Wldp.dll
0x00007ff999050000 - 0x00007ff9990fd000 	C:\Windows\System32\SHCORE.dll
0x00007ff99ac30000 - 0x00007ff99ac85000 	C:\Windows\System32\shlwapi.dll
0x00007ff998650000 - 0x00007ff99866f000 	C:\Windows\SYSTEM32\profapi.dll
0x00007ff97c510000 - 0x00007ff97c52a000 	C:\Program Files\Android\Android Studio\jre\bin\net.dll
0x00007ff98bc70000 - 0x00007ff98bd7a000 	C:\Windows\SYSTEM32\WINHTTP.dll
0x00007ff997e60000 - 0x00007ff997eca000 	C:\Windows\system32\mswsock.dll
0x00007ff97c070000 - 0x00007ff97c084000 	C:\Program Files\Android\Android Studio\jre\bin\nio.dll
0x00007ff9622d0000 - 0x00007ff9622f7000 	C:\Users\rcdup\.gradle\native\e1d6ef7f7dcc3fd88c89a11ec53ec762bb8ba0a96d01ffa2cd45eb1d1d8dd5c5\windows-amd64\native-platform.dll
0x00007ff920ec0000 - 0x00007ff921004000 	C:\Users\rcdup\.gradle\native\5664cfc778a61ccfe75a443a1ab52a65af34e5dc3c78e0209fed803814484fcb\windows-amd64\native-platform-file-events.dll
0x00007ff988f00000 - 0x00007ff988f0a000 	C:\Program Files\Android\Android Studio\jre\bin\management.dll
0x00007ff988570000 - 0x00007ff98857d000 	C:\Program Files\Android\Android Studio\jre\bin\management_ext.dll
0x00007ff9980c0000 - 0x00007ff9980d8000 	C:\Windows\SYSTEM32\CRYPTSP.dll
0x00007ff997780000 - 0x00007ff9977b4000 	C:\Windows\system32\rsaenh.dll
0x00007ff998fb0000 - 0x00007ff998fd7000 	C:\Windows\System32\bcrypt.dll
0x00007ff9985d0000 - 0x00007ff9985fe000 	C:\Windows\SYSTEM32\USERENV.dll
0x00007ff9980e0000 - 0x00007ff9980ec000 	C:\Windows\SYSTEM32\CRYPTBASE.dll
0x00007ff997b50000 - 0x00007ff997b8b000 	C:\Windows\SYSTEM32\IPHLPAPI.DLL
0x00007ff999530000 - 0x00007ff999538000 	C:\Windows\System32\NSI.dll
0x00007ff98e8f0000 - 0x00007ff98e907000 	C:\Windows\SYSTEM32\dhcpcsvc6.DLL
0x00007ff98e380000 - 0x00007ff98e39d000 	C:\Windows\SYSTEM32\dhcpcsvc.DLL
0x00007ff997b90000 - 0x00007ff997c5a000 	C:\Windows\SYSTEM32\DNSAPI.dll

dbghelp: loaded successfully - version: 4.0.5 - missing functions: none
symbol engine: initialized successfully - sym options: 0x614 - pdb path: .;C:\Program Files\Android\Android Studio\jre\bin;C:\Windows\SYSTEM32;C:\Windows\WinSxS\amd64_microsoft.windows.common-controls_6595b64144ccf1df_6.0.19041.1110_none_60b5254171f9507e;C:\Program Files\Android\Android Studio\jre\bin\server;C:\Users\rcdup\.gradle\native\e1d6ef7f7dcc3fd88c89a11ec53ec762bb8ba0a96d01ffa2cd45eb1d1d8dd5c5\windows-amd64;C:\Users\rcdup\.gradle\native\5664cfc778a61ccfe75a443a1ab52a65af34e5dc3c78e0209fed803814484fcb\windows-amd64

VM Arguments:
jvm_args: --add-opens=java.base/java.util=ALL-UNNAMED --add-opens=java.base/java.lang=ALL-UNNAMED --add-opens=java.base/java.lang.invoke=ALL-UNNAMED --add-opens=java.base/java.util=ALL-UNNAMED --add-opens=java.prefs/java.util.prefs=ALL-UNNAMED --add-opens=java.prefs/java.util.prefs=ALL-UNNAMED --add-opens=java.base/java.nio.charset=ALL-UNNAMED --add-opens=java.base/java.net=ALL-UNNAMED --add-opens=java.base/java.util.concurrent.atomic=ALL-UNNAMED -Xmx2048m -Dfile.encoding=UTF-8 -Duser.country=PH -Duser.language=en -Duser.variant 
java_command: org.gradle.launcher.daemon.bootstrap.GradleDaemon 7.3.3
java_class_path (initial): C:\Users\rcdup\.gradle\wrapper\dists\gradle-7.3.3-bin\6a41zxkdtcxs8rphpq6y0069z\gradle-7.3.3\lib\gradle-launcher-7.3.3.jar
Launcher Type: SUN_STANDARD

[Global flags]
     intx CICompilerCount                          = 12                                        {product} {ergonomic}
     uint ConcGCThreads                            = 3                                         {product} {ergonomic}
     uint G1ConcRefinementThreads                  = 13                                        {product} {ergonomic}
   size_t G1HeapRegionSize                         = 1048576                                   {product} {ergonomic}
    uintx GCDrainStackTargetSize                   = 64                                        {product} {ergonomic}
   size_t InitialHeapSize                          = 130023424                                 {product} {ergonomic}
   size_t MarkStackSize                            = 4194304                                   {product} {ergonomic}
   size_t MaxHeapSize                              = 2147483648                                {product} {command line}
   size_t MaxNewSize                               = 1287651328                                {product} {ergonomic}
   size_t MinHeapDeltaBytes                        = 1048576                                   {product} {ergonomic}
    uintx NonNMethodCodeHeapSize                   = 7594288                                {pd product} {ergonomic}
    uintx NonProfiledCodeHeapSize                  = 122031976                              {pd product} {ergonomic}
    uintx ProfiledCodeHeapSize                     = 122031976                              {pd product} {ergonomic}
    uintx ReservedCodeCacheSize                    = 251658240                              {pd product} {ergonomic}
     bool SegmentedCodeCache                       = true                                      {product} {ergonomic}
     bool UseCompressedClassPointers               = true                                 {lp64_product} {ergonomic}
     bool UseCompressedOops                        = true                                 {lp64_product} {ergonomic}
     bool UseG1GC                                  = true                                      {product} {ergonomic}
     bool UseLargePagesIndividualAllocation        = false                                  {pd product} {ergonomic}

Logging:
Log output configuration:
 #0: stdout all=warning uptime,level,tags
 #1: stderr all=off uptime,level,tags

Environment Variables:
JAVA_HOME=C:\Program Files\Java\jre1.8.0_341\bin\java.exe
PATH=C:\Program Files\Common Files\Oracle\Java\javapath;C:\Program Files\Java\jre1.8.0_341\bin;C:\ProgramData\Oracle\Java\javapath;C:\Windows\system32;C:\Windows;C:\Windows\System32\Wbem;C:\Windows\System32\WindowsPowerShell\v1.0\;C:\Windows\System32\OpenSSH\;C:\Program Files (x86)\NVIDIA Corporation\PhysX\Common;C:\Program Files\dotnet\;C:\Program Files\Microsoft SQL Server\150\Tools\Binn\;C:\Program Files\nodejs\;C:\Program Files\Git\cmd;C:\Program Files\SASHome\x86\Secure\ccme4;C:\Program Files\SASHome\Secure\ccme4;C:\xampp\php;C:\ProgramData\ComposerSetup\bin;";";C:\Users\rcdup\AppData\Local\Microsoft\WindowsApps;C:\Users\rcdup\.dotnet\tools;C:\Users\rcdup\AppData\Local\Programs\Microsoft VS Code\bin;C:\Users\rcdup\AppData\Roaming\npm;C:\Program Files\heroku\bin;C:\Users\rcdup\AppData\Roaming\Composer\vendor\bin;C:\Program Files\JetBrains\IntelliJ IDEA Community Edition 2022.2.1\bin;
USERNAME=rcdup
OS=Windows_NT
PROCESSOR_IDENTIFIER=Intel64 Family 6 Model 141 Stepping 1, GenuineIntel



---------------  S Y S T E M  ---------------

OS: Windows 10 , 64 bit Build 19041 (10.0.19041.1889)
OS uptime: 12 days 11:18 hours

CPU:total 16 (initial active 16) (8 cores per cpu, 2 threads per core) family 6 model 141 stepping 1 microcode 0x26, cmov, cx8, fxsr, mmx, sse, sse2, sse3, ssse3, sse4.1, sse4.2, popcnt, avx, avx2, aes, clmul, erms, 3dnowpref, lzcnt, ht, tsc, tscinvbit, bmi1, bmi2, adx, evex, sha, fma

Memory: 4k page, system-wide physical 7893M (329M free)
TotalPageFile size 16085M (AvailPageFile size 5M)
current process WorkingSet (physical memory assigned to process): 233M, peak: 233M
current process commit charge ("private bytes"): 309M, peak: 310M

vm_info: OpenJDK 64-Bit Server VM (11.0.12+7-b1504.28-7817840) for windows-amd64 JRE (11.0.12+7-b1504.28-7817840), built on Oct 13 2021 22:12:33 by "builder" with MS VC++ 14.0 (VS2015)

END.
