#
# There is insufficient memory for the Java Runtime Environment to continue.
# Native memory allocation (malloc) failed to allocate 32744 bytes for ChunkPool::allocate
# Possible reasons:
#   The system is out of physical RAM or swap space
#   The process is running with CompressedOops enabled, and the Java Heap may be blocking the growth of the native heap
# Possible solutions:
#   Reduce memory load on the system
#   Increase physical memory or swap space
#   Check if swap backing store is full
#   Decrease Java heap size (-Xmx/-Xms)
#   Decrease number of Java threads
#   Decrease Java thread stack sizes (-Xss)
#   Set larger code cache with -XX:ReservedCodeCacheSize=
#   JVM is running with Unscaled Compressed Oops mode in which the Java heap is
#     placed in the first 4GB address space. The Java Heap base address is the
#     maximum limit for the native heap growth. Please use -XX:HeapBaseMinAddress
#     to set the Java Heap base and to place the Java Heap above 4GB virtual address.
# This output file may be truncated or incomplete.
#
#  Out of Memory Error (./src/hotspot/share/memory/arena.cpp:81), pid=11368, tid=17728
#
# JRE version: OpenJDK Runtime Environment (11.0.12+7) (build 11.0.12+7-b1504.28-7817840)
# Java VM: OpenJDK 64-Bit Server VM (11.0.12+7-b1504.28-7817840, mixed mode, tiered, compressed oops, g1 gc, windows-amd64)
# No core dump will be written. Minidumps are not enabled by default on client versions of Windows
#

---------------  S U M M A R Y ------------

Command Line: --add-opens=java.base/java.util=ALL-UNNAMED --add-opens=java.base/java.lang=ALL-UNNAMED --add-opens=java.base/java.lang.invoke=ALL-UNNAMED --add-opens=java.base/java.util=ALL-UNNAMED --add-opens=java.prefs/java.util.prefs=ALL-UNNAMED --add-opens=java.prefs/java.util.prefs=ALL-UNNAMED --add-opens=java.base/java.nio.charset=ALL-UNNAMED --add-opens=java.base/java.net=ALL-UNNAMED --add-opens=java.base/java.util.concurrent.atomic=ALL-UNNAMED -Xmx2048m -Dfile.encoding=UTF-8 -Duser.country=PH -Duser.language=en -Duser.variant org.gradle.launcher.daemon.bootstrap.GradleDaemon 7.3.3

Host: 11th Gen Intel(R) Core(TM) i7-11800H @ 2.30GHz, 16 cores, 7G,  Windows 10 , 64 bit Build 19041 (10.0.19041.1889)
Time: Mon Oct 10 12:12:12 2022 Malay Peninsula Standard Time elapsed time: 6.544499 seconds (0d 0h 0m 6s)

---------------  T H R E A D  ---------------

Current thread (0x000002bb5ae24000):  VMThread "VM Thread" [stack: 0x000000eda3d00000,0x000000eda3e00000] [id=17728] _threads_hazard_ptr=0x000002bb5daef300

Stack: [0x000000eda3d00000,0x000000eda3e00000]
[error occurred during error reporting (printing stack bounds), id 0xc0000005, EXCEPTION_ACCESS_VIOLATION (0xc0000005) at pc=0x000002bb439312e7]

Native frames: (J=compiled Java code, j=interpreted, Vv=VM code, C=native code)
V  [jvm.dll+0x5fbcea]
V  [jvm.dll+0x731905]
V  [jvm.dll+0x732f1d]
V  [jvm.dll+0x733535]
V  [jvm.dll+0x7334eb]
V  [jvm.dll+0x5fb080]
V  [jvm.dll+0x5fb818]
C  [ntdll.dll+0xa235f]
C  [ntdll.dll+0x514a4]
C  [ntdll.dll+0xa0e8e]
C  0x000002bb439312e7

VM_Operation (0x000000eda51f6a20): BulkRevokeBias, mode: safepoint, requested by thread 0x000002bb5cfce000


---------------  P R O C E S S  ---------------

Threads class SMR info:
_java_thread_list=0x000002bb5daef300, length=190, elements={
0x000002bb3fe1d000, 0x000002bb5ae2a800, 0x000002bb5ae34000, 0x000002bb5ae42800,
0x000002bb5ae45800, 0x000002bb5ae46800, 0x000002bb5ae48800, 0x000002bb5ae4c000,
0x000002bb5ae4d000, 0x000002bb5adc1800, 0x000002bb5b903000, 0x000002bb5bc08000,
0x000002bb5d24e800, 0x000002bb5cb50000, 0x000002bb5cba5000, 0x000002bb5d126800,
0x000002bb5d127000, 0x000002bb5cccb000, 0x000002bb5cfce000, 0x000002bb5cfcf000,
0x000002bb5cd95800, 0x000002bb5d8c6800, 0x000002bb5e0d2000, 0x000002bb5e0d0800,
0x000002bb5e0cf800, 0x000002bb5e0d3000, 0x000002bb5e0cf000, 0x000002bb5ef13800,
0x000002bb5e0ce000, 0x000002bb5e0d1800, 0x000002bb5e0cd800, 0x000002bb5e0d4000,
0x000002bb5f2ab000, 0x000002bb5f2ad800, 0x000002bb5f1dd800, 0x000002bb5f2ad000,
0x000002bb5f2aa800, 0x000002bb5f2ae800, 0x000002bb5f2af000, 0x000002bb5f2a9800,
0x000002bb5f2b1000, 0x000002bb5f2b1800, 0x000002bb5f2b0000, 0x000002bb5f2b6000,
0x000002bb5f2b2800, 0x000002bb5f2b3800, 0x000002bb5f2b4000, 0x000002bb5f2b5000,
0x000002bb5f2b6800, 0x000002bb5f2b7800, 0x000002bb5f72a000, 0x000002bb5f72c000,
0x000002bb5f72b000, 0x000002bb5f729800, 0x000002bb5f72c800, 0x000002bb5f72d800,
0x000002bb5f72e800, 0x000002bb5f728800, 0x000002bb5f72f000, 0x000002bb5f730000,
0x000002bb5f735000, 0x000002bb5f733000, 0x000002bb5f732800, 0x000002bb5f734000,
0x000002bb5f735800, 0x000002bb5f736800, 0x000002bb5f731000, 0x000002bb5f737800,
0x000002bb5f731800, 0x000002bb63208000, 0x000002bb63205800, 0x000002bb63207000,
0x000002bb63204800, 0x000002bb63208800, 0x000002bb63206000, 0x000002bb6320d800,
0x000002bb6320e800, 0x000002bb6320c000, 0x000002bb63209800, 0x000002bb6320b000,
0x000002bb6320a800, 0x000002bb63211000, 0x000002bb6320c800, 0x000002bb6320f000,
0x000002bb63212800, 0x000002bb63213000, 0x000002bb63210000, 0x000002bb63211800,
0x000002bb608dd000, 0x000002bb608df000, 0x000002bb608da800, 0x000002bb608de800,
0x000002bb608e1000, 0x000002bb608e0000, 0x000002bb608db000, 0x000002bb608dc000,
0x000002bb608e1800, 0x000002bb608dd800, 0x000002bb608e4000, 0x000002bb608e5800,
0x000002bb608e7800, 0x000002bb608e2800, 0x000002bb608e6800, 0x000002bb608e3800,
0x000002bb608e8000, 0x000002bb608e5000, 0x000002bb608e9000, 0x000002bb6070c800,
0x000002bb60708800, 0x000002bb6070e000, 0x000002bb6070b800, 0x000002bb6070d000,
0x000002bb6070f000, 0x000002bb60709000, 0x000002bb6070f800, 0x000002bb6070b000,
0x000002bb6070a000, 0x000002bb60712000, 0x000002bb60710800, 0x000002bb60717000,
0x000002bb60713800, 0x000002bb60713000, 0x000002bb60716000, 0x000002bb60714800,
0x000002bb60715800, 0x000002bb60711800, 0x000002bb609a1800, 0x000002bb609a0800,
0x000002bb6099e000, 0x000002bb6099f000, 0x000002bb609a4800, 0x000002bb609a3000,
0x000002bb609a0000, 0x000002bb609a4000, 0x000002bb609a5800, 0x000002bb609a6800,
0x000002bb609a8000, 0x000002bb609a7000, 0x000002bb609a2000, 0x000002bb609ab000,
0x000002bb609a9000, 0x000002bb609ad000, 0x000002bb609a9800, 0x000002bb609aa800,
0x000002bb609ac000, 0x000002bb60da0800, 0x000002bb60da3000, 0x000002bb60da4800,
0x000002bb60da3800, 0x000002bb60da5800, 0x000002bb60da6000, 0x000002bb60da7000,
0x000002bb60da1000, 0x000002bb60da7800, 0x000002bb60da2000, 0x000002bb60dab000,
0x000002bb60dae000, 0x000002bb60da9800, 0x000002bb60dac800, 0x000002bb60dad800,
0x000002bb60da8800, 0x000002bb60daf000, 0x000002bb60daa000, 0x000002bb60dac000,
0x000002bb60b5d800, 0x000002bb60b62000, 0x000002bb60b60800, 0x000002bb60b63000,
0x000002bb60b60000, 0x000002bb60b64000, 0x000002bb60b5e000, 0x000002bb60b61800,
0x000002bb60b64800, 0x000002bb60b5f000, 0x000002bb60b68000, 0x000002bb60b69000,
0x000002bb60b69800, 0x000002bb60b67000, 0x000002bb60b6a800, 0x000002bb60b6b000,
0x000002bb60b66800, 0x000002bb60b65800, 0x000002bb60b6c000, 0x000002bb60abc800,
0x000002bb60ac0000, 0x000002bb60abf000, 0x000002bb60abd800, 0x000002bb60abe800,
0x000002bb60ac0800, 0x000002bb60abb000
}

Java Threads: ( => current thread )
  0x000002bb3fe1d000 JavaThread "main" [_thread_blocked, id=3272, stack(0x000000eda3700000,0x000000eda3800000)]
  0x000002bb5ae2a800 JavaThread "Reference Handler" daemon [_thread_blocked, id=4200, stack(0x000000eda3e00000,0x000000eda3f00000)]
  0x000002bb5ae34000 JavaThread "Finalizer" daemon [_thread_blocked, id=2656, stack(0x000000eda3f00000,0x000000eda4000000)]
  0x000002bb5ae42800 JavaThread "Signal Dispatcher" daemon [_thread_blocked, id=3540, stack(0x000000eda4000000,0x000000eda4100000)]
  0x000002bb5ae45800 JavaThread "Attach Listener" daemon [_thread_blocked, id=20196, stack(0x000000eda4100000,0x000000eda4200000)]
  0x000002bb5ae46800 JavaThread "Service Thread" daemon [_thread_blocked, id=19772, stack(0x000000eda4200000,0x000000eda4300000)]
  0x000002bb5ae48800 JavaThread "C2 CompilerThread0" daemon [_thread_blocked, id=23460, stack(0x000000eda4300000,0x000000eda4400000)]
  0x000002bb5ae4c000 JavaThread "C1 CompilerThread0" daemon [_thread_blocked, id=8596, stack(0x000000eda4400000,0x000000eda4500000)]
  0x000002bb5ae4d000 JavaThread "Sweeper thread" daemon [_thread_blocked, id=14744, stack(0x000000eda4500000,0x000000eda4600000)]
  0x000002bb5adc1800 JavaThread "C1 CompilerThread1" daemon [_thread_blocked, id=9896, stack(0x000000eda4600000,0x000000eda4700000)]
  0x000002bb5b903000 JavaThread "Common-Cleaner" daemon [_thread_blocked, id=11132, stack(0x000000eda4700000,0x000000eda4800000)]
  0x000002bb5bc08000 JavaThread "C1 CompilerThread2" daemon [_thread_blocked, id=10136, stack(0x000000eda4a00000,0x000000eda4b00000)]
  0x000002bb5d24e800 JavaThread "Daemon health stats" [_thread_blocked, id=20704, stack(0x000000eda4b00000,0x000000eda4c00000)]
  0x000002bb5cb50000 JavaThread "Incoming local TCP Connector on port 63705" [_thread_in_native, id=15840, stack(0x000000eda4c00000,0x000000eda4d00000)]
  0x000002bb5cba5000 JavaThread "Daemon periodic checks" [_thread_blocked, id=18272, stack(0x000000eda4d00000,0x000000eda4e00000)]
  0x000002bb5d126800 JavaThread "Daemon" [_thread_blocked, id=10028, stack(0x000000eda4e00000,0x000000eda4f00000)]
  0x000002bb5d127000 JavaThread "Handler for socket connection from /127.0.0.1:63705 to /127.0.0.1:63706" [_thread_in_native, id=12488, stack(0x000000eda4f00000,0x000000eda5000000)]
  0x000002bb5cccb000 JavaThread "Cancel handler" [_thread_blocked, id=2840, stack(0x000000eda5000000,0x000000eda5100000)]
  0x000002bb5cfce000 JavaThread "Daemon worker" [_thread_blocked, id=14548, stack(0x000000eda5100000,0x000000eda5200000)]
  0x000002bb5cfcf000 JavaThread "C2 CompilerThread1" daemon [_thread_blocked, id=22568, stack(0x000000eda5200000,0x000000eda5300000)]
  0x000002bb5cd95800 JavaThread "Asynchronous log dispatcher for DefaultDaemonConnection: socket connection from /127.0.0.1:63705 to /127.0.0.1:63706" [_thread_blocked, id=22592, stack(0x000000eda5300000,0x000000eda5400000)]
  0x000002bb5d8c6800 JavaThread "Stdin handler" [_thread_blocked, id=20044, stack(0x000000eda5400000,0x000000eda5500000)]
  0x000002bb5e0d2000 JavaThread "Daemon client event forwarder" [_thread_blocked, id=10624, stack(0x000000eda5500000,0x000000eda5600000)]
  0x000002bb5e0d0800 JavaThread "Cache worker for journal cache (C:\Users\rcdup\.gradle\caches\journal-1)" [_thread_blocked, id=17152, stack(0x000000eda6100000,0x000000eda6200000)]
  0x000002bb5e0cf800 JavaThread "File lock request listener" [_thread_in_native, id=5620, stack(0x000000eda6200000,0x000000eda6300000)]
  0x000002bb5e0d3000 JavaThread "Cache worker for file hash cache (C:\Users\rcdup\.gradle\caches\7.3.3\fileHashes)" [_thread_blocked, id=24432, stack(0x000000eda6300000,0x000000eda6400000)]
  0x000002bb5e0cf000 JavaThread "Cache worker for file hash cache (C:\Users\rcdup\AndroidStudioProjects\Kanshi\.gradle\7.3.3\fileHashes)" [_thread_blocked, id=19088, stack(0x000000eda6600000,0x000000eda6700000)]
  0x000002bb5ef13800 JavaThread "C2 CompilerThread2" daemon [_thread_blocked, id=17196, stack(0x000000eda6700000,0x000000eda6800000)]
  0x000002bb5e0ce000 JavaThread "File watcher server" daemon [_thread_in_native, id=324, stack(0x000000eda6800000,0x000000eda6900000)]
  0x000002bb5e0d1800 JavaThread "File watcher consumer" daemon [_thread_blocked, id=21456, stack(0x000000eda6900000,0x000000eda6a00000)]
  0x000002bb5e0cd800 JavaThread "Cache worker for checksums cache (C:\Users\rcdup\AndroidStudioProjects\Kanshi\.gradle\7.3.3\checksums)" [_thread_blocked, id=11868, stack(0x000000eda6a00000,0x000000eda6b00000)]
  0x000002bb5e0d4000 JavaThread "Cache worker for cache directory md-supplier (C:\Users\rcdup\.gradle\caches\7.3.3\md-supplier)" [_thread_blocked, id=14176, stack(0x000000eda6b00000,0x000000eda6c00000)]
  0x000002bb5f2ab000 JavaThread "Cache worker for cache directory md-rule (C:\Users\rcdup\.gradle\caches\7.3.3\md-rule)" [_thread_blocked, id=16272, stack(0x000000eda6c00000,0x000000eda6d00000)]
  0x000002bb5f2ad800 JavaThread "Cache worker for execution history cache (C:\Users\rcdup\.gradle\caches\7.3.3\executionHistory)" [_thread_blocked, id=22968, stack(0x000000eda6d00000,0x000000eda6e00000)]
  0x000002bb5f1dd800 JavaThread "C1 CompilerThread3" daemon [_thread_blocked, id=5160, stack(0x000000eda6e00000,0x000000eda6f00000)]
  0x000002bb5f2ad000 JavaThread "jar transforms" [_thread_blocked, id=3360, stack(0x000000eda6f00000,0x000000eda7000000)]
  0x000002bb5f2aa800 JavaThread "Cache worker for file content cache (C:\Users\rcdup\.gradle\caches\7.3.3\fileContent)" [_thread_blocked, id=13432, stack(0x000000eda7000000,0x000000eda7100000)]
  0x000002bb5f2ae800 JavaThread "jar transforms Thread 2" [_thread_blocked, id=14740, stack(0x000000eda7100000,0x000000eda7200000)]
  0x000002bb5f2af000 JavaThread "Cache worker for dependencies-accessors (C:\Users\rcdup\AndroidStudioProjects\Kanshi\.gradle\7.3.3\dependencies-accessors)" [_thread_blocked, id=23556, stack(0x000000eda7200000,0x000000eda7300000)]
  0x000002bb5f2a9800 JavaThread "jar transforms Thread 3" [_thread_blocked, id=14728, stack(0x000000eda7300000,0x000000eda7400000)]
  0x000002bb5f2b1000 JavaThread "Cache worker for Build Output Cleanup Cache (C:\Users\rcdup\AndroidStudioProjects\Kanshi\.gradle\buildOutputCleanup)" [_thread_blocked, id=21292, stack(0x000000eda7400000,0x000000eda7500000)]
  0x000002bb5f2b1800 JavaThread "Unconstrained build operations" [_thread_blocked, id=14364, stack(0x000000eda7500000,0x000000eda7600000)]
  0x000002bb5f2b0000 JavaThread "Unconstrained build operations Thread 2" [_thread_blocked, id=22040, stack(0x000000eda7600000,0x000000eda7700000)]
  0x000002bb5f2b6000 JavaThread "Unconstrained build operations Thread 3" [_thread_blocked, id=13280, stack(0x000000eda7700000,0x000000eda7800000)]
  0x000002bb5f2b2800 JavaThread "Unconstrained build operations Thread 4" [_thread_blocked, id=18940, stack(0x000000eda7800000,0x000000eda7900000)]
  0x000002bb5f2b3800 JavaThread "Unconstrained build operations Thread 5" [_thread_blocked, id=23204, stack(0x000000eda7900000,0x000000eda7a00000)]
  0x000002bb5f2b4000 JavaThread "Unconstrained build operations Thread 6" [_thread_blocked, id=3896, stack(0x000000eda7a00000,0x000000eda7b00000)]
  0x000002bb5f2b5000 JavaThread "Unconstrained build operations Thread 7" [_thread_blocked, id=20300, stack(0x000000eda7b00000,0x000000eda7c00000)]
  0x000002bb5f2b6800 JavaThread "Unconstrained build operations Thread 8" [_thread_blocked, id=6880, stack(0x000000eda7c00000,0x000000eda7d00000)]
  0x000002bb5f2b7800 JavaThread "Unconstrained build operations Thread 9" [_thread_blocked, id=23116, stack(0x000000eda7d00000,0x000000eda7e00000)]
  0x000002bb5f72a000 JavaThread "Unconstrained build operations Thread 10" [_thread_blocked, id=23296, stack(0x000000eda7e00000,0x000000eda7f00000)]
  0x000002bb5f72c000 JavaThread "Unconstrained build operations Thread 11" [_thread_blocked, id=18824, stack(0x000000eda7f00000,0x000000eda8000000)]
  0x000002bb5f72b000 JavaThread "Unconstrained build operations Thread 12" [_thread_blocked, id=16608, stack(0x000000eda8000000,0x000000eda8100000)]
  0x000002bb5f729800 JavaThread "Unconstrained build operations Thread 13" [_thread_blocked, id=22000, stack(0x000000eda8100000,0x000000eda8200000)]
  0x000002bb5f72c800 JavaThread "Unconstrained build operations Thread 14" [_thread_blocked, id=23568, stack(0x000000eda8200000,0x000000eda8300000)]
  0x000002bb5f72d800 JavaThread "Unconstrained build operations Thread 15" [_thread_blocked, id=14192, stack(0x000000eda8300000,0x000000eda8400000)]
  0x000002bb5f72e800 JavaThread "Unconstrained build operations Thread 16" [_thread_blocked, id=23952, stack(0x000000eda8400000,0x000000eda8500000)]
  0x000002bb5f728800 JavaThread "Unconstrained build operations Thread 17" [_thread_blocked, id=6180, stack(0x000000eda8500000,0x000000eda8600000)]
  0x000002bb5f72f000 JavaThread "Unconstrained build operations Thread 18" [_thread_blocked, id=22376, stack(0x000000eda8600000,0x000000eda8700000)]
  0x000002bb5f730000 JavaThread "Unconstrained build operations Thread 19" [_thread_blocked, id=15372, stack(0x000000eda8700000,0x000000eda8800000)]
  0x000002bb5f735000 JavaThread "Unconstrained build operations Thread 20" [_thread_blocked, id=18604, stack(0x000000eda8800000,0x000000eda8900000)]
  0x000002bb5f733000 JavaThread "Unconstrained build operations Thread 21" [_thread_blocked, id=18144, stack(0x000000eda8900000,0x000000eda8a00000)]
  0x000002bb5f732800 JavaThread "Unconstrained build operations Thread 22" [_thread_blocked, id=14824, stack(0x000000eda8a00000,0x000000eda8b00000)]
  0x000002bb5f734000 JavaThread "Unconstrained build operations Thread 23" [_thread_blocked, id=24416, stack(0x000000eda8b00000,0x000000eda8c00000)]
  0x000002bb5f735800 JavaThread "Unconstrained build operations Thread 24" [_thread_blocked, id=16892, stack(0x000000eda8c00000,0x000000eda8d00000)]
  0x000002bb5f736800 JavaThread "Unconstrained build operations Thread 25" [_thread_blocked, id=10520, stack(0x000000eda8d00000,0x000000eda8e00000)]
  0x000002bb5f731000 JavaThread "Unconstrained build operations Thread 26" [_thread_blocked, id=2236, stack(0x000000eda8e00000,0x000000eda8f00000)]
  0x000002bb5f737800 JavaThread "Unconstrained build operations Thread 27" [_thread_blocked, id=10564, stack(0x000000eda8f00000,0x000000eda9000000)]
  0x000002bb5f731800 JavaThread "Unconstrained build operations Thread 28" [_thread_blocked, id=11112, stack(0x000000eda9000000,0x000000eda9100000)]
  0x000002bb63208000 JavaThread "Unconstrained build operations Thread 29" [_thread_blocked, id=8744, stack(0x000000eda9100000,0x000000eda9200000)]
  0x000002bb63205800 JavaThread "Unconstrained build operations Thread 30" [_thread_blocked, id=19580, stack(0x000000eda9200000,0x000000eda9300000)]
  0x000002bb63207000 JavaThread "Unconstrained build operations Thread 31" [_thread_blocked, id=6844, stack(0x000000eda9300000,0x000000eda9400000)]
  0x000002bb63204800 JavaThread "Unconstrained build operations Thread 32" [_thread_blocked, id=10084, stack(0x000000eda9400000,0x000000eda9500000)]
  0x000002bb63208800 JavaThread "Unconstrained build operations Thread 33" [_thread_blocked, id=23112, stack(0x000000eda9500000,0x000000eda9600000)]
  0x000002bb63206000 JavaThread "Unconstrained build operations Thread 34" [_thread_blocked, id=22420, stack(0x000000eda9600000,0x000000eda9700000)]
  0x000002bb6320d800 JavaThread "Unconstrained build operations Thread 35" [_thread_blocked, id=10732, stack(0x000000eda9700000,0x000000eda9800000)]
  0x000002bb6320e800 JavaThread "Unconstrained build operations Thread 36" [_thread_blocked, id=7636, stack(0x000000eda9800000,0x000000eda9900000)]
  0x000002bb6320c000 JavaThread "Unconstrained build operations Thread 37" [_thread_blocked, id=13208, stack(0x000000eda9900000,0x000000eda9a00000)]
  0x000002bb63209800 JavaThread "Unconstrained build operations Thread 38" [_thread_blocked, id=9992, stack(0x000000eda9a00000,0x000000eda9b00000)]
  0x000002bb6320b000 JavaThread "Unconstrained build operations Thread 39" [_thread_blocked, id=7676, stack(0x000000eda9b00000,0x000000eda9c00000)]
  0x000002bb6320a800 JavaThread "Unconstrained build operations Thread 40" [_thread_blocked, id=7048, stack(0x000000eda9c00000,0x000000eda9d00000)]
  0x000002bb63211000 JavaThread "Unconstrained build operations Thread 41" [_thread_blocked, id=18368, stack(0x000000eda9d00000,0x000000eda9e00000)]
  0x000002bb6320c800 JavaThread "Unconstrained build operations Thread 42" [_thread_blocked, id=20664, stack(0x000000eda9e00000,0x000000eda9f00000)]
  0x000002bb6320f000 JavaThread "Unconstrained build operations Thread 43" [_thread_blocked, id=10384, stack(0x000000eda9f00000,0x000000edaa000000)]
  0x000002bb63212800 JavaThread "Unconstrained build operations Thread 44" [_thread_blocked, id=3520, stack(0x000000edaa000000,0x000000edaa100000)]
  0x000002bb63213000 JavaThread "Unconstrained build operations Thread 45" [_thread_blocked, id=10288, stack(0x000000edaa100000,0x000000edaa200000)]
  0x000002bb63210000 JavaThread "Unconstrained build operations Thread 46" [_thread_blocked, id=22612, stack(0x000000edaa200000,0x000000edaa300000)]
  0x000002bb63211800 JavaThread "Unconstrained build operations Thread 47" [_thread_blocked, id=14368, stack(0x000000edaa300000,0x000000edaa400000)]
  0x000002bb608dd000 JavaThread "Unconstrained build operations Thread 48" [_thread_blocked, id=4912, stack(0x000000edaa400000,0x000000edaa500000)]
  0x000002bb608df000 JavaThread "Unconstrained build operations Thread 49" [_thread_blocked, id=3104, stack(0x000000edaa500000,0x000000edaa600000)]
  0x000002bb608da800 JavaThread "Unconstrained build operations Thread 50" [_thread_blocked, id=18100, stack(0x000000edaa600000,0x000000edaa700000)]
  0x000002bb608de800 JavaThread "Unconstrained build operations Thread 51" [_thread_blocked, id=1352, stack(0x000000edaa700000,0x000000edaa800000)]
  0x000002bb608e1000 JavaThread "Unconstrained build operations Thread 52" [_thread_blocked, id=21268, stack(0x000000edaa800000,0x000000edaa900000)]
  0x000002bb608e0000 JavaThread "Unconstrained build operations Thread 53" [_thread_blocked, id=9804, stack(0x000000edaa900000,0x000000edaaa00000)]
  0x000002bb608db000 JavaThread "Unconstrained build operations Thread 54" [_thread_blocked, id=21496, stack(0x000000edaaa00000,0x000000edaab00000)]
  0x000002bb608dc000 JavaThread "Unconstrained build operations Thread 55" [_thread_blocked, id=17200, stack(0x000000edaab00000,0x000000edaac00000)]
  0x000002bb608e1800 JavaThread "Unconstrained build operations Thread 56" [_thread_blocked, id=22764, stack(0x000000edaac00000,0x000000edaad00000)]
  0x000002bb608dd800 JavaThread "Unconstrained build operations Thread 57" [_thread_blocked, id=6396, stack(0x000000edaad00000,0x000000edaae00000)]
  0x000002bb608e4000 JavaThread "Unconstrained build operations Thread 58" [_thread_blocked, id=12148, stack(0x000000edaae00000,0x000000edaaf00000)]
  0x000002bb608e5800 JavaThread "Unconstrained build operations Thread 59" [_thread_blocked, id=18968, stack(0x000000edaaf00000,0x000000edab000000)]
  0x000002bb608e7800 JavaThread "Unconstrained build operations Thread 60" [_thread_blocked, id=13016, stack(0x000000edab000000,0x000000edab100000)]
  0x000002bb608e2800 JavaThread "Unconstrained build operations Thread 61" [_thread_blocked, id=16948, stack(0x000000edab100000,0x000000edab200000)]
  0x000002bb608e6800 JavaThread "Unconstrained build operations Thread 62" [_thread_blocked, id=10040, stack(0x000000edab200000,0x000000edab300000)]
  0x000002bb608e3800 JavaThread "Unconstrained build operations Thread 63" [_thread_blocked, id=10112, stack(0x000000edab300000,0x000000edab400000)]
  0x000002bb608e8000 JavaThread "Unconstrained build operations Thread 64" [_thread_blocked, id=14044, stack(0x000000edab400000,0x000000edab500000)]
  0x000002bb608e5000 JavaThread "Unconstrained build operations Thread 65" [_thread_blocked, id=6240, stack(0x000000edab500000,0x000000edab600000)]
  0x000002bb608e9000 JavaThread "Unconstrained build operations Thread 66" [_thread_blocked, id=18948, stack(0x000000edab600000,0x000000edab700000)]
  0x000002bb6070c800 JavaThread "Unconstrained build operations Thread 67" [_thread_blocked, id=24336, stack(0x000000edab700000,0x000000edab800000)]
  0x000002bb60708800 JavaThread "Unconstrained build operations Thread 68" [_thread_blocked, id=9888, stack(0x000000edab800000,0x000000edab900000)]
  0x000002bb6070e000 JavaThread "Unconstrained build operations Thread 69" [_thread_blocked, id=6092, stack(0x000000edab900000,0x000000edaba00000)]
  0x000002bb6070b800 JavaThread "Unconstrained build operations Thread 70" [_thread_blocked, id=22708, stack(0x000000edaba00000,0x000000edabb00000)]
  0x000002bb6070d000 JavaThread "Unconstrained build operations Thread 71" [_thread_blocked, id=18888, stack(0x000000edabb00000,0x000000edabc00000)]
  0x000002bb6070f000 JavaThread "Unconstrained build operations Thread 72" [_thread_blocked, id=19056, stack(0x000000edabc00000,0x000000edabd00000)]
  0x000002bb60709000 JavaThread "Unconstrained build operations Thread 73" [_thread_blocked, id=10904, stack(0x000000edabd00000,0x000000edabe00000)]
  0x000002bb6070f800 JavaThread "Unconstrained build operations Thread 74" [_thread_blocked, id=18060, stack(0x000000edabe00000,0x000000edabf00000)]
  0x000002bb6070b000 JavaThread "Unconstrained build operations Thread 75" [_thread_blocked, id=9920, stack(0x000000edabf00000,0x000000edac000000)]
  0x000002bb6070a000 JavaThread "Unconstrained build operations Thread 76" [_thread_blocked, id=3244, stack(0x000000edac000000,0x000000edac100000)]
  0x000002bb60712000 JavaThread "Unconstrained build operations Thread 77" [_thread_blocked, id=20180, stack(0x000000edac100000,0x000000edac200000)]
  0x000002bb60710800 JavaThread "Unconstrained build operations Thread 78" [_thread_blocked, id=4436, stack(0x000000edac200000,0x000000edac300000)]
  0x000002bb60717000 JavaThread "Unconstrained build operations Thread 79" [_thread_blocked, id=21836, stack(0x000000edac300000,0x000000edac400000)]
  0x000002bb60713800 JavaThread "Unconstrained build operations Thread 80" [_thread_blocked, id=13760, stack(0x000000edac400000,0x000000edac500000)]
  0x000002bb60713000 JavaThread "Unconstrained build operations Thread 81" [_thread_blocked, id=23512, stack(0x000000edac500000,0x000000edac600000)]
  0x000002bb60716000 JavaThread "Unconstrained build operations Thread 82" [_thread_blocked, id=904, stack(0x000000edac600000,0x000000edac700000)]
  0x000002bb60714800 JavaThread "Unconstrained build operations Thread 83" [_thread_blocked, id=5540, stack(0x000000edac700000,0x000000edac800000)]
  0x000002bb60715800 JavaThread "Unconstrained build operations Thread 84" [_thread_blocked, id=10516, stack(0x000000edac800000,0x000000edac900000)]
  0x000002bb60711800 JavaThread "Unconstrained build operations Thread 85" [_thread_blocked, id=2504, stack(0x000000edac900000,0x000000edaca00000)]
  0x000002bb609a1800 JavaThread "Unconstrained build operations Thread 86" [_thread_blocked, id=21192, stack(0x000000edaca00000,0x000000edacb00000)]
  0x000002bb609a0800 JavaThread "Unconstrained build operations Thread 87" [_thread_blocked, id=24288, stack(0x000000edacb00000,0x000000edacc00000)]
  0x000002bb6099e000 JavaThread "Unconstrained build operations Thread 88" [_thread_blocked, id=16688, stack(0x000000edacc00000,0x000000edacd00000)]
  0x000002bb6099f000 JavaThread "Unconstrained build operations Thread 89" [_thread_blocked, id=8300, stack(0x000000edacd00000,0x000000edace00000)]
  0x000002bb609a4800 JavaThread "Unconstrained build operations Thread 90" [_thread_blocked, id=15772, stack(0x000000edace00000,0x000000edacf00000)]
  0x000002bb609a3000 JavaThread "Unconstrained build operations Thread 91" [_thread_blocked, id=15420, stack(0x000000edacf00000,0x000000edad000000)]
  0x000002bb609a0000 JavaThread "Unconstrained build operations Thread 92" [_thread_blocked, id=6012, stack(0x000000edad000000,0x000000edad100000)]
  0x000002bb609a4000 JavaThread "Unconstrained build operations Thread 93" [_thread_blocked, id=16912, stack(0x000000edad100000,0x000000edad200000)]
  0x000002bb609a5800 JavaThread "Unconstrained build operations Thread 94" [_thread_blocked, id=12940, stack(0x000000edad200000,0x000000edad300000)]
  0x000002bb609a6800 JavaThread "Unconstrained build operations Thread 95" [_thread_blocked, id=2088, stack(0x000000edad300000,0x000000edad400000)]
  0x000002bb609a8000 JavaThread "Unconstrained build operations Thread 96" [_thread_blocked, id=2352, stack(0x000000edad400000,0x000000edad500000)]
  0x000002bb609a7000 JavaThread "Unconstrained build operations Thread 97" [_thread_blocked, id=13032, stack(0x000000edad500000,0x000000edad600000)]
  0x000002bb609a2000 JavaThread "Unconstrained build operations Thread 98" [_thread_blocked, id=20016, stack(0x000000edad600000,0x000000edad700000)]
  0x000002bb609ab000 JavaThread "Unconstrained build operations Thread 99" [_thread_blocked, id=16460, stack(0x000000edad700000,0x000000edad800000)]
  0x000002bb609a9000 JavaThread "Unconstrained build operations Thread 100" [_thread_blocked, id=1712, stack(0x000000edad800000,0x000000edad900000)]
  0x000002bb609ad000 JavaThread "Unconstrained build operations Thread 101" [_thread_blocked, id=10152, stack(0x000000edad900000,0x000000edada00000)]
  0x000002bb609a9800 JavaThread "Unconstrained build operations Thread 102" [_thread_blocked, id=21776, stack(0x000000edada00000,0x000000edadb00000)]
  0x000002bb609aa800 JavaThread "Unconstrained build operations Thread 103" [_thread_blocked, id=10956, stack(0x000000edadb00000,0x000000edadc00000)]
  0x000002bb609ac000 JavaThread "Unconstrained build operations Thread 104" [_thread_blocked, id=2420, stack(0x000000edadc00000,0x000000edadd00000)]
  0x000002bb60da0800 JavaThread "Unconstrained build operations Thread 105" [_thread_blocked, id=9304, stack(0x000000edadd00000,0x000000edade00000)]
  0x000002bb60da3000 JavaThread "Unconstrained build operations Thread 106" [_thread_blocked, id=19844, stack(0x000000edade00000,0x000000edadf00000)]
  0x000002bb60da4800 JavaThread "Unconstrained build operations Thread 107" [_thread_blocked, id=12476, stack(0x000000edadf00000,0x000000edae000000)]
  0x000002bb60da3800 JavaThread "Unconstrained build operations Thread 108" [_thread_blocked, id=18524, stack(0x000000edae000000,0x000000edae100000)]
  0x000002bb60da5800 JavaThread "Unconstrained build operations Thread 109" [_thread_blocked, id=15120, stack(0x000000edae100000,0x000000edae200000)]
  0x000002bb60da6000 JavaThread "Unconstrained build operations Thread 110" [_thread_blocked, id=16248, stack(0x000000edae200000,0x000000edae300000)]
  0x000002bb60da7000 JavaThread "Unconstrained build operations Thread 111" [_thread_blocked, id=19388, stack(0x000000edae300000,0x000000edae400000)]
  0x000002bb60da1000 JavaThread "Unconstrained build operations Thread 112" [_thread_blocked, id=21036, stack(0x000000edae400000,0x000000edae500000)]
  0x000002bb60da7800 JavaThread "Unconstrained build operations Thread 113" [_thread_blocked, id=8712, stack(0x000000edae500000,0x000000edae600000)]
  0x000002bb60da2000 JavaThread "Unconstrained build operations Thread 114" [_thread_blocked, id=10436, stack(0x000000edae600000,0x000000edae700000)]
  0x000002bb60dab000 JavaThread "Unconstrained build operations Thread 115" [_thread_blocked, id=3116, stack(0x000000edae700000,0x000000edae800000)]
  0x000002bb60dae000 JavaThread "Unconstrained build operations Thread 116" [_thread_blocked, id=15564, stack(0x000000edae800000,0x000000edae900000)]
  0x000002bb60da9800 JavaThread "Unconstrained build operations Thread 117" [_thread_blocked, id=10656, stack(0x000000edae900000,0x000000edaea00000)]
  0x000002bb60dac800 JavaThread "Unconstrained build operations Thread 118" [_thread_blocked, id=12144, stack(0x000000edaea00000,0x000000edaeb00000)]
  0x000002bb60dad800 JavaThread "Unconstrained build operations Thread 119" [_thread_blocked, id=19328, stack(0x000000edaeb00000,0x000000edaec00000)]
  0x000002bb60da8800 JavaThread "Unconstrained build operations Thread 120" [_thread_blocked, id=5724, stack(0x000000edaec00000,0x000000edaed00000)]
  0x000002bb60daf000 JavaThread "Unconstrained build operations Thread 121" [_thread_blocked, id=4952, stack(0x000000edaed00000,0x000000edaee00000)]
  0x000002bb60daa000 JavaThread "Unconstrained build operations Thread 122" [_thread_blocked, id=18004, stack(0x000000edaee00000,0x000000edaef00000)]
  0x000002bb60dac000 JavaThread "Unconstrained build operations Thread 123" [_thread_blocked, id=24316, stack(0x000000edaef00000,0x000000edaf000000)]
  0x000002bb60b5d800 JavaThread "Unconstrained build operations Thread 124" [_thread_blocked, id=18992, stack(0x000000edaf000000,0x000000edaf100000)]
  0x000002bb60b62000 JavaThread "Unconstrained build operations Thread 125" [_thread_blocked, id=10616, stack(0x000000edaf100000,0x000000edaf200000)]
  0x000002bb60b60800 JavaThread "Unconstrained build operations Thread 126" [_thread_blocked, id=18884, stack(0x000000edaf200000,0x000000edaf300000)]
  0x000002bb60b63000 JavaThread "Unconstrained build operations Thread 127" [_thread_blocked, id=14096, stack(0x000000edaf300000,0x000000edaf400000)]
  0x000002bb60b60000 JavaThread "Unconstrained build operations Thread 128" [_thread_blocked, id=21896, stack(0x000000edaf400000,0x000000edaf500000)]
  0x000002bb60b64000 JavaThread "Unconstrained build operations Thread 129" [_thread_blocked, id=22364, stack(0x000000edaf500000,0x000000edaf600000)]
  0x000002bb60b5e000 JavaThread "Unconstrained build operations Thread 130" [_thread_blocked, id=23672, stack(0x000000edaf600000,0x000000edaf700000)]
  0x000002bb60b61800 JavaThread "Unconstrained build operations Thread 131" [_thread_blocked, id=3728, stack(0x000000edaf700000,0x000000edaf800000)]
  0x000002bb60b64800 JavaThread "Unconstrained build operations Thread 132" [_thread_blocked, id=8852, stack(0x000000edaf800000,0x000000edaf900000)]
  0x000002bb60b5f000 JavaThread "Unconstrained build operations Thread 133" [_thread_blocked, id=13376, stack(0x000000edaf900000,0x000000edafa00000)]
  0x000002bb60b68000 JavaThread "Unconstrained build operations Thread 134" [_thread_blocked, id=17640, stack(0x000000edafa00000,0x000000edafb00000)]
  0x000002bb60b69000 JavaThread "Unconstrained build operations Thread 135" [_thread_blocked, id=10936, stack(0x000000edafb00000,0x000000edafc00000)]
  0x000002bb60b69800 JavaThread "jar transforms Thread 4" [_thread_blocked, id=12156, stack(0x000000edafc00000,0x000000edafd00000)]
  0x000002bb60b67000 JavaThread "jar transforms Thread 5" [_thread_blocked, id=23820, stack(0x000000edafd00000,0x000000edafe00000)]
  0x000002bb60b6a800 JavaThread "jar transforms Thread 6" [_thread_blocked, id=2492, stack(0x000000edafe00000,0x000000edaff00000)]
  0x000002bb60b6b000 JavaThread "jar transforms Thread 7" [_thread_blocked, id=7052, stack(0x000000edaff00000,0x000000edb0000000)]
  0x000002bb60b66800 JavaThread "jar transforms Thread 8" [_thread_blocked, id=23064, stack(0x000000edb0000000,0x000000edb0100000)]
  0x000002bb60b65800 JavaThread "jar transforms Thread 9" [_thread_blocked, id=14864, stack(0x000000edb0100000,0x000000edb0200000)]
  0x000002bb60b6c000 JavaThread "jar transforms Thread 10" [_thread_blocked, id=10332, stack(0x000000edb0200000,0x000000edb0300000)]
  0x000002bb60abc800 JavaThread "jar transforms Thread 11" [_thread_blocked, id=16216, stack(0x000000edb0300000,0x000000edb0400000)]
  0x000002bb60ac0000 JavaThread "jar transforms Thread 12" [_thread_blocked, id=1020, stack(0x000000edb0400000,0x000000edb0500000)]
  0x000002bb60abf000 JavaThread "jar transforms Thread 13" [_thread_blocked, id=1404, stack(0x000000edb0500000,0x000000edb0600000)]
  0x000002bb60abd800 JavaThread "jar transforms Thread 14" [_thread_blocked, id=23560, stack(0x000000edb0600000,0x000000edb0700000)]
  0x000002bb60abe800 JavaThread "jar transforms Thread 15" [_thread_blocked, id=11624, stack(0x000000edb0700000,0x000000edb0800000)]
  0x000002bb60ac0800 JavaThread "jar transforms Thread 16" [_thread_blocked, id=16788, stack(0x000000edb0800000,0x000000edb0900000)]
  0x000002bb60abb000 JavaThread "Memory manager" [_thread_blocked, id=20516, stack(0x000000edb0900000,0x000000edb0a00000)]

Other Threads:
=>0x000002bb5ae24000 VMThread "VM Thread" [stack: 0x000000eda3d00000,0x000000eda3e00000] [id=17728] _threads_hazard_ptr=0x000002bb5daef300
  0x000002bb5b93d800 WatcherThread [stack: 0x000000eda4800000,0x000000eda4900000] [id=21240]
  0x000002bb3fe37000 GCTaskThread "GC Thread#0" [stack: 0x000000eda3800000,0x000000eda3900000] [id=10780]
  0x000002bb5bf8c000 GCTaskThread "GC Thread#1" [stack: 0x000000eda4900000,0x000000eda4a00000] [id=12844]
  0x000002bb5cafe800 GCTaskThread "GC Thread#2" [stack: 0x000000eda5600000,0x000000eda5700000] [id=6252]
  0x000002bb5caff000 GCTaskThread "GC Thread#3" [stack: 0x000000eda5700000,0x000000eda5800000] [id=2496]
  0x000002bb5c8b0000 GCTaskThread "GC Thread#4" [stack: 0x000000eda5800000,0x000000eda5900000] [id=13888]
  0x000002bb5c8b0800 GCTaskThread "GC Thread#5" [stack: 0x000000eda5900000,0x000000eda5a00000] [id=18064]
  0x000002bb5cae8800 GCTaskThread "GC Thread#6" [stack: 0x000000eda5a00000,0x000000eda5b00000] [id=23632]
  0x000002bb5cae9000 GCTaskThread "GC Thread#7" [stack: 0x000000eda5b00000,0x000000eda5c00000] [id=11596]
  0x000002bb5ccc9000 GCTaskThread "GC Thread#8" [stack: 0x000000eda5c00000,0x000000eda5d00000] [id=24492]
  0x000002bb5ccca000 GCTaskThread "GC Thread#9" [stack: 0x000000eda5d00000,0x000000eda5e00000] [id=2964]
  0x000002bb5e0e5800 GCTaskThread "GC Thread#10" [stack: 0x000000eda5e00000,0x000000eda5f00000] [id=4140]
  0x000002bb5e0e6000 GCTaskThread "GC Thread#11" [stack: 0x000000eda5f00000,0x000000eda6000000] [id=13380]
  0x000002bb5cb7a800 GCTaskThread "GC Thread#12" [stack: 0x000000eda6000000,0x000000eda6100000] [id=24468]
  0x000002bb3fe69800 ConcurrentGCThread "G1 Main Marker" [stack: 0x000000eda3900000,0x000000eda3a00000] [id=13956]
  0x000002bb3fe6a800 ConcurrentGCThread "G1 Conc#0" [stack: 0x000000eda3a00000,0x000000eda3b00000] [id=8280]
  0x000002bb5d8b0000 ConcurrentGCThread "G1 Conc#1" [stack: 0x000000eda6400000,0x000000eda6500000] [id=20812]
  0x000002bb5d8af000 ConcurrentGCThread "G1 Conc#2" [stack: 0x000000eda6500000,0x000000eda6600000] [id=15180]
  0x000002bb3fefe000 ConcurrentGCThread "G1 Refine#0" [stack: 0x000000eda3b00000,0x000000eda3c00000] [id=16332]
  0x000002bb5ac72800 ConcurrentGCThread "G1 Young RemSet Sampling" [stack: 0x000000eda3c00000,0x000000eda3d00000] [id=15476]

Threads with active compile tasks:
C2 CompilerThread0   6568 6971   !   4       java.net.URLClassLoader$1::run (63 bytes)
C2 CompilerThread1   6568 7158 %     4       org.gradle.internal.instantiation.generator.AbstractClassGenerator::inspectType @ 107 (560 bytes)
C2 CompilerThread2   6568 6951       4       java.net.URLClassLoader$1::run (5 bytes)

VM state:at safepoint (normal execution)

VM Mutex/Monitor currently owned by a thread:  ([mutex/lock_event])
[0x000002bb3fe18270] Threads_lock - owner thread: 0x000002bb5ae24000

Heap address: 0x0000000080000000, size: 2048 MB, Compressed Oops mode: 32-bit
Narrow klass base: 0x0000000000000000, Narrow klass shift: 3
Compressed class space size: 1073741824 Address: 0x0000000100000000

Heap:
 garbage-first heap   total 126976K, used 71632K [0x0000000080000000, 0x0000000100000000)
  region size 1024K, 29 young (29696K), 7 survivors (7168K)
 Metaspace       used 65689K, capacity 67120K, committed 67284K, reserved 1107968K
  class space    used 8272K, capacity 8817K, committed 8832K, reserved 1048576K
Heap Regions: E=young(eden), S=young(survivor), O=old, HS=humongous(starts), HC=humongous(continues), CS=collection set, F=free, A=archive, TAMS=top-at-mark-start (previous, next)
|   0|0x0000000080000000, 0x0000000080100000, 0x0000000080100000|100%| O|  |TAMS 0x0000000080100000, 0x0000000080000000| Untracked 
|   1|0x0000000080100000, 0x0000000080200000, 0x0000000080200000|100%| O|  |TAMS 0x0000000080200000, 0x0000000080100000| Untracked 
|   2|0x0000000080200000, 0x0000000080300000, 0x0000000080300000|100%| O|  |TAMS 0x0000000080300000, 0x0000000080200000| Untracked 
|   3|0x0000000080300000, 0x0000000080400000, 0x0000000080400000|100%|HS|  |TAMS 0x0000000080400000, 0x0000000080300000| Complete 
|   4|0x0000000080400000, 0x0000000080500000, 0x0000000080500000|100%|HC|  |TAMS 0x0000000080500000, 0x0000000080400000| Complete 
|   5|0x0000000080500000, 0x0000000080600000, 0x0000000080600000|100%|HC|  |TAMS 0x0000000080600000, 0x0000000080500000| Complete 
|   6|0x0000000080600000, 0x0000000080700000, 0x0000000080700000|100%| O|  |TAMS 0x0000000080700000, 0x0000000080600000| Untracked 
|   7|0x0000000080700000, 0x0000000080800000, 0x0000000080800000|100%| O|  |TAMS 0x0000000080800000, 0x0000000080700000| Untracked 
|   8|0x0000000080800000, 0x0000000080900000, 0x0000000080900000|100%| O|  |TAMS 0x0000000080900000, 0x0000000080800000| Untracked 
|   9|0x0000000080900000, 0x0000000080a00000, 0x0000000080a00000|100%| O|  |TAMS 0x0000000080a00000, 0x0000000080900000| Untracked 
|  10|0x0000000080a00000, 0x0000000080b00000, 0x0000000080b00000|100%| O|  |TAMS 0x0000000080b00000, 0x0000000080a00000| Untracked 
|  11|0x0000000080b00000, 0x0000000080c00000, 0x0000000080c00000|100%| O|  |TAMS 0x0000000080c00000, 0x0000000080b00000| Untracked 
|  12|0x0000000080c00000, 0x0000000080d00000, 0x0000000080d00000|100%| O|  |TAMS 0x0000000080d00000, 0x0000000080c00000| Untracked 
|  13|0x0000000080d00000, 0x0000000080e00000, 0x0000000080e00000|100%| O|  |TAMS 0x0000000080e00000, 0x0000000080d00000| Untracked 
|  14|0x0000000080e00000, 0x0000000080f00000, 0x0000000080f00000|100%| O|  |TAMS 0x0000000080f00000, 0x0000000080e00000| Untracked 
|  15|0x0000000080f00000, 0x0000000081000000, 0x0000000081000000|100%| O|  |TAMS 0x0000000081000000, 0x0000000080f00000| Untracked 
|  16|0x0000000081000000, 0x0000000081100000, 0x0000000081100000|100%|HS|  |TAMS 0x0000000081100000, 0x0000000081000000| Complete 
|  17|0x0000000081100000, 0x0000000081200000, 0x0000000081200000|100%| O|  |TAMS 0x0000000081200000, 0x0000000081100000| Untracked 
|  18|0x0000000081200000, 0x0000000081300000, 0x0000000081300000|100%| O|  |TAMS 0x0000000081300000, 0x0000000081200000| Untracked 
|  19|0x0000000081300000, 0x0000000081400000, 0x0000000081400000|100%| O|  |TAMS 0x0000000081400000, 0x0000000081300000| Untracked 
|  20|0x0000000081400000, 0x0000000081500000, 0x0000000081500000|100%| O|  |TAMS 0x0000000081500000, 0x0000000081400000| Untracked 
|  21|0x0000000081500000, 0x0000000081600000, 0x0000000081600000|100%| O|  |TAMS 0x0000000081600000, 0x0000000081500000| Untracked 
|  22|0x0000000081600000, 0x0000000081700000, 0x0000000081700000|100%| O|  |TAMS 0x0000000081700000, 0x0000000081600000| Untracked 
|  23|0x0000000081700000, 0x0000000081800000, 0x0000000081800000|100%| O|  |TAMS 0x0000000081800000, 0x0000000081700000| Untracked 
|  24|0x0000000081800000, 0x0000000081900000, 0x0000000081900000|100%| O|  |TAMS 0x0000000081900000, 0x0000000081800000| Untracked 
|  25|0x0000000081900000, 0x0000000081a00000, 0x0000000081a00000|100%| O|  |TAMS 0x0000000081a00000, 0x0000000081900000| Untracked 
|  26|0x0000000081a00000, 0x0000000081b00000, 0x0000000081b00000|100%| O|  |TAMS 0x0000000081b00000, 0x0000000081a00000| Untracked 
|  27|0x0000000081b00000, 0x0000000081c00000, 0x0000000081c00000|100%| O|  |TAMS 0x0000000081c00000, 0x0000000081b00000| Untracked 
|  28|0x0000000081c00000, 0x0000000081d00000, 0x0000000081d00000|100%|HS|  |TAMS 0x0000000081d00000, 0x0000000081c00000| Complete 
|  29|0x0000000081d00000, 0x0000000081e00000, 0x0000000081e00000|100%|HS|  |TAMS 0x0000000081e00000, 0x0000000081d00000| Complete 
|  30|0x0000000081e00000, 0x0000000081f00000, 0x0000000081f00000|100%|HC|  |TAMS 0x0000000081f00000, 0x0000000081e00000| Complete 
|  31|0x0000000081f00000, 0x0000000082000000, 0x0000000082000000|100%| O|  |TAMS 0x0000000082000000, 0x0000000081f00000| Untracked 
|  32|0x0000000082000000, 0x0000000082100000, 0x0000000082100000|100%| O|  |TAMS 0x0000000082100000, 0x0000000082000000| Untracked 
|  33|0x0000000082100000, 0x0000000082200000, 0x0000000082200000|100%| O|  |TAMS 0x0000000082200000, 0x0000000082100000| Untracked 
|  34|0x0000000082200000, 0x0000000082300000, 0x0000000082300000|100%| O|  |TAMS 0x0000000082300000, 0x0000000082200000| Untracked 
|  35|0x0000000082300000, 0x0000000082400000, 0x0000000082400000|100%| O|  |TAMS 0x0000000082400000, 0x0000000082300000| Untracked 
|  36|0x0000000082400000, 0x0000000082500000, 0x0000000082500000|100%| O|  |TAMS 0x0000000082500000, 0x0000000082400000| Untracked 
|  37|0x0000000082500000, 0x0000000082600000, 0x0000000082600000|100%| O|  |TAMS 0x0000000082600000, 0x0000000082500000| Untracked 
|  38|0x0000000082600000, 0x0000000082700000, 0x0000000082700000|100%| O|  |TAMS 0x0000000082700000, 0x0000000082600000| Untracked 
|  39|0x0000000082700000, 0x0000000082800000, 0x0000000082800000|100%| O|  |TAMS 0x0000000082800000, 0x0000000082700000| Untracked 
|  40|0x0000000082800000, 0x0000000082900000, 0x0000000082900000|100%| O|  |TAMS 0x0000000082900000, 0x0000000082800000| Untracked 
|  41|0x0000000082900000, 0x00000000829f4200, 0x0000000082a00000| 95%| O|  |TAMS 0x00000000829e5000, 0x0000000082900000| Untracked 
|  42|0x0000000082a00000, 0x0000000082a00000, 0x0000000082b00000|  0%| F|  |TAMS 0x0000000082a00000, 0x0000000082a00000| Untracked 
|  43|0x0000000082b00000, 0x0000000082b00000, 0x0000000082c00000|  0%| F|  |TAMS 0x0000000082b00000, 0x0000000082b00000| Untracked 
|  44|0x0000000082c00000, 0x0000000082c00000, 0x0000000082d00000|  0%| F|  |TAMS 0x0000000082c00000, 0x0000000082c00000| Untracked 
|  45|0x0000000082d00000, 0x0000000082d00000, 0x0000000082e00000|  0%| F|  |TAMS 0x0000000082d00000, 0x0000000082d00000| Untracked 
|  46|0x0000000082e00000, 0x0000000082e00000, 0x0000000082f00000|  0%| F|  |TAMS 0x0000000082e00000, 0x0000000082e00000| Untracked 
|  47|0x0000000082f00000, 0x0000000082f00000, 0x0000000083000000|  0%| F|  |TAMS 0x0000000082f00000, 0x0000000082f00000| Untracked 
|  48|0x0000000083000000, 0x0000000083000000, 0x0000000083100000|  0%| F|  |TAMS 0x0000000083000000, 0x0000000083000000| Untracked 
|  49|0x0000000083100000, 0x0000000083100000, 0x0000000083200000|  0%| F|  |TAMS 0x0000000083100000, 0x0000000083100000| Untracked 
|  50|0x0000000083200000, 0x0000000083200000, 0x0000000083300000|  0%| F|  |TAMS 0x0000000083200000, 0x0000000083200000| Untracked 
|  51|0x0000000083300000, 0x0000000083300000, 0x0000000083400000|  0%| F|  |TAMS 0x0000000083300000, 0x0000000083300000| Untracked 
|  52|0x0000000083400000, 0x0000000083400000, 0x0000000083500000|  0%| F|  |TAMS 0x0000000083400000, 0x0000000083400000| Untracked 
|  53|0x0000000083500000, 0x0000000083500000, 0x0000000083600000|  0%| F|  |TAMS 0x0000000083500000, 0x0000000083500000| Untracked 
|  54|0x0000000083600000, 0x0000000083600000, 0x0000000083700000|  0%| F|  |TAMS 0x0000000083600000, 0x0000000083600000| Untracked 
|  55|0x0000000083700000, 0x0000000083700000, 0x0000000083800000|  0%| F|  |TAMS 0x0000000083700000, 0x0000000083700000| Untracked 
|  56|0x0000000083800000, 0x0000000083800000, 0x0000000083900000|  0%| F|  |TAMS 0x0000000083800000, 0x0000000083800000| Untracked 
|  57|0x0000000083900000, 0x0000000083900000, 0x0000000083a00000|  0%| F|  |TAMS 0x0000000083900000, 0x0000000083900000| Untracked 
|  58|0x0000000083a00000, 0x0000000083a00000, 0x0000000083b00000|  0%| F|  |TAMS 0x0000000083a00000, 0x0000000083a00000| Untracked 
|  59|0x0000000083b00000, 0x0000000083b00000, 0x0000000083c00000|  0%| F|  |TAMS 0x0000000083b00000, 0x0000000083b00000| Untracked 
|  60|0x0000000083c00000, 0x0000000083c00000, 0x0000000083d00000|  0%| F|  |TAMS 0x0000000083c00000, 0x0000000083c00000| Untracked 
|  61|0x0000000083d00000, 0x0000000083d00000, 0x0000000083e00000|  0%| F|  |TAMS 0x0000000083d00000, 0x0000000083d00000| Untracked 
|  62|0x0000000083e00000, 0x0000000083e00000, 0x0000000083f00000|  0%| F|  |TAMS 0x0000000083e00000, 0x0000000083e00000| Untracked 
|  63|0x0000000083f00000, 0x0000000083f00000, 0x0000000084000000|  0%| F|  |TAMS 0x0000000083f00000, 0x0000000083f00000| Untracked 
|  64|0x0000000084000000, 0x0000000084000000, 0x0000000084100000|  0%| F|  |TAMS 0x0000000084000000, 0x0000000084000000| Untracked 
|  65|0x0000000084100000, 0x0000000084100000, 0x0000000084200000|  0%| F|  |TAMS 0x0000000084100000, 0x0000000084100000| Untracked 
|  66|0x0000000084200000, 0x0000000084200000, 0x0000000084300000|  0%| F|  |TAMS 0x0000000084200000, 0x0000000084200000| Untracked 
|  67|0x0000000084300000, 0x0000000084400000, 0x0000000084400000|100%| S|CS|TAMS 0x0000000084300000, 0x0000000084300000| Complete 
|  68|0x0000000084400000, 0x0000000084500000, 0x0000000084500000|100%| S|CS|TAMS 0x0000000084400000, 0x0000000084400000| Complete 
|  69|0x0000000084500000, 0x0000000084600000, 0x0000000084600000|100%| S|CS|TAMS 0x0000000084500000, 0x0000000084500000| Complete 
|  70|0x0000000084600000, 0x0000000084700000, 0x0000000084700000|100%| S|CS|TAMS 0x0000000084600000, 0x0000000084600000| Complete 
|  71|0x0000000084700000, 0x0000000084800000, 0x0000000084800000|100%| S|CS|TAMS 0x0000000084700000, 0x0000000084700000| Complete 
|  72|0x0000000084800000, 0x0000000084900000, 0x0000000084900000|100%| S|CS|TAMS 0x0000000084800000, 0x0000000084800000| Complete 
|  73|0x0000000084900000, 0x0000000084a00000, 0x0000000084a00000|100%| S|CS|TAMS 0x0000000084900000, 0x0000000084900000| Complete 
|  74|0x0000000084a00000, 0x0000000084a00000, 0x0000000084b00000|  0%| F|  |TAMS 0x0000000084a00000, 0x0000000084a00000| Untracked 
|  75|0x0000000084b00000, 0x0000000084b00000, 0x0000000084c00000|  0%| F|  |TAMS 0x0000000084b00000, 0x0000000084b00000| Untracked 
|  76|0x0000000084c00000, 0x0000000084c00000, 0x0000000084d00000|  0%| F|  |TAMS 0x0000000084c00000, 0x0000000084c00000| Untracked 
|  77|0x0000000084d00000, 0x0000000084d00000, 0x0000000084e00000|  0%| F|  |TAMS 0x0000000084d00000, 0x0000000084d00000| Untracked 
|  78|0x0000000084e00000, 0x0000000084e00000, 0x0000000084f00000|  0%| F|  |TAMS 0x0000000084e00000, 0x0000000084e00000| Untracked 
|  79|0x0000000084f00000, 0x0000000084f00000, 0x0000000085000000|  0%| F|  |TAMS 0x0000000084f00000, 0x0000000084f00000| Untracked 
|  80|0x0000000085000000, 0x0000000085000000, 0x0000000085100000|  0%| F|  |TAMS 0x0000000085000000, 0x0000000085000000| Untracked 
|  81|0x0000000085100000, 0x0000000085100000, 0x0000000085200000|  0%| F|  |TAMS 0x0000000085100000, 0x0000000085100000| Untracked 
|  82|0x0000000085200000, 0x0000000085200000, 0x0000000085300000|  0%| F|  |TAMS 0x0000000085200000, 0x0000000085200000| Untracked 
|  83|0x0000000085300000, 0x0000000085300000, 0x0000000085400000|  0%| F|  |TAMS 0x0000000085300000, 0x0000000085300000| Untracked 
|  84|0x0000000085400000, 0x0000000085400000, 0x0000000085500000|  0%| F|  |TAMS 0x0000000085400000, 0x0000000085400000| Untracked 
|  85|0x0000000085500000, 0x0000000085500000, 0x0000000085600000|  0%| F|  |TAMS 0x0000000085500000, 0x0000000085500000| Untracked 
|  86|0x0000000085600000, 0x0000000085600000, 0x0000000085700000|  0%| F|  |TAMS 0x0000000085600000, 0x0000000085600000| Untracked 
|  87|0x0000000085700000, 0x0000000085700000, 0x0000000085800000|  0%| F|  |TAMS 0x0000000085700000, 0x0000000085700000| Untracked 
|  88|0x0000000085800000, 0x0000000085800000, 0x0000000085900000|  0%| F|  |TAMS 0x0000000085800000, 0x0000000085800000| Untracked 
|  89|0x0000000085900000, 0x0000000085900000, 0x0000000085a00000|  0%| F|  |TAMS 0x0000000085900000, 0x0000000085900000| Untracked 
|  90|0x0000000085a00000, 0x0000000085a00000, 0x0000000085b00000|  0%| F|  |TAMS 0x0000000085a00000, 0x0000000085a00000| Untracked 
|  91|0x0000000085b00000, 0x0000000085b00000, 0x0000000085c00000|  0%| F|  |TAMS 0x0000000085b00000, 0x0000000085b00000| Untracked 
|  92|0x0000000085c00000, 0x0000000085c00000, 0x0000000085d00000|  0%| F|  |TAMS 0x0000000085c00000, 0x0000000085c00000| Untracked 
|  93|0x0000000085d00000, 0x0000000085d00000, 0x0000000085e00000|  0%| F|  |TAMS 0x0000000085d00000, 0x0000000085d00000| Untracked 
|  94|0x0000000085e00000, 0x0000000085e00000, 0x0000000085f00000|  0%| F|  |TAMS 0x0000000085e00000, 0x0000000085e00000| Untracked 
|  95|0x0000000085f00000, 0x0000000085f00000, 0x0000000086000000|  0%| F|  |TAMS 0x0000000085f00000, 0x0000000085f00000| Untracked 
|  96|0x0000000086000000, 0x0000000086000000, 0x0000000086100000|  0%| F|  |TAMS 0x0000000086000000, 0x0000000086000000| Untracked 
|  97|0x0000000086100000, 0x0000000086100000, 0x0000000086200000|  0%| F|  |TAMS 0x0000000086100000, 0x0000000086100000| Untracked 
|  98|0x0000000086200000, 0x0000000086200000, 0x0000000086300000|  0%| F|  |TAMS 0x0000000086200000, 0x0000000086200000| Untracked 
|  99|0x0000000086300000, 0x0000000086300000, 0x0000000086400000|  0%| F|  |TAMS 0x0000000086300000, 0x0000000086300000| Untracked 
| 100|0x0000000086400000, 0x0000000086400000, 0x0000000086500000|  0%| F|  |TAMS 0x0000000086400000, 0x0000000086400000| Untracked 
| 101|0x0000000086500000, 0x0000000086500000, 0x0000000086600000|  0%| F|  |TAMS 0x0000000086500000, 0x0000000086500000| Untracked 
| 102|0x0000000086600000, 0x0000000086700000, 0x0000000086700000|100%| E|  |TAMS 0x0000000086600000, 0x0000000086600000| Complete 
| 103|0x0000000086700000, 0x0000000086800000, 0x0000000086800000|100%| E|CS|TAMS 0x0000000086700000, 0x0000000086700000| Complete 
| 104|0x0000000086800000, 0x0000000086900000, 0x0000000086900000|100%| E|CS|TAMS 0x0000000086800000, 0x0000000086800000| Complete 
| 105|0x0000000086900000, 0x0000000086a00000, 0x0000000086a00000|100%| E|CS|TAMS 0x0000000086900000, 0x0000000086900000| Complete 
| 106|0x0000000086a00000, 0x0000000086b00000, 0x0000000086b00000|100%| E|CS|TAMS 0x0000000086a00000, 0x0000000086a00000| Complete 
| 107|0x0000000086b00000, 0x0000000086c00000, 0x0000000086c00000|100%| E|CS|TAMS 0x0000000086b00000, 0x0000000086b00000| Complete 
| 108|0x0000000086c00000, 0x0000000086d00000, 0x0000000086d00000|100%| E|CS|TAMS 0x0000000086c00000, 0x0000000086c00000| Complete 
| 109|0x0000000086d00000, 0x0000000086e00000, 0x0000000086e00000|100%| E|CS|TAMS 0x0000000086d00000, 0x0000000086d00000| Complete 
| 110|0x0000000086e00000, 0x0000000086f00000, 0x0000000086f00000|100%| E|CS|TAMS 0x0000000086e00000, 0x0000000086e00000| Complete 
| 111|0x0000000086f00000, 0x0000000087000000, 0x0000000087000000|100%| E|CS|TAMS 0x0000000086f00000, 0x0000000086f00000| Complete 
| 112|0x0000000087000000, 0x0000000087100000, 0x0000000087100000|100%| E|CS|TAMS 0x0000000087000000, 0x0000000087000000| Complete 
| 113|0x0000000087100000, 0x0000000087200000, 0x0000000087200000|100%| E|CS|TAMS 0x0000000087100000, 0x0000000087100000| Complete 
| 114|0x0000000087200000, 0x0000000087300000, 0x0000000087300000|100%| E|CS|TAMS 0x0000000087200000, 0x0000000087200000| Complete 
| 115|0x0000000087300000, 0x0000000087400000, 0x0000000087400000|100%| E|CS|TAMS 0x0000000087300000, 0x0000000087300000| Complete 
| 116|0x0000000087400000, 0x0000000087500000, 0x0000000087500000|100%| E|CS|TAMS 0x0000000087400000, 0x0000000087400000| Complete 
| 117|0x0000000087500000, 0x0000000087600000, 0x0000000087600000|100%| E|CS|TAMS 0x0000000087500000, 0x0000000087500000| Complete 
| 118|0x0000000087600000, 0x0000000087700000, 0x0000000087700000|100%| E|CS|TAMS 0x0000000087600000, 0x0000000087600000| Complete 
| 119|0x0000000087700000, 0x0000000087800000, 0x0000000087800000|100%| E|CS|TAMS 0x0000000087700000, 0x0000000087700000| Complete 
| 120|0x0000000087800000, 0x0000000087900000, 0x0000000087900000|100%| E|CS|TAMS 0x0000000087800000, 0x0000000087800000| Complete 
| 121|0x0000000087900000, 0x0000000087a00000, 0x0000000087a00000|100%| E|CS|TAMS 0x0000000087900000, 0x0000000087900000| Complete 
| 122|0x0000000087a00000, 0x0000000087b00000, 0x0000000087b00000|100%| E|CS|TAMS 0x0000000087a00000, 0x0000000087a00000| Complete 
| 123|0x0000000087b00000, 0x0000000087c00000, 0x0000000087c00000|100%| E|CS|TAMS 0x0000000087b00000, 0x0000000087b00000| Complete 

Card table byte_map: [0x000002bb535b0000,0x000002bb539b0000] _byte_map_base: 0x000002bb531b0000

Marking Bits (Prev, Next): (CMBitMap*) 0x000002bb3fe60750, (CMBitMap*) 0x000002bb3fe60718
 Prev Bits: [0x000002bb55db0000, 0x000002bb57db0000)
 Next Bits: [0x000002bb53db0000, 0x000002bb55db0000)

Polling page: 0x000002bb3ddd0000

Metaspace:

Usage:
  Non-class:     56.94 MB capacity,    56.07 MB ( 98%) used,   720.54 KB (  1%) free+waste,   165.44 KB ( <1%) overhead. 
      Class:      8.61 MB capacity,     8.08 MB ( 94%) used,   467.83 KB (  5%) free+waste,    76.75 KB ( <1%) overhead. 
       Both:     65.55 MB capacity,    64.15 MB ( 98%) used,     1.16 MB (  2%) free+waste,   242.19 KB ( <1%) overhead. 

Virtual space:
  Non-class space:       58.00 MB reserved,      57.08 MB ( 98%) committed 
      Class space:        1.00 GB reserved,       8.63 MB ( <1%) committed 
             Both:        1.06 GB reserved,      65.71 MB (  6%) committed 

Chunk freelists:
   Non-Class:  21.00 KB
       Class:  15.00 KB
        Both:  36.00 KB

MaxMetaspaceSize: 17179869184.00 GB
CompressedClassSpaceSize: 1.00 GB
Initial GC threshold: 20.80 MB
Current GC threshold: 98.68 MB
CDS: off

CodeHeap 'non-profiled nmethods': size=119168Kb used=3895Kb max_used=3895Kb free=115272Kb
 bounds [0x000002bb4b4d0000, 0x000002bb4b8a0000, 0x000002bb52930000]
CodeHeap 'profiled nmethods': size=119168Kb used=15309Kb max_used=15309Kb free=103858Kb
 bounds [0x000002bb44070000, 0x000002bb44f70000, 0x000002bb4b4d0000]
CodeHeap 'non-nmethods': size=7424Kb used=4041Kb max_used=4083Kb free=3382Kb
 bounds [0x000002bb43930000, 0x000002bb43d30000, 0x000002bb44070000]
 total_blobs=7982 nmethods=7133 adapters=758
 compilation: enabled
              stopped_count=0, restarted_count=0
 full_count=0

Compilation events (20 events):
Event: 6.502 Thread 0x000002bb5adc1800 nmethod 7176 0x000002bb4b89d510 code [0x000002bb4b89d6c0, 0x000002bb4b89d778]
Event: 6.502 Thread 0x000002bb5f1dd800 nmethod 7175 0x000002bb4b89d810 code [0x000002bb4b89d9c0, 0x000002bb4b89da78]
Event: 6.502 Thread 0x000002bb5ae4c000 nmethod 7177 0x000002bb44f5c490 code [0x000002bb44f5c740, 0x000002bb44f5d1c8]
Event: 6.502 Thread 0x000002bb5bc08000 nmethod 7178 0x000002bb44f5d610 code [0x000002bb44f5d8c0, 0x000002bb44f5e478]
Event: 6.503 Thread 0x000002bb5adc1800 7179       3       org.objectweb.asm.commons.Method::getArgumentTypes (8 bytes)
Event: 6.503 Thread 0x000002bb5ae4c000 7180       3       org.objectweb.asm.SymbolTable$Entry::<init> (18 bytes)
Event: 6.504 Thread 0x000002bb5adc1800 nmethod 7179 0x000002bb44f5e890 code [0x000002bb44f5ea40, 0x000002bb44f5eb68]
Event: 6.504 Thread 0x000002bb5ae4c000 nmethod 7180 0x000002bb44f5ec10 code [0x000002bb44f5edc0, 0x000002bb44f5ef28]
Event: 6.504 Thread 0x000002bb5bc08000 7181       1       com.android.build.gradle.internal.dsl.decorator.DslDecorator$ManagedProperty::getGettersToGenerate (5 bytes)
Event: 6.504 Thread 0x000002bb5bc08000 nmethod 7181 0x000002bb4b89db10 code [0x000002bb4b89dcc0, 0x000002bb4b89dd78]
Event: 6.505 Thread 0x000002bb5adc1800 7183       3       org.gradle.internal.reflect.PropertyAccessorType::of (95 bytes)
Event: 6.505 Thread 0x000002bb5f1dd800 7184       2       org.gradle.internal.reflect.PropertyAccessorType::isSetterName (23 bytes)
Event: 6.505 Thread 0x000002bb5ae4c000 7186       3       org.gradle.internal.reflect.PropertyAccessorType::isIsGetterName (23 bytes)
Event: 6.505 Thread 0x000002bb5f1dd800 nmethod 7184 0x000002bb44f5f010 code [0x000002bb44f5f1c0, 0x000002bb44f5f328]
Event: 6.505 Thread 0x000002bb5ae4c000 nmethod 7186 0x000002bb44f5f410 code [0x000002bb44f5f5e0, 0x000002bb44f5f908]
Event: 6.506 Thread 0x000002bb5bc08000 7187       3       org.gradle.internal.reflect.PropertyAccessorType::isGetGetterName (23 bytes)
Event: 6.506 Thread 0x000002bb5bc08000 nmethod 7187 0x000002bb44f5fa90 code [0x000002bb44f5fc60, 0x000002bb44f5ff88]
Event: 6.507 Thread 0x000002bb5adc1800 nmethod 7183 0x000002bb44f60110 code [0x000002bb44f60440, 0x000002bb44f61958]
Event: 6.509 Thread 0x000002bb5f1dd800 7189       3       org.gradle.internal.instantiation.generator.AsmBackedClassGenerator$ClassBuilderImpl::addSetMethod (146 bytes)
Event: 6.510 Thread 0x000002bb5f1dd800 nmethod 7189 0x000002bb44f61f90 code [0x000002bb44f62280, 0x000002bb44f63248]

GC Heap History (20 events):
Event: 2.064 GC heap before
{Heap before GC invocations=1 (full 0):
 garbage-first heap   total 126976K, used 82009K [0x0000000080000000, 0x0000000100000000)
  region size 1024K, 74 young (75776K), 3 survivors (3072K)
 Metaspace       used 17555K, capacity 17893K, committed 18176K, reserved 1064960K
  class space    used 2050K, capacity 2179K, committed 2304K, reserved 1048576K
}
Event: 2.070 GC heap after
{Heap after GC invocations=2 (full 0):
 garbage-first heap   total 126976K, used 15790K [0x0000000080000000, 0x0000000100000000)
  region size 1024K, 10 young (10240K), 10 survivors (10240K)
 Metaspace       used 17555K, capacity 17893K, committed 18176K, reserved 1064960K
  class space    used 2050K, capacity 2179K, committed 2304K, reserved 1048576K
}
Event: 2.354 GC heap before
{Heap before GC invocations=2 (full 0):
 garbage-first heap   total 126976K, used 45486K [0x0000000080000000, 0x0000000100000000)
  region size 1024K, 40 young (40960K), 10 survivors (10240K)
 Metaspace       used 20738K, capacity 21185K, committed 21296K, reserved 1069056K
  class space    used 2538K, capacity 2680K, committed 2688K, reserved 1048576K
}
Event: 2.359 GC heap after
{Heap after GC invocations=3 (full 0):
 garbage-first heap   total 126976K, used 17023K [0x0000000080000000, 0x0000000100000000)
  region size 1024K, 2 young (2048K), 2 survivors (2048K)
 Metaspace       used 20738K, capacity 21185K, committed 21296K, reserved 1069056K
  class space    used 2538K, capacity 2680K, committed 2688K, reserved 1048576K
}
Event: 2.899 GC heap before
{Heap before GC invocations=4 (full 0):
 garbage-first heap   total 126976K, used 79487K [0x0000000080000000, 0x0000000100000000)
  region size 1024K, 63 young (64512K), 2 survivors (2048K)
 Metaspace       used 27237K, capacity 27842K, committed 27904K, reserved 1073152K
  class space    used 3552K, capacity 3803K, committed 3840K, reserved 1048576K
}
Event: 2.902 GC heap after
{Heap after GC invocations=5 (full 0):
 garbage-first heap   total 126976K, used 19139K [0x0000000080000000, 0x0000000100000000)
  region size 1024K, 4 young (4096K), 4 survivors (4096K)
 Metaspace       used 27237K, capacity 27842K, committed 27904K, reserved 1073152K
  class space    used 3552K, capacity 3803K, committed 3840K, reserved 1048576K
}
Event: 3.362 GC heap before
{Heap before GC invocations=5 (full 0):
 garbage-first heap   total 126976K, used 67267K [0x0000000080000000, 0x0000000100000000)
  region size 1024K, 52 young (53248K), 4 survivors (4096K)
 Metaspace       used 35055K, capacity 35862K, committed 36048K, reserved 1081344K
  class space    used 4533K, capacity 4839K, committed 4864K, reserved 1048576K
}
Event: 3.368 GC heap after
{Heap after GC invocations=6 (full 0):
 garbage-first heap   total 126976K, used 22040K [0x0000000080000000, 0x0000000100000000)
  region size 1024K, 7 young (7168K), 7 survivors (7168K)
 Metaspace       used 35055K, capacity 35862K, committed 36048K, reserved 1081344K
  class space    used 4533K, capacity 4839K, committed 4864K, reserved 1048576K
}
Event: 3.882 GC heap before
{Heap before GC invocations=7 (full 0):
 garbage-first heap   total 126976K, used 92696K [0x0000000080000000, 0x0000000100000000)
  region size 1024K, 74 young (75776K), 7 survivors (7168K)
 Metaspace       used 40554K, capacity 41434K, committed 41552K, reserved 1085440K
  class space    used 5161K, capacity 5476K, committed 5504K, reserved 1048576K
}
Event: 3.888 GC heap after
{Heap after GC invocations=8 (full 0):
 garbage-first heap   total 126976K, used 27622K [0x0000000080000000, 0x0000000100000000)
  region size 1024K, 9 young (9216K), 9 survivors (9216K)
 Metaspace       used 40554K, capacity 41434K, committed 41552K, reserved 1085440K
  class space    used 5161K, capacity 5476K, committed 5504K, reserved 1048576K
}
Event: 4.339 GC heap before
{Heap before GC invocations=8 (full 0):
 garbage-first heap   total 126976K, used 94182K [0x0000000080000000, 0x0000000100000000)
  region size 1024K, 73 young (74752K), 9 survivors (9216K)
 Metaspace       used 46402K, capacity 47434K, committed 47568K, reserved 1091584K
  class space    used 5959K, capacity 6359K, committed 6400K, reserved 1048576K
}
Event: 4.344 GC heap after
{Heap after GC invocations=9 (full 0):
 garbage-first heap   total 126976K, used 29638K [0x0000000080000000, 0x0000000100000000)
  region size 1024K, 3 young (3072K), 3 survivors (3072K)
 Metaspace       used 46402K, capacity 47434K, committed 47568K, reserved 1091584K
  class space    used 5959K, capacity 6359K, committed 6400K, reserved 1048576K
}
Event: 5.098 GC heap before
{Heap before GC invocations=9 (full 0):
 garbage-first heap   total 126976K, used 99270K [0x0000000080000000, 0x0000000100000000)
  region size 1024K, 68 young (69632K), 3 survivors (3072K)
 Metaspace       used 48942K, capacity 50197K, committed 50256K, reserved 1093632K
  class space    used 6251K, capacity 6760K, committed 6784K, reserved 1048576K
}
Event: 5.101 GC heap after
{Heap after GC invocations=10 (full 0):
 garbage-first heap   total 126976K, used 42274K [0x0000000080000000, 0x0000000100000000)
  region size 1024K, 9 young (9216K), 9 survivors (9216K)
 Metaspace       used 48942K, capacity 50197K, committed 50256K, reserved 1093632K
  class space    used 6251K, capacity 6760K, committed 6784K, reserved 1048576K
}
Event: 5.623 GC heap before
{Heap before GC invocations=10 (full 0):
 garbage-first heap   total 126976K, used 95522K [0x0000000080000000, 0x0000000100000000)
  region size 1024K, 61 young (62464K), 9 survivors (9216K)
 Metaspace       used 55765K, capacity 57207K, committed 57296K, reserved 1099776K
  class space    used 7101K, capacity 7635K, committed 7680K, reserved 1048576K
}
Event: 5.629 GC heap after
{Heap after GC invocations=11 (full 0):
 garbage-first heap   total 126976K, used 45728K [0x0000000080000000, 0x0000000100000000)
  region size 1024K, 3 young (3072K), 3 survivors (3072K)
 Metaspace       used 55765K, capacity 57207K, committed 57296K, reserved 1099776K
  class space    used 7101K, capacity 7635K, committed 7680K, reserved 1048576K
}
Event: 5.809 GC heap before
{Heap before GC invocations=11 (full 0):
 garbage-first heap   total 126976K, used 62112K [0x0000000080000000, 0x0000000100000000)
  region size 1024K, 20 young (20480K), 3 survivors (3072K)
 Metaspace       used 58683K, capacity 60089K, committed 60296K, reserved 1101824K
  class space    used 7387K, capacity 7910K, committed 7936K, reserved 1048576K
}
Event: 5.812 GC heap after
{Heap after GC invocations=12 (full 0):
 garbage-first heap   total 126976K, used 46146K [0x0000000080000000, 0x0000000100000000)
  region size 1024K, 4 young (4096K), 4 survivors (4096K)
 Metaspace       used 58683K, capacity 60089K, committed 60296K, reserved 1101824K
  class space    used 7387K, capacity 7910K, committed 7936K, reserved 1048576K
}
Event: 6.319 GC heap before
{Heap before GC invocations=13 (full 0):
 garbage-first heap   total 126976K, used 92226K [0x0000000080000000, 0x0000000100000000)
  region size 1024K, 50 young (51200K), 4 survivors (4096K)
 Metaspace       used 63978K, capacity 65471K, committed 65620K, reserved 1105920K
  class space    used 8038K, capacity 8611K, committed 8704K, reserved 1048576K
}
Event: 6.325 GC heap after
{Heap after GC invocations=14 (full 0):
 garbage-first heap   total 126976K, used 50128K [0x0000000080000000, 0x0000000100000000)
  region size 1024K, 7 young (7168K), 7 survivors (7168K)
 Metaspace       used 63978K, capacity 65471K, committed 65620K, reserved 1105920K
  class space    used 8038K, capacity 8611K, committed 8704K, reserved 1048576K
}

Deoptimization events (20 events):
Event: 6.143 Thread 0x000002bb5cfce000 Uncommon trap: trap_request=0xffffff4d fr.pc=0x000002bb4b817e3c relative=0x000000000000009c
Event: 6.143 Thread 0x000002bb5cfce000 Uncommon trap: reason=unstable_if action=reinterpret pc=0x000002bb4b817e3c method=java.security.CodeSource.matchCerts(Ljava/security/CodeSource;Z)Z @ 11 c2
Event: 6.143 Thread 0x000002bb5cfce000 DEOPT PACKING pc=0x000002bb4b817e3c sp=0x000000eda51f1280
Event: 6.143 Thread 0x000002bb5cfce000 DEOPT UNPACKING pc=0x000002bb439385af sp=0x000000eda51f1218 mode 2
Event: 6.212 Thread 0x000002bb5cfce000 Uncommon trap: trap_request=0xffffff4d fr.pc=0x000002bb4b7dfcd8 relative=0x0000000000002f98
Event: 6.212 Thread 0x000002bb5cfce000 Uncommon trap: reason=unstable_if action=reinterpret pc=0x000002bb4b7dfcd8 method=java.util.regex.Pattern.has(I)Z @ 6 c2
Event: 6.213 Thread 0x000002bb5cfce000 DEOPT PACKING pc=0x000002bb4b7dfcd8 sp=0x000000eda51f72a0
Event: 6.213 Thread 0x000002bb5cfce000 DEOPT UNPACKING pc=0x000002bb439385af sp=0x000000eda51f7220 mode 2
Event: 6.213 Thread 0x000002bb5cfce000 Uncommon trap: trap_request=0xffffff4d fr.pc=0x000002bb4b66cf74 relative=0x0000000000000054
Event: 6.213 Thread 0x000002bb5cfce000 Uncommon trap: reason=unstable_if action=reinterpret pc=0x000002bb4b66cf74 method=java.util.regex.Pattern.has(I)Z @ 6 c2
Event: 6.213 Thread 0x000002bb5cfce000 DEOPT PACKING pc=0x000002bb4b66cf74 sp=0x000000eda51f7280
Event: 6.213 Thread 0x000002bb5cfce000 DEOPT UNPACKING pc=0x000002bb439385af sp=0x000000eda51f7210 mode 2
Event: 6.308 Thread 0x000002bb5cfce000 Uncommon trap: trap_request=0xfffffff4 fr.pc=0x000002bb4b881788 relative=0x0000000000000068
Event: 6.308 Thread 0x000002bb5cfce000 Uncommon trap: reason=null_check action=make_not_entrant pc=0x000002bb4b881788 method=java.lang.Class.isAnnotation()Z @ 1 c2
Event: 6.308 Thread 0x000002bb5cfce000 DEOPT PACKING pc=0x000002bb4b881788 sp=0x000000eda51f70f0
Event: 6.308 Thread 0x000002bb5cfce000 DEOPT UNPACKING pc=0x000002bb439385af sp=0x000000eda51f7080 mode 2
Event: 6.505 Thread 0x000002bb5cfce000 Uncommon trap: trap_request=0xffffff4d fr.pc=0x000002bb4b71719c relative=0x000000000000033c
Event: 6.505 Thread 0x000002bb5cfce000 Uncommon trap: reason=unstable_if action=reinterpret pc=0x000002bb4b71719c method=org.gradle.internal.reflect.PropertyAccessorType.of(Ljava/lang/reflect/Method;)Lorg/gradle/internal/reflect/PropertyAccessorType; @ 56 c2
Event: 6.505 Thread 0x000002bb5cfce000 DEOPT PACKING pc=0x000002bb4b71719c sp=0x000000eda51f79f0
Event: 6.505 Thread 0x000002bb5cfce000 DEOPT UNPACKING pc=0x000002bb439385af sp=0x000000eda51f79b0 mode 2

Classes redefined (0 events):
No events

Internal exceptions (20 events):
Event: 5.298 Thread 0x000002bb5cfce000 Exception <a 'java/lang/NoSuchMethodError'{0x0000000086844840}: 'java.lang.Object java.lang.invoke.DirectMethodHandle$Holder.invokeSpecial(java.lang.Object, java.lang.Object, java.lang.Object, java.lang.Object, java.lang.Object, int)'> (0x0000000086844840) thrown at [./src/hotspot/share/interpreter/linkResolver.cpp, line 773]
Event: 5.298 Thread 0x000002bb5cfce000 Exception <a 'java/lang/NoSuchMethodError'{0x0000000086848e80}: 'java.lang.Object java.lang.invoke.Invokers$Holder.linkToTargetMethod(java.lang.Object, java.lang.Object, java.lang.Object, int, java.lang.Object)'> (0x0000000086848e80) thrown at [./src/hotspot/share/interpreter/linkResolver.cpp, line 773]
Event: 5.442 Thread 0x000002bb5cfce000 Exception <a 'java/lang/NoSuchMethodError'{0x00000000859b69d8}: 'java.lang.Object java.lang.invoke.DirectMethodHandle$Holder.invokeSpecial(java.lang.Object, java.lang.Object, int, int, java.lang.Object, java.lang.Object, java.lang.Object)'> (0x00000000859b69d8) thrown at [./src/hotspot/share/interpreter/linkResolver.cpp, line 773]
Event: 5.442 Thread 0x000002bb5cfce000 Exception <a 'java/lang/NoSuchMethodError'{0x00000000859baf58}: 'java.lang.Object java.lang.invoke.DelegatingMethodHandle$Holder.reinvoke_L(java.lang.Object, int, int, java.lang.Object, java.lang.Object, java.lang.Object)'> (0x00000000859baf58) thrown at [./src/hotspot/share/interpreter/linkResolver.cpp, line 773]
Event: 5.575 Thread 0x000002bb5cfce000 Exception <a 'java/lang/NoSuchMethodError'{0x0000000084c25c38}: 'int java.lang.invoke.DirectMethodHandle$Holder.invokeInterface(java.lang.Object, java.lang.Object, java.lang.Object, java.lang.Object)'> (0x0000000084c25c38) thrown at [./src/hotspot/share/interpreter/linkResolver.cpp, line 773]
Event: 5.829 Thread 0x000002bb5cfce000 Exception <a 'java/lang/NoSuchMethodError'{0x0000000087beef10}: 'void java.lang.invoke.DirectMethodHandle$Holder.invokeInterface(java.lang.Object, java.lang.Object, java.lang.Object, java.lang.Object)'> (0x0000000087beef10) thrown at [./src/hotspot/share/interpreter/linkResolver.cpp, line 773]
Event: 5.941 Thread 0x000002bb5cfce000 Exception <a 'java/lang/IncompatibleClassChangeError'{0x00000000872652e0}: Found class java.lang.Object, but interface was expected> (0x00000000872652e0) thrown at [./src/hotspot/share/interpreter/linkResolver.cpp, line 839]
Event: 5.980 Thread 0x000002bb5cfce000 Implicit null exception at 0x000002bb4b7e4bd4 to 0x000002bb4b7e4db8
Event: 5.980 Thread 0x000002bb5cfce000 Implicit null exception at 0x000002bb4b7e34b2 to 0x000002bb4b7e3c78
Event: 6.031 Thread 0x000002bb5cfce000 Implicit null exception at 0x000002bb4b61e50b to 0x000002bb4b61e5e4
Event: 6.069 Thread 0x000002bb5cfce000 Implicit null exception at 0x000002bb4b640aac to 0x000002bb4b640d30
Event: 6.176 Thread 0x000002bb5cfce000 Exception <a 'sun/nio/fs/WindowsException'{0x000000008586e0d0}> (0x000000008586e0d0) thrown at [./src/hotspot/share/prims/jni.cpp, line 615]
Event: 6.411 Thread 0x000002bb5cfce000 Exception <a 'java/lang/ClassNotFoundException'{0x00000000873b3c18}: org/gradle/api/plugins/internal/DefaultBasePluginConventionBeanInfo> (0x00000000873b3c18) thrown at [./src/hotspot/share/classfile/systemDictionary.cpp, line 231]
Event: 6.412 Thread 0x000002bb5cfce000 Exception <a 'java/lang/ClassNotFoundException'{0x00000000873ef298}: org/gradle/api/plugins/BasePluginConventionBeanInfo> (0x00000000873ef298) thrown at [./src/hotspot/share/classfile/systemDictionary.cpp, line 231]
Event: 6.413 Thread 0x000002bb5cfce000 Exception <a 'java/lang/ClassNotFoundException'{0x000000008722afd0}: org/gradle/api/plugins/BasePluginConventionCustomizer> (0x000000008722afd0) thrown at [./src/hotspot/share/classfile/systemDictionary.cpp, line 231]
Event: 6.414 Thread 0x000002bb5cfce000 Exception <a 'java/lang/ClassNotFoundException'{0x0000000087277cf8}: org/gradle/api/plugins/internal/DefaultBasePluginConventionCustomizer> (0x0000000087277cf8) thrown at [./src/hotspot/share/classfile/systemDictionary.cpp, line 231]
Event: 6.417 Thread 0x000002bb5cfce000 Exception <a 'java/lang/ClassNotFoundException'{0x00000000872f7730}: org/gradle/api/plugins/internal/DefaultJavaPluginConventionBeanInfo> (0x00000000872f7730) thrown at [./src/hotspot/share/classfile/systemDictionary.cpp, line 231]
Event: 6.418 Thread 0x000002bb5cfce000 Exception <a 'java/lang/ClassNotFoundException'{0x0000000087133248}: org/gradle/api/plugins/JavaPluginConventionBeanInfo> (0x0000000087133248) thrown at [./src/hotspot/share/classfile/systemDictionary.cpp, line 231]
Event: 6.418 Thread 0x000002bb5cfce000 Exception <a 'java/lang/ClassNotFoundException'{0x000000008716eac0}: org/gradle/api/plugins/JavaPluginConventionCustomizer> (0x000000008716eac0) thrown at [./src/hotspot/share/classfile/systemDictionary.cpp, line 231]
Event: 6.419 Thread 0x000002bb5cfce000 Exception <a 'java/lang/ClassNotFoundException'{0x00000000871c5690}: org/gradle/api/plugins/internal/DefaultJavaPluginConventionCustomizer> (0x00000000871c5690) thrown at [./src/hotspot/share/classfile/systemDictionary.cpp, line 231]

Events (20 events):
Event: 6.536 loading class com/android/build/gradle/internal/scope/InternalArtifactType$MERGED_CONSUMER_PROGUARD_FILE done
Event: 6.536 loading class com/android/build/gradle/internal/scope/InternalArtifactType$CONSUMER_PROGUARD_DIR
Event: 6.536 loading class com/android/build/gradle/internal/scope/InternalArtifactType$CONSUMER_PROGUARD_DIR done
Event: 6.536 loading class com/android/build/gradle/internal/scope/InternalArtifactType$AAPT_PROGUARD_FILE
Event: 6.536 loading class com/android/build/gradle/internal/scope/InternalArtifactType$AAPT_PROGUARD_FILE done
Event: 6.536 loading class com/android/build/gradle/internal/scope/InternalArtifactType$MERGED_AAPT_PROGUARD_FILE
Event: 6.536 loading class com/android/build/gradle/internal/scope/InternalArtifactType$MERGED_AAPT_PROGUARD_FILE done
Event: 6.536 loading class com/android/build/gradle/internal/scope/InternalArtifactType$COMPILE_MANIFEST_JAR
Event: 6.536 loading class com/android/build/gradle/internal/scope/InternalArtifactType$COMPILE_MANIFEST_JAR done
Event: 6.537 loading class com/android/utils/FileUtils
Event: 6.537 loading class com/android/utils/FileUtils done
Event: 6.538 loading class com/google/common/base/Joiner
Event: 6.538 loading class com/google/common/base/Joiner done
Event: 6.539 loading class com/google/common/base/Joiner$2
Event: 6.539 loading class com/google/common/base/Joiner$2 done
Event: 6.539 loading class com/google/common/base/Joiner$1
Event: 6.539 loading class com/google/common/base/Joiner$1 done
Event: 6.540 loading class org/gradle/api/internal/plugins/PluginManagerInternal$PluginWithId
Event: 6.540 loading class org/gradle/api/internal/plugins/PluginManagerInternal$PluginWithId done
Event: 6.541 Executing VM operation: BulkRevokeBias


Dynamic libraries:
0x00007ff7e1ba0000 - 0x00007ff7e1baa000 	C:\Program Files\Android\Android Studio\jre\bin\java.exe
0x00007ff99aff0000 - 0x00007ff99b1e8000 	C:\Windows\SYSTEM32\ntdll.dll
0x00007ff99ac90000 - 0x00007ff99ad4d000 	C:\Windows\System32\KERNEL32.DLL
0x00007ff998710000 - 0x00007ff9989de000 	C:\Windows\System32\KERNELBASE.dll
0x00007ff9989e0000 - 0x00007ff998ae0000 	C:\Windows\System32\ucrtbase.dll
0x00007ff987dc0000 - 0x00007ff987dd9000 	C:\Program Files\Android\Android Studio\jre\bin\jli.dll
0x00007ff97f3e0000 - 0x00007ff97f3f7000 	C:\Program Files\Android\Android Studio\jre\bin\VCRUNTIME140.dll
0x00007ff99a560000 - 0x00007ff99a700000 	C:\Windows\System32\USER32.dll
0x00007ff998f30000 - 0x00007ff998f52000 	C:\Windows\System32\win32u.dll
0x00007ff97d570000 - 0x00007ff97d80a000 	C:\Windows\WinSxS\amd64_microsoft.windows.common-controls_6595b64144ccf1df_6.0.19041.1110_none_60b5254171f9507e\COMCTL32.dll
0x00007ff9995c0000 - 0x00007ff9995ea000 	C:\Windows\System32\GDI32.dll
0x00007ff99ae80000 - 0x00007ff99af1e000 	C:\Windows\System32\msvcrt.dll
0x00007ff998d90000 - 0x00007ff998e9b000 	C:\Windows\System32\gdi32full.dll
0x00007ff998c40000 - 0x00007ff998cdd000 	C:\Windows\System32\msvcp_win.dll
0x00007ff99aad0000 - 0x00007ff99ab00000 	C:\Windows\System32\IMM32.DLL
0x00007ff95e970000 - 0x00007ff95ea0d000 	C:\Program Files\Android\Android Studio\jre\bin\msvcp140.dll
0x00007ff922430000 - 0x00007ff922f15000 	C:\Program Files\Android\Android Studio\jre\bin\server\jvm.dll
0x00007ff9993c0000 - 0x00007ff99946e000 	C:\Windows\System32\ADVAPI32.dll
0x00007ff999490000 - 0x00007ff99952c000 	C:\Windows\System32\sechost.dll
0x00007ff99ad50000 - 0x00007ff99ae75000 	C:\Windows\System32\RPCRT4.dll
0x00007ff97a8e0000 - 0x00007ff97a907000 	C:\Windows\SYSTEM32\WINMM.dll
0x00007ff98eea0000 - 0x00007ff98eeaa000 	C:\Windows\SYSTEM32\VERSION.dll
0x00007ff978a50000 - 0x00007ff978a59000 	C:\Windows\SYSTEM32\WSOCK32.dll
0x00007ff9998c0000 - 0x00007ff99992b000 	C:\Windows\System32\WS2_32.dll
0x00007ff999990000 - 0x00007ff999998000 	C:\Windows\System32\PSAPI.DLL
0x00007ff996f90000 - 0x00007ff996fa2000 	C:\Windows\SYSTEM32\kernel.appcore.dll
0x00007ff98e1b0000 - 0x00007ff98e1c1000 	C:\Program Files\Android\Android Studio\jre\bin\verify.dll
0x00007ff9964f0000 - 0x00007ff9966d4000 	C:\Windows\SYSTEM32\DBGHELP.DLL
0x00007ff97abb0000 - 0x00007ff97abdc000 	C:\Windows\SYSTEM32\dbgcore.DLL
0x00007ff998ea0000 - 0x00007ff998f22000 	C:\Windows\System32\bcryptPrimitives.dll
0x00007ff981fa0000 - 0x00007ff981fc9000 	C:\Program Files\Android\Android Studio\jre\bin\java.dll
0x00007ff995be0000 - 0x00007ff995beb000 	C:\Program Files\Android\Android Studio\jre\bin\jimage.dll
0x00007ff98e130000 - 0x00007ff98e148000 	C:\Program Files\Android\Android Studio\jre\bin\zip.dll
0x00007ff9999a0000 - 0x00007ff99a0e3000 	C:\Windows\System32\SHELL32.dll
0x00007ff9967e0000 - 0x00007ff996f75000 	C:\Windows\SYSTEM32\windows.storage.dll
0x00007ff99a710000 - 0x00007ff99aa64000 	C:\Windows\System32\combase.dll
0x00007ff998170000 - 0x00007ff9981a0000 	C:\Windows\SYSTEM32\Wldp.dll
0x00007ff999050000 - 0x00007ff9990fd000 	C:\Windows\System32\SHCORE.dll
0x00007ff99ac30000 - 0x00007ff99ac85000 	C:\Windows\System32\shlwapi.dll
0x00007ff998650000 - 0x00007ff99866f000 	C:\Windows\SYSTEM32\profapi.dll
0x00007ff98ca00000 - 0x00007ff98ca1a000 	C:\Program Files\Android\Android Studio\jre\bin\net.dll
0x00007ff98bc70000 - 0x00007ff98bd7a000 	C:\Windows\SYSTEM32\WINHTTP.dll
0x00007ff997e60000 - 0x00007ff997eca000 	C:\Windows\system32\mswsock.dll
0x00007ff98b660000 - 0x00007ff98b674000 	C:\Program Files\Android\Android Studio\jre\bin\nio.dll
0x00007ff987de0000 - 0x00007ff987e07000 	C:\Users\rcdup\.gradle\native\e1d6ef7f7dcc3fd88c89a11ec53ec762bb8ba0a96d01ffa2cd45eb1d1d8dd5c5\windows-amd64\native-platform.dll
0x00007ff94c350000 - 0x00007ff94c494000 	C:\Users\rcdup\.gradle\native\5664cfc778a61ccfe75a443a1ab52a65af34e5dc3c78e0209fed803814484fcb\windows-amd64\native-platform-file-events.dll
0x00007ff9912d0000 - 0x00007ff9912da000 	C:\Program Files\Android\Android Studio\jre\bin\management.dll
0x00007ff98c9b0000 - 0x00007ff98c9bd000 	C:\Program Files\Android\Android Studio\jre\bin\management_ext.dll
0x00007ff9980c0000 - 0x00007ff9980d8000 	C:\Windows\SYSTEM32\CRYPTSP.dll
0x00007ff997780000 - 0x00007ff9977b4000 	C:\Windows\system32\rsaenh.dll
0x00007ff998fb0000 - 0x00007ff998fd7000 	C:\Windows\System32\bcrypt.dll
0x00007ff9985d0000 - 0x00007ff9985fe000 	C:\Windows\SYSTEM32\USERENV.dll
0x00007ff9980e0000 - 0x00007ff9980ec000 	C:\Windows\SYSTEM32\CRYPTBASE.dll
0x00007ff997b50000 - 0x00007ff997b8b000 	C:\Windows\SYSTEM32\IPHLPAPI.DLL
0x00007ff999530000 - 0x00007ff999538000 	C:\Windows\System32\NSI.dll
0x00007ff98e8f0000 - 0x00007ff98e907000 	C:\Windows\SYSTEM32\dhcpcsvc6.DLL
0x00007ff98e380000 - 0x00007ff98e39d000 	C:\Windows\SYSTEM32\dhcpcsvc.DLL
0x00007ff997b90000 - 0x00007ff997c5a000 	C:\Windows\SYSTEM32\DNSAPI.dll

dbghelp: loaded successfully - version: 4.0.5 - missing functions: none
symbol engine: initialized successfully - sym options: 0x614 - pdb path: .;C:\Program Files\Android\Android Studio\jre\bin;C:\Windows\SYSTEM32;C:\Windows\WinSxS\amd64_microsoft.windows.common-controls_6595b64144ccf1df_6.0.19041.1110_none_60b5254171f9507e;C:\Program Files\Android\Android Studio\jre\bin\server;C:\Users\rcdup\.gradle\native\e1d6ef7f7dcc3fd88c89a11ec53ec762bb8ba0a96d01ffa2cd45eb1d1d8dd5c5\windows-amd64;C:\Users\rcdup\.gradle\native\5664cfc778a61ccfe75a443a1ab52a65af34e5dc3c78e0209fed803814484fcb\windows-amd64

VM Arguments:
jvm_args: --add-opens=java.base/java.util=ALL-UNNAMED --add-opens=java.base/java.lang=ALL-UNNAMED --add-opens=java.base/java.lang.invoke=ALL-UNNAMED --add-opens=java.base/java.util=ALL-UNNAMED --add-opens=java.prefs/java.util.prefs=ALL-UNNAMED --add-opens=java.prefs/java.util.prefs=ALL-UNNAMED --add-opens=java.base/java.nio.charset=ALL-UNNAMED --add-opens=java.base/java.net=ALL-UNNAMED --add-opens=java.base/java.util.concurrent.atomic=ALL-UNNAMED -Xmx2048m -Dfile.encoding=UTF-8 -Duser.country=PH -Duser.language=en -Duser.variant 
java_command: org.gradle.launcher.daemon.bootstrap.GradleDaemon 7.3.3
java_class_path (initial): C:\Users\rcdup\.gradle\wrapper\dists\gradle-7.3.3-bin\6a41zxkdtcxs8rphpq6y0069z\gradle-7.3.3\lib\gradle-launcher-7.3.3.jar
Launcher Type: SUN_STANDARD

[Global flags]
     intx CICompilerCount                          = 12                                        {product} {ergonomic}
     uint ConcGCThreads                            = 3                                         {product} {ergonomic}
     uint G1ConcRefinementThreads                  = 13                                        {product} {ergonomic}
   size_t G1HeapRegionSize                         = 1048576                                   {product} {ergonomic}
    uintx GCDrainStackTargetSize                   = 64                                        {product} {ergonomic}
   size_t InitialHeapSize                          = 130023424                                 {product} {ergonomic}
   size_t MarkStackSize                            = 4194304                                   {product} {ergonomic}
   size_t MaxHeapSize                              = 2147483648                                {product} {command line}
   size_t MaxNewSize                               = 1287651328                                {product} {ergonomic}
   size_t MinHeapDeltaBytes                        = 1048576                                   {product} {ergonomic}
    uintx NonNMethodCodeHeapSize                   = 7594288                                {pd product} {ergonomic}
    uintx NonProfiledCodeHeapSize                  = 122031976                              {pd product} {ergonomic}
    uintx ProfiledCodeHeapSize                     = 122031976                              {pd product} {ergonomic}
    uintx ReservedCodeCacheSize                    = 251658240                              {pd product} {ergonomic}
     bool SegmentedCodeCache                       = true                                      {product} {ergonomic}
     bool UseCompressedClassPointers               = true                                 {lp64_product} {ergonomic}
     bool UseCompressedOops                        = true                                 {lp64_product} {ergonomic}
     bool UseG1GC                                  = true                                      {product} {ergonomic}
     bool UseLargePagesIndividualAllocation        = false                                  {pd product} {ergonomic}

Logging:
Log output configuration:
 #0: stdout all=warning uptime,level,tags
 #1: stderr all=off uptime,level,tags

Environment Variables:
JAVA_HOME=C:\Program Files\Java\jre1.8.0_341\bin\java.exe
PATH=C:\Program Files\Common Files\Oracle\Java\javapath;C:\Program Files\Java\jre1.8.0_341\bin;C:\ProgramData\Oracle\Java\javapath;C:\Windows\system32;C:\Windows;C:\Windows\System32\Wbem;C:\Windows\System32\WindowsPowerShell\v1.0\;C:\Windows\System32\OpenSSH\;C:\Program Files (x86)\NVIDIA Corporation\PhysX\Common;C:\Program Files\dotnet\;C:\Program Files\Microsoft SQL Server\150\Tools\Binn\;C:\Program Files\nodejs\;C:\Program Files\Git\cmd;C:\Program Files\SASHome\x86\Secure\ccme4;C:\Program Files\SASHome\Secure\ccme4;C:\xampp\php;C:\ProgramData\ComposerSetup\bin;";";C:\Users\rcdup\AppData\Local\Microsoft\WindowsApps;C:\Users\rcdup\.dotnet\tools;C:\Users\rcdup\AppData\Local\Programs\Microsoft VS Code\bin;C:\Users\rcdup\AppData\Roaming\npm;C:\Program Files\heroku\bin;C:\Users\rcdup\AppData\Roaming\Composer\vendor\bin;C:\Program Files\JetBrains\IntelliJ IDEA Community Edition 2022.2.1\bin;
USERNAME=rcdup
OS=Windows_NT
PROCESSOR_IDENTIFIER=Intel64 Family 6 Model 141 Stepping 1, GenuineIntel



---------------  S Y S T E M  ---------------

OS: Windows 10 , 64 bit Build 19041 (10.0.19041.1889)
OS uptime: 23 days 23:51 hours

CPU:total 16 (initial active 16) (8 cores per cpu, 2 threads per core) family 6 model 141 stepping 1 microcode 0x26, cmov, cx8, fxsr, mmx, sse, sse2, sse3, ssse3, sse4.1, sse4.2, popcnt, avx, avx2, aes, clmul, erms, 3dnowpref, lzcnt, ht, tsc, tscinvbit, bmi1, bmi2, adx, evex, sha, fma

Memory: 4k page, system-wide physical 7893M (414M free)
TotalPageFile size 16085M (AvailPageFile size 6M)
current process WorkingSet (physical memory assigned to process): 351M, peak: 356M
current process commit charge ("private bytes"): 405M, peak: 410M

vm_info: OpenJDK 64-Bit Server VM (11.0.12+7-b1504.28-7817840) for windows-amd64 JRE (11.0.12+7-b1504.28-7817840), built on Oct 13 2021 22:12:33 by "builder" with MS VC++ 14.0 (VS2015)

END.
