#
# There is insufficient memory for the Java Runtime Environment to continue.
# Native memory allocation (malloc) failed to allocate 1866736 bytes for Chunk::new
# Possible reasons:
#   The system is out of physical RAM or swap space
#   The process is running with CompressedOops enabled, and the Java Heap may be blocking the growth of the native heap
# Possible solutions:
#   Reduce memory load on the system
#   Increase physical memory or swap space
#   Check if swap backing store is full
#   Decrease Java heap size (-Xmx/-Xms)
#   Decrease number of Java threads
#   Decrease Java thread stack sizes (-Xss)
#   Set larger code cache with -XX:ReservedCodeCacheSize=
#   JVM is running with Unscaled Compressed Oops mode in which the Java heap is
#     placed in the first 4GB address space. The Java Heap base address is the
#     maximum limit for the native heap growth. Please use -XX:HeapBaseMinAddress
#     to set the Java Heap base and to place the Java Heap above 4GB virtual address.
# This output file may be truncated or incomplete.
#
#  Out of Memory Error (./src/hotspot/share/memory/arena.cpp:197), pid=11548, tid=4100
#
# JRE version: OpenJDK Runtime Environment (11.0.12+7) (build 11.0.12+7-b1504.28-7817840)
# Java VM: OpenJDK 64-Bit Server VM (11.0.12+7-b1504.28-7817840, mixed mode, tiered, compressed oops, g1 gc, windows-amd64)
# No core dump will be written. Minidumps are not enabled by default on client versions of Windows
#

---------------  S U M M A R Y ------------

Command Line: --add-opens=java.base/java.util=ALL-UNNAMED --add-opens=java.base/java.lang=ALL-UNNAMED --add-opens=java.base/java.lang.invoke=ALL-UNNAMED --add-opens=java.base/java.util=ALL-UNNAMED --add-opens=java.prefs/java.util.prefs=ALL-UNNAMED --add-opens=java.prefs/java.util.prefs=ALL-UNNAMED --add-opens=java.base/java.nio.charset=ALL-UNNAMED --add-opens=java.base/java.net=ALL-UNNAMED --add-opens=java.base/java.util.concurrent.atomic=ALL-UNNAMED -Xmx2048m -Dfile.encoding=UTF-8 -Duser.country=PH -Duser.language=en -Duser.variant org.gradle.launcher.daemon.bootstrap.GradleDaemon 7.3.3

Host: 11th Gen Intel(R) Core(TM) i7-11800H @ 2.30GHz, 16 cores, 7G,  Windows 10 , 64 bit Build 19041 (10.0.19041.1889)
Time: Wed Sep 28 23:39:23 2022 Malay Peninsula Standard Time elapsed time: 4.484198 seconds (0d 0h 0m 4s)

---------------  T H R E A D  ---------------

Current thread (0x00000239a70ab000):  JavaThread "C2 CompilerThread0" daemon [_thread_in_native, id=4100, stack(0x000000fb0f200000,0x000000fb0f300000)]


Current CompileTask:
C2:   4484 6042       4       java.lang.invoke.MethodType::makeImpl (108 bytes)

Stack: [0x000000fb0f200000,0x000000fb0f300000]
Native frames: (J=compiled Java code, j=interpreted, Vv=VM code, C=native code)
V  [jvm.dll+0x5fbcea]
V  [jvm.dll+0x731905]
V  [jvm.dll+0x732f1d]
V  [jvm.dll+0x7335d3]
V  [jvm.dll+0x247bf8]
V  [jvm.dll+0xc018c]
V  [jvm.dll+0xc06cc]
V  [jvm.dll+0x35b31d]
V  [jvm.dll+0x328803]
V  [jvm.dll+0x327cfa]
V  [jvm.dll+0x200602]
V  [jvm.dll+0x1ff794]
V  [jvm.dll+0x18868c]
V  [jvm.dll+0x20e0d7]
V  [jvm.dll+0x20c901]
V  [jvm.dll+0x6f9b7f]
V  [jvm.dll+0x6f26a5]
V  [jvm.dll+0x5fabf6]
C  [ucrtbase.dll+0x21bb2]
C  [KERNEL32.DLL+0x17034]
C  [ntdll.dll+0x526a1]


---------------  P R O C E S S  ---------------

Threads class SMR info:
_java_thread_list=0x00000239aaf2a130, length=187, elements={
0x00000239898f4000, 0x00000239a684c800, 0x00000239a684e000, 0x00000239a70a4800,
0x00000239a70a5800, 0x00000239a70a6800, 0x00000239a70ab000, 0x00000239a70ae800,
0x00000239a70af800, 0x00000239a67d7000, 0x00000239a722b800, 0x00000239a8530800,
0x00000239a8215000, 0x00000239a86bc000, 0x00000239a9628800, 0x00000239a87de000,
0x00000239a96c7800, 0x00000239a891d800, 0x00000239a8787000, 0x00000239aa217000,
0x00000239a865a800, 0x00000239a9535800, 0x00000239a8782800, 0x00000239a877f000,
0x00000239a8784000, 0x00000239a8781800, 0x00000239a8783000, 0x00000239a8784800,
0x00000239a8785800, 0x00000239a8780000, 0x00000239a8780800, 0x00000239aac00000,
0x00000239aac01000, 0x00000239aabff800, 0x00000239aac03800, 0x00000239aac04000,
0x00000239aabfe800, 0x00000239aac08800, 0x00000239aac09000, 0x00000239aac0a000,
0x00000239aac06000, 0x00000239aac07800, 0x00000239aac0a800, 0x00000239aac05000,
0x00000239aac0b800, 0x00000239aac0c800, 0x00000239aac06800, 0x00000239aac0d000,
0x00000239ac3c0800, 0x00000239ac3bf800, 0x00000239ac3c2000, 0x00000239ac3be800,
0x00000239ac3c1000, 0x00000239ac3c3000, 0x00000239ac3c3800, 0x00000239ac3be000,
0x00000239ac3c5000, 0x00000239ac3c7800, 0x00000239ac3c6000, 0x00000239ac3c7000,
0x00000239ac3c9800, 0x00000239ac3c4800, 0x00000239ac3cb000, 0x00000239ac3cc000,
0x00000239ac3ca000, 0x00000239ac3cc800, 0x00000239ac3c8800, 0x00000239ac462800,
0x00000239ac466800, 0x00000239ac469000, 0x00000239ac465000, 0x00000239ac463800,
0x00000239ac466000, 0x00000239ac467800, 0x00000239ac464800, 0x00000239ac468800,
0x00000239acc4e800, 0x00000239acc4c800, 0x00000239acc4d800, 0x00000239acc50800,
0x00000239acc4f000, 0x00000239acc4c000, 0x00000239acc50000, 0x00000239acc53000,
0x00000239acc54000, 0x00000239acc51800, 0x00000239acc55000, 0x00000239acc55800,
0x00000239acc56800, 0x00000239acc57800, 0x00000239acc58000, 0x00000239acc52800,
0x00000239acc59000, 0x00000239acc59800, 0x00000239acc5a800, 0x00000239ab04f000,
0x00000239ab04e000, 0x00000239ab051800, 0x00000239ab04f800, 0x00000239ab050800,
0x00000239ab052000, 0x00000239ab053000, 0x00000239ab04d800, 0x00000239ab055800,
0x00000239ab054000, 0x00000239ab057000, 0x00000239ab058000, 0x00000239ab05a800,
0x00000239ab058800, 0x00000239ab059800, 0x00000239ab056800, 0x00000239ab054800,
0x00000239ab05b000, 0x00000239ab05c000, 0x00000239ac773800, 0x00000239ac771800,
0x00000239ac775000, 0x00000239ac76f800, 0x00000239ac772800, 0x00000239ac771000,
0x00000239ac774000, 0x00000239ac776000, 0x00000239ac770000, 0x00000239ac77a800,
0x00000239ac777800, 0x00000239ac778000, 0x00000239ac77b800, 0x00000239ac779000,
0x00000239ac77a000, 0x00000239ac77c800, 0x00000239ac776800, 0x00000239ac77d000,
0x00000239ac77e000, 0x00000239ac8a6000, 0x00000239ac8a3000, 0x00000239ac8a7000,
0x00000239ac8a3800, 0x00000239ac8a4800, 0x00000239ac8a5800, 0x00000239ac8a1800,
0x00000239ac8a8000, 0x00000239ac8a2000, 0x00000239ac8ad800, 0x00000239ac8aa800,
0x00000239ac8a8800, 0x00000239ac8af000, 0x00000239ac8ac000, 0x00000239ac8a9800,
0x00000239ac8ab000, 0x00000239ac8ac800, 0x00000239ac8b0000, 0x00000239ac8ae800,
0x00000239ac5c2000, 0x00000239ac5bd000, 0x00000239ac5bc000, 0x00000239ac5bf800,
0x00000239ac5be000, 0x00000239ac5c1000, 0x00000239ac5c4800, 0x00000239ac5c0800,
0x00000239ac5c3800, 0x00000239ac5c3000, 0x00000239ac5be800, 0x00000239ac5ca000,
0x00000239ac5c7000, 0x00000239ac5c9800, 0x00000239ac5cb000, 0x00000239ac5c7800,
0x00000239ac5c8800, 0x00000239ac5c5000, 0x00000239ac5c6000, 0x00000239ac5e0800,
0x00000239ac5de800, 0x00000239ac5df800, 0x00000239ac5dd000, 0x00000239ac5e1000,
0x00000239ac5de000, 0x00000239ac5e2000, 0x00000239ac5dc000, 0x00000239ac5e4800,
0x00000239ac5e7800, 0x00000239ac5e3800, 0x00000239ac5e5000, 0x00000239ac5e6000,
0x00000239ac5e7000, 0x00000239ac5e8800, 0x00000239ac5e3000
}

Java Threads: ( => current thread )
  0x00000239898f4000 JavaThread "main" [_thread_blocked, id=17456, stack(0x000000fb0e600000,0x000000fb0e700000)]
  0x00000239a684c800 JavaThread "Reference Handler" daemon [_thread_blocked, id=8572, stack(0x000000fb0ed00000,0x000000fb0ee00000)]
  0x00000239a684e000 JavaThread "Finalizer" daemon [_thread_blocked, id=21748, stack(0x000000fb0ee00000,0x000000fb0ef00000)]
  0x00000239a70a4800 JavaThread "Signal Dispatcher" daemon [_thread_blocked, id=20388, stack(0x000000fb0ef00000,0x000000fb0f000000)]
  0x00000239a70a5800 JavaThread "Attach Listener" daemon [_thread_blocked, id=17824, stack(0x000000fb0f000000,0x000000fb0f100000)]
  0x00000239a70a6800 JavaThread "Service Thread" daemon [_thread_blocked, id=5268, stack(0x000000fb0f100000,0x000000fb0f200000)]
=>0x00000239a70ab000 JavaThread "C2 CompilerThread0" daemon [_thread_in_native, id=4100, stack(0x000000fb0f200000,0x000000fb0f300000)]
  0x00000239a70ae800 JavaThread "C1 CompilerThread0" daemon [_thread_blocked, id=17040, stack(0x000000fb0f300000,0x000000fb0f400000)]
  0x00000239a70af800 JavaThread "Sweeper thread" daemon [_thread_blocked, id=15988, stack(0x000000fb0f400000,0x000000fb0f500000)]
  0x00000239a67d7000 JavaThread "C1 CompilerThread1" daemon [_thread_blocked, id=15644, stack(0x000000fb0f500000,0x000000fb0f600000)]
  0x00000239a722b800 JavaThread "Common-Cleaner" daemon [_thread_blocked, id=21820, stack(0x000000fb0f600000,0x000000fb0f700000)]
  0x00000239a8530800 JavaThread "C1 CompilerThread2" daemon [_thread_blocked, id=21920, stack(0x000000fb0fa00000,0x000000fb0fb00000)]
  0x00000239a8215000 JavaThread "C1 CompilerThread3" daemon [_thread_blocked, id=15500, stack(0x000000fb0fb00000,0x000000fb0fc00000)]
  0x00000239a86bc000 JavaThread "Daemon health stats" [_thread_blocked, id=22820, stack(0x000000fb0fc00000,0x000000fb0fd00000)]
  0x00000239a9628800 JavaThread "Incoming local TCP Connector on port 64892" [_thread_in_native, id=16476, stack(0x000000fb0f800000,0x000000fb0f900000)]
  0x00000239a87de000 JavaThread "Daemon periodic checks" [_thread_blocked, id=19736, stack(0x000000fb0fd00000,0x000000fb0fe00000)]
  0x00000239a96c7800 JavaThread "Daemon" [_thread_blocked, id=12856, stack(0x000000fb0fe00000,0x000000fb0ff00000)]
  0x00000239a891d800 JavaThread "Handler for socket connection from /127.0.0.1:64892 to /127.0.0.1:64893" [_thread_in_native, id=5532, stack(0x000000fb0ff00000,0x000000fb10000000)]
  0x00000239a8787000 JavaThread "Cancel handler" [_thread_blocked, id=19160, stack(0x000000fb10000000,0x000000fb10100000)]
  0x00000239aa217000 JavaThread "Daemon worker" [_thread_in_vm, id=15620, stack(0x000000fb10100000,0x000000fb10200000)]
  0x00000239a865a800 JavaThread "Asynchronous log dispatcher for DefaultDaemonConnection: socket connection from /127.0.0.1:64892 to /127.0.0.1:64893" [_thread_blocked, id=7100, stack(0x000000fb10200000,0x000000fb10300000)]
  0x00000239a9535800 JavaThread "Stdin handler" [_thread_blocked, id=13644, stack(0x000000fb10300000,0x000000fb10400000)]
  0x00000239a8782800 JavaThread "Daemon client event forwarder" [_thread_blocked, id=10436, stack(0x000000fb10400000,0x000000fb10500000)]
  0x00000239a877f000 JavaThread "Cache worker for journal cache (C:\Users\rcdup\.gradle\caches\journal-1)" [_thread_blocked, id=4444, stack(0x000000fb11100000,0x000000fb11200000)]
  0x00000239a8784000 JavaThread "File lock request listener" [_thread_in_native, id=23064, stack(0x000000fb11200000,0x000000fb11300000)]
  0x00000239a8781800 JavaThread "Cache worker for file hash cache (C:\Users\rcdup\.gradle\caches\7.3.3\fileHashes)" [_thread_blocked, id=12936, stack(0x000000fb11300000,0x000000fb11400000)]
  0x00000239a8783000 JavaThread "Cache worker for file hash cache (C:\Users\rcdup\AndroidStudioProjects\Kanshi\.gradle\7.3.3\fileHashes)" [_thread_blocked, id=22904, stack(0x000000fb11600000,0x000000fb11700000)]
  0x00000239a8784800 JavaThread "File watcher server" daemon [_thread_in_native, id=22888, stack(0x000000fb11700000,0x000000fb11800000)]
  0x00000239a8785800 JavaThread "File watcher consumer" daemon [_thread_blocked, id=17208, stack(0x000000fb11800000,0x000000fb11900000)]
  0x00000239a8780000 JavaThread "Cache worker for checksums cache (C:\Users\rcdup\AndroidStudioProjects\Kanshi\.gradle\7.3.3\checksums)" [_thread_blocked, id=4076, stack(0x000000fb11900000,0x000000fb11a00000)]
  0x00000239a8780800 JavaThread "Cache worker for cache directory md-supplier (C:\Users\rcdup\.gradle\caches\7.3.3\md-supplier)" [_thread_blocked, id=10668, stack(0x000000fb11a00000,0x000000fb11b00000)]
  0x00000239aac00000 JavaThread "Cache worker for cache directory md-rule (C:\Users\rcdup\.gradle\caches\7.3.3\md-rule)" [_thread_blocked, id=4612, stack(0x000000fb11b00000,0x000000fb11c00000)]
  0x00000239aac01000 JavaThread "Cache worker for execution history cache (C:\Users\rcdup\.gradle\caches\7.3.3\executionHistory)" [_thread_blocked, id=19344, stack(0x000000fb11c00000,0x000000fb11d00000)]
  0x00000239aabff800 JavaThread "jar transforms" [_thread_blocked, id=8492, stack(0x000000fb11d00000,0x000000fb11e00000)]
  0x00000239aac03800 JavaThread "Cache worker for file content cache (C:\Users\rcdup\.gradle\caches\7.3.3\fileContent)" [_thread_blocked, id=10200, stack(0x000000fb11e00000,0x000000fb11f00000)]
  0x00000239aac04000 JavaThread "jar transforms Thread 2" [_thread_blocked, id=17232, stack(0x000000fb11f00000,0x000000fb12000000)]
  0x00000239aabfe800 JavaThread "Cache worker for dependencies-accessors (C:\Users\rcdup\AndroidStudioProjects\Kanshi\.gradle\7.3.3\dependencies-accessors)" [_thread_blocked, id=9644, stack(0x000000fb12000000,0x000000fb12100000)]
  0x00000239aac08800 JavaThread "jar transforms Thread 3" [_thread_blocked, id=7700, stack(0x000000fb12100000,0x000000fb12200000)]
  0x00000239aac09000 JavaThread "Cache worker for Build Output Cleanup Cache (C:\Users\rcdup\AndroidStudioProjects\Kanshi\.gradle\buildOutputCleanup)" [_thread_blocked, id=8868, stack(0x000000fb12200000,0x000000fb12300000)]
  0x00000239aac0a000 JavaThread "Unconstrained build operations" [_thread_blocked, id=11268, stack(0x000000fb12300000,0x000000fb12400000)]
  0x00000239aac06000 JavaThread "Unconstrained build operations Thread 2" [_thread_blocked, id=22768, stack(0x000000fb12400000,0x000000fb12500000)]
  0x00000239aac07800 JavaThread "Unconstrained build operations Thread 3" [_thread_blocked, id=18480, stack(0x000000fb12500000,0x000000fb12600000)]
  0x00000239aac0a800 JavaThread "Unconstrained build operations Thread 4" [_thread_blocked, id=2464, stack(0x000000fb12600000,0x000000fb12700000)]
  0x00000239aac05000 JavaThread "Unconstrained build operations Thread 5" [_thread_blocked, id=11140, stack(0x000000fb12700000,0x000000fb12800000)]
  0x00000239aac0b800 JavaThread "Unconstrained build operations Thread 6" [_thread_blocked, id=19848, stack(0x000000fb12800000,0x000000fb12900000)]
  0x00000239aac0c800 JavaThread "Unconstrained build operations Thread 7" [_thread_blocked, id=13276, stack(0x000000fb12900000,0x000000fb12a00000)]
  0x00000239aac06800 JavaThread "Unconstrained build operations Thread 8" [_thread_blocked, id=20356, stack(0x000000fb12a00000,0x000000fb12b00000)]
  0x00000239aac0d000 JavaThread "Unconstrained build operations Thread 9" [_thread_blocked, id=15748, stack(0x000000fb12b00000,0x000000fb12c00000)]
  0x00000239ac3c0800 JavaThread "Unconstrained build operations Thread 10" [_thread_blocked, id=9356, stack(0x000000fb12c00000,0x000000fb12d00000)]
  0x00000239ac3bf800 JavaThread "Unconstrained build operations Thread 11" [_thread_blocked, id=4052, stack(0x000000fb12d00000,0x000000fb12e00000)]
  0x00000239ac3c2000 JavaThread "Unconstrained build operations Thread 12" [_thread_blocked, id=13460, stack(0x000000fb12e00000,0x000000fb12f00000)]
  0x00000239ac3be800 JavaThread "Unconstrained build operations Thread 13" [_thread_blocked, id=18376, stack(0x000000fb12f00000,0x000000fb13000000)]
  0x00000239ac3c1000 JavaThread "Unconstrained build operations Thread 14" [_thread_blocked, id=20688, stack(0x000000fb13000000,0x000000fb13100000)]
  0x00000239ac3c3000 JavaThread "Unconstrained build operations Thread 15" [_thread_blocked, id=18172, stack(0x000000fb13100000,0x000000fb13200000)]
  0x00000239ac3c3800 JavaThread "Unconstrained build operations Thread 16" [_thread_blocked, id=11240, stack(0x000000fb13200000,0x000000fb13300000)]
  0x00000239ac3be000 JavaThread "Unconstrained build operations Thread 17" [_thread_blocked, id=15148, stack(0x000000fb13300000,0x000000fb13400000)]
  0x00000239ac3c5000 JavaThread "Unconstrained build operations Thread 18" [_thread_blocked, id=14344, stack(0x000000fb13400000,0x000000fb13500000)]
  0x00000239ac3c7800 JavaThread "Unconstrained build operations Thread 19" [_thread_blocked, id=21196, stack(0x000000fb13500000,0x000000fb13600000)]
  0x00000239ac3c6000 JavaThread "Unconstrained build operations Thread 20" [_thread_blocked, id=20648, stack(0x000000fb13600000,0x000000fb13700000)]
  0x00000239ac3c7000 JavaThread "Unconstrained build operations Thread 21" [_thread_blocked, id=22772, stack(0x000000fb13700000,0x000000fb13800000)]
  0x00000239ac3c9800 JavaThread "Unconstrained build operations Thread 22" [_thread_blocked, id=7484, stack(0x000000fb13800000,0x000000fb13900000)]
  0x00000239ac3c4800 JavaThread "Unconstrained build operations Thread 23" [_thread_blocked, id=2480, stack(0x000000fb13900000,0x000000fb13a00000)]
  0x00000239ac3cb000 JavaThread "Unconstrained build operations Thread 24" [_thread_blocked, id=17476, stack(0x000000fb13a00000,0x000000fb13b00000)]
  0x00000239ac3cc000 JavaThread "Unconstrained build operations Thread 25" [_thread_blocked, id=21444, stack(0x000000fb13b00000,0x000000fb13c00000)]
  0x00000239ac3ca000 JavaThread "Unconstrained build operations Thread 26" [_thread_blocked, id=9500, stack(0x000000fb13c00000,0x000000fb13d00000)]
  0x00000239ac3cc800 JavaThread "Unconstrained build operations Thread 27" [_thread_blocked, id=3880, stack(0x000000fb13d00000,0x000000fb13e00000)]
  0x00000239ac3c8800 JavaThread "Unconstrained build operations Thread 28" [_thread_blocked, id=8668, stack(0x000000fb13e00000,0x000000fb13f00000)]
  0x00000239ac462800 JavaThread "Unconstrained build operations Thread 29" [_thread_blocked, id=8444, stack(0x000000fb13f00000,0x000000fb14000000)]
  0x00000239ac466800 JavaThread "Unconstrained build operations Thread 30" [_thread_blocked, id=16760, stack(0x000000fb14000000,0x000000fb14100000)]
  0x00000239ac469000 JavaThread "Unconstrained build operations Thread 31" [_thread_blocked, id=21628, stack(0x000000fb14100000,0x000000fb14200000)]
  0x00000239ac465000 JavaThread "Unconstrained build operations Thread 32" [_thread_blocked, id=18124, stack(0x000000fb14200000,0x000000fb14300000)]
  0x00000239ac463800 JavaThread "Unconstrained build operations Thread 33" [_thread_blocked, id=19328, stack(0x000000fb14300000,0x000000fb14400000)]
  0x00000239ac466000 JavaThread "Unconstrained build operations Thread 34" [_thread_blocked, id=3556, stack(0x000000fb14400000,0x000000fb14500000)]
  0x00000239ac467800 JavaThread "Unconstrained build operations Thread 35" [_thread_blocked, id=15768, stack(0x000000fb14500000,0x000000fb14600000)]
  0x00000239ac464800 JavaThread "Unconstrained build operations Thread 36" [_thread_blocked, id=11832, stack(0x000000fb14600000,0x000000fb14700000)]
  0x00000239ac468800 JavaThread "Unconstrained build operations Thread 37" [_thread_blocked, id=13056, stack(0x000000fb14700000,0x000000fb14800000)]
  0x00000239acc4e800 JavaThread "Unconstrained build operations Thread 38" [_thread_blocked, id=20044, stack(0x000000fb14800000,0x000000fb14900000)]
  0x00000239acc4c800 JavaThread "Unconstrained build operations Thread 39" [_thread_blocked, id=18204, stack(0x000000fb14900000,0x000000fb14a00000)]
  0x00000239acc4d800 JavaThread "Unconstrained build operations Thread 40" [_thread_blocked, id=8872, stack(0x000000fb14a00000,0x000000fb14b00000)]
  0x00000239acc50800 JavaThread "Unconstrained build operations Thread 41" [_thread_blocked, id=23548, stack(0x000000fb14b00000,0x000000fb14c00000)]
  0x00000239acc4f000 JavaThread "Unconstrained build operations Thread 42" [_thread_blocked, id=3256, stack(0x000000fb14c00000,0x000000fb14d00000)]
  0x00000239acc4c000 JavaThread "Unconstrained build operations Thread 43" [_thread_blocked, id=16880, stack(0x000000fb14d00000,0x000000fb14e00000)]
  0x00000239acc50000 JavaThread "Unconstrained build operations Thread 44" [_thread_blocked, id=13804, stack(0x000000fb14e00000,0x000000fb14f00000)]
  0x00000239acc53000 JavaThread "Unconstrained build operations Thread 45" [_thread_blocked, id=9184, stack(0x000000fb14f00000,0x000000fb15000000)]
  0x00000239acc54000 JavaThread "Unconstrained build operations Thread 46" [_thread_blocked, id=3888, stack(0x000000fb15000000,0x000000fb15100000)]
  0x00000239acc51800 JavaThread "Unconstrained build operations Thread 47" [_thread_blocked, id=11160, stack(0x000000fb15100000,0x000000fb15200000)]
  0x00000239acc55000 JavaThread "Unconstrained build operations Thread 48" [_thread_blocked, id=4760, stack(0x000000fb15200000,0x000000fb15300000)]
  0x00000239acc55800 JavaThread "Unconstrained build operations Thread 49" [_thread_blocked, id=14376, stack(0x000000fb15300000,0x000000fb15400000)]
  0x00000239acc56800 JavaThread "Unconstrained build operations Thread 50" [_thread_blocked, id=10424, stack(0x000000fb15400000,0x000000fb15500000)]
  0x00000239acc57800 JavaThread "Unconstrained build operations Thread 51" [_thread_blocked, id=17876, stack(0x000000fb15500000,0x000000fb15600000)]
  0x00000239acc58000 JavaThread "Unconstrained build operations Thread 52" [_thread_blocked, id=17420, stack(0x000000fb15600000,0x000000fb15700000)]
  0x00000239acc52800 JavaThread "Unconstrained build operations Thread 53" [_thread_blocked, id=12600, stack(0x000000fb15700000,0x000000fb15800000)]
  0x00000239acc59000 JavaThread "Unconstrained build operations Thread 54" [_thread_blocked, id=16080, stack(0x000000fb15800000,0x000000fb15900000)]
  0x00000239acc59800 JavaThread "Unconstrained build operations Thread 55" [_thread_blocked, id=14312, stack(0x000000fb15900000,0x000000fb15a00000)]
  0x00000239acc5a800 JavaThread "Unconstrained build operations Thread 56" [_thread_blocked, id=6588, stack(0x000000fb15a00000,0x000000fb15b00000)]
  0x00000239ab04f000 JavaThread "Unconstrained build operations Thread 57" [_thread_blocked, id=18876, stack(0x000000fb15b00000,0x000000fb15c00000)]
  0x00000239ab04e000 JavaThread "Unconstrained build operations Thread 58" [_thread_blocked, id=9872, stack(0x000000fb15c00000,0x000000fb15d00000)]
  0x00000239ab051800 JavaThread "Unconstrained build operations Thread 59" [_thread_blocked, id=7352, stack(0x000000fb15d00000,0x000000fb15e00000)]
  0x00000239ab04f800 JavaThread "Unconstrained build operations Thread 60" [_thread_blocked, id=13948, stack(0x000000fb15e00000,0x000000fb15f00000)]
  0x00000239ab050800 JavaThread "Unconstrained build operations Thread 61" [_thread_blocked, id=20552, stack(0x000000fb15f00000,0x000000fb16000000)]
  0x00000239ab052000 JavaThread "Unconstrained build operations Thread 62" [_thread_blocked, id=21940, stack(0x000000fb16000000,0x000000fb16100000)]
  0x00000239ab053000 JavaThread "Unconstrained build operations Thread 63" [_thread_blocked, id=15792, stack(0x000000fb16100000,0x000000fb16200000)]
  0x00000239ab04d800 JavaThread "Unconstrained build operations Thread 64" [_thread_blocked, id=15744, stack(0x000000fb16200000,0x000000fb16300000)]
  0x00000239ab055800 JavaThread "Unconstrained build operations Thread 65" [_thread_blocked, id=12200, stack(0x000000fb16300000,0x000000fb16400000)]
  0x00000239ab054000 JavaThread "Unconstrained build operations Thread 66" [_thread_blocked, id=23336, stack(0x000000fb16400000,0x000000fb16500000)]
  0x00000239ab057000 JavaThread "Unconstrained build operations Thread 67" [_thread_blocked, id=16352, stack(0x000000fb16500000,0x000000fb16600000)]
  0x00000239ab058000 JavaThread "Unconstrained build operations Thread 68" [_thread_blocked, id=20536, stack(0x000000fb16600000,0x000000fb16700000)]
  0x00000239ab05a800 JavaThread "Unconstrained build operations Thread 69" [_thread_blocked, id=17116, stack(0x000000fb16700000,0x000000fb16800000)]
  0x00000239ab058800 JavaThread "Unconstrained build operations Thread 70" [_thread_blocked, id=11420, stack(0x000000fb16800000,0x000000fb16900000)]
  0x00000239ab059800 JavaThread "Unconstrained build operations Thread 71" [_thread_blocked, id=18664, stack(0x000000fb16900000,0x000000fb16a00000)]
  0x00000239ab056800 JavaThread "Unconstrained build operations Thread 72" [_thread_blocked, id=2608, stack(0x000000fb16a00000,0x000000fb16b00000)]
  0x00000239ab054800 JavaThread "Unconstrained build operations Thread 73" [_thread_blocked, id=11136, stack(0x000000fb16b00000,0x000000fb16c00000)]
  0x00000239ab05b000 JavaThread "Unconstrained build operations Thread 74" [_thread_blocked, id=2800, stack(0x000000fb16c00000,0x000000fb16d00000)]
  0x00000239ab05c000 JavaThread "Unconstrained build operations Thread 75" [_thread_blocked, id=13636, stack(0x000000fb16d00000,0x000000fb16e00000)]
  0x00000239ac773800 JavaThread "Unconstrained build operations Thread 76" [_thread_blocked, id=9820, stack(0x000000fb16e00000,0x000000fb16f00000)]
  0x00000239ac771800 JavaThread "Unconstrained build operations Thread 77" [_thread_blocked, id=5428, stack(0x000000fb16f00000,0x000000fb17000000)]
  0x00000239ac775000 JavaThread "Unconstrained build operations Thread 78" [_thread_blocked, id=18928, stack(0x000000fb17000000,0x000000fb17100000)]
  0x00000239ac76f800 JavaThread "Unconstrained build operations Thread 79" [_thread_blocked, id=21360, stack(0x000000fb17100000,0x000000fb17200000)]
  0x00000239ac772800 JavaThread "Unconstrained build operations Thread 80" [_thread_blocked, id=23520, stack(0x000000fb17200000,0x000000fb17300000)]
  0x00000239ac771000 JavaThread "Unconstrained build operations Thread 81" [_thread_blocked, id=5216, stack(0x000000fb17300000,0x000000fb17400000)]
  0x00000239ac774000 JavaThread "Unconstrained build operations Thread 82" [_thread_blocked, id=12452, stack(0x000000fb17400000,0x000000fb17500000)]
  0x00000239ac776000 JavaThread "Unconstrained build operations Thread 83" [_thread_blocked, id=21852, stack(0x000000fb17500000,0x000000fb17600000)]
  0x00000239ac770000 JavaThread "Unconstrained build operations Thread 84" [_thread_blocked, id=17416, stack(0x000000fb17600000,0x000000fb17700000)]
  0x00000239ac77a800 JavaThread "Unconstrained build operations Thread 85" [_thread_blocked, id=18800, stack(0x000000fb17700000,0x000000fb17800000)]
  0x00000239ac777800 JavaThread "Unconstrained build operations Thread 86" [_thread_blocked, id=15468, stack(0x000000fb17800000,0x000000fb17900000)]
  0x00000239ac778000 JavaThread "Unconstrained build operations Thread 87" [_thread_blocked, id=20804, stack(0x000000fb17900000,0x000000fb17a00000)]
  0x00000239ac77b800 JavaThread "Unconstrained build operations Thread 88" [_thread_blocked, id=17244, stack(0x000000fb17a00000,0x000000fb17b00000)]
  0x00000239ac779000 JavaThread "Unconstrained build operations Thread 89" [_thread_blocked, id=20784, stack(0x000000fb17b00000,0x000000fb17c00000)]
  0x00000239ac77a000 JavaThread "Unconstrained build operations Thread 90" [_thread_blocked, id=11716, stack(0x000000fb17c00000,0x000000fb17d00000)]
  0x00000239ac77c800 JavaThread "Unconstrained build operations Thread 91" [_thread_blocked, id=5080, stack(0x000000fb17d00000,0x000000fb17e00000)]
  0x00000239ac776800 JavaThread "Unconstrained build operations Thread 92" [_thread_blocked, id=3652, stack(0x000000fb17e00000,0x000000fb17f00000)]
  0x00000239ac77d000 JavaThread "Unconstrained build operations Thread 93" [_thread_blocked, id=1184, stack(0x000000fb17f00000,0x000000fb18000000)]
  0x00000239ac77e000 JavaThread "Unconstrained build operations Thread 94" [_thread_blocked, id=13024, stack(0x000000fb18000000,0x000000fb18100000)]
  0x00000239ac8a6000 JavaThread "Unconstrained build operations Thread 95" [_thread_blocked, id=21944, stack(0x000000fb18100000,0x000000fb18200000)]
  0x00000239ac8a3000 JavaThread "Unconstrained build operations Thread 96" [_thread_blocked, id=22092, stack(0x000000fb18200000,0x000000fb18300000)]
  0x00000239ac8a7000 JavaThread "Unconstrained build operations Thread 97" [_thread_blocked, id=10384, stack(0x000000fb18300000,0x000000fb18400000)]
  0x00000239ac8a3800 JavaThread "Unconstrained build operations Thread 98" [_thread_blocked, id=2848, stack(0x000000fb18400000,0x000000fb18500000)]
  0x00000239ac8a4800 JavaThread "Unconstrained build operations Thread 99" [_thread_blocked, id=20956, stack(0x000000fb18500000,0x000000fb18600000)]
  0x00000239ac8a5800 JavaThread "Unconstrained build operations Thread 100" [_thread_blocked, id=21332, stack(0x000000fb18600000,0x000000fb18700000)]
  0x00000239ac8a1800 JavaThread "Unconstrained build operations Thread 101" [_thread_blocked, id=3252, stack(0x000000fb18700000,0x000000fb18800000)]
  0x00000239ac8a8000 JavaThread "Unconstrained build operations Thread 102" [_thread_blocked, id=15528, stack(0x000000fb18800000,0x000000fb18900000)]
  0x00000239ac8a2000 JavaThread "Unconstrained build operations Thread 103" [_thread_blocked, id=22104, stack(0x000000fb18900000,0x000000fb18a00000)]
  0x00000239ac8ad800 JavaThread "Unconstrained build operations Thread 104" [_thread_blocked, id=2796, stack(0x000000fb18a00000,0x000000fb18b00000)]
  0x00000239ac8aa800 JavaThread "Unconstrained build operations Thread 105" [_thread_blocked, id=2728, stack(0x000000fb18b00000,0x000000fb18c00000)]
  0x00000239ac8a8800 JavaThread "Unconstrained build operations Thread 106" [_thread_blocked, id=8296, stack(0x000000fb18c00000,0x000000fb18d00000)]
  0x00000239ac8af000 JavaThread "Unconstrained build operations Thread 107" [_thread_blocked, id=16996, stack(0x000000fb18d00000,0x000000fb18e00000)]
  0x00000239ac8ac000 JavaThread "Unconstrained build operations Thread 108" [_thread_blocked, id=19964, stack(0x000000fb18e00000,0x000000fb18f00000)]
  0x00000239ac8a9800 JavaThread "Unconstrained build operations Thread 109" [_thread_blocked, id=20404, stack(0x000000fb18f00000,0x000000fb19000000)]
  0x00000239ac8ab000 JavaThread "Unconstrained build operations Thread 110" [_thread_blocked, id=8588, stack(0x000000fb19000000,0x000000fb19100000)]
  0x00000239ac8ac800 JavaThread "Unconstrained build operations Thread 111" [_thread_blocked, id=10720, stack(0x000000fb19100000,0x000000fb19200000)]
  0x00000239ac8b0000 JavaThread "Unconstrained build operations Thread 112" [_thread_blocked, id=6124, stack(0x000000fb19200000,0x000000fb19300000)]
  0x00000239ac8ae800 JavaThread "Unconstrained build operations Thread 113" [_thread_blocked, id=16816, stack(0x000000fb19300000,0x000000fb19400000)]
  0x00000239ac5c2000 JavaThread "Unconstrained build operations Thread 114" [_thread_blocked, id=22260, stack(0x000000fb19400000,0x000000fb19500000)]
  0x00000239ac5bd000 JavaThread "Unconstrained build operations Thread 115" [_thread_blocked, id=19492, stack(0x000000fb19500000,0x000000fb19600000)]
  0x00000239ac5bc000 JavaThread "Unconstrained build operations Thread 116" [_thread_blocked, id=11772, stack(0x000000fb19600000,0x000000fb19700000)]
  0x00000239ac5bf800 JavaThread "Unconstrained build operations Thread 117" [_thread_blocked, id=21836, stack(0x000000fb19700000,0x000000fb19800000)]
  0x00000239ac5be000 JavaThread "Unconstrained build operations Thread 118" [_thread_blocked, id=18516, stack(0x000000fb19800000,0x000000fb19900000)]
  0x00000239ac5c1000 JavaThread "Unconstrained build operations Thread 119" [_thread_blocked, id=21044, stack(0x000000fb19900000,0x000000fb19a00000)]
  0x00000239ac5c4800 JavaThread "Unconstrained build operations Thread 120" [_thread_blocked, id=13376, stack(0x000000fb19a00000,0x000000fb19b00000)]
  0x00000239ac5c0800 JavaThread "Unconstrained build operations Thread 121" [_thread_blocked, id=19880, stack(0x000000fb19b00000,0x000000fb19c00000)]
  0x00000239ac5c3800 JavaThread "Unconstrained build operations Thread 122" [_thread_blocked, id=6864, stack(0x000000fb19c00000,0x000000fb19d00000)]
  0x00000239ac5c3000 JavaThread "Unconstrained build operations Thread 123" [_thread_blocked, id=13672, stack(0x000000fb19d00000,0x000000fb19e00000)]
  0x00000239ac5be800 JavaThread "Unconstrained build operations Thread 124" [_thread_blocked, id=2236, stack(0x000000fb19e00000,0x000000fb19f00000)]
  0x00000239ac5ca000 JavaThread "Unconstrained build operations Thread 125" [_thread_blocked, id=10848, stack(0x000000fb19f00000,0x000000fb1a000000)]
  0x00000239ac5c7000 JavaThread "Unconstrained build operations Thread 126" [_thread_blocked, id=18944, stack(0x000000fb1a000000,0x000000fb1a100000)]
  0x00000239ac5c9800 JavaThread "Unconstrained build operations Thread 127" [_thread_blocked, id=16128, stack(0x000000fb1a100000,0x000000fb1a200000)]
  0x00000239ac5cb000 JavaThread "Unconstrained build operations Thread 128" [_thread_blocked, id=20060, stack(0x000000fb1a200000,0x000000fb1a300000)]
  0x00000239ac5c7800 JavaThread "Unconstrained build operations Thread 129" [_thread_blocked, id=15232, stack(0x000000fb1a300000,0x000000fb1a400000)]
  0x00000239ac5c8800 JavaThread "Unconstrained build operations Thread 130" [_thread_blocked, id=8480, stack(0x000000fb1a400000,0x000000fb1a500000)]
  0x00000239ac5c5000 JavaThread "Unconstrained build operations Thread 131" [_thread_blocked, id=22672, stack(0x000000fb1a500000,0x000000fb1a600000)]
  0x00000239ac5c6000 JavaThread "Unconstrained build operations Thread 132" [_thread_blocked, id=14148, stack(0x000000fb1a600000,0x000000fb1a700000)]
  0x00000239ac5e0800 JavaThread "Unconstrained build operations Thread 133" [_thread_blocked, id=10432, stack(0x000000fb1a700000,0x000000fb1a800000)]
  0x00000239ac5de800 JavaThread "Unconstrained build operations Thread 134" [_thread_blocked, id=11748, stack(0x000000fb1a800000,0x000000fb1a900000)]
  0x00000239ac5df800 JavaThread "Unconstrained build operations Thread 135" [_thread_blocked, id=16612, stack(0x000000fb1a900000,0x000000fb1aa00000)]
  0x00000239ac5dd000 JavaThread "jar transforms Thread 4" [_thread_blocked, id=2516, stack(0x000000fb1aa00000,0x000000fb1ab00000)]
  0x00000239ac5e1000 JavaThread "jar transforms Thread 5" [_thread_blocked, id=19280, stack(0x000000fb1ab00000,0x000000fb1ac00000)]
  0x00000239ac5de000 JavaThread "jar transforms Thread 6" [_thread_blocked, id=2432, stack(0x000000fb1ac00000,0x000000fb1ad00000)]
  0x00000239ac5e2000 JavaThread "jar transforms Thread 7" [_thread_blocked, id=16392, stack(0x000000fb1ad00000,0x000000fb1ae00000)]
  0x00000239ac5dc000 JavaThread "jar transforms Thread 8" [_thread_blocked, id=13120, stack(0x000000fb1ae00000,0x000000fb1af00000)]
  0x00000239ac5e4800 JavaThread "jar transforms Thread 9" [_thread_blocked, id=19680, stack(0x000000fb1af00000,0x000000fb1b000000)]
  0x00000239ac5e7800 JavaThread "jar transforms Thread 10" [_thread_blocked, id=10376, stack(0x000000fb1b000000,0x000000fb1b100000)]
  0x00000239ac5e3800 JavaThread "jar transforms Thread 11" [_thread_blocked, id=15152, stack(0x000000fb1b100000,0x000000fb1b200000)]
  0x00000239ac5e5000 JavaThread "jar transforms Thread 12" [_thread_blocked, id=15092, stack(0x000000fb1b200000,0x000000fb1b300000)]
  0x00000239ac5e6000 JavaThread "jar transforms Thread 13" [_thread_blocked, id=22884, stack(0x000000fb1b300000,0x000000fb1b400000)]
  0x00000239ac5e7000 JavaThread "jar transforms Thread 14" [_thread_blocked, id=10600, stack(0x000000fb1b400000,0x000000fb1b500000)]
  0x00000239ac5e8800 JavaThread "jar transforms Thread 15" [_thread_blocked, id=17048, stack(0x000000fb1b500000,0x000000fb1b600000)]
  0x00000239ac5e3000 JavaThread "jar transforms Thread 16" [_thread_blocked, id=13292, stack(0x000000fb1b600000,0x000000fb1b700000)]

Other Threads:
  0x00000239a6837800 VMThread "VM Thread" [stack: 0x000000fb0ec00000,0x000000fb0ed00000] [id=18228]
  0x00000239a7299800 WatcherThread [stack: 0x000000fb0f700000,0x000000fb0f800000] [id=12708]
  0x0000023989906000 GCTaskThread "GC Thread#0" [stack: 0x000000fb0e700000,0x000000fb0e800000] [id=19904]
  0x00000239a7fef800 GCTaskThread "GC Thread#1" [stack: 0x000000fb0f900000,0x000000fb0fa00000] [id=20348]
  0x00000239aa4a6800 GCTaskThread "GC Thread#2" [stack: 0x000000fb10500000,0x000000fb10600000] [id=5652]
  0x00000239a7a0f000 GCTaskThread "GC Thread#3" [stack: 0x000000fb10600000,0x000000fb10700000] [id=18324]
  0x00000239a9d41000 GCTaskThread "GC Thread#4" [stack: 0x000000fb10700000,0x000000fb10800000] [id=6180]
  0x00000239aa596800 GCTaskThread "GC Thread#5" [stack: 0x000000fb10800000,0x000000fb10900000] [id=18088]
  0x00000239a924b000 GCTaskThread "GC Thread#6" [stack: 0x000000fb10900000,0x000000fb10a00000] [id=12892]
  0x00000239a89e6000 GCTaskThread "GC Thread#7" [stack: 0x000000fb10a00000,0x000000fb10b00000] [id=892]
  0x00000239a8ba6000 GCTaskThread "GC Thread#8" [stack: 0x000000fb10b00000,0x000000fb10c00000] [id=12796]
  0x00000239a8ba7000 GCTaskThread "GC Thread#9" [stack: 0x000000fb10c00000,0x000000fb10d00000] [id=10368]
  0x00000239a8d0e800 GCTaskThread "GC Thread#10" [stack: 0x000000fb10d00000,0x000000fb10e00000] [id=1312]
  0x00000239aa0cf000 GCTaskThread "GC Thread#11" [stack: 0x000000fb10e00000,0x000000fb10f00000] [id=22560]
  0x00000239a9251000 GCTaskThread "GC Thread#12" [stack: 0x000000fb10f00000,0x000000fb11000000] [id=19740]
  0x000002398993a000 ConcurrentGCThread "G1 Main Marker" [stack: 0x000000fb0e800000,0x000000fb0e900000] [id=19484]
  0x000002398993b000 ConcurrentGCThread "G1 Conc#0" [stack: 0x000000fb0e900000,0x000000fb0ea00000] [id=20320]
  0x00000239a9254000 ConcurrentGCThread "G1 Conc#1" [stack: 0x000000fb11400000,0x000000fb11500000] [id=22852]
  0x00000239a9252800 ConcurrentGCThread "G1 Conc#2" [stack: 0x000000fb11500000,0x000000fb11600000] [id=9252]
  0x00000239899cc800 ConcurrentGCThread "G1 Refine#0" [stack: 0x000000fb0ea00000,0x000000fb0eb00000] [id=7496]
  0x00000239a77e8000 ConcurrentGCThread "G1 Refine#1" [stack: 0x000000fb11000000,0x000000fb11100000] [id=15320]
  0x00000239899cd800 ConcurrentGCThread "G1 Young RemSet Sampling" [stack: 0x000000fb0eb00000,0x000000fb0ec00000] [id=10732]

Threads with active compile tasks:
C2 CompilerThread0   4496 6042       4       java.lang.invoke.MethodType::makeImpl (108 bytes)

VM state:not at safepoint (normal execution)

VM Mutex/Monitor currently owned by a thread: None

Heap address: 0x0000000080000000, size: 2048 MB, Compressed Oops mode: 32-bit
Narrow klass base: 0x0000000000000000, Narrow klass shift: 3
Compressed class space size: 1073741824 Address: 0x0000000100000000

Heap:
 garbage-first heap   total 152576K, used 107520K [0x0000000080000000, 0x0000000100000000)
  region size 1024K, 74 young (75776K), 10 survivors (10240K)
 Metaspace       used 57675K, capacity 59136K, committed 59388K, reserved 1101824K
  class space    used 7278K, capacity 7808K, committed 7808K, reserved 1048576K
Heap Regions: E=young(eden), S=young(survivor), O=old, HS=humongous(starts), HC=humongous(continues), CS=collection set, F=free, A=archive, TAMS=top-at-mark-start (previous, next)
|   0|0x0000000080000000, 0x0000000080100000, 0x0000000080100000|100%| O|  |TAMS 0x0000000080100000, 0x0000000080000000| Untracked 
|   1|0x0000000080100000, 0x0000000080200000, 0x0000000080200000|100%| O|  |TAMS 0x0000000080200000, 0x0000000080100000| Untracked 
|   2|0x0000000080200000, 0x0000000080300000, 0x0000000080300000|100%| O|  |TAMS 0x0000000080300000, 0x0000000080200000| Untracked 
|   3|0x0000000080300000, 0x0000000080400000, 0x0000000080400000|100%|HS|  |TAMS 0x0000000080400000, 0x0000000080300000| Complete 
|   4|0x0000000080400000, 0x0000000080500000, 0x0000000080500000|100%|HC|  |TAMS 0x0000000080500000, 0x0000000080400000| Complete 
|   5|0x0000000080500000, 0x0000000080600000, 0x0000000080600000|100%|HC|  |TAMS 0x0000000080600000, 0x0000000080500000| Complete 
|   6|0x0000000080600000, 0x0000000080700000, 0x0000000080700000|100%| O|  |TAMS 0x0000000080700000, 0x0000000080600000| Untracked 
|   7|0x0000000080700000, 0x0000000080800000, 0x0000000080800000|100%| O|  |TAMS 0x0000000080800000, 0x0000000080700000| Untracked 
|   8|0x0000000080800000, 0x0000000080900000, 0x0000000080900000|100%| O|  |TAMS 0x0000000080900000, 0x0000000080800000| Untracked 
|   9|0x0000000080900000, 0x0000000080a00000, 0x0000000080a00000|100%| O|  |TAMS 0x0000000080a00000, 0x0000000080900000| Untracked 
|  10|0x0000000080a00000, 0x0000000080b00000, 0x0000000080b00000|100%| O|  |TAMS 0x0000000080b00000, 0x0000000080a00000| Untracked 
|  11|0x0000000080b00000, 0x0000000080c00000, 0x0000000080c00000|100%| O|  |TAMS 0x0000000080c00000, 0x0000000080b00000| Untracked 
|  12|0x0000000080c00000, 0x0000000080d00000, 0x0000000080d00000|100%| O|  |TAMS 0x0000000080d00000, 0x0000000080c00000| Untracked 
|  13|0x0000000080d00000, 0x0000000080e00000, 0x0000000080e00000|100%| O|  |TAMS 0x0000000080e00000, 0x0000000080d00000| Untracked 
|  14|0x0000000080e00000, 0x0000000080f00000, 0x0000000080f00000|100%| O|  |TAMS 0x0000000080f00000, 0x0000000080e00000| Untracked 
|  15|0x0000000080f00000, 0x0000000081000000, 0x0000000081000000|100%| O|  |TAMS 0x0000000081000000, 0x0000000080f00000| Untracked 
|  16|0x0000000081000000, 0x0000000081100000, 0x0000000081100000|100%| O|  |TAMS 0x000000008102e800, 0x0000000081000000| Untracked 
|  17|0x0000000081100000, 0x0000000081200000, 0x0000000081200000|100%|HS|  |TAMS 0x0000000081100000, 0x0000000081100000| Complete 
|  18|0x0000000081200000, 0x0000000081300000, 0x0000000081300000|100%| O|  |TAMS 0x0000000081200000, 0x0000000081200000| Untracked 
|  19|0x0000000081300000, 0x0000000081400000, 0x0000000081400000|100%| O|  |TAMS 0x0000000081300000, 0x0000000081300000| Untracked 
|  20|0x0000000081400000, 0x0000000081500000, 0x0000000081500000|100%| O|  |TAMS 0x0000000081400000, 0x0000000081400000| Untracked 
|  21|0x0000000081500000, 0x0000000081600000, 0x0000000081600000|100%| O|  |TAMS 0x0000000081500000, 0x0000000081500000| Untracked 
|  22|0x0000000081600000, 0x0000000081700000, 0x0000000081700000|100%| O|  |TAMS 0x0000000081600000, 0x0000000081600000| Untracked 
|  23|0x0000000081700000, 0x0000000081800000, 0x0000000081800000|100%| O|  |TAMS 0x0000000081700000, 0x0000000081700000| Untracked 
|  24|0x0000000081800000, 0x0000000081900000, 0x0000000081900000|100%| O|  |TAMS 0x0000000081800000, 0x0000000081800000| Untracked 
|  25|0x0000000081900000, 0x0000000081a00000, 0x0000000081a00000|100%| O|  |TAMS 0x0000000081900000, 0x0000000081900000| Untracked 
|  26|0x0000000081a00000, 0x0000000081b00000, 0x0000000081b00000|100%| O|  |TAMS 0x0000000081a00000, 0x0000000081a00000| Untracked 
|  27|0x0000000081b00000, 0x0000000081c00000, 0x0000000081c00000|100%| O|  |TAMS 0x0000000081b00000, 0x0000000081b00000| Untracked 
|  28|0x0000000081c00000, 0x0000000081d00000, 0x0000000081d00000|100%|HS|  |TAMS 0x0000000081c00000, 0x0000000081c00000| Complete 
|  29|0x0000000081d00000, 0x0000000081e00000, 0x0000000081e00000|100%|HS|  |TAMS 0x0000000081d00000, 0x0000000081d00000| Complete 
|  30|0x0000000081e00000, 0x0000000081f00000, 0x0000000081f00000|100%|HC|  |TAMS 0x0000000081e00000, 0x0000000081e00000| Complete 
|  31|0x0000000081f00000, 0x0000000082000000, 0x0000000082000000|100%| O|  |TAMS 0x0000000081f00000, 0x0000000081f00000| Untracked 
|  32|0x0000000082000000, 0x0000000082000000, 0x0000000082100000|  0%| F|  |TAMS 0x0000000082000000, 0x0000000082000000| Untracked 
|  33|0x0000000082100000, 0x0000000082100000, 0x0000000082200000|  0%| F|  |TAMS 0x0000000082100000, 0x0000000082100000| Untracked 
|  34|0x0000000082200000, 0x0000000082200000, 0x0000000082300000|  0%| F|  |TAMS 0x0000000082200000, 0x0000000082200000| Untracked 
|  35|0x0000000082300000, 0x0000000082300000, 0x0000000082400000|  0%| F|  |TAMS 0x0000000082300000, 0x0000000082300000| Untracked 
|  36|0x0000000082400000, 0x0000000082400000, 0x0000000082500000|  0%| F|  |TAMS 0x0000000082400000, 0x0000000082400000| Untracked 
|  37|0x0000000082500000, 0x0000000082500000, 0x0000000082600000|  0%| F|  |TAMS 0x0000000082500000, 0x0000000082500000| Untracked 
|  38|0x0000000082600000, 0x0000000082600000, 0x0000000082700000|  0%| F|  |TAMS 0x0000000082600000, 0x0000000082600000| Untracked 
|  39|0x0000000082700000, 0x0000000082700000, 0x0000000082800000|  0%| F|  |TAMS 0x0000000082700000, 0x0000000082700000| Untracked 
|  40|0x0000000082800000, 0x0000000082800000, 0x0000000082900000|  0%| F|  |TAMS 0x0000000082800000, 0x0000000082800000| Untracked 
|  41|0x0000000082900000, 0x0000000082900000, 0x0000000082a00000|  0%| F|  |TAMS 0x0000000082900000, 0x0000000082900000| Untracked 
|  42|0x0000000082a00000, 0x0000000082a00000, 0x0000000082b00000|  0%| F|  |TAMS 0x0000000082a00000, 0x0000000082a00000| Untracked 
|  43|0x0000000082b00000, 0x0000000082b00000, 0x0000000082c00000|  0%| F|  |TAMS 0x0000000082b00000, 0x0000000082b00000| Untracked 
|  44|0x0000000082c00000, 0x0000000082c00000, 0x0000000082d00000|  0%| F|  |TAMS 0x0000000082c00000, 0x0000000082c00000| Untracked 
|  45|0x0000000082d00000, 0x0000000082d00000, 0x0000000082e00000|  0%| F|  |TAMS 0x0000000082d00000, 0x0000000082d00000| Untracked 
|  46|0x0000000082e00000, 0x0000000082e00000, 0x0000000082f00000|  0%| F|  |TAMS 0x0000000082e00000, 0x0000000082e00000| Untracked 
|  47|0x0000000082f00000, 0x0000000082f00000, 0x0000000083000000|  0%| F|  |TAMS 0x0000000082f00000, 0x0000000082f00000| Untracked 
|  48|0x0000000083000000, 0x0000000083000000, 0x0000000083100000|  0%| F|  |TAMS 0x0000000083000000, 0x0000000083000000| Untracked 
|  49|0x0000000083100000, 0x0000000083100000, 0x0000000083200000|  0%| F|  |TAMS 0x0000000083100000, 0x0000000083100000| Untracked 
|  50|0x0000000083200000, 0x0000000083200000, 0x0000000083300000|  0%| F|  |TAMS 0x0000000083200000, 0x0000000083200000| Untracked 
|  51|0x0000000083300000, 0x0000000083300000, 0x0000000083400000|  0%| F|  |TAMS 0x0000000083300000, 0x0000000083300000| Untracked 
|  52|0x0000000083400000, 0x0000000083400000, 0x0000000083500000|  0%| F|  |TAMS 0x0000000083400000, 0x0000000083400000| Untracked 
|  53|0x0000000083500000, 0x0000000083500000, 0x0000000083600000|  0%| F|  |TAMS 0x0000000083500000, 0x0000000083500000| Untracked 
|  54|0x0000000083600000, 0x0000000083600000, 0x0000000083700000|  0%| F|  |TAMS 0x0000000083600000, 0x0000000083600000| Untracked 
|  55|0x0000000083700000, 0x0000000083700000, 0x0000000083800000|  0%| F|  |TAMS 0x0000000083700000, 0x0000000083700000| Untracked 
|  56|0x0000000083800000, 0x0000000083800000, 0x0000000083900000|  0%| F|  |TAMS 0x0000000083800000, 0x0000000083800000| Untracked 
|  57|0x0000000083900000, 0x0000000083900000, 0x0000000083a00000|  0%| F|  |TAMS 0x0000000083900000, 0x0000000083900000| Untracked 
|  58|0x0000000083a00000, 0x0000000083a00000, 0x0000000083b00000|  0%| F|  |TAMS 0x0000000083a00000, 0x0000000083a00000| Untracked 
|  59|0x0000000083b00000, 0x0000000083b00000, 0x0000000083c00000|  0%| F|  |TAMS 0x0000000083b00000, 0x0000000083b00000| Untracked 
|  60|0x0000000083c00000, 0x0000000083c00000, 0x0000000083d00000|  0%| F|  |TAMS 0x0000000083c00000, 0x0000000083c00000| Untracked 
|  61|0x0000000083d00000, 0x0000000083d00000, 0x0000000083e00000|  0%| F|  |TAMS 0x0000000083d00000, 0x0000000083d00000| Untracked 
|  62|0x0000000083e00000, 0x0000000083e00000, 0x0000000083f00000|  0%| F|  |TAMS 0x0000000083e00000, 0x0000000083e00000| Untracked 
|  63|0x0000000083f00000, 0x0000000083f00000, 0x0000000084000000|  0%| F|  |TAMS 0x0000000083f00000, 0x0000000083f00000| Untracked 
|  64|0x0000000084000000, 0x0000000084000000, 0x0000000084100000|  0%| F|  |TAMS 0x0000000084000000, 0x0000000084000000| Untracked 
|  65|0x0000000084100000, 0x0000000084200000, 0x0000000084200000|100%| S|CS|TAMS 0x0000000084100000, 0x0000000084100000| Complete 
|  66|0x0000000084200000, 0x0000000084300000, 0x0000000084300000|100%| S|CS|TAMS 0x0000000084200000, 0x0000000084200000| Complete 
|  67|0x0000000084300000, 0x0000000084400000, 0x0000000084400000|100%| S|CS|TAMS 0x0000000084300000, 0x0000000084300000| Complete 
|  68|0x0000000084400000, 0x0000000084500000, 0x0000000084500000|100%| S|CS|TAMS 0x0000000084400000, 0x0000000084400000| Complete 
|  69|0x0000000084500000, 0x0000000084600000, 0x0000000084600000|100%| S|CS|TAMS 0x0000000084500000, 0x0000000084500000| Complete 
|  70|0x0000000084600000, 0x0000000084700000, 0x0000000084700000|100%| S|CS|TAMS 0x0000000084600000, 0x0000000084600000| Complete 
|  71|0x0000000084700000, 0x0000000084800000, 0x0000000084800000|100%| S|CS|TAMS 0x0000000084700000, 0x0000000084700000| Complete 
|  72|0x0000000084800000, 0x0000000084900000, 0x0000000084900000|100%| S|CS|TAMS 0x0000000084800000, 0x0000000084800000| Complete 
|  73|0x0000000084900000, 0x0000000084a00000, 0x0000000084a00000|100%| S|CS|TAMS 0x0000000084900000, 0x0000000084900000| Complete 
|  74|0x0000000084a00000, 0x0000000084b00000, 0x0000000084b00000|100%| S|CS|TAMS 0x0000000084a00000, 0x0000000084a00000| Complete 
|  75|0x0000000084b00000, 0x0000000084b00000, 0x0000000084c00000|  0%| F|  |TAMS 0x0000000084b00000, 0x0000000084b00000| Untracked 
|  76|0x0000000084c00000, 0x0000000084c00000, 0x0000000084d00000|  0%| F|  |TAMS 0x0000000084c00000, 0x0000000084c00000| Untracked 
|  77|0x0000000084d00000, 0x0000000084d00000, 0x0000000084e00000|  0%| F|  |TAMS 0x0000000084d00000, 0x0000000084d00000| Untracked 
|  78|0x0000000084e00000, 0x0000000084e00000, 0x0000000084f00000|  0%| F|  |TAMS 0x0000000084e00000, 0x0000000084e00000| Untracked 
|  79|0x0000000084f00000, 0x0000000084f00000, 0x0000000085000000|  0%| F|  |TAMS 0x0000000084f00000, 0x0000000084f00000| Untracked 
|  80|0x0000000085000000, 0x0000000085000000, 0x0000000085100000|  0%| F|  |TAMS 0x0000000085000000, 0x0000000085000000| Untracked 
|  81|0x0000000085100000, 0x0000000085100000, 0x0000000085200000|  0%| F|  |TAMS 0x0000000085100000, 0x0000000085100000| Untracked 
|  82|0x0000000085200000, 0x0000000085200000, 0x0000000085300000|  0%| F|  |TAMS 0x0000000085200000, 0x0000000085200000| Untracked 
|  83|0x0000000085300000, 0x0000000085300000, 0x0000000085400000|  0%| F|  |TAMS 0x0000000085300000, 0x0000000085300000| Untracked 
|  84|0x0000000085400000, 0x0000000085480800, 0x0000000085500000| 50%| E|  |TAMS 0x0000000085400000, 0x0000000085400000| Complete 
|  85|0x0000000085500000, 0x0000000085600000, 0x0000000085600000|100%| E|CS|TAMS 0x0000000085500000, 0x0000000085500000| Complete 
|  86|0x0000000085600000, 0x0000000085700000, 0x0000000085700000|100%| E|CS|TAMS 0x0000000085600000, 0x0000000085600000| Complete 
|  87|0x0000000085700000, 0x0000000085800000, 0x0000000085800000|100%| E|CS|TAMS 0x0000000085700000, 0x0000000085700000| Complete 
|  88|0x0000000085800000, 0x0000000085900000, 0x0000000085900000|100%| E|CS|TAMS 0x0000000085800000, 0x0000000085800000| Complete 
|  89|0x0000000085900000, 0x0000000085a00000, 0x0000000085a00000|100%| E|CS|TAMS 0x0000000085900000, 0x0000000085900000| Complete 
|  90|0x0000000085a00000, 0x0000000085b00000, 0x0000000085b00000|100%| E|CS|TAMS 0x0000000085a00000, 0x0000000085a00000| Complete 
|  91|0x0000000085b00000, 0x0000000085c00000, 0x0000000085c00000|100%| E|CS|TAMS 0x0000000085b00000, 0x0000000085b00000| Complete 
|  92|0x0000000085c00000, 0x0000000085d00000, 0x0000000085d00000|100%| E|CS|TAMS 0x0000000085c00000, 0x0000000085c00000| Complete 
|  93|0x0000000085d00000, 0x0000000085e00000, 0x0000000085e00000|100%| E|CS|TAMS 0x0000000085d00000, 0x0000000085d00000| Complete 
|  94|0x0000000085e00000, 0x0000000085f00000, 0x0000000085f00000|100%| E|CS|TAMS 0x0000000085e00000, 0x0000000085e00000| Complete 
|  95|0x0000000085f00000, 0x0000000086000000, 0x0000000086000000|100%| E|CS|TAMS 0x0000000085f00000, 0x0000000085f00000| Complete 
|  96|0x0000000086000000, 0x0000000086100000, 0x0000000086100000|100%| E|CS|TAMS 0x0000000086000000, 0x0000000086000000| Complete 
|  97|0x0000000086100000, 0x0000000086200000, 0x0000000086200000|100%| E|CS|TAMS 0x0000000086100000, 0x0000000086100000| Complete 
|  98|0x0000000086200000, 0x0000000086300000, 0x0000000086300000|100%| E|CS|TAMS 0x0000000086200000, 0x0000000086200000| Complete 
|  99|0x0000000086300000, 0x0000000086400000, 0x0000000086400000|100%| E|CS|TAMS 0x0000000086300000, 0x0000000086300000| Complete 
| 100|0x0000000086400000, 0x0000000086500000, 0x0000000086500000|100%| E|CS|TAMS 0x0000000086400000, 0x0000000086400000| Complete 
| 101|0x0000000086500000, 0x0000000086600000, 0x0000000086600000|100%| E|CS|TAMS 0x0000000086500000, 0x0000000086500000| Complete 
| 102|0x0000000086600000, 0x0000000086700000, 0x0000000086700000|100%| E|CS|TAMS 0x0000000086600000, 0x0000000086600000| Complete 
| 103|0x0000000086700000, 0x0000000086800000, 0x0000000086800000|100%| E|CS|TAMS 0x0000000086700000, 0x0000000086700000| Complete 
| 104|0x0000000086800000, 0x0000000086900000, 0x0000000086900000|100%| E|CS|TAMS 0x0000000086800000, 0x0000000086800000| Complete 
| 105|0x0000000086900000, 0x0000000086a00000, 0x0000000086a00000|100%| E|CS|TAMS 0x0000000086900000, 0x0000000086900000| Complete 
| 106|0x0000000086a00000, 0x0000000086b00000, 0x0000000086b00000|100%| E|CS|TAMS 0x0000000086a00000, 0x0000000086a00000| Complete 
| 107|0x0000000086b00000, 0x0000000086c00000, 0x0000000086c00000|100%| E|CS|TAMS 0x0000000086b00000, 0x0000000086b00000| Complete 
| 108|0x0000000086c00000, 0x0000000086d00000, 0x0000000086d00000|100%| E|CS|TAMS 0x0000000086c00000, 0x0000000086c00000| Complete 
| 109|0x0000000086d00000, 0x0000000086e00000, 0x0000000086e00000|100%| E|CS|TAMS 0x0000000086d00000, 0x0000000086d00000| Complete 
| 110|0x0000000086e00000, 0x0000000086f00000, 0x0000000086f00000|100%| E|CS|TAMS 0x0000000086e00000, 0x0000000086e00000| Complete 
| 111|0x0000000086f00000, 0x0000000087000000, 0x0000000087000000|100%| E|CS|TAMS 0x0000000086f00000, 0x0000000086f00000| Complete 
| 112|0x0000000087000000, 0x0000000087100000, 0x0000000087100000|100%| E|CS|TAMS 0x0000000087000000, 0x0000000087000000| Complete 
| 113|0x0000000087100000, 0x0000000087200000, 0x0000000087200000|100%| E|CS|TAMS 0x0000000087100000, 0x0000000087100000| Complete 
| 114|0x0000000087200000, 0x0000000087300000, 0x0000000087300000|100%| E|CS|TAMS 0x0000000087200000, 0x0000000087200000| Complete 
| 115|0x0000000087300000, 0x0000000087400000, 0x0000000087400000|100%| E|CS|TAMS 0x0000000087300000, 0x0000000087300000| Complete 
| 116|0x0000000087400000, 0x0000000087500000, 0x0000000087500000|100%| E|CS|TAMS 0x0000000087400000, 0x0000000087400000| Complete 
| 117|0x0000000087500000, 0x0000000087600000, 0x0000000087600000|100%| E|CS|TAMS 0x0000000087500000, 0x0000000087500000| Complete 
| 118|0x0000000087600000, 0x0000000087700000, 0x0000000087700000|100%| E|CS|TAMS 0x0000000087600000, 0x0000000087600000| Complete 
| 119|0x0000000087700000, 0x0000000087800000, 0x0000000087800000|100%| E|CS|TAMS 0x0000000087700000, 0x0000000087700000| Complete 
| 120|0x0000000087800000, 0x0000000087900000, 0x0000000087900000|100%| E|CS|TAMS 0x0000000087800000, 0x0000000087800000| Complete 
| 121|0x0000000087900000, 0x0000000087a00000, 0x0000000087a00000|100%| E|CS|TAMS 0x0000000087900000, 0x0000000087900000| Complete 
| 122|0x0000000087a00000, 0x0000000087b00000, 0x0000000087b00000|100%| E|CS|TAMS 0x0000000087a00000, 0x0000000087a00000| Complete 
| 123|0x0000000087b00000, 0x0000000087c00000, 0x0000000087c00000|100%| E|CS|TAMS 0x0000000087b00000, 0x0000000087b00000| Complete 
| 124|0x0000000087c00000, 0x0000000087d00000, 0x0000000087d00000|100%| E|CS|TAMS 0x0000000087c00000, 0x0000000087c00000| Complete 
| 125|0x0000000087d00000, 0x0000000087e00000, 0x0000000087e00000|100%| E|CS|TAMS 0x0000000087d00000, 0x0000000087d00000| Complete 
| 126|0x0000000087e00000, 0x0000000087f00000, 0x0000000087f00000|100%| E|CS|TAMS 0x0000000087e00000, 0x0000000087e00000| Complete 
| 127|0x0000000087f00000, 0x0000000088000000, 0x0000000088000000|100%| E|CS|TAMS 0x0000000087f00000, 0x0000000087f00000| Complete 
| 128|0x0000000088000000, 0x0000000088100000, 0x0000000088100000|100%| E|CS|TAMS 0x0000000088000000, 0x0000000088000000| Complete 
| 129|0x0000000088100000, 0x0000000088200000, 0x0000000088200000|100%| E|CS|TAMS 0x0000000088100000, 0x0000000088100000| Complete 
| 130|0x0000000088200000, 0x0000000088300000, 0x0000000088300000|100%| E|CS|TAMS 0x0000000088200000, 0x0000000088200000| Complete 
| 131|0x0000000088300000, 0x0000000088400000, 0x0000000088400000|100%| E|CS|TAMS 0x0000000088300000, 0x0000000088300000| Complete 
| 132|0x0000000088400000, 0x0000000088500000, 0x0000000088500000|100%| E|CS|TAMS 0x0000000088400000, 0x0000000088400000| Complete 
| 133|0x0000000088500000, 0x0000000088600000, 0x0000000088600000|100%| E|CS|TAMS 0x0000000088500000, 0x0000000088500000| Complete 
| 134|0x0000000088600000, 0x0000000088700000, 0x0000000088700000|100%| E|CS|TAMS 0x0000000088600000, 0x0000000088600000| Complete 
| 135|0x0000000088700000, 0x0000000088800000, 0x0000000088800000|100%| E|CS|TAMS 0x0000000088700000, 0x0000000088700000| Complete 
| 136|0x0000000088800000, 0x0000000088900000, 0x0000000088900000|100%| E|CS|TAMS 0x0000000088800000, 0x0000000088800000| Complete 
| 137|0x0000000088900000, 0x0000000088a00000, 0x0000000088a00000|100%| E|CS|TAMS 0x0000000088900000, 0x0000000088900000| Complete 
| 138|0x0000000088a00000, 0x0000000088b00000, 0x0000000088b00000|100%| E|CS|TAMS 0x0000000088a00000, 0x0000000088a00000| Complete 
| 139|0x0000000088b00000, 0x0000000088c00000, 0x0000000088c00000|100%| E|CS|TAMS 0x0000000088b00000, 0x0000000088b00000| Complete 
| 140|0x0000000088c00000, 0x0000000088d00000, 0x0000000088d00000|100%| E|CS|TAMS 0x0000000088c00000, 0x0000000088c00000| Complete 
| 141|0x0000000088d00000, 0x0000000088e00000, 0x0000000088e00000|100%| E|CS|TAMS 0x0000000088d00000, 0x0000000088d00000| Complete 
| 142|0x0000000088e00000, 0x0000000088f00000, 0x0000000088f00000|100%| E|CS|TAMS 0x0000000088e00000, 0x0000000088e00000| Complete 
| 143|0x0000000088f00000, 0x0000000089000000, 0x0000000089000000|100%| E|CS|TAMS 0x0000000088f00000, 0x0000000088f00000| Complete 
| 144|0x0000000089000000, 0x0000000089100000, 0x0000000089100000|100%| E|CS|TAMS 0x0000000089000000, 0x0000000089000000| Complete 
| 145|0x0000000089100000, 0x0000000089200000, 0x0000000089200000|100%| E|CS|TAMS 0x0000000089100000, 0x0000000089100000| Complete 
| 146|0x0000000089200000, 0x0000000089300000, 0x0000000089300000|100%| E|CS|TAMS 0x0000000089200000, 0x0000000089200000| Complete 
| 147|0x0000000089300000, 0x0000000089400000, 0x0000000089400000|100%| E|CS|TAMS 0x0000000089300000, 0x0000000089300000| Complete 
| 148|0x0000000089400000, 0x0000000089500000, 0x0000000089500000|100%| E|CS|TAMS 0x0000000089400000, 0x0000000089400000| Complete 

Card table byte_map: [0x000002399efb0000,0x000002399f3b0000] _byte_map_base: 0x000002399ebb0000

Marking Bits (Prev, Next): (CMBitMap*) 0x0000023989931008, (CMBitMap*) 0x0000023989931040
 Prev Bits: [0x000002399f7b0000, 0x00000239a17b0000)
 Next Bits: [0x00000239a17b0000, 0x00000239a37b0000)

Polling page: 0x00000239899d0000

Metaspace:

Usage:
  Non-class:     50.13 MB capacity,    49.24 MB ( 98%) used,   757.79 KB (  1%) free+waste,   153.25 KB ( <1%) overhead. 
      Class:      7.63 MB capacity,     7.11 MB ( 93%) used,   454.20 KB (  6%) free+waste,    71.88 KB ( <1%) overhead. 
       Both:     57.75 MB capacity,    56.35 MB ( 98%) used,     1.18 MB (  2%) free+waste,   225.13 KB ( <1%) overhead. 

Virtual space:
  Non-class space:       52.00 MB reserved,      50.37 MB ( 97%) committed 
      Class space:        1.00 GB reserved,       7.63 MB ( <1%) committed 
             Both:        1.05 GB reserved,      58.00 MB (  5%) committed 

Chunk freelists:
   Non-Class:  60.00 KB
       Class:  0 bytes
        Both:  60.00 KB

MaxMetaspaceSize: 17179869184.00 GB
CompressedClassSpaceSize: 1.00 GB
Initial GC threshold: 20.80 MB
Current GC threshold: 58.54 MB
CDS: off

CodeHeap 'non-profiled nmethods': size=119168Kb used=2685Kb max_used=2685Kb free=116483Kb
 bounds [0x00000239967a0000, 0x0000023996a40000, 0x000002399dc00000]
CodeHeap 'profiled nmethods': size=119168Kb used=13505Kb max_used=13505Kb free=105662Kb
 bounds [0x000002398f340000, 0x0000023990080000, 0x00000239967a0000]
CodeHeap 'non-nmethods': size=7424Kb used=4018Kb max_used=4062Kb free=3406Kb
 bounds [0x000002398ec00000, 0x000002398f010000, 0x000002398f340000]
 total_blobs=7106 nmethods=6286 adapters=729
 compilation: enabled
              stopped_count=0, restarted_count=0
 full_count=0

Compilation events (20 events):
Event: 4.483 Thread 0x00000239a8530800 nmethod 6346 0x0000023990061510 code [0x00000239900617c0, 0x00000239900623b8]
Event: 4.483 Thread 0x00000239a67d7000 6349       3       org.gradle.api.internal.provider.AbstractProviderWithValue::<init> (5 bytes)
Event: 4.483 Thread 0x00000239a8530800 6350       3       org.gradle.api.internal.provider.AbstractProperty::getValidationDisplayName (16 bytes)
Event: 4.483 Thread 0x00000239a70ae800 nmethod 6348 0x0000023990062810 code [0x00000239900629e0, 0x0000023990062c58]
Event: 4.483 Thread 0x00000239a67d7000 nmethod 6349 0x0000023990062d90 code [0x0000023990062f40, 0x00000239900630f8]
Event: 4.483 Thread 0x00000239a8530800 nmethod 6350 0x0000023990063210 code [0x00000239900633c0, 0x0000023990063518]
Event: 4.483 Thread 0x00000239a70ae800 6352       3       org.gradle.internal.Try$Success::<init> (11 bytes)
Event: 4.483 Thread 0x00000239a8530800 6353       3       org.gradle.internal.Try::<init> (5 bytes)
Event: 4.483 Thread 0x00000239a67d7000 6351       3       org.gradle.internal.Try::successful (9 bytes)
Event: 4.483 Thread 0x00000239a8530800 nmethod 6353 0x0000023990063590 code [0x0000023990063740, 0x00000239900638f8]
Event: 4.483 Thread 0x00000239a70ae800 nmethod 6352 0x0000023990063a10 code [0x0000023990063be0, 0x0000023990063e58]
Event: 4.483 Thread 0x00000239a8530800 6354       1       org.gradle.api.internal.provider.AbstractMinimalProvider::getDeclaredDisplayName (2 bytes)
Event: 4.483 Thread 0x00000239a70ae800 6356       3       org.gradle.api.internal.provider.AbstractProperty::setSupplier (20 bytes)
Event: 4.483 Thread 0x00000239a67d7000 nmethod 6351 0x0000023990063f90 code [0x0000023990064160, 0x0000023990064478]
Event: 4.483 Thread 0x00000239a8530800 nmethod 6354 0x0000023996a3ca10 code [0x0000023996a3cbc0, 0x0000023996a3cc78]
Event: 4.483 Thread 0x00000239a67d7000 6355       1       org.gradle.internal.instantiation.generator.DefaultInstantiatorFactory::injectScheme (5 bytes)
Event: 4.483 Thread 0x00000239a8530800 6359       3       com.google.common.base.Preconditions::checkArgument (17 bytes)
Event: 4.483 Thread 0x00000239a67d7000 nmethod 6355 0x0000023996a3cd10 code [0x0000023996a3cec0, 0x0000023996a3cf78]
Event: 4.483 Thread 0x00000239a67d7000 6357       3       org.gradle.api.internal.provider.DefaultValueSourceProviderFactory$ValueSourceProvider::<init> (10 bytes)
Event: 4.483 Thread 0x00000239a8530800 nmethod 6359 0x0000023990064610 code [0x0000023990064800, 0x0000023990064b58]

GC Heap History (16 events):
Event: 0.395 GC heap before
{Heap before GC invocations=0 (full 0):
 garbage-first heap   total 126976K, used 29696K [0x0000000080000000, 0x0000000100000000)
  region size 1024K, 24 young (24576K), 0 survivors (0K)
 Metaspace       used 10223K, capacity 10403K, committed 10624K, reserved 1058816K
  class space    used 1064K, capacity 1106K, committed 1152K, reserved 1048576K
}
Event: 0.400 GC heap after
{Heap after GC invocations=1 (full 0):
 garbage-first heap   total 126976K, used 9664K [0x0000000080000000, 0x0000000100000000)
  region size 1024K, 3 young (3072K), 3 survivors (3072K)
 Metaspace       used 10223K, capacity 10403K, committed 10624K, reserved 1058816K
  class space    used 1064K, capacity 1106K, committed 1152K, reserved 1048576K
}
Event: 1.427 GC heap before
{Heap before GC invocations=1 (full 0):
 garbage-first heap   total 126976K, used 82368K [0x0000000080000000, 0x0000000100000000)
  region size 1024K, 74 young (75776K), 3 survivors (3072K)
 Metaspace       used 17539K, capacity 17893K, committed 18176K, reserved 1064960K
  class space    used 2048K, capacity 2179K, committed 2304K, reserved 1048576K
}
Event: 1.432 GC heap after
{Heap after GC invocations=2 (full 0):
 garbage-first heap   total 126976K, used 16449K [0x0000000080000000, 0x0000000100000000)
  region size 1024K, 10 young (10240K), 10 survivors (10240K)
 Metaspace       used 17539K, capacity 17893K, committed 18176K, reserved 1064960K
  class space    used 2048K, capacity 2179K, committed 2304K, reserved 1048576K
}
Event: 1.594 GC heap before
{Heap before GC invocations=2 (full 0):
 garbage-first heap   total 126976K, used 47169K [0x0000000080000000, 0x0000000100000000)
  region size 1024K, 41 young (41984K), 10 survivors (10240K)
 Metaspace       used 20728K, capacity 21121K, committed 21296K, reserved 1069056K
  class space    used 2536K, capacity 2680K, committed 2688K, reserved 1048576K
}
Event: 1.600 GC heap after
{Heap after GC invocations=3 (full 0):
 garbage-first heap   total 126976K, used 17824K [0x0000000080000000, 0x0000000100000000)
  region size 1024K, 2 young (2048K), 2 survivors (2048K)
 Metaspace       used 20728K, capacity 21121K, committed 21296K, reserved 1069056K
  class space    used 2536K, capacity 2680K, committed 2688K, reserved 1048576K
}
Event: 1.924 GC heap before
{Heap before GC invocations=4 (full 0):
 garbage-first heap   total 126976K, used 72096K [0x0000000080000000, 0x0000000100000000)
  region size 1024K, 56 young (57344K), 2 survivors (2048K)
 Metaspace       used 26728K, capacity 27286K, committed 27440K, reserved 1073152K
  class space    used 3475K, capacity 3703K, committed 3712K, reserved 1048576K
}
Event: 1.926 GC heap after
{Heap after GC invocations=5 (full 0):
 garbage-first heap   total 126976K, used 19751K [0x0000000080000000, 0x0000000100000000)
  region size 1024K, 4 young (4096K), 4 survivors (4096K)
 Metaspace       used 26728K, capacity 27286K, committed 27440K, reserved 1073152K
  class space    used 3475K, capacity 3703K, committed 3712K, reserved 1048576K
}
Event: 2.336 GC heap before
{Heap before GC invocations=5 (full 0):
 garbage-first heap   total 126976K, used 77095K [0x0000000080000000, 0x0000000100000000)
  region size 1024K, 61 young (62464K), 4 survivors (4096K)
 Metaspace       used 34860K, capacity 35670K, committed 35708K, reserved 1081344K
  class space    used 4503K, capacity 4839K, committed 4864K, reserved 1048576K
}
Event: 2.343 GC heap after
{Heap after GC invocations=6 (full 0):
 garbage-first heap   total 126976K, used 22714K [0x0000000080000000, 0x0000000100000000)
  region size 1024K, 6 young (6144K), 6 survivors (6144K)
 Metaspace       used 34860K, capacity 35670K, committed 35708K, reserved 1081344K
  class space    used 4503K, capacity 4839K, committed 4864K, reserved 1048576K
}
Event: 2.739 GC heap before
{Heap before GC invocations=7 (full 0):
 garbage-first heap   total 126976K, used 89274K [0x0000000080000000, 0x0000000100000000)
  region size 1024K, 69 young (70656K), 6 survivors (6144K)
 Metaspace       used 40048K, capacity 40987K, committed 41212K, reserved 1085440K
  class space    used 5111K, capacity 5434K, committed 5504K, reserved 1048576K
}
Event: 2.744 GC heap after
{Heap after GC invocations=8 (full 0):
 garbage-first heap   total 126976K, used 28298K [0x0000000080000000, 0x0000000100000000)
  region size 1024K, 9 young (9216K), 9 survivors (9216K)
 Metaspace       used 40048K, capacity 40987K, committed 41212K, reserved 1085440K
  class space    used 5111K, capacity 5434K, committed 5504K, reserved 1048576K
}
Event: 3.128 GC heap before
{Heap before GC invocations=8 (full 0):
 garbage-first heap   total 126976K, used 90762K [0x0000000080000000, 0x0000000100000000)
  region size 1024K, 69 young (70656K), 9 survivors (9216K)
 Metaspace       used 45730K, capacity 46805K, committed 46972K, reserved 1089536K
  class space    used 5872K, capacity 6278K, committed 6400K, reserved 1048576K
}
Event: 3.132 GC heap after
{Heap after GC invocations=9 (full 0):
 garbage-first heap   total 152576K, used 30446K [0x0000000080000000, 0x0000000100000000)
  region size 1024K, 3 young (3072K), 3 survivors (3072K)
 Metaspace       used 45730K, capacity 46805K, committed 46972K, reserved 1089536K
  class space    used 5872K, capacity 6278K, committed 6400K, reserved 1048576K
}
Event: 3.930 GC heap before
{Heap before GC invocations=9 (full 0):
 garbage-first heap   total 152576K, used 109294K [0x0000000080000000, 0x0000000100000000)
  region size 1024K, 77 young (78848K), 3 survivors (3072K)
 Metaspace       used 48780K, capacity 49991K, committed 50172K, reserved 1093632K
  class space    used 6217K, capacity 6669K, committed 6784K, reserved 1048576K
}
Event: 3.934 GC heap after
{Heap after GC invocations=10 (full 0):
 garbage-first heap   total 152576K, used 43008K [0x0000000080000000, 0x0000000100000000)
  region size 1024K, 10 young (10240K), 10 survivors (10240K)
 Metaspace       used 48780K, capacity 49991K, committed 50172K, reserved 1093632K
  class space    used 6217K, capacity 6669K, committed 6784K, reserved 1048576K
}

Deoptimization events (20 events):
Event: 4.302 Thread 0x00000239aa217000 DEOPT PACKING pc=0x000002398f5eff17 sp=0x000000fb101f6380
Event: 4.302 Thread 0x00000239aa217000 DEOPT UNPACKING pc=0x000002398ec49d0e sp=0x000000fb101f5908 mode 0
Event: 4.304 Thread 0x00000239aa217000 DEOPT PACKING pc=0x000002398f5eff17 sp=0x000000fb101f64d0
Event: 4.304 Thread 0x00000239aa217000 DEOPT UNPACKING pc=0x000002398ec49d0e sp=0x000000fb101f5a58 mode 0
Event: 4.305 Thread 0x00000239aa217000 DEOPT PACKING pc=0x000002398f5eff17 sp=0x000000fb101f6320
Event: 4.305 Thread 0x00000239aa217000 DEOPT UNPACKING pc=0x000002398ec49d0e sp=0x000000fb101f58a8 mode 0
Event: 4.306 Thread 0x00000239aa217000 DEOPT PACKING pc=0x000002398f5eff17 sp=0x000000fb101f6320
Event: 4.306 Thread 0x00000239aa217000 DEOPT UNPACKING pc=0x000002398ec49d0e sp=0x000000fb101f58a8 mode 0
Event: 4.307 Thread 0x00000239aa217000 DEOPT PACKING pc=0x000002398f5eff17 sp=0x000000fb101f6320
Event: 4.307 Thread 0x00000239aa217000 DEOPT UNPACKING pc=0x000002398ec49d0e sp=0x000000fb101f58a8 mode 0
Event: 4.307 Thread 0x00000239aa217000 DEOPT PACKING pc=0x000002398f5eff17 sp=0x000000fb101f6230
Event: 4.307 Thread 0x00000239aa217000 DEOPT UNPACKING pc=0x000002398ec49d0e sp=0x000000fb101f57b8 mode 0
Event: 4.308 Thread 0x00000239aa217000 DEOPT PACKING pc=0x000002398f5eff17 sp=0x000000fb101f61a0
Event: 4.308 Thread 0x00000239aa217000 DEOPT UNPACKING pc=0x000002398ec49d0e sp=0x000000fb101f5728 mode 0
Event: 4.309 Thread 0x00000239aa217000 DEOPT PACKING pc=0x000002398f5eff17 sp=0x000000fb101f63f0
Event: 4.309 Thread 0x00000239aa217000 DEOPT UNPACKING pc=0x000002398ec49d0e sp=0x000000fb101f5978 mode 0
Event: 4.309 Thread 0x00000239aa217000 DEOPT PACKING pc=0x000002398f5eff17 sp=0x000000fb101f6120
Event: 4.309 Thread 0x00000239aa217000 DEOPT UNPACKING pc=0x000002398ec49d0e sp=0x000000fb101f56a8 mode 0
Event: 4.310 Thread 0x00000239aa217000 DEOPT PACKING pc=0x000002398f5eff17 sp=0x000000fb101f62a0
Event: 4.310 Thread 0x00000239aa217000 DEOPT UNPACKING pc=0x000002398ec49d0e sp=0x000000fb101f5828 mode 0

Classes redefined (0 events):
No events

Internal exceptions (20 events):
Event: 3.968 Thread 0x00000239aa217000 Exception <a 'java/lang/ClassNotFoundException'{0x0000000088fe68e8}: org/gradle/api/tasks/Delete_DecoratedCustomizer> (0x0000000088fe68e8) thrown at [./src/hotspot/share/classfile/systemDictionary.cpp, line 231]
Event: 3.979 Thread 0x00000239aa217000 Exception <a 'java/lang/NoSuchMethodError'{0x0000000088efa758}: 'long java.lang.invoke.DirectMethodHandle$Holder.invokeVirtual(java.lang.Object, java.lang.Object)'> (0x0000000088efa758) thrown at [./src/hotspot/share/interpreter/linkResolver.cpp, line 773]
Event: 3.982 Thread 0x00000239a8782800 Exception <a 'java/lang/NoSuchMethodError'{0x0000000088d88370}: <clinit>> (0x0000000088d88370) thrown at [./src/hotspot/share/prims/jni.cpp, line 1365]
Event: 3.985 Thread 0x00000239a8782800 Exception <a 'java/lang/NoSuchMethodError'{0x0000000088da6480}: <clinit>> (0x0000000088da6480) thrown at [./src/hotspot/share/prims/jni.cpp, line 1365]
Event: 3.985 Thread 0x00000239a8782800 Exception <a 'java/lang/NoSuchMethodError'{0x0000000088da77f8}: <clinit>> (0x0000000088da77f8) thrown at [./src/hotspot/share/prims/jni.cpp, line 1365]
Event: 3.985 Thread 0x00000239a8782800 Exception <a 'java/lang/NoSuchMethodError'{0x0000000088da8b00}: <clinit>> (0x0000000088da8b00) thrown at [./src/hotspot/share/prims/jni.cpp, line 1365]
Event: 3.985 Thread 0x00000239a8782800 Exception <a 'java/lang/NoSuchMethodError'{0x0000000088da9b20}: <clinit>> (0x0000000088da9b20) thrown at [./src/hotspot/share/prims/jni.cpp, line 1365]
Event: 3.986 Thread 0x00000239a8782800 Exception <a 'java/lang/NoSuchMethodError'{0x0000000088dbc570}: <clinit>> (0x0000000088dbc570) thrown at [./src/hotspot/share/prims/jni.cpp, line 1365]
Event: 3.986 Thread 0x00000239a8782800 Exception <a 'java/lang/NoSuchMethodError'{0x0000000088dc6d78}: <clinit>> (0x0000000088dc6d78) thrown at [./src/hotspot/share/prims/jni.cpp, line 1365]
Event: 3.988 Thread 0x00000239a8782800 Exception <a 'java/lang/NoSuchMethodError'{0x0000000088ddf650}: <clinit>> (0x0000000088ddf650) thrown at [./src/hotspot/share/prims/jni.cpp, line 1365]
Event: 3.995 Thread 0x00000239aa217000 Exception <a 'java/lang/ClassNotFoundException'{0x0000000088c5d428}: build_3bdqo4p7ij1tfq2z85tno7j2pBeanInfo> (0x0000000088c5d428) thrown at [./src/hotspot/share/classfile/systemDictionary.cpp, line 231]
Event: 3.995 Thread 0x00000239aa217000 Exception <a 'java/lang/ClassNotFoundException'{0x0000000088c683e0}: build_3bdqo4p7ij1tfq2z85tno7j2pCustomizer> (0x0000000088c683e0) thrown at [./src/hotspot/share/classfile/systemDictionary.cpp, line 231]
Event: 4.008 Thread 0x00000239aa217000 Exception <a 'java/lang/ClassNotFoundException'{0x0000000088bf27a0}: org/gradle/api/internal/plugins/DefaultObjectConfigurationActionBeanInfo> (0x0000000088bf27a0) thrown at [./src/hotspot/share/classfile/systemDictionary.cpp, line 231]
Event: 4.008 Thread 0x00000239aa217000 Exception <a 'java/lang/ClassNotFoundException'{0x0000000088a27e58}: org/gradle/api/internal/plugins/DefaultObjectConfigurationActionCustomizer> (0x0000000088a27e58) thrown at [./src/hotspot/share/classfile/systemDictionary.cpp, line 231]
Event: 4.094 Thread 0x00000239aa217000 Exception <a 'java/lang/NoSuchMethodError'{0x0000000088066978}: 'java.lang.Object java.lang.invoke.DirectMethodHandle$Holder.invokeStatic(java.lang.Object, java.lang.Object, java.lang.Object, java.lang.Object, int)'> (0x0000000088066978) thrown at [./src/hotspot/share/interpreter/linkResolver.cpp, line 773]
Event: 4.095 Thread 0x00000239aa217000 Exception <a 'java/lang/NoSuchMethodError'{0x000000008806b370}: 'java.lang.Object java.lang.invoke.DirectMethodHandle$Holder.invokeSpecial(java.lang.Object, java.lang.Object, java.lang.Object, java.lang.Object, java.lang.Object, int)'> (0x000000008806b370) thrown at [./src/hotspot/share/interpreter/linkResolver.cpp, line 773]
Event: 4.095 Thread 0x00000239aa217000 Exception <a 'java/lang/NoSuchMethodError'{0x000000008806f9b0}: 'java.lang.Object java.lang.invoke.Invokers$Holder.linkToTargetMethod(java.lang.Object, java.lang.Object, java.lang.Object, int, java.lang.Object)'> (0x000000008806f9b0) thrown at [./src/hotspot/share/interpreter/linkResolver.cpp, line 773]
Event: 4.231 Thread 0x00000239aa217000 Exception <a 'java/lang/NoSuchMethodError'{0x00000000871dfe18}: 'java.lang.Object java.lang.invoke.DirectMethodHandle$Holder.invokeSpecial(java.lang.Object, java.lang.Object, int, int, java.lang.Object, java.lang.Object, java.lang.Object)'> (0x00000000871dfe18) thrown at [./src/hotspot/share/interpreter/linkResolver.cpp, line 773]
Event: 4.231 Thread 0x00000239aa217000 Exception <a 'java/lang/NoSuchMethodError'{0x00000000871e4398}: 'java.lang.Object java.lang.invoke.DelegatingMethodHandle$Holder.reinvoke_L(java.lang.Object, int, int, java.lang.Object, java.lang.Object, java.lang.Object)'> (0x00000000871e4398) thrown at [./src/hotspot/share/interpreter/linkResolver.cpp, line 773]
Event: 4.349 Thread 0x00000239aa217000 Exception <a 'java/lang/NoSuchMethodError'{0x00000000864501d8}: 'int java.lang.invoke.DirectMethodHandle$Holder.invokeInterface(java.lang.Object, java.lang.Object, java.lang.Object, java.lang.Object)'> (0x00000000864501d8) thrown at [./src/hotspot/share/interpreter/linkResolver.cpp, line 773]

Events (20 events):
Event: 4.468 loading class com/google/protobuf/Internal$EnumLiteMap
Event: 4.468 loading class com/google/protobuf/Internal$EnumLiteMap done
Event: 4.469 loading class com/google/wireless/android/sdk/stats/GradleBuildProject$PluginType$1
Event: 4.469 loading class com/google/wireless/android/sdk/stats/GradleBuildProject$PluginType$1 done
Event: 4.469 loading class com/google/wireless/android/sdk/stats/GradleBuildProject$PluginGeneration
Event: 4.469 loading class com/google/wireless/android/sdk/stats/GradleBuildProject$PluginGeneration done
Event: 4.469 loading class com/google/wireless/android/sdk/stats/GradleBuildProject$PluginGeneration$1
Event: 4.469 loading class com/google/wireless/android/sdk/stats/GradleBuildProject$PluginGeneration$1 done
Event: 4.469 loading class com/android/build/gradle/internal/profile/AnalyticsUtil
Event: 4.469 loading class com/android/build/gradle/internal/profile/AnalyticsUtil done
Event: 4.470 loading class com/google/protobuf/IntArrayList
Event: 4.470 loading class com/google/protobuf/IntArrayList done
Event: 4.471 loading class com/google/wireless/android/sdk/stats/GradleProjectOptionsSettings$1
Event: 4.471 loading class com/google/wireless/android/sdk/stats/GradleProjectOptionsSettings$1 done
Event: 4.471 loading class com/google/wireless/android/sdk/stats/GradleProjectOptionsSettings$Builder
Event: 4.471 loading class com/google/wireless/android/sdk/stats/GradleProjectOptionsSettings$Builder done
Event: 4.472 loading class com/google/wireless/android/sdk/stats/GradleIntegerOptionEntry
Event: 4.472 loading class com/google/wireless/android/sdk/stats/GradleIntegerOptionEntry done
Event: 4.473 loading class com/google/wireless/android/sdk/stats/GradleIntegerOptionEntryOrBuilder
Event: 4.473 loading class com/google/wireless/android/sdk/stats/GradleIntegerOptionEntryOrBuilder done


Dynamic libraries:
0x00007ff616500000 - 0x00007ff61650a000 	C:\Program Files\Android\Android Studio\jre\bin\java.exe
0x00007ff99aff0000 - 0x00007ff99b1e8000 	C:\Windows\SYSTEM32\ntdll.dll
0x00007ff99ac90000 - 0x00007ff99ad4d000 	C:\Windows\System32\KERNEL32.DLL
0x00007ff998710000 - 0x00007ff9989de000 	C:\Windows\System32\KERNELBASE.dll
0x00007ff9989e0000 - 0x00007ff998ae0000 	C:\Windows\System32\ucrtbase.dll
0x00007ff966d20000 - 0x00007ff966d37000 	C:\Program Files\Android\Android Studio\jre\bin\VCRUNTIME140.dll
0x00007ff978750000 - 0x00007ff978769000 	C:\Program Files\Android\Android Studio\jre\bin\jli.dll
0x00007ff99a560000 - 0x00007ff99a700000 	C:\Windows\System32\USER32.dll
0x00007ff97d570000 - 0x00007ff97d80a000 	C:\Windows\WinSxS\amd64_microsoft.windows.common-controls_6595b64144ccf1df_6.0.19041.1110_none_60b5254171f9507e\COMCTL32.dll
0x00007ff998f30000 - 0x00007ff998f52000 	C:\Windows\System32\win32u.dll
0x00007ff9995c0000 - 0x00007ff9995ea000 	C:\Windows\System32\GDI32.dll
0x00007ff99ae80000 - 0x00007ff99af1e000 	C:\Windows\System32\msvcrt.dll
0x00007ff998d90000 - 0x00007ff998e9b000 	C:\Windows\System32\gdi32full.dll
0x00007ff998c40000 - 0x00007ff998cdd000 	C:\Windows\System32\msvcp_win.dll
0x00007ff99aad0000 - 0x00007ff99ab00000 	C:\Windows\System32\IMM32.DLL
0x00007ff94b4c0000 - 0x00007ff94b55d000 	C:\Program Files\Android\Android Studio\jre\bin\msvcp140.dll
0x00007ff921850000 - 0x00007ff922335000 	C:\Program Files\Android\Android Studio\jre\bin\server\jvm.dll
0x00007ff9993c0000 - 0x00007ff99946e000 	C:\Windows\System32\ADVAPI32.dll
0x00007ff999490000 - 0x00007ff99952c000 	C:\Windows\System32\sechost.dll
0x00007ff99ad50000 - 0x00007ff99ae75000 	C:\Windows\System32\RPCRT4.dll
0x00007ff999990000 - 0x00007ff999998000 	C:\Windows\System32\PSAPI.DLL
0x00007ff98eea0000 - 0x00007ff98eeaa000 	C:\Windows\SYSTEM32\VERSION.dll
0x00007ff978a50000 - 0x00007ff978a59000 	C:\Windows\SYSTEM32\WSOCK32.dll
0x00007ff97a8e0000 - 0x00007ff97a907000 	C:\Windows\SYSTEM32\WINMM.dll
0x00007ff9998c0000 - 0x00007ff99992b000 	C:\Windows\System32\WS2_32.dll
0x00007ff996f90000 - 0x00007ff996fa2000 	C:\Windows\SYSTEM32\kernel.appcore.dll
0x00007ff97ca00000 - 0x00007ff97ca11000 	C:\Program Files\Android\Android Studio\jre\bin\verify.dll
0x00007ff9964f0000 - 0x00007ff9966d4000 	C:\Windows\SYSTEM32\DBGHELP.DLL
0x00007ff97abb0000 - 0x00007ff97abdc000 	C:\Windows\SYSTEM32\dbgcore.DLL
0x00007ff998ea0000 - 0x00007ff998f22000 	C:\Windows\System32\bcryptPrimitives.dll
0x00007ff97b4c0000 - 0x00007ff97b4e9000 	C:\Program Files\Android\Android Studio\jre\bin\java.dll
0x00007ff988fa0000 - 0x00007ff988fab000 	C:\Program Files\Android\Android Studio\jre\bin\jimage.dll
0x00007ff97c9e0000 - 0x00007ff97c9f8000 	C:\Program Files\Android\Android Studio\jre\bin\zip.dll
0x00007ff9999a0000 - 0x00007ff99a0e3000 	C:\Windows\System32\SHELL32.dll
0x00007ff9967e0000 - 0x00007ff996f75000 	C:\Windows\SYSTEM32\windows.storage.dll
0x00007ff99a710000 - 0x00007ff99aa64000 	C:\Windows\System32\combase.dll
0x00007ff998170000 - 0x00007ff9981a0000 	C:\Windows\SYSTEM32\Wldp.dll
0x00007ff999050000 - 0x00007ff9990fd000 	C:\Windows\System32\SHCORE.dll
0x00007ff99ac30000 - 0x00007ff99ac85000 	C:\Windows\System32\shlwapi.dll
0x00007ff998650000 - 0x00007ff99866f000 	C:\Windows\SYSTEM32\profapi.dll
0x00007ff97c510000 - 0x00007ff97c52a000 	C:\Program Files\Android\Android Studio\jre\bin\net.dll
0x00007ff98bc70000 - 0x00007ff98bd7a000 	C:\Windows\SYSTEM32\WINHTTP.dll
0x00007ff997e60000 - 0x00007ff997eca000 	C:\Windows\system32\mswsock.dll
0x00007ff97c070000 - 0x00007ff97c084000 	C:\Program Files\Android\Android Studio\jre\bin\nio.dll
0x00007ff9622d0000 - 0x00007ff9622f7000 	C:\Users\rcdup\.gradle\native\e1d6ef7f7dcc3fd88c89a11ec53ec762bb8ba0a96d01ffa2cd45eb1d1d8dd5c5\windows-amd64\native-platform.dll
0x00007ff920ec0000 - 0x00007ff921004000 	C:\Users\rcdup\.gradle\native\5664cfc778a61ccfe75a443a1ab52a65af34e5dc3c78e0209fed803814484fcb\windows-amd64\native-platform-file-events.dll
0x00007ff988f00000 - 0x00007ff988f0a000 	C:\Program Files\Android\Android Studio\jre\bin\management.dll
0x00007ff988570000 - 0x00007ff98857d000 	C:\Program Files\Android\Android Studio\jre\bin\management_ext.dll
0x00007ff9980c0000 - 0x00007ff9980d8000 	C:\Windows\SYSTEM32\CRYPTSP.dll
0x00007ff997780000 - 0x00007ff9977b4000 	C:\Windows\system32\rsaenh.dll
0x00007ff998fb0000 - 0x00007ff998fd7000 	C:\Windows\System32\bcrypt.dll
0x00007ff9985d0000 - 0x00007ff9985fe000 	C:\Windows\SYSTEM32\USERENV.dll
0x00007ff9980e0000 - 0x00007ff9980ec000 	C:\Windows\SYSTEM32\CRYPTBASE.dll
0x00007ff997b50000 - 0x00007ff997b8b000 	C:\Windows\SYSTEM32\IPHLPAPI.DLL
0x00007ff999530000 - 0x00007ff999538000 	C:\Windows\System32\NSI.dll
0x00007ff98e8f0000 - 0x00007ff98e907000 	C:\Windows\SYSTEM32\dhcpcsvc6.DLL
0x00007ff98e380000 - 0x00007ff98e39d000 	C:\Windows\SYSTEM32\dhcpcsvc.DLL
0x00007ff997b90000 - 0x00007ff997c5a000 	C:\Windows\SYSTEM32\DNSAPI.dll

dbghelp: loaded successfully - version: 4.0.5 - missing functions: none
symbol engine: initialized successfully - sym options: 0x614 - pdb path: .;C:\Program Files\Android\Android Studio\jre\bin;C:\Windows\SYSTEM32;C:\Windows\WinSxS\amd64_microsoft.windows.common-controls_6595b64144ccf1df_6.0.19041.1110_none_60b5254171f9507e;C:\Program Files\Android\Android Studio\jre\bin\server;C:\Users\rcdup\.gradle\native\e1d6ef7f7dcc3fd88c89a11ec53ec762bb8ba0a96d01ffa2cd45eb1d1d8dd5c5\windows-amd64;C:\Users\rcdup\.gradle\native\5664cfc778a61ccfe75a443a1ab52a65af34e5dc3c78e0209fed803814484fcb\windows-amd64

VM Arguments:
jvm_args: --add-opens=java.base/java.util=ALL-UNNAMED --add-opens=java.base/java.lang=ALL-UNNAMED --add-opens=java.base/java.lang.invoke=ALL-UNNAMED --add-opens=java.base/java.util=ALL-UNNAMED --add-opens=java.prefs/java.util.prefs=ALL-UNNAMED --add-opens=java.prefs/java.util.prefs=ALL-UNNAMED --add-opens=java.base/java.nio.charset=ALL-UNNAMED --add-opens=java.base/java.net=ALL-UNNAMED --add-opens=java.base/java.util.concurrent.atomic=ALL-UNNAMED -Xmx2048m -Dfile.encoding=UTF-8 -Duser.country=PH -Duser.language=en -Duser.variant 
java_command: org.gradle.launcher.daemon.bootstrap.GradleDaemon 7.3.3
java_class_path (initial): C:\Users\rcdup\.gradle\wrapper\dists\gradle-7.3.3-bin\6a41zxkdtcxs8rphpq6y0069z\gradle-7.3.3\lib\gradle-launcher-7.3.3.jar
Launcher Type: SUN_STANDARD

[Global flags]
     intx CICompilerCount                          = 12                                        {product} {ergonomic}
     uint ConcGCThreads                            = 3                                         {product} {ergonomic}
     uint G1ConcRefinementThreads                  = 13                                        {product} {ergonomic}
   size_t G1HeapRegionSize                         = 1048576                                   {product} {ergonomic}
    uintx GCDrainStackTargetSize                   = 64                                        {product} {ergonomic}
   size_t InitialHeapSize                          = 130023424                                 {product} {ergonomic}
   size_t MarkStackSize                            = 4194304                                   {product} {ergonomic}
   size_t MaxHeapSize                              = 2147483648                                {product} {command line}
   size_t MaxNewSize                               = 1287651328                                {product} {ergonomic}
   size_t MinHeapDeltaBytes                        = 1048576                                   {product} {ergonomic}
    uintx NonNMethodCodeHeapSize                   = 7594288                                {pd product} {ergonomic}
    uintx NonProfiledCodeHeapSize                  = 122031976                              {pd product} {ergonomic}
    uintx ProfiledCodeHeapSize                     = 122031976                              {pd product} {ergonomic}
    uintx ReservedCodeCacheSize                    = 251658240                              {pd product} {ergonomic}
     bool SegmentedCodeCache                       = true                                      {product} {ergonomic}
     bool UseCompressedClassPointers               = true                                 {lp64_product} {ergonomic}
     bool UseCompressedOops                        = true                                 {lp64_product} {ergonomic}
     bool UseG1GC                                  = true                                      {product} {ergonomic}
     bool UseLargePagesIndividualAllocation        = false                                  {pd product} {ergonomic}

Logging:
Log output configuration:
 #0: stdout all=warning uptime,level,tags
 #1: stderr all=off uptime,level,tags

Environment Variables:
JAVA_HOME=C:\Program Files\Java\jre1.8.0_341\bin\java.exe
PATH=C:\Program Files\Common Files\Oracle\Java\javapath;C:\Program Files\Java\jre1.8.0_341\bin;C:\ProgramData\Oracle\Java\javapath;C:\Windows\system32;C:\Windows;C:\Windows\System32\Wbem;C:\Windows\System32\WindowsPowerShell\v1.0\;C:\Windows\System32\OpenSSH\;C:\Program Files (x86)\NVIDIA Corporation\PhysX\Common;C:\Program Files\dotnet\;C:\Program Files\Microsoft SQL Server\150\Tools\Binn\;C:\Program Files\nodejs\;C:\Program Files\Git\cmd;C:\Program Files\SASHome\x86\Secure\ccme4;C:\Program Files\SASHome\Secure\ccme4;C:\xampp\php;C:\ProgramData\ComposerSetup\bin;";";C:\Users\rcdup\AppData\Local\Microsoft\WindowsApps;C:\Users\rcdup\.dotnet\tools;C:\Users\rcdup\AppData\Local\Programs\Microsoft VS Code\bin;C:\Users\rcdup\AppData\Roaming\npm;C:\Program Files\heroku\bin;C:\Users\rcdup\AppData\Roaming\Composer\vendor\bin;C:\Program Files\JetBrains\IntelliJ IDEA Community Edition 2022.2.1\bin;
USERNAME=rcdup
OS=Windows_NT
PROCESSOR_IDENTIFIER=Intel64 Family 6 Model 141 Stepping 1, GenuineIntel



---------------  S Y S T E M  ---------------

OS: Windows 10 , 64 bit Build 19041 (10.0.19041.1889)
OS uptime: 12 days 11:18 hours

CPU:total 16 (initial active 16) (8 cores per cpu, 2 threads per core) family 6 model 141 stepping 1 microcode 0x26, cmov, cx8, fxsr, mmx, sse, sse2, sse3, ssse3, sse4.1, sse4.2, popcnt, avx, avx2, aes, clmul, erms, 3dnowpref, lzcnt, ht, tsc, tscinvbit, bmi1, bmi2, adx, evex, sha, fma

Memory: 4k page, system-wide physical 7893M (233M free)
TotalPageFile size 16085M (AvailPageFile size 4M)
current process WorkingSet (physical memory assigned to process): 333M, peak: 336M
current process commit charge ("private bytes"): 396M, peak: 397M

vm_info: OpenJDK 64-Bit Server VM (11.0.12+7-b1504.28-7817840) for windows-amd64 JRE (11.0.12+7-b1504.28-7817840), built on Oct 13 2021 22:12:33 by "builder" with MS VC++ 14.0 (VS2015)

END.
